2024-10-07 13:08:06,255 [INFO] Activator:176 - 


2024-10-07 13:08:06,263 [INFO] Activator:177 - !SESSION log4j initialized
2024-10-07 13:08:12,816 [INFO] LogOutputStream:77 - [STDOUT_REDIRECT] 
2024-10-07 13:08:14,888 [ERROR] LogOutputStream:75 - [STDERR_REDIRECT] 
2024-10-07 13:08:17,870 [INFO] LogOutputStream:77 - [STDOUT_REDIRECT] 
2024-10-07 13:08:20,225 [INFO] ApplicationProperties:184 - Using Application install path: /Applications/STM32CubeIDE.app/Contents/Eclipse/plugins/com.st.stm32cube.common.mx_6.12.0.202406281431
2024-10-07 13:08:20,259 [INFO] DbMcusXml:78 - Set database path to: /Applications/STM32CubeIDE.app/Contents/Eclipse/plugins/com.st.stm32cube.common.mx_6.12.0.202406281431//db//mcu/
2024-10-07 13:08:20,260 [INFO] ApiDb:274 - Set plugin database path to: /Applications/STM32CubeIDE.app/Contents/Eclipse/plugins/com.st.stm32cube.common.mx_6.12.0.202406281431//db//plugins/boardmanager/
2024-10-07 13:08:20,260 [WARN] ApiDb:259 - Overriding images path with different value:  => /Applications/STM32CubeIDE.app/Contents/Eclipse/plugins/com.st.stm32cube.common.mx_6.12.0.202406281431//db//plugins/mcufinder/images/
2024-10-07 13:08:20,290 [INFO] ApiDb:250 - Set database path to: /Users/aidancostello/.stmcufinder/plugins/mcufinder//mcu/
2024-10-07 13:08:20,292 [INFO] DbMcusAds:125 - Set database path to: /Users/aidancostello/.stmcufinder/plugins/mcufinder//mcu/
2024-10-07 13:08:20,297 [INFO] CrossReferenceDbSqlite:203 - Set database path to: /Users/aidancostello/.stmcufinder/plugins/mcufinder//mcu/cs/
2024-10-07 13:08:20,514 [INFO] RulesReader:64 - Compatibility file has been processed (297 Rules)
2024-10-07 13:08:20,610 [INFO] DbMcusXml:78 - Set database path to: /Applications/STM32CubeIDE.app/Contents/Eclipse/plugins/com.st.stm32cube.common.mx_6.12.0.202406281431//db//mcu/
2024-10-07 13:08:20,610 [INFO] ApiDb:274 - Set plugin database path to: /Applications/STM32CubeIDE.app/Contents/Eclipse/plugins/com.st.stm32cube.common.mx_6.12.0.202406281431//db//plugins/boardmanager/
2024-10-07 13:08:20,611 [INFO] ApiDb:261 - Set plugin images path to: /Applications/STM32CubeIDE.app/Contents/Eclipse/plugins/com.st.stm32cube.common.mx_6.12.0.202406281431//db//plugins/mcufinder/images/
2024-10-07 13:08:20,612 [WARN] DbFile:41 - Overriding database path with different value: /Users/aidancostello/.stmcufinder/plugins/mcufinder/ => /Users/aidancostello/.stmcufinder/plugins/mcufinder
2024-10-07 13:08:20,612 [INFO] ApiDb:250 - Set database path to: /Users/aidancostello/.stmcufinder/plugins/mcufinder//mcu/
2024-10-07 13:08:20,612 [WARN] DbFile:41 - Overriding database path with different value: /Users/aidancostello/.stmcufinder/plugins/mcufinder/ => /Users/aidancostello/.stmcufinder/plugins/mcufinder
2024-10-07 13:08:20,612 [INFO] DbMcusAds:125 - Set database path to: /Users/aidancostello/.stmcufinder/plugins/mcufinder//mcu/
2024-10-07 13:08:20,612 [WARN] DbFile:41 - Overriding database path with different value: /Users/aidancostello/.stmcufinder/plugins/mcufinder/ => /Users/aidancostello/.stmcufinder/plugins/mcufinder
2024-10-07 13:08:20,612 [WARN] DbFile:41 - Overriding database path with different value: /Users/aidancostello/.stmcufinder/plugins/mcufinder/ => /Users/aidancostello/.stmcufinder/plugins/mcufinder
2024-10-07 13:08:20,612 [INFO] CrossReferenceDbSqlite:203 - Set database path to: /Users/aidancostello/.stmcufinder/plugins/mcufinder//mcu/cs/
2024-10-07 13:08:20,726 [INFO] MainPanel:268 - HeapMemory: 268435456
2024-10-07 13:08:21,603 [INFO] DbMcusXml:78 - Set database path to: /Applications/STM32CubeIDE.app/Contents/Eclipse/plugins/com.st.stm32cube.common.mx_6.12.0.202406281431//db//mcu/
2024-10-07 13:08:21,603 [INFO] ApiDb:274 - Set plugin database path to: /Applications/STM32CubeIDE.app/Contents/Eclipse/plugins/com.st.stm32cube.common.mx_6.12.0.202406281431//db//plugins/boardmanager/
2024-10-07 13:08:21,604 [INFO] ApiDb:261 - Set plugin images path to: /Applications/STM32CubeIDE.app/Contents/Eclipse/plugins/com.st.stm32cube.common.mx_6.12.0.202406281431//db//plugins/mcufinder/images/
2024-10-07 13:08:21,604 [WARN] DbFile:41 - Overriding database path with different value: /Users/aidancostello/.stmcufinder/plugins/mcufinder/ => /Users/aidancostello/.stmcufinder/plugins/mcufinder
2024-10-07 13:08:21,604 [INFO] ApiDb:250 - Set database path to: /Users/aidancostello/.stmcufinder/plugins/mcufinder//mcu/
2024-10-07 13:08:21,604 [WARN] DbFile:41 - Overriding database path with different value: /Users/aidancostello/.stmcufinder/plugins/mcufinder/ => /Users/aidancostello/.stmcufinder/plugins/mcufinder
2024-10-07 13:08:21,605 [INFO] DbMcusAds:125 - Set database path to: /Users/aidancostello/.stmcufinder/plugins/mcufinder//mcu/
2024-10-07 13:08:21,605 [WARN] DbFile:41 - Overriding database path with different value: /Users/aidancostello/.stmcufinder/plugins/mcufinder/ => /Users/aidancostello/.stmcufinder/plugins/mcufinder
2024-10-07 13:08:21,605 [WARN] DbFile:41 - Overriding database path with different value: /Users/aidancostello/.stmcufinder/plugins/mcufinder/ => /Users/aidancostello/.stmcufinder/plugins/mcufinder
2024-10-07 13:08:21,605 [INFO] CrossReferenceDbSqlite:203 - Set database path to: /Users/aidancostello/.stmcufinder/plugins/mcufinder//mcu/cs/
2024-10-07 13:08:21,631 [INFO] ApplicationProperties:184 - Using Application install path: /Applications/STM32CubeIDE.app/Contents/Eclipse/plugins/com.st.stm32cube.common.mx_6.12.0.202406281431
2024-10-07 13:08:21,633 [INFO] PluginManage:196 - Search for loadable plugins [exclusion list=, ]
2024-10-07 13:08:21,635 [INFO] PluginManage:310 - Check plugin analytics
2024-10-07 13:08:21,931 [INFO] AnalyticsPlugin:253 - Accepted Software Licenses: 
2024-10-07 13:08:21,932 [INFO] AnalyticsPlugin:255 - Accepted CMSIS Pack Licenses: 
2024-10-07 13:08:21,932 [INFO] AnalyticsPlugin:257 - Accepted Firmware Licenses: FW.L4.1.18.0,FW.F4.1.28.0
2024-10-07 13:08:21,960 [INFO] PluginManage:359 - Loaded plugin analytics (category:tool,tabindex:-1)
2024-10-07 13:08:21,964 [INFO] PluginManage:310 - Check plugin cadmodel
2024-10-07 13:08:21,990 [INFO] CADModel:105 - Init CAD model plugin
2024-10-07 13:08:21,991 [INFO] PluginManage:359 - Loaded plugin cadmodel (category:power,tabindex:5)
2024-10-07 13:08:21,993 [INFO] PluginManage:310 - Check plugin clock
2024-10-07 13:08:22,022 [INFO] PluginManage:359 - Loaded plugin clock (category:base,tabindex:2)
2024-10-07 13:08:22,023 [INFO] PluginManage:310 - Check plugin ddr
2024-10-07 13:08:22,027 [INFO] PluginManage:359 - Loaded plugin ddr (category:tool,tabindex:6)
2024-10-07 13:08:22,027 [INFO] PluginManage:310 - Check plugin filemanager
2024-10-07 13:08:22,396 [INFO] PluginManage:359 - Loaded plugin filemanager (category:base,tabindex:10)
2024-10-07 13:08:22,397 [INFO] PluginManage:310 - Check plugin ipmanager
2024-10-07 13:08:22,407 [INFO] PluginManage:359 - Loaded plugin ipmanager (category:base,tabindex:5)
2024-10-07 13:08:22,408 [INFO] PluginManage:310 - Check plugin lpbam
2024-10-07 13:08:22,426 [INFO] PluginManage:359 - Loaded plugin lpbam (category:base,tabindex:0)
2024-10-07 13:08:22,426 [INFO] PluginManage:310 - Check plugin memorymap
2024-10-07 13:08:22,439 [INFO] PluginManage:359 - Loaded plugin memorymap (category:base,tabindex:4)
2024-10-07 13:08:22,440 [INFO] PluginManage:310 - Check plugin pinoutandconfiguration
2024-10-07 13:08:22,448 [INFO] PluginManage:359 - Loaded plugin pinoutandconfiguration (category:base,tabindex:1)
2024-10-07 13:08:22,449 [INFO] PluginManage:310 - Check plugin pinoutconfig
2024-10-07 13:08:22,643 [WARN] SupportedApi:132 - Cannot load RTOS API schema: s4s-elt-must-match.1: The content of 'definitions' must match (annotation?, (simpleType | complexType)?, (unique | key | keyref)*)). A problem was found starting at: attribute.
2024-10-07 13:08:23,009 [INFO] PluginManage:359 - Loaded plugin pinoutconfig (category:base,tabindex:0)
2024-10-07 13:08:23,010 [INFO] PluginManage:310 - Check plugin power
2024-10-07 13:08:23,036 [INFO] PluginManage:359 - Loaded plugin power (category:power,tabindex:4)
2024-10-07 13:08:23,036 [INFO] PluginManage:310 - Check plugin projectmanager
2024-10-07 13:08:23,123 [INFO] PluginManage:359 - Loaded plugin projectmanager (category:projectmanager,tabindex:4)
2024-10-07 13:08:23,126 [INFO] PluginManage:310 - Check plugin rif
2024-10-07 13:08:23,140 [INFO] PluginManage:359 - Loaded plugin rif (category:base,tabindex:3)
2024-10-07 13:08:23,141 [INFO] PluginManage:310 - Check plugin thirdparty
2024-10-07 13:08:23,781 [ERROR] LogOutputStream:75 - [STDERR_REDIRECT] [Fatal Error] :2:10: DOCTYPE is disallowed when the feature "http://apache.org/xml/features/disallow-doctype-decl" set to true.
2024-10-07 13:08:23,789 [ERROR] LogOutputStream:75 - [STDERR_REDIRECT] 
2024-10-07 13:08:23,924 [INFO] PluginManage:359 - Loaded plugin thirdparty (category:base,tabindex:-1)
2024-10-07 13:08:23,927 [INFO] PluginManage:310 - Check plugin tools
2024-10-07 13:08:23,924 [WARN] IntegrityCheckThread:84 - waiting for thirdparty lock release [integrity check]
2024-10-07 13:08:23,927 [INFO] IntegrityCheckThread:86 - entering critical section [integrity check]
2024-10-07 13:08:23,936 [INFO] ThirdPartyUpdaterWithRetryManager:70 - Updater plugin not ready yet. [1/15]
2024-10-07 13:08:23,938 [INFO] PluginManage:359 - Loaded plugin tools (category:base,tabindex:7)
2024-10-07 13:08:23,939 [INFO] PluginManage:310 - Check plugin tutovideos
2024-10-07 13:08:24,159 [INFO] PluginManage:359 - Loaded plugin tutovideos (category:base,tabindex:-1)
2024-10-07 13:08:24,160 [INFO] PluginManage:310 - Check plugin updater
2024-10-07 13:08:24,197 [INFO] PluginManage:359 - Loaded plugin updater (category:base,tabindex:12)
2024-10-07 13:08:24,197 [INFO] PluginManage:310 - Check plugin userauth
2024-10-07 13:08:24,204 [INFO] UserAuth:113 - Init User Auth plugin
2024-10-07 13:08:24,205 [INFO] PluginManage:359 - Loaded plugin userauth (category:base,tabindex:14)
2024-10-07 13:08:24,206 [INFO] PluginManage:283 - PluginManage : Loaded plugins [18]
2024-10-07 13:08:24,544 [INFO] PinOutPanel:1561 - setPackage(No Configuration,No Configuration)
2024-10-07 13:08:24,733 [INFO] CADModel:165 - CPN selected for project level
2024-10-07 13:08:24,735 [INFO] CADModel:114 - Register for checkConnection events
2024-10-07 13:08:24,766 [INFO] IPUIPlugin:80 - create IPUIPlugin
2024-10-07 13:08:24,767 [INFO] PluginManager:220 - loadIPPluginJar : add mdma
2024-10-07 13:08:24,773 [INFO] IPUIPlugin:80 - create IPUIPlugin
2024-10-07 13:08:24,774 [INFO] PluginManager:220 - loadIPPluginJar : add freertos
2024-10-07 13:08:24,778 [INFO] IPUIPlugin:80 - create IPUIPlugin
2024-10-07 13:08:24,778 [INFO] PluginManager:220 - loadIPPluginJar : add gic
2024-10-07 13:08:24,785 [INFO] IPUIPlugin:80 - create IPUIPlugin
2024-10-07 13:08:24,785 [INFO] PluginManager:220 - loadIPPluginJar : add adc
2024-10-07 13:08:24,786 [INFO] IPUIPlugin:80 - create IPUIPlugin
2024-10-07 13:08:24,787 [INFO] PluginManager:220 - loadIPPluginJar : add gtzc
2024-10-07 13:08:24,787 [INFO] IPUIPlugin:80 - create IPUIPlugin
2024-10-07 13:08:24,787 [INFO] PluginManager:220 - loadIPPluginJar : add quadspi
2024-10-07 13:08:24,789 [INFO] IPUIPlugin:80 - create IPUIPlugin
2024-10-07 13:08:24,789 [INFO] PluginManager:220 - loadIPPluginJar : add aes
2024-10-07 13:08:24,791 [INFO] IPUIPlugin:80 - create IPUIPlugin
2024-10-07 13:08:24,791 [INFO] PluginManager:220 - loadIPPluginJar : add pdm2pcm
2024-10-07 13:08:24,792 [INFO] IPUIPlugin:80 - create IPUIPlugin
2024-10-07 13:08:24,792 [INFO] PluginManager:220 - loadIPPluginJar : add hash
2024-10-07 13:08:24,793 [INFO] IPUIPlugin:80 - create IPUIPlugin
2024-10-07 13:08:24,794 [INFO] PluginManager:220 - loadIPPluginJar : add tim
2024-10-07 13:08:24,794 [INFO] IPUIPlugin:80 - create IPUIPlugin
2024-10-07 13:08:24,795 [INFO] PluginManager:220 - loadIPPluginJar : add tsc
2024-10-07 13:08:24,797 [INFO] IPUIPlugin:80 - create IPUIPlugin
2024-10-07 13:08:24,797 [INFO] PluginManager:220 - loadIPPluginJar : add extmemmanager
2024-10-07 13:08:24,800 [INFO] IPUIPlugin:80 - create IPUIPlugin
2024-10-07 13:08:24,800 [INFO] PluginManager:220 - loadIPPluginJar : add ts
2024-10-07 13:08:24,801 [INFO] IPUIPlugin:80 - create IPUIPlugin
2024-10-07 13:08:24,802 [INFO] PluginManager:220 - loadIPPluginJar : add radio
2024-10-07 13:08:24,804 [INFO] IPUIPlugin:80 - create IPUIPlugin
2024-10-07 13:08:24,804 [INFO] PluginManager:220 - loadIPPluginJar : add can
2024-10-07 13:08:24,806 [INFO] IPUIPlugin:80 - create IPUIPlugin
2024-10-07 13:08:24,806 [INFO] PluginManager:220 - loadIPPluginJar : add dma3
2024-10-07 13:08:24,807 [INFO] IPUIPlugin:80 - create IPUIPlugin
2024-10-07 13:08:24,808 [INFO] PluginManager:220 - loadIPPluginJar : add dfsdm
2024-10-07 13:08:24,809 [INFO] IPUIPlugin:80 - create IPUIPlugin
2024-10-07 13:08:24,809 [INFO] PluginManager:220 - loadIPPluginJar : add spi
2024-10-07 13:08:24,811 [INFO] IPUIPlugin:80 - create IPUIPlugin
2024-10-07 13:08:24,811 [INFO] PluginManager:220 - loadIPPluginJar : add gfxmmu
2024-10-07 13:08:24,813 [INFO] IPUIPlugin:80 - create IPUIPlugin
2024-10-07 13:08:24,813 [INFO] PluginManager:220 - loadIPPluginJar : add genericplugin
2024-10-07 13:08:24,815 [INFO] IPUIPlugin:80 - create IPUIPlugin
2024-10-07 13:08:24,815 [INFO] PluginManager:220 - loadIPPluginJar : add cryp
2024-10-07 13:08:24,819 [INFO] IPUIPlugin:80 - create IPUIPlugin
2024-10-07 13:08:24,820 [INFO] PluginManager:220 - loadIPPluginJar : add gpio
2024-10-07 13:08:24,823 [INFO] IPUIPlugin:80 - create IPUIPlugin
2024-10-07 13:08:24,823 [INFO] PluginManager:220 - loadIPPluginJar : add ddr_ctrl_phy
2024-10-07 13:08:24,824 [INFO] IPUIPlugin:80 - create IPUIPlugin
2024-10-07 13:08:24,824 [INFO] PluginManager:220 - loadIPPluginJar : add comp
2024-10-07 13:08:24,827 [INFO] IPUIPlugin:80 - create IPUIPlugin
2024-10-07 13:08:24,827 [INFO] PluginManager:220 - loadIPPluginJar : add tracer_emb
2024-10-07 13:08:24,829 [INFO] IPUIPlugin:80 - create IPUIPlugin
2024-10-07 13:08:24,829 [INFO] PluginManager:220 - loadIPPluginJar : add openamp
2024-10-07 13:08:24,832 [INFO] IPUIPlugin:80 - create IPUIPlugin
2024-10-07 13:08:24,833 [INFO] PluginManager:220 - loadIPPluginJar : add stm32_wpan
2024-10-07 13:08:24,836 [INFO] IPUIPlugin:80 - create IPUIPlugin
2024-10-07 13:08:24,848 [INFO] PluginManager:220 - loadIPPluginJar : add plateformsettings
2024-10-07 13:08:24,850 [INFO] IPUIPlugin:80 - create IPUIPlugin
2024-10-07 13:08:24,850 [INFO] PluginManager:220 - loadIPPluginJar : add ipddr
2024-10-07 13:08:24,855 [INFO] IPUIPlugin:80 - create IPUIPlugin
2024-10-07 13:08:24,855 [INFO] PluginManager:220 - loadIPPluginJar : add usart
2024-10-07 13:08:24,856 [INFO] IPUIPlugin:80 - create IPUIPlugin
2024-10-07 13:08:24,856 [INFO] PluginManager:220 - loadIPPluginJar : add ltdc
2024-10-07 13:08:24,861 [INFO] IPUIPlugin:80 - create IPUIPlugin
2024-10-07 13:08:24,861 [INFO] PluginManager:220 - loadIPPluginJar : add nvic
2024-10-07 13:08:24,862 [INFO] IPUIPlugin:80 - create IPUIPlugin
2024-10-07 13:08:24,863 [INFO] PluginManager:220 - loadIPPluginJar : add fatfs
2024-10-07 13:08:24,868 [INFO] IPUIPlugin:80 - create IPUIPlugin
2024-10-07 13:08:24,868 [INFO] PluginManager:220 - loadIPPluginJar : add linkedlist
2024-10-07 13:08:24,872 [INFO] IPUIPlugin:80 - create IPUIPlugin
2024-10-07 13:08:24,872 [INFO] PluginManager:220 - loadIPPluginJar : add dma
2024-10-07 13:08:24,874 [INFO] IPUIPlugin:80 - create IPUIPlugin
2024-10-07 13:08:24,874 [INFO] PluginManager:220 - loadIPPluginJar : add fmc
2024-10-07 13:08:24,876 [INFO] IPUIPlugin:80 - create IPUIPlugin
2024-10-07 13:08:24,876 [INFO] PluginManager:220 - loadIPPluginJar : add i2s
2024-10-07 13:08:24,877 [INFO] IPUIPlugin:80 - create IPUIPlugin
2024-10-07 13:08:24,877 [INFO] PluginManager:220 - loadIPPluginJar : add ucpd
2024-10-07 13:08:24,878 [INFO] IPUIPlugin:80 - create IPUIPlugin
2024-10-07 13:08:24,878 [INFO] PluginManager:220 - loadIPPluginJar : add lorawan
2024-10-07 13:08:24,880 [INFO] IPUIPlugin:80 - create IPUIPlugin
2024-10-07 13:08:24,880 [INFO] PluginManager:220 - loadIPPluginJar : add opamp
2024-10-07 13:08:24,882 [INFO] IPUIPlugin:80 - create IPUIPlugin
2024-10-07 13:08:24,882 [INFO] PluginManager:220 - loadIPPluginJar : add i3c
2024-10-07 13:08:24,884 [INFO] IPUIPlugin:80 - create IPUIPlugin
2024-10-07 13:08:24,884 [INFO] PluginManager:220 - loadIPPluginJar : add touchsensing
2024-10-07 13:08:24,886 [INFO] IPUIPlugin:80 - create IPUIPlugin
2024-10-07 13:08:24,886 [INFO] PluginManager:220 - loadIPPluginJar : add i2c
2024-10-07 13:08:24,889 [INFO] IPUIPlugin:80 - create IPUIPlugin
2024-10-07 13:08:24,889 [INFO] PluginManager:220 - loadIPPluginJar : add resmgrutility
2024-10-07 13:08:24,890 [INFO] IPUIPlugin:80 - create IPUIPlugin
2024-10-07 13:08:24,890 [INFO] PluginManager:220 - loadIPPluginJar : add sai
2024-10-07 13:08:24,892 [INFO] IPUIPlugin:80 - create IPUIPlugin
2024-10-07 13:08:24,892 [INFO] PluginManager:220 - loadIPPluginJar : add usbx
2024-10-07 13:08:25,059 [INFO] CADModel:165 - CPN selected for project level
2024-10-07 13:08:25,060 [INFO] CADModel:114 - Register for checkConnection events
2024-10-07 13:08:25,061 [FATAL] Updater:334 - Updater called before beeing initialized
2024-10-07 13:08:25,062 [ERROR] CADModel:125 - Updater not yet initialized, retry later 
2024-10-07 13:08:25,388 [INFO] CADModel:165 - CPN selected for project level
2024-10-07 13:08:25,389 [INFO] CADModel:114 - Register for checkConnection events
2024-10-07 13:08:25,389 [FATAL] Updater:334 - Updater called before beeing initialized
2024-10-07 13:08:25,390 [ERROR] CADModel:125 - Updater not yet initialized, retry later 
2024-10-07 13:08:25,393 [FATAL] Updater:334 - Updater called before beeing initialized
2024-10-07 13:08:25,618 [FATAL] Updater:334 - Updater called before beeing initialized
2024-10-07 13:08:25,624 [INFO] DbMcusAds:53 - JSON generation date=Mon Sep 16 09:40:22 CDT 2024 (1726497622318)
2024-10-07 13:08:25,625 [FATAL] Updater:334 - Updater called before beeing initialized
2024-10-07 13:08:25,740 [WARN] DetailPanel:346 - Failed to get advertising image, set to default
2024-10-07 13:08:25,846 [FATAL] Updater:334 - Updater called before beeing initialized
2024-10-07 13:08:25,848 [FATAL] Updater:334 - Updater called before beeing initialized
2024-10-07 13:08:25,848 [FATAL] Updater:334 - Updater called before beeing initialized
2024-10-07 13:08:25,849 [WARN] DetailPanel:346 - Failed to get advertising image, set to default
2024-10-07 13:08:25,850 [FATAL] Updater:334 - Updater called before beeing initialized
2024-10-07 13:08:25,928 [ERROR] Updater:1164 - MainUpdater not yet initialized. External WinMGr cannot be set.
2024-10-07 13:08:25,938 [INFO] Updater:1100 - Updater Version found : 6.12.0
2024-10-07 13:08:25,963 [INFO] ApplicationProperties:184 - Using Application install path: /Applications/STM32CubeIDE.app/Contents/Eclipse/plugins/com.st.stm32cube.common.mx_6.12.0.202406281431
2024-10-07 13:08:26,400 [INFO] MainUpdater:2873 - connection check result : 10
2024-10-07 13:08:26,401 [INFO] MainUpdater:3567 - Updater definition file requires update
2024-10-07 13:08:26,402 [INFO] MainUpdater:290 - Updater Check For Update Now.
2024-10-07 13:08:26,403 [INFO] MicroXplorer:498 - Change Database Version : DB.6.0.120
2024-10-07 13:08:26,413 [INFO] McuFinderGlobals:63 - Set McuFinder mode to 2 (CubeIDE integrated)
2024-10-07 13:08:26,415 [INFO] UserAuth:417 - Internet connection configuration mode: 1
2024-10-07 13:08:26,428 [INFO] JxBrowserEngine:152 - Initiate JxBrowser Engine with user profile folder
2024-10-07 13:08:26,464 [INFO] ServerAccessManage:473 - Download File updaters.zip
2024-10-07 13:08:26,622 [INFO] FileExtend:240 - Unzip File : updaters.zip
2024-10-07 13:08:26,622 [INFO] FileExtend:255 - Standard Zip Deflate
2024-10-07 13:08:26,998 [WARN] MainUpdater:1194 - Updater busy. Cannot search thirdparties
2024-10-07 13:08:27,005 [INFO] ThirdPartyUpdaterWithRetryManager:96 - Updater plugin is busy. [1/15]
2024-10-07 13:08:27,041 [INFO] ServerAccessManage:473 - Download File PacksControlFlags.xml
2024-10-07 13:08:27,254 [INFO] ServerAccessManage:473 - Download File cubemx.pidx
2024-10-07 13:08:28,071 [INFO] ServerAccessManage:473 - Download File STMicroelectronics.X-CUBE-AI.pdsc
2024-10-07 13:08:28,818 [INFO] ServerAccessManage:473 - Download File STMicroelectronics.X-CUBE-IPS.pdsc
2024-10-07 13:08:30,018 [WARN] MainUpdater:1194 - Updater busy. Cannot search thirdparties
2024-10-07 13:08:30,021 [INFO] ThirdPartyUpdaterWithRetryManager:96 - Updater plugin is busy. [2/15]
2024-10-07 13:08:30,142 [INFO] ServerAccessManage:473 - Download File STMicroelectronics.X-CUBE-WB05N.pdsc
2024-10-07 13:08:31,022 [WARN] PackLoader:240 - Cannot read IP mode file for STMicroelectronics.X-CUBE-AI.9.1.0
2024-10-07 13:08:31,128 [WARN] PackLoader:240 - Cannot read IP mode file for STMicroelectronics.X-CUBE-IPS.3.0.0
2024-10-07 13:08:31,200 [WARN] PackLoader:240 - Cannot read IP mode file for STMicroelectronics.X-CUBE-WB05N.1.1.0
2024-10-07 13:08:31,241 [INFO] PopulateThirdPartyThread:66 - Ending populate Thread
2024-10-07 13:08:31,247 [INFO] ThirdParty:1030 - CMSIS Pack Vendor :STMicroelectronics X-CUBE-IPS 3.0.0
2024-10-07 13:08:31,247 [INFO] ThirdParty:1030 - CMSIS Pack Vendor :STMicroelectronics X-CUBE-AI 9.1.0
2024-10-07 13:08:31,247 [INFO] ThirdParty:1030 - CMSIS Pack Vendor :STMicroelectronics X-CUBE-WB05N 1.1.0
2024-10-07 13:08:31,247 [INFO] LoadServerUpdatesThread:375 - End of LoadServerUpdate Thread
2024-10-07 13:08:31,275 [INFO] CheckServerUpdateThread:120 - End of CheckServer Thread
2024-10-07 13:08:33,408 [WARN] PackLoader:240 - Cannot read IP mode file for STMicroelectronics.FP-SNS-MOTENVWB1.1.4.0
2024-10-07 13:08:33,449 [WARN] PackLoader:240 - Cannot read IP mode file for STMicroelectronics.X-CUBE-SMBUS.2.1.0
2024-10-07 13:08:33,491 [WARN] PackLoader:240 - Cannot read IP mode file for STMicroelectronics.X-CUBE-WB05N.1.1.0
2024-10-07 13:08:33,641 [WARN] PackLoader:240 - Cannot read IP mode file for STMicroelectronics.X-CUBE-AZRTOS-F7.1.1.0
2024-10-07 13:08:33,964 [WARN] PackLoader:240 - Cannot read IP mode file for STMicroelectronics.X-CUBE-MEMS1.11.0.0
2024-10-07 13:08:34,058 [INFO] WebApp:167 - Instantiating new browser for Auth
2024-10-07 13:08:34,329 [WARN] PackLoader:240 - Cannot read IP mode file for STMicroelectronics.FP-SNS-FLIGHT1.5.0.2
2024-10-07 13:08:34,365 [WARN] PackLoader:240 - Cannot read IP mode file for STMicroelectronics.X-CUBE-DISPLAY.3.0.0
2024-10-07 13:08:34,394 [WARN] PackLoader:240 - Cannot read IP mode file for STMicroelectronics.X-CUBE-BLE1.7.0.0
2024-10-07 13:08:34,429 [WARN] PackLoader:240 - Cannot read IP mode file for STMicroelectronics.X-CUBE-NFC10.1.0.0
2024-10-07 13:08:34,453 [WARN] PackLoader:240 - Cannot read IP mode file for emotas.I-CUBE-CANOPEN.1.3.0
2024-10-07 13:08:34,480 [WARN] PackLoader:240 - Cannot read IP mode file for STMicroelectronics.X-CUBE-BLEMGR.3.1.0
2024-10-07 13:08:34,492 [WARN] PackLoader:240 - Cannot read IP mode file for STMicroelectronics.FP-SNS-SMARTAG2.1.2.0
2024-10-07 13:08:34,507 [INFO] LogOutputStream:77 - [STDOUT_REDIRECT] 1 : Invalid condition id : UX_CORESTACK_Condition cause : null
2024-10-07 13:08:34,510 [INFO] LogOutputStream:77 - [STDOUT_REDIRECT] 1 : Invalid condition id : UX_CORESTACK_Condition cause : null
2024-10-07 13:08:34,511 [INFO] LogOutputStream:77 - [STDOUT_REDIRECT] 1 : Invalid condition id : UX_CORESTACK_Condition cause : null
2024-10-07 13:08:34,512 [INFO] LogOutputStream:77 - [STDOUT_REDIRECT] 1 : Invalid condition id : UX_CORESTACK_Condition cause : null
2024-10-07 13:08:34,513 [INFO] LogOutputStream:77 - [STDOUT_REDIRECT] 1 : Invalid condition id : UX_CORESTACK_Condition cause : null
2024-10-07 13:08:34,522 [WARN] PackLoader:240 - Cannot read IP mode file for STMicroelectronics.X-CUBE-AZRTOS-WL.2.0.0
2024-10-07 13:08:34,541 [WARN] PackLoader:240 - Cannot read IP mode file for STMicroelectronics.FP-SNS-MOTENV1.5.0.0
2024-10-07 13:08:34,550 [WARN] PackLoader:240 - Cannot read IP mode file for wolfSSL.I-CUBE-wolfMQTT.1.19.0
2024-10-07 13:08:34,560 [WARN] PackLoader:240 - Cannot read IP mode file for WES.I-CUBE-Cesium.1.3.0
2024-10-07 13:08:34,566 [WARN] PackLoader:240 - Cannot read IP mode file for STMicroelectronics.X-CUBE-BLE2.3.3.0
2024-10-07 13:08:34,580 [WARN] PackLoader:240 - Cannot read IP mode file for STMicroelectronics.X-CUBE-NFC9.1.0.0
2024-10-07 13:08:34,593 [WARN] PackLoader:240 - Cannot read IP mode file for STMicroelectronics.X-CUBE-TCPP.4.1.0
2024-10-07 13:08:34,625 [WARN] PackLoader:240 - Cannot read IP mode file for STMicroelectronics.X-CUBE-AZRTOS-G0.1.1.0
2024-10-07 13:08:34,651 [WARN] PackLoader:240 - Cannot read IP mode file for STMicroelectronics.X-CUBE-SAFEA1.1.2.2
2024-10-07 13:08:34,660 [WARN] PackLoader:240 - Cannot read IP mode file for STMicroelectronics.X-CUBE-NFC4.3.0.0
2024-10-07 13:08:34,691 [WARN] PackLoader:240 - Cannot read IP mode file for EmbeddedOffice.I-CUBE-FS-RTOS.1.0.1
2024-10-07 13:08:34,694 [ERROR] ConditionMgr:805 - Attr not supported : Dmpu
2024-10-07 13:08:34,697 [ERROR] ConditionMgr:805 - Attr not supported : Dmpu
2024-10-07 13:08:34,697 [ERROR] ConditionMgr:805 - Attr not supported : Dmpu
2024-10-07 13:08:34,697 [ERROR] ConditionMgr:805 - Attr not supported : Dmpu
2024-10-07 13:08:34,697 [ERROR] ConditionMgr:805 - Attr not supported : Dmpu
2024-10-07 13:08:34,697 [ERROR] ConditionMgr:805 - Attr not supported : Dmpu
2024-10-07 13:08:34,697 [ERROR] ConditionMgr:805 - Attr not supported : Dmpu
2024-10-07 13:08:34,697 [ERROR] ConditionMgr:805 - Attr not supported : Dmpu
2024-10-07 13:08:34,698 [ERROR] ConditionMgr:805 - Attr not supported : Dmpu
2024-10-07 13:08:34,698 [ERROR] ConditionMgr:805 - Attr not supported : Dmpu
2024-10-07 13:08:34,698 [ERROR] ConditionMgr:805 - Attr not supported : Dmpu
2024-10-07 13:08:34,698 [ERROR] ConditionMgr:805 - Attr not supported : Dmpu
2024-10-07 13:08:34,698 [ERROR] ConditionMgr:805 - Attr not supported : Dmpu
2024-10-07 13:08:34,698 [ERROR] ConditionMgr:805 - Attr not supported : Dmpu
2024-10-07 13:08:34,699 [ERROR] ConditionMgr:805 - Attr not supported : Dmpu
2024-10-07 13:08:34,700 [ERROR] ConditionMgr:805 - Attr not supported : Dmpu
2024-10-07 13:08:34,700 [ERROR] ConditionMgr:805 - Attr not supported : Dmpu
2024-10-07 13:08:34,700 [ERROR] ConditionMgr:805 - Attr not supported : Dmpu
2024-10-07 13:08:34,700 [ERROR] ConditionMgr:805 - Attr not supported : Dmpu
2024-10-07 13:08:34,700 [ERROR] ConditionMgr:805 - Attr not supported : Dmpu
2024-10-07 13:08:34,700 [ERROR] ConditionMgr:805 - Attr not supported : Dmpu
2024-10-07 13:08:34,700 [ERROR] ConditionMgr:805 - Attr not supported : Dmpu
2024-10-07 13:08:34,700 [ERROR] ConditionMgr:805 - Attr not supported : Dmpu
2024-10-07 13:08:34,700 [ERROR] ConditionMgr:805 - Attr not supported : Dmpu
2024-10-07 13:08:34,700 [ERROR] ConditionMgr:805 - Attr not supported : Dmpu
2024-10-07 13:08:34,700 [ERROR] ConditionMgr:805 - Attr not supported : Dmpu
2024-10-07 13:08:34,700 [ERROR] ConditionMgr:805 - Attr not supported : Dmpu
2024-10-07 13:08:34,700 [ERROR] ConditionMgr:805 - Attr not supported : Dmpu
2024-10-07 13:08:34,700 [ERROR] ConditionMgr:805 - Attr not supported : Dmpu
2024-10-07 13:08:34,700 [ERROR] ConditionMgr:805 - Attr not supported : Dmpu
2024-10-07 13:08:34,700 [ERROR] ConditionMgr:805 - Attr not supported : Dmpu
2024-10-07 13:08:34,700 [ERROR] ConditionMgr:805 - Attr not supported : Dmpu
2024-10-07 13:08:34,700 [ERROR] ConditionMgr:805 - Attr not supported : Dmpu
2024-10-07 13:08:34,701 [ERROR] ConditionMgr:805 - Attr not supported : Dmpu
2024-10-07 13:08:34,701 [ERROR] ConditionMgr:805 - Attr not supported : Dmpu
2024-10-07 13:08:34,701 [ERROR] ConditionMgr:805 - Attr not supported : Dmpu
2024-10-07 13:08:34,701 [ERROR] ConditionMgr:805 - Attr not supported : Dmpu
2024-10-07 13:08:34,702 [ERROR] ConditionMgr:805 - Attr not supported : Dmpu
2024-10-07 13:08:34,702 [ERROR] ConditionMgr:805 - Attr not supported : Dmpu
2024-10-07 13:08:34,702 [ERROR] ConditionMgr:805 - Attr not supported : Dmpu
2024-10-07 13:08:34,702 [ERROR] ConditionMgr:805 - Attr not supported : Dmpu
2024-10-07 13:08:34,702 [ERROR] ConditionMgr:805 - Attr not supported : Dmpu
2024-10-07 13:08:34,702 [ERROR] ConditionMgr:805 - Attr not supported : Dmpu
2024-10-07 13:08:34,702 [ERROR] ConditionMgr:805 - Attr not supported : Dmpu
2024-10-07 13:08:34,702 [ERROR] ConditionMgr:805 - Attr not supported : Dmpu
2024-10-07 13:08:34,702 [ERROR] ConditionMgr:805 - Attr not supported : Dmpu
2024-10-07 13:08:34,702 [ERROR] ConditionMgr:805 - Attr not supported : Dmpu
2024-10-07 13:08:34,702 [ERROR] ConditionMgr:805 - Attr not supported : Dmpu
2024-10-07 13:08:34,702 [ERROR] ConditionMgr:805 - Attr not supported : Dmpu
2024-10-07 13:08:34,702 [ERROR] ConditionMgr:805 - Attr not supported : Dmpu
2024-10-07 13:08:34,703 [ERROR] ConditionMgr:805 - Attr not supported : Dmpu
2024-10-07 13:08:34,703 [ERROR] ConditionMgr:805 - Attr not supported : Dmpu
2024-10-07 13:08:34,703 [ERROR] ConditionMgr:805 - Attr not supported : Dmpu
2024-10-07 13:08:34,703 [ERROR] ConditionMgr:805 - Attr not supported : Dmpu
2024-10-07 13:08:34,703 [ERROR] ConditionMgr:805 - Attr not supported : Dmpu
2024-10-07 13:08:34,703 [ERROR] ConditionMgr:805 - Attr not supported : Dmpu
2024-10-07 13:08:34,703 [ERROR] ConditionMgr:805 - Attr not supported : Dmpu
2024-10-07 13:08:34,703 [ERROR] ConditionMgr:805 - Attr not supported : Dmpu
2024-10-07 13:08:34,703 [ERROR] ConditionMgr:805 - Attr not supported : Dmpu
2024-10-07 13:08:34,703 [ERROR] ConditionMgr:805 - Attr not supported : Dmpu
2024-10-07 13:08:34,703 [ERROR] ConditionMgr:805 - Attr not supported : Dmpu
2024-10-07 13:08:34,703 [ERROR] ConditionMgr:805 - Attr not supported : Dmpu
2024-10-07 13:08:34,703 [ERROR] ConditionMgr:805 - Attr not supported : Dmpu
2024-10-07 13:08:34,703 [ERROR] ConditionMgr:805 - Attr not supported : Dmpu
2024-10-07 13:08:34,720 [WARN] PackLoader:240 - Cannot read IP mode file for RealThread.X-CUBE-RT-Thread_Nano.4.1.1
2024-10-07 13:08:34,726 [WARN] PackLoader:240 - Cannot read IP mode file for STMicroelectronics.FP-ATR-SIGFOX1.3.2.0
2024-10-07 13:08:34,732 [WARN] PackLoader:240 - Cannot read IP mode file for wolfSSL.I-CUBE-wolfSSL.5.7.2
2024-10-07 13:08:34,739 [WARN] PackLoader:240 - Cannot read IP mode file for STMicroelectronics.X-CUBE-EEPRMA1.5.1.0
2024-10-07 13:08:34,760 [WARN] PackLoader:240 - Cannot read IP mode file for ITTIA_DB.I-CUBE-ITTIADB.8.9.0
2024-10-07 13:08:34,843 [WARN] PackLoader:240 - Cannot read IP mode file for SEGGER.I-CUBE-embOS.1.3.1
2024-10-07 13:08:34,971 [WARN] PackLoader:240 - Cannot read IP mode file for STMicroelectronics.X-CUBE-ALGOBUILD.1.4.0
2024-10-07 13:08:34,997 [WARN] PackLoader:240 - Cannot read IP mode file for STMicroelectronics.X-CUBE-AI.9.1.0
2024-10-07 13:08:35,014 [WARN] PackLoader:240 - Cannot read IP mode file for STMicroelectronics.X-CUBE-GNSS1.6.0.0
2024-10-07 13:08:35,057 [WARN] PackLoader:240 - Cannot read IP mode file for STMicroelectronics.X-CUBE-AZRTOS-F4.1.1.0
2024-10-07 13:08:35,074 [WARN] PackLoader:240 - Cannot read IP mode file for STMicroelectronics.X-CUBE-ISPU.2.1.0
2024-10-07 13:08:35,097 [WARN] PackLoader:240 - Cannot read IP mode file for STMicroelectronics.X-CUBE-FREERTOS.1.2.0
2024-10-07 13:08:35,130 [WARN] PackLoader:240 - Cannot read IP mode file for STMicroelectronics.X-CUBE-AZRTOS-L5.2.0.0
2024-10-07 13:08:35,162 [WARN] PackLoader:240 - Cannot read IP mode file for STMicroelectronics.X-CUBE-NFC6.3.1.0
2024-10-07 13:08:35,177 [WARN] PackLoader:240 - Cannot read IP mode file for STMicroelectronics.X-CUBE-DPower.1.2.0
2024-10-07 13:08:35,185 [WARN] PackLoader:240 - Cannot read IP mode file for STMicroelectronics.X-CUBE-AI.9.0.0
2024-10-07 13:08:35,197 [WARN] PackLoader:240 - Cannot read IP mode file for STMicroelectronics.X-CUBE-NFC7.1.0.1
2024-10-07 13:08:35,255 [WARN] ConditionMgr:438 - getConditionDescription Invalid condition id : LAN8742 Phy interface Condition cause : null
2024-10-07 13:08:35,257 [WARN] PackLoader:240 - Cannot read IP mode file for STMicroelectronics.X-CUBE-AZRTOS-L4.2.0.0
2024-10-07 13:08:35,280 [WARN] ConditionMgr:1039 - genDependencies : Invalid condition id : LAN8742 Phy interface Condition cause : null
2024-10-07 13:08:35,284 [WARN] ConditionMgr:1039 - genDependencies : Invalid condition id : LAN8742 Phy interface Condition cause : null
2024-10-07 13:08:35,286 [WARN] ConditionMgr:1039 - genDependencies : Invalid condition id : LAN8742 Phy interface Condition cause : null
2024-10-07 13:08:35,307 [WARN] PackLoader:240 - Cannot read IP mode file for STMicroelectronics.X-CUBE-SFXS2LP1.4.0.0
2024-10-07 13:08:35,357 [WARN] PackLoader:240 - Cannot read IP mode file for STMicroelectronics.X-CUBE-AZRTOS-H7.3.3.0
2024-10-07 13:08:35,387 [WARN] PackLoader:240 - Cannot read IP mode file for STMicroelectronics.X-CUBE-IPS.3.0.0
2024-10-07 13:08:35,414 [WARN] ConditionMgr:438 - getConditionDescription Invalid condition id : UX DEVICE CLASS RTOS Condition cause : null
2024-10-07 13:08:35,415 [WARN] ConditionMgr:438 - getConditionDescription Invalid condition id : UX DEVICE CLASS RTOS Condition cause : null
2024-10-07 13:08:35,421 [WARN] PackLoader:240 - Cannot read IP mode file for STMicroelectronics.X-CUBE-AZRTOS-WB.2.0.0
2024-10-07 13:08:35,423 [WARN] ConditionMgr:1039 - genDependencies : Invalid condition id : UX DEVICE CLASS RTOS Condition cause : null
2024-10-07 13:08:35,423 [WARN] ConditionMgr:1039 - genDependencies : Invalid condition id : UX DEVICE CLASS RTOS Condition cause : null
2024-10-07 13:08:35,424 [WARN] ConditionMgr:1039 - genDependencies : Invalid condition id : UX DEVICE CLASS RTOS Condition cause : null
2024-10-07 13:08:35,425 [WARN] ConditionMgr:1039 - genDependencies : Invalid condition id : UX DEVICE CLASS RTOS Condition cause : null
2024-10-07 13:08:35,425 [WARN] ConditionMgr:1039 - genDependencies : Invalid condition id : UX DEVICE CLASS RTOS Condition cause : null
2024-10-07 13:08:35,455 [WARN] PackLoader:240 - Cannot read IP mode file for STMicroelectronics.X-CUBE-GNSS1.7.0.0
2024-10-07 13:08:35,474 [WARN] PackLoader:240 - Cannot read IP mode file for STMicroelectronics.FP-SNS-STBOX1.2.0.0
2024-10-07 13:08:35,508 [WARN] PackLoader:240 - Cannot read IP mode file for STMicroelectronics.X-CUBE-SUBG2.5.0.0
2024-10-07 13:08:35,533 [WARN] PackLoader:240 - Cannot read IP mode file for Cesanta.I-CUBE-Mongoose.7.13.0
2024-10-07 13:08:35,580 [WARN] PackLoader:240 - Cannot read IP mode file for STMicroelectronics.X-CUBE-AZRTOS-G4.2.0.0
2024-10-07 13:08:35,599 [WARN] PackLoader:240 - Cannot read IP mode file for STMicroelectronics.X-CUBE-ISPU.2.0.0
2024-10-07 13:08:35,607 [WARN] PackLoader:240 - Cannot read IP mode file for STMicroelectronics.X-CUBE-ALS.1.0.2
2024-10-07 13:08:35,618 [WARN] PackLoader:240 - Cannot read IP mode file for STMicroelectronics.X-CUBE-TOUCHGFX.4.24.0
2024-10-07 13:08:35,628 [WARN] PackLoader:240 - Cannot read IP mode file for STMicroelectronics.X-CUBE-TOUCHGFX.4.24.1
2024-10-07 13:08:35,665 [WARN] PackLoader:240 - Cannot read IP mode file for wolfSSL.I-CUBE-wolfTPM.3.4.0
2024-10-07 13:08:35,680 [WARN] PackLoader:240 - Cannot read IP mode file for portGmbH.I-Cube-SoM-uGOAL.1.1.0
2024-10-07 13:08:35,744 [WARN] PackLoader:240 - Cannot read IP mode file for STMicroelectronics.X-CUBE-AZRTOS-H7RS.1.0.0
2024-10-07 13:08:35,774 [WARN] PackLoader:240 - Cannot read IP mode file for STMicroelectronics.FP-ATR-ASTRA1.2.0.0
2024-10-07 13:08:35,808 [WARN] PackLoader:240 - Cannot read IP mode file for STMicroelectronics.X-CUBE-TOF1.3.4.2
2024-10-07 13:08:35,931 [WARN] PackLoader:240 - Cannot read IP mode file for Infineon.AIROC-Wi-Fi-Bluetooth-STM32.1.6.1
2024-10-07 13:08:36,024 [WARN] PackLoader:240 - Cannot read IP mode file for wolfSSL.I-CUBE-wolfSSH.1.4.17
2024-10-07 13:08:36,042 [INFO] ThirdParty:978 - Integrity check success = true
2024-10-07 13:08:36,042 [INFO] IntegrityCheckThread:100 - exiting critical section [integrity check]
2024-10-07 13:08:36,042 [INFO] IntegrityCheckThread:103 - End integrity checks thread
2024-10-07 13:08:37,381 [INFO] WebApp:448 - Apply proxy settings
2024-10-07 13:08:37,436 [INFO] WebApp:493 - Chromium authenticates against Manually configured proxy
2024-10-07 13:08:37,472 [INFO] WebApp:501 - Username used for proxy authentication: 
2024-10-07 13:08:37,573 [INFO] WebApp:869 - Register for checkConnection events
2024-10-07 13:08:37,573 [INFO] WebApp:448 - Apply proxy settings
2024-10-07 13:08:37,580 [INFO] WebApp:493 - Chromium authenticates against Manually configured proxy
2024-10-07 13:08:37,583 [INFO] WebApp:501 - Username used for proxy authentication: 
2024-10-07 13:08:37,889 [INFO] WebApp:220 - Starting web application
2024-10-07 13:08:37,898 [INFO] WebApp:578 - Web application path used /Applications/STM32CubeIDE.app/Contents/Eclipse/plugins/com.st.stm32cube.common.mx_6.12.0.202406281431/db/plugins/mcufinder/reactClient1/index.html
2024-10-07 13:08:38,933 [INFO] WebApp:186 - Connection restablished
2024-10-07 13:08:39,147 [INFO] UserAuth:417 - Internet connection configuration mode: 1
2024-10-07 13:38:25,410 [ERROR] LogOutputStream:75 - [STDERR_REDIRECT] 
2024-10-07 14:49:40,892 [INFO] Activator:176 - 


2024-10-07 14:49:40,896 [INFO] Activator:177 - !SESSION log4j initialized
2024-10-07 14:49:52,520 [INFO] LogOutputStream:77 - [STDOUT_REDIRECT] 
2024-10-07 14:49:55,149 [ERROR] LogOutputStream:75 - [STDERR_REDIRECT] 
2024-10-07 14:50:00,841 [INFO] LogOutputStream:77 - [STDOUT_REDIRECT] 
2024-10-07 14:50:06,517 [INFO] ApplicationProperties:184 - Using Application install path: /Applications/STM32CubeIDE.app/Contents/Eclipse/plugins/com.st.stm32cube.common.mx_6.12.0.202406281431
2024-10-07 14:50:06,542 [INFO] DbMcusXml:78 - Set database path to: /Applications/STM32CubeIDE.app/Contents/Eclipse/plugins/com.st.stm32cube.common.mx_6.12.0.202406281431//db//mcu/
2024-10-07 14:50:06,542 [INFO] ApiDb:274 - Set plugin database path to: /Applications/STM32CubeIDE.app/Contents/Eclipse/plugins/com.st.stm32cube.common.mx_6.12.0.202406281431//db//plugins/boardmanager/
2024-10-07 14:50:06,543 [WARN] ApiDb:259 - Overriding images path with different value:  => /Applications/STM32CubeIDE.app/Contents/Eclipse/plugins/com.st.stm32cube.common.mx_6.12.0.202406281431//db//plugins/mcufinder/images/
2024-10-07 14:50:06,557 [INFO] ApiDb:250 - Set database path to: /Users/aidancostello/.stmcufinder/plugins/mcufinder//mcu/
2024-10-07 14:50:06,558 [INFO] DbMcusAds:125 - Set database path to: /Users/aidancostello/.stmcufinder/plugins/mcufinder//mcu/
2024-10-07 14:50:06,562 [INFO] CrossReferenceDbSqlite:203 - Set database path to: /Users/aidancostello/.stmcufinder/plugins/mcufinder//mcu/cs/
2024-10-07 14:50:06,859 [INFO] RulesReader:64 - Compatibility file has been processed (297 Rules)
2024-10-07 14:50:07,022 [INFO] DbMcusXml:78 - Set database path to: /Applications/STM32CubeIDE.app/Contents/Eclipse/plugins/com.st.stm32cube.common.mx_6.12.0.202406281431//db//mcu/
2024-10-07 14:50:07,023 [INFO] ApiDb:274 - Set plugin database path to: /Applications/STM32CubeIDE.app/Contents/Eclipse/plugins/com.st.stm32cube.common.mx_6.12.0.202406281431//db//plugins/boardmanager/
2024-10-07 14:50:07,024 [INFO] ApiDb:261 - Set plugin images path to: /Applications/STM32CubeIDE.app/Contents/Eclipse/plugins/com.st.stm32cube.common.mx_6.12.0.202406281431//db//plugins/mcufinder/images/
2024-10-07 14:50:07,026 [WARN] DbFile:41 - Overriding database path with different value: /Users/aidancostello/.stmcufinder/plugins/mcufinder/ => /Users/aidancostello/.stmcufinder/plugins/mcufinder
2024-10-07 14:50:07,026 [INFO] ApiDb:250 - Set database path to: /Users/aidancostello/.stmcufinder/plugins/mcufinder//mcu/
2024-10-07 14:50:07,027 [WARN] DbFile:41 - Overriding database path with different value: /Users/aidancostello/.stmcufinder/plugins/mcufinder/ => /Users/aidancostello/.stmcufinder/plugins/mcufinder
2024-10-07 14:50:07,027 [INFO] DbMcusAds:125 - Set database path to: /Users/aidancostello/.stmcufinder/plugins/mcufinder//mcu/
2024-10-07 14:50:07,027 [WARN] DbFile:41 - Overriding database path with different value: /Users/aidancostello/.stmcufinder/plugins/mcufinder/ => /Users/aidancostello/.stmcufinder/plugins/mcufinder
2024-10-07 14:50:07,028 [WARN] DbFile:41 - Overriding database path with different value: /Users/aidancostello/.stmcufinder/plugins/mcufinder/ => /Users/aidancostello/.stmcufinder/plugins/mcufinder
2024-10-07 14:50:07,029 [INFO] CrossReferenceDbSqlite:203 - Set database path to: /Users/aidancostello/.stmcufinder/plugins/mcufinder//mcu/cs/
2024-10-07 14:50:07,220 [INFO] MainPanel:268 - HeapMemory: 268435456
2024-10-07 14:50:08,162 [INFO] DbMcusXml:78 - Set database path to: /Applications/STM32CubeIDE.app/Contents/Eclipse/plugins/com.st.stm32cube.common.mx_6.12.0.202406281431//db//mcu/
2024-10-07 14:50:08,162 [INFO] ApiDb:274 - Set plugin database path to: /Applications/STM32CubeIDE.app/Contents/Eclipse/plugins/com.st.stm32cube.common.mx_6.12.0.202406281431//db//plugins/boardmanager/
2024-10-07 14:50:08,162 [INFO] ApiDb:261 - Set plugin images path to: /Applications/STM32CubeIDE.app/Contents/Eclipse/plugins/com.st.stm32cube.common.mx_6.12.0.202406281431//db//plugins/mcufinder/images/
2024-10-07 14:50:08,163 [WARN] DbFile:41 - Overriding database path with different value: /Users/aidancostello/.stmcufinder/plugins/mcufinder/ => /Users/aidancostello/.stmcufinder/plugins/mcufinder
2024-10-07 14:50:08,163 [INFO] ApiDb:250 - Set database path to: /Users/aidancostello/.stmcufinder/plugins/mcufinder//mcu/
2024-10-07 14:50:08,163 [WARN] DbFile:41 - Overriding database path with different value: /Users/aidancostello/.stmcufinder/plugins/mcufinder/ => /Users/aidancostello/.stmcufinder/plugins/mcufinder
2024-10-07 14:50:08,163 [INFO] DbMcusAds:125 - Set database path to: /Users/aidancostello/.stmcufinder/plugins/mcufinder//mcu/
2024-10-07 14:50:08,163 [WARN] DbFile:41 - Overriding database path with different value: /Users/aidancostello/.stmcufinder/plugins/mcufinder/ => /Users/aidancostello/.stmcufinder/plugins/mcufinder
2024-10-07 14:50:08,163 [WARN] DbFile:41 - Overriding database path with different value: /Users/aidancostello/.stmcufinder/plugins/mcufinder/ => /Users/aidancostello/.stmcufinder/plugins/mcufinder
2024-10-07 14:50:08,164 [INFO] CrossReferenceDbSqlite:203 - Set database path to: /Users/aidancostello/.stmcufinder/plugins/mcufinder//mcu/cs/
2024-10-07 14:50:08,201 [INFO] ApplicationProperties:184 - Using Application install path: /Applications/STM32CubeIDE.app/Contents/Eclipse/plugins/com.st.stm32cube.common.mx_6.12.0.202406281431
2024-10-07 14:50:08,204 [INFO] PluginManage:196 - Search for loadable plugins [exclusion list=, ]
2024-10-07 14:50:08,207 [INFO] PluginManage:310 - Check plugin analytics
2024-10-07 14:50:08,644 [INFO] AnalyticsPlugin:253 - Accepted Software Licenses: 
2024-10-07 14:50:08,644 [INFO] AnalyticsPlugin:255 - Accepted CMSIS Pack Licenses: 
2024-10-07 14:50:08,644 [INFO] AnalyticsPlugin:257 - Accepted Firmware Licenses: FW.L4.1.18.0,FW.F4.1.28.0
2024-10-07 14:50:08,666 [INFO] PluginManage:359 - Loaded plugin analytics (category:tool,tabindex:-1)
2024-10-07 14:50:08,669 [INFO] PluginManage:310 - Check plugin cadmodel
2024-10-07 14:50:08,694 [INFO] CADModel:105 - Init CAD model plugin
2024-10-07 14:50:08,694 [INFO] PluginManage:359 - Loaded plugin cadmodel (category:power,tabindex:5)
2024-10-07 14:50:08,695 [INFO] PluginManage:310 - Check plugin clock
2024-10-07 14:50:08,718 [INFO] PluginManage:359 - Loaded plugin clock (category:base,tabindex:2)
2024-10-07 14:50:08,718 [INFO] PluginManage:310 - Check plugin ddr
2024-10-07 14:50:08,721 [INFO] PluginManage:359 - Loaded plugin ddr (category:tool,tabindex:6)
2024-10-07 14:50:08,722 [INFO] PluginManage:310 - Check plugin filemanager
2024-10-07 14:50:09,613 [INFO] PluginManage:359 - Loaded plugin filemanager (category:base,tabindex:10)
2024-10-07 14:50:09,617 [INFO] PluginManage:310 - Check plugin ipmanager
2024-10-07 14:50:09,650 [INFO] PluginManage:359 - Loaded plugin ipmanager (category:base,tabindex:5)
2024-10-07 14:50:09,652 [INFO] PluginManage:310 - Check plugin lpbam
2024-10-07 14:50:09,696 [INFO] PluginManage:359 - Loaded plugin lpbam (category:base,tabindex:0)
2024-10-07 14:50:09,697 [INFO] PluginManage:310 - Check plugin memorymap
2024-10-07 14:50:09,717 [INFO] PluginManage:359 - Loaded plugin memorymap (category:base,tabindex:4)
2024-10-07 14:50:09,717 [INFO] PluginManage:310 - Check plugin pinoutandconfiguration
2024-10-07 14:50:09,729 [INFO] PluginManage:359 - Loaded plugin pinoutandconfiguration (category:base,tabindex:1)
2024-10-07 14:50:09,729 [INFO] PluginManage:310 - Check plugin pinoutconfig
2024-10-07 14:50:09,916 [ERROR] LogOutputStream:75 - [STDERR_REDIRECT] [Fatal Error] :2:10: DOCTYPE is disallowed when the feature "http://apache.org/xml/features/disallow-doctype-decl" set to true.
2024-10-07 14:50:09,922 [ERROR] LogOutputStream:75 - [STDERR_REDIRECT] 
2024-10-07 14:50:09,962 [WARN] SupportedApi:132 - Cannot load RTOS API schema: s4s-elt-must-match.1: The content of 'definitions' must match (annotation?, (simpleType | complexType)?, (unique | key | keyref)*)). A problem was found starting at: attribute.
2024-10-07 14:50:10,331 [INFO] PluginManage:359 - Loaded plugin pinoutconfig (category:base,tabindex:0)
2024-10-07 14:50:10,334 [INFO] PluginManage:310 - Check plugin power
2024-10-07 14:50:10,373 [INFO] PluginManage:359 - Loaded plugin power (category:power,tabindex:4)
2024-10-07 14:50:10,373 [INFO] PluginManage:310 - Check plugin projectmanager
2024-10-07 14:50:10,446 [INFO] PluginManage:359 - Loaded plugin projectmanager (category:projectmanager,tabindex:4)
2024-10-07 14:50:10,447 [INFO] PluginManage:310 - Check plugin rif
2024-10-07 14:50:10,462 [INFO] PluginManage:359 - Loaded plugin rif (category:base,tabindex:3)
2024-10-07 14:50:10,463 [INFO] PluginManage:310 - Check plugin thirdparty
2024-10-07 14:50:10,786 [INFO] PluginManage:359 - Loaded plugin thirdparty (category:base,tabindex:-1)
2024-10-07 14:50:10,786 [INFO] PluginManage:310 - Check plugin tools
2024-10-07 14:50:10,786 [WARN] IntegrityCheckThread:84 - waiting for thirdparty lock release [integrity check]
2024-10-07 14:50:10,789 [INFO] IntegrityCheckThread:86 - entering critical section [integrity check]
2024-10-07 14:50:10,791 [INFO] ThirdPartyUpdaterWithRetryManager:70 - Updater plugin not ready yet. [1/15]
2024-10-07 14:50:10,795 [INFO] PluginManage:359 - Loaded plugin tools (category:base,tabindex:7)
2024-10-07 14:50:10,796 [INFO] PluginManage:310 - Check plugin tutovideos
2024-10-07 14:50:11,078 [INFO] PluginManage:359 - Loaded plugin tutovideos (category:base,tabindex:-1)
2024-10-07 14:50:11,079 [INFO] PluginManage:310 - Check plugin updater
2024-10-07 14:50:11,134 [INFO] PluginManage:359 - Loaded plugin updater (category:base,tabindex:12)
2024-10-07 14:50:11,134 [INFO] PluginManage:310 - Check plugin userauth
2024-10-07 14:50:11,146 [INFO] UserAuth:113 - Init User Auth plugin
2024-10-07 14:50:11,147 [INFO] PluginManage:359 - Loaded plugin userauth (category:base,tabindex:14)
2024-10-07 14:50:11,149 [INFO] PluginManage:283 - PluginManage : Loaded plugins [18]
2024-10-07 14:50:11,580 [INFO] PinOutPanel:1561 - setPackage(No Configuration,No Configuration)
2024-10-07 14:50:11,993 [INFO] CADModel:165 - CPN selected for project level
2024-10-07 14:50:11,997 [INFO] CADModel:114 - Register for checkConnection events
2024-10-07 14:50:12,032 [INFO] IPUIPlugin:80 - create IPUIPlugin
2024-10-07 14:50:12,033 [INFO] PluginManager:220 - loadIPPluginJar : add mdma
2024-10-07 14:50:12,042 [INFO] IPUIPlugin:80 - create IPUIPlugin
2024-10-07 14:50:12,043 [INFO] PluginManager:220 - loadIPPluginJar : add freertos
2024-10-07 14:50:12,048 [INFO] IPUIPlugin:80 - create IPUIPlugin
2024-10-07 14:50:12,048 [INFO] PluginManager:220 - loadIPPluginJar : add gic
2024-10-07 14:50:12,060 [INFO] IPUIPlugin:80 - create IPUIPlugin
2024-10-07 14:50:12,060 [INFO] PluginManager:220 - loadIPPluginJar : add adc
2024-10-07 14:50:12,062 [INFO] IPUIPlugin:80 - create IPUIPlugin
2024-10-07 14:50:12,063 [INFO] PluginManager:220 - loadIPPluginJar : add gtzc
2024-10-07 14:50:12,064 [INFO] IPUIPlugin:80 - create IPUIPlugin
2024-10-07 14:50:12,064 [INFO] PluginManager:220 - loadIPPluginJar : add quadspi
2024-10-07 14:50:12,066 [INFO] IPUIPlugin:80 - create IPUIPlugin
2024-10-07 14:50:12,066 [INFO] PluginManager:220 - loadIPPluginJar : add aes
2024-10-07 14:50:12,068 [INFO] IPUIPlugin:80 - create IPUIPlugin
2024-10-07 14:50:12,068 [INFO] PluginManager:220 - loadIPPluginJar : add pdm2pcm
2024-10-07 14:50:12,070 [INFO] IPUIPlugin:80 - create IPUIPlugin
2024-10-07 14:50:12,070 [INFO] PluginManager:220 - loadIPPluginJar : add hash
2024-10-07 14:50:12,072 [INFO] IPUIPlugin:80 - create IPUIPlugin
2024-10-07 14:50:12,072 [INFO] PluginManager:220 - loadIPPluginJar : add tim
2024-10-07 14:50:12,073 [INFO] IPUIPlugin:80 - create IPUIPlugin
2024-10-07 14:50:12,073 [INFO] PluginManager:220 - loadIPPluginJar : add tsc
2024-10-07 14:50:12,076 [INFO] IPUIPlugin:80 - create IPUIPlugin
2024-10-07 14:50:12,077 [INFO] PluginManager:220 - loadIPPluginJar : add extmemmanager
2024-10-07 14:50:12,078 [INFO] IPUIPlugin:80 - create IPUIPlugin
2024-10-07 14:50:12,078 [INFO] PluginManager:220 - loadIPPluginJar : add ts
2024-10-07 14:50:12,081 [INFO] IPUIPlugin:80 - create IPUIPlugin
2024-10-07 14:50:12,081 [INFO] PluginManager:220 - loadIPPluginJar : add radio
2024-10-07 14:50:12,084 [INFO] IPUIPlugin:80 - create IPUIPlugin
2024-10-07 14:50:12,084 [INFO] PluginManager:220 - loadIPPluginJar : add can
2024-10-07 14:50:12,089 [INFO] IPUIPlugin:80 - create IPUIPlugin
2024-10-07 14:50:12,090 [INFO] PluginManager:220 - loadIPPluginJar : add dma3
2024-10-07 14:50:12,096 [INFO] IPUIPlugin:80 - create IPUIPlugin
2024-10-07 14:50:12,096 [INFO] PluginManager:220 - loadIPPluginJar : add dfsdm
2024-10-07 14:50:12,099 [INFO] IPUIPlugin:80 - create IPUIPlugin
2024-10-07 14:50:12,099 [INFO] PluginManager:220 - loadIPPluginJar : add spi
2024-10-07 14:50:12,102 [INFO] IPUIPlugin:80 - create IPUIPlugin
2024-10-07 14:50:12,102 [INFO] PluginManager:220 - loadIPPluginJar : add gfxmmu
2024-10-07 14:50:12,104 [INFO] IPUIPlugin:80 - create IPUIPlugin
2024-10-07 14:50:12,104 [INFO] PluginManager:220 - loadIPPluginJar : add genericplugin
2024-10-07 14:50:12,106 [INFO] IPUIPlugin:80 - create IPUIPlugin
2024-10-07 14:50:12,107 [INFO] PluginManager:220 - loadIPPluginJar : add cryp
2024-10-07 14:50:12,110 [INFO] IPUIPlugin:80 - create IPUIPlugin
2024-10-07 14:50:12,110 [INFO] PluginManager:220 - loadIPPluginJar : add gpio
2024-10-07 14:50:12,113 [INFO] IPUIPlugin:80 - create IPUIPlugin
2024-10-07 14:50:12,114 [INFO] PluginManager:220 - loadIPPluginJar : add ddr_ctrl_phy
2024-10-07 14:50:12,115 [INFO] IPUIPlugin:80 - create IPUIPlugin
2024-10-07 14:50:12,116 [INFO] PluginManager:220 - loadIPPluginJar : add comp
2024-10-07 14:50:12,117 [INFO] IPUIPlugin:80 - create IPUIPlugin
2024-10-07 14:50:12,118 [INFO] PluginManager:220 - loadIPPluginJar : add tracer_emb
2024-10-07 14:50:12,120 [INFO] IPUIPlugin:80 - create IPUIPlugin
2024-10-07 14:50:12,120 [INFO] PluginManager:220 - loadIPPluginJar : add openamp
2024-10-07 14:50:12,126 [INFO] IPUIPlugin:80 - create IPUIPlugin
2024-10-07 14:50:12,126 [INFO] PluginManager:220 - loadIPPluginJar : add stm32_wpan
2024-10-07 14:50:12,132 [INFO] IPUIPlugin:80 - create IPUIPlugin
2024-10-07 14:50:12,151 [INFO] PluginManager:220 - loadIPPluginJar : add plateformsettings
2024-10-07 14:50:12,154 [INFO] IPUIPlugin:80 - create IPUIPlugin
2024-10-07 14:50:12,154 [INFO] PluginManager:220 - loadIPPluginJar : add ipddr
2024-10-07 14:50:12,157 [INFO] IPUIPlugin:80 - create IPUIPlugin
2024-10-07 14:50:12,157 [INFO] PluginManager:220 - loadIPPluginJar : add usart
2024-10-07 14:50:12,158 [INFO] IPUIPlugin:80 - create IPUIPlugin
2024-10-07 14:50:12,158 [INFO] PluginManager:220 - loadIPPluginJar : add ltdc
2024-10-07 14:50:12,162 [INFO] IPUIPlugin:80 - create IPUIPlugin
2024-10-07 14:50:12,162 [INFO] PluginManager:220 - loadIPPluginJar : add nvic
2024-10-07 14:50:12,163 [INFO] IPUIPlugin:80 - create IPUIPlugin
2024-10-07 14:50:12,163 [INFO] PluginManager:220 - loadIPPluginJar : add fatfs
2024-10-07 14:50:12,171 [INFO] IPUIPlugin:80 - create IPUIPlugin
2024-10-07 14:50:12,172 [INFO] PluginManager:220 - loadIPPluginJar : add linkedlist
2024-10-07 14:50:12,177 [INFO] IPUIPlugin:80 - create IPUIPlugin
2024-10-07 14:50:12,178 [INFO] PluginManager:220 - loadIPPluginJar : add dma
2024-10-07 14:50:12,181 [INFO] IPUIPlugin:80 - create IPUIPlugin
2024-10-07 14:50:12,181 [INFO] PluginManager:220 - loadIPPluginJar : add fmc
2024-10-07 14:50:12,183 [INFO] IPUIPlugin:80 - create IPUIPlugin
2024-10-07 14:50:12,183 [INFO] PluginManager:220 - loadIPPluginJar : add i2s
2024-10-07 14:50:12,184 [INFO] IPUIPlugin:80 - create IPUIPlugin
2024-10-07 14:50:12,185 [INFO] PluginManager:220 - loadIPPluginJar : add ucpd
2024-10-07 14:50:12,186 [INFO] IPUIPlugin:80 - create IPUIPlugin
2024-10-07 14:50:12,186 [INFO] PluginManager:220 - loadIPPluginJar : add lorawan
2024-10-07 14:50:12,189 [INFO] IPUIPlugin:80 - create IPUIPlugin
2024-10-07 14:50:12,189 [INFO] PluginManager:220 - loadIPPluginJar : add opamp
2024-10-07 14:50:12,192 [INFO] IPUIPlugin:80 - create IPUIPlugin
2024-10-07 14:50:12,192 [INFO] PluginManager:220 - loadIPPluginJar : add i3c
2024-10-07 14:50:12,194 [INFO] IPUIPlugin:80 - create IPUIPlugin
2024-10-07 14:50:12,195 [INFO] PluginManager:220 - loadIPPluginJar : add touchsensing
2024-10-07 14:50:12,199 [INFO] IPUIPlugin:80 - create IPUIPlugin
2024-10-07 14:50:12,203 [INFO] PluginManager:220 - loadIPPluginJar : add i2c
2024-10-07 14:50:12,223 [INFO] IPUIPlugin:80 - create IPUIPlugin
2024-10-07 14:50:12,224 [INFO] PluginManager:220 - loadIPPluginJar : add resmgrutility
2024-10-07 14:50:12,228 [INFO] IPUIPlugin:80 - create IPUIPlugin
2024-10-07 14:50:12,228 [INFO] PluginManager:220 - loadIPPluginJar : add sai
2024-10-07 14:50:12,230 [INFO] IPUIPlugin:80 - create IPUIPlugin
2024-10-07 14:50:12,230 [INFO] PluginManager:220 - loadIPPluginJar : add usbx
2024-10-07 14:50:12,391 [INFO] CADModel:165 - CPN selected for project level
2024-10-07 14:50:12,391 [INFO] CADModel:114 - Register for checkConnection events
2024-10-07 14:50:12,392 [FATAL] Updater:334 - Updater called before beeing initialized
2024-10-07 14:50:12,392 [ERROR] CADModel:125 - Updater not yet initialized, retry later 
2024-10-07 14:50:12,718 [INFO] CADModel:165 - CPN selected for project level
2024-10-07 14:50:12,718 [INFO] CADModel:114 - Register for checkConnection events
2024-10-07 14:50:12,719 [FATAL] Updater:334 - Updater called before beeing initialized
2024-10-07 14:50:12,719 [ERROR] CADModel:125 - Updater not yet initialized, retry later 
2024-10-07 14:50:12,722 [FATAL] Updater:334 - Updater called before beeing initialized
2024-10-07 14:50:12,994 [FATAL] Updater:334 - Updater called before beeing initialized
2024-10-07 14:50:13,003 [INFO] DbMcusAds:53 - JSON generation date=Mon Sep 16 09:40:22 CDT 2024 (1726497622318)
2024-10-07 14:50:13,003 [FATAL] Updater:334 - Updater called before beeing initialized
2024-10-07 14:50:13,104 [WARN] DetailPanel:346 - Failed to get advertising image, set to default
2024-10-07 14:50:13,221 [FATAL] Updater:334 - Updater called before beeing initialized
2024-10-07 14:50:13,223 [FATAL] Updater:334 - Updater called before beeing initialized
2024-10-07 14:50:13,223 [FATAL] Updater:334 - Updater called before beeing initialized
2024-10-07 14:50:13,223 [WARN] DetailPanel:346 - Failed to get advertising image, set to default
2024-10-07 14:50:13,224 [FATAL] Updater:334 - Updater called before beeing initialized
2024-10-07 14:50:13,382 [ERROR] Updater:1164 - MainUpdater not yet initialized. External WinMGr cannot be set.
2024-10-07 14:50:13,391 [INFO] Updater:1100 - Updater Version found : 6.12.0
2024-10-07 14:50:13,408 [INFO] ApplicationProperties:184 - Using Application install path: /Applications/STM32CubeIDE.app/Contents/Eclipse/plugins/com.st.stm32cube.common.mx_6.12.0.202406281431
2024-10-07 14:50:13,796 [INFO] ThirdPartyUpdaterWithRetryManager:70 - Updater plugin not ready yet. [2/15]
2024-10-07 14:50:13,886 [INFO] MainUpdater:2873 - connection check result : 10
2024-10-07 14:50:13,888 [INFO] MainUpdater:290 - Updater Check For Update Now.
2024-10-07 14:50:13,888 [INFO] MicroXplorer:498 - Change Database Version : DB.6.0.120
2024-10-07 14:50:13,897 [INFO] McuFinderGlobals:63 - Set McuFinder mode to 2 (CubeIDE integrated)
2024-10-07 14:50:13,901 [INFO] UserAuth:417 - Internet connection configuration mode: 1
2024-10-07 14:50:13,925 [INFO] JxBrowserEngine:152 - Initiate JxBrowser Engine with user profile folder
2024-10-07 14:50:14,465 [INFO] CheckServerUpdateThread:120 - End of CheckServer Thread
2024-10-07 14:50:16,996 [WARN] PackLoader:240 - Cannot read IP mode file for STMicroelectronics.FP-SNS-MOTENVWB1.1.4.0
2024-10-07 14:50:17,036 [WARN] PackLoader:240 - Cannot read IP mode file for STMicroelectronics.X-CUBE-SMBUS.2.1.0
2024-10-07 14:50:17,072 [WARN] PackLoader:240 - Cannot read IP mode file for STMicroelectronics.X-CUBE-WB05N.1.1.0
2024-10-07 14:50:17,161 [WARN] PackLoader:240 - Cannot read IP mode file for STMicroelectronics.X-CUBE-AZRTOS-F7.1.1.0
2024-10-07 14:50:17,432 [WARN] PackLoader:240 - Cannot read IP mode file for STMicroelectronics.X-CUBE-MEMS1.11.0.0
2024-10-07 14:50:17,864 [WARN] PackLoader:240 - Cannot read IP mode file for STMicroelectronics.FP-SNS-FLIGHT1.5.0.2
2024-10-07 14:50:17,946 [WARN] PackLoader:240 - Cannot read IP mode file for STMicroelectronics.X-CUBE-DISPLAY.3.0.0
2024-10-07 14:50:17,980 [WARN] PackLoader:240 - Cannot read IP mode file for STMicroelectronics.X-CUBE-BLE1.7.0.0
2024-10-07 14:50:18,018 [WARN] PackLoader:240 - Cannot read IP mode file for STMicroelectronics.X-CUBE-NFC10.1.0.0
2024-10-07 14:50:18,043 [WARN] PackLoader:240 - Cannot read IP mode file for emotas.I-CUBE-CANOPEN.1.3.0
2024-10-07 14:50:18,086 [WARN] PackLoader:240 - Cannot read IP mode file for STMicroelectronics.X-CUBE-BLEMGR.3.1.0
2024-10-07 14:50:18,110 [WARN] PackLoader:240 - Cannot read IP mode file for STMicroelectronics.FP-SNS-SMARTAG2.1.2.0
2024-10-07 14:50:18,139 [INFO] LogOutputStream:77 - [STDOUT_REDIRECT] 1 : Invalid condition id : UX_CORESTACK_Condition cause : null
2024-10-07 14:50:18,142 [INFO] LogOutputStream:77 - [STDOUT_REDIRECT] 1 : Invalid condition id : UX_CORESTACK_Condition cause : null
2024-10-07 14:50:18,143 [INFO] LogOutputStream:77 - [STDOUT_REDIRECT] 1 : Invalid condition id : UX_CORESTACK_Condition cause : null
2024-10-07 14:50:18,143 [INFO] LogOutputStream:77 - [STDOUT_REDIRECT] 1 : Invalid condition id : UX_CORESTACK_Condition cause : null
2024-10-07 14:50:18,144 [INFO] LogOutputStream:77 - [STDOUT_REDIRECT] 1 : Invalid condition id : UX_CORESTACK_Condition cause : null
2024-10-07 14:50:18,156 [WARN] PackLoader:240 - Cannot read IP mode file for STMicroelectronics.X-CUBE-AZRTOS-WL.2.0.0
2024-10-07 14:50:18,169 [WARN] PackLoader:240 - Cannot read IP mode file for STMicroelectronics.FP-SNS-MOTENV1.5.0.0
2024-10-07 14:50:18,175 [WARN] PackLoader:240 - Cannot read IP mode file for wolfSSL.I-CUBE-wolfMQTT.1.19.0
2024-10-07 14:50:18,188 [WARN] PackLoader:240 - Cannot read IP mode file for WES.I-CUBE-Cesium.1.3.0
2024-10-07 14:50:18,199 [WARN] PackLoader:240 - Cannot read IP mode file for STMicroelectronics.X-CUBE-BLE2.3.3.0
2024-10-07 14:50:18,219 [WARN] PackLoader:240 - Cannot read IP mode file for STMicroelectronics.X-CUBE-NFC9.1.0.0
2024-10-07 14:50:18,237 [WARN] PackLoader:240 - Cannot read IP mode file for STMicroelectronics.X-CUBE-TCPP.4.1.0
2024-10-07 14:50:18,289 [WARN] PackLoader:240 - Cannot read IP mode file for STMicroelectronics.X-CUBE-AZRTOS-G0.1.1.0
2024-10-07 14:50:18,304 [WARN] PackLoader:240 - Cannot read IP mode file for STMicroelectronics.X-CUBE-SAFEA1.1.2.2
2024-10-07 14:50:18,313 [WARN] PackLoader:240 - Cannot read IP mode file for STMicroelectronics.X-CUBE-NFC4.3.0.0
2024-10-07 14:50:18,345 [WARN] PackLoader:240 - Cannot read IP mode file for EmbeddedOffice.I-CUBE-FS-RTOS.1.0.1
2024-10-07 14:50:18,345 [ERROR] ConditionMgr:805 - Attr not supported : Dmpu
2024-10-07 14:50:18,347 [ERROR] ConditionMgr:805 - Attr not supported : Dmpu
2024-10-07 14:50:18,347 [ERROR] ConditionMgr:805 - Attr not supported : Dmpu
2024-10-07 14:50:18,348 [ERROR] ConditionMgr:805 - Attr not supported : Dmpu
2024-10-07 14:50:18,348 [ERROR] ConditionMgr:805 - Attr not supported : Dmpu
2024-10-07 14:50:18,348 [ERROR] ConditionMgr:805 - Attr not supported : Dmpu
2024-10-07 14:50:18,348 [ERROR] ConditionMgr:805 - Attr not supported : Dmpu
2024-10-07 14:50:18,348 [ERROR] ConditionMgr:805 - Attr not supported : Dmpu
2024-10-07 14:50:18,348 [ERROR] ConditionMgr:805 - Attr not supported : Dmpu
2024-10-07 14:50:18,348 [ERROR] ConditionMgr:805 - Attr not supported : Dmpu
2024-10-07 14:50:18,348 [ERROR] ConditionMgr:805 - Attr not supported : Dmpu
2024-10-07 14:50:18,348 [ERROR] ConditionMgr:805 - Attr not supported : Dmpu
2024-10-07 14:50:18,348 [ERROR] ConditionMgr:805 - Attr not supported : Dmpu
2024-10-07 14:50:18,348 [ERROR] ConditionMgr:805 - Attr not supported : Dmpu
2024-10-07 14:50:18,348 [ERROR] ConditionMgr:805 - Attr not supported : Dmpu
2024-10-07 14:50:18,349 [ERROR] ConditionMgr:805 - Attr not supported : Dmpu
2024-10-07 14:50:18,349 [ERROR] ConditionMgr:805 - Attr not supported : Dmpu
2024-10-07 14:50:18,349 [ERROR] ConditionMgr:805 - Attr not supported : Dmpu
2024-10-07 14:50:18,349 [ERROR] ConditionMgr:805 - Attr not supported : Dmpu
2024-10-07 14:50:18,349 [ERROR] ConditionMgr:805 - Attr not supported : Dmpu
2024-10-07 14:50:18,349 [ERROR] ConditionMgr:805 - Attr not supported : Dmpu
2024-10-07 14:50:18,349 [ERROR] ConditionMgr:805 - Attr not supported : Dmpu
2024-10-07 14:50:18,349 [ERROR] ConditionMgr:805 - Attr not supported : Dmpu
2024-10-07 14:50:18,349 [ERROR] ConditionMgr:805 - Attr not supported : Dmpu
2024-10-07 14:50:18,350 [ERROR] ConditionMgr:805 - Attr not supported : Dmpu
2024-10-07 14:50:18,350 [ERROR] ConditionMgr:805 - Attr not supported : Dmpu
2024-10-07 14:50:18,350 [ERROR] ConditionMgr:805 - Attr not supported : Dmpu
2024-10-07 14:50:18,350 [ERROR] ConditionMgr:805 - Attr not supported : Dmpu
2024-10-07 14:50:18,350 [ERROR] ConditionMgr:805 - Attr not supported : Dmpu
2024-10-07 14:50:18,350 [ERROR] ConditionMgr:805 - Attr not supported : Dmpu
2024-10-07 14:50:18,350 [ERROR] ConditionMgr:805 - Attr not supported : Dmpu
2024-10-07 14:50:18,351 [ERROR] ConditionMgr:805 - Attr not supported : Dmpu
2024-10-07 14:50:18,351 [ERROR] ConditionMgr:805 - Attr not supported : Dmpu
2024-10-07 14:50:18,352 [ERROR] ConditionMgr:805 - Attr not supported : Dmpu
2024-10-07 14:50:18,352 [ERROR] ConditionMgr:805 - Attr not supported : Dmpu
2024-10-07 14:50:18,353 [ERROR] ConditionMgr:805 - Attr not supported : Dmpu
2024-10-07 14:50:18,354 [ERROR] ConditionMgr:805 - Attr not supported : Dmpu
2024-10-07 14:50:18,355 [ERROR] ConditionMgr:805 - Attr not supported : Dmpu
2024-10-07 14:50:18,355 [ERROR] ConditionMgr:805 - Attr not supported : Dmpu
2024-10-07 14:50:18,355 [ERROR] ConditionMgr:805 - Attr not supported : Dmpu
2024-10-07 14:50:18,355 [ERROR] ConditionMgr:805 - Attr not supported : Dmpu
2024-10-07 14:50:18,355 [ERROR] ConditionMgr:805 - Attr not supported : Dmpu
2024-10-07 14:50:18,355 [ERROR] ConditionMgr:805 - Attr not supported : Dmpu
2024-10-07 14:50:18,355 [ERROR] ConditionMgr:805 - Attr not supported : Dmpu
2024-10-07 14:50:18,355 [ERROR] ConditionMgr:805 - Attr not supported : Dmpu
2024-10-07 14:50:18,356 [ERROR] ConditionMgr:805 - Attr not supported : Dmpu
2024-10-07 14:50:18,356 [ERROR] ConditionMgr:805 - Attr not supported : Dmpu
2024-10-07 14:50:18,356 [ERROR] ConditionMgr:805 - Attr not supported : Dmpu
2024-10-07 14:50:18,356 [ERROR] ConditionMgr:805 - Attr not supported : Dmpu
2024-10-07 14:50:18,356 [ERROR] ConditionMgr:805 - Attr not supported : Dmpu
2024-10-07 14:50:18,356 [ERROR] ConditionMgr:805 - Attr not supported : Dmpu
2024-10-07 14:50:18,356 [ERROR] ConditionMgr:805 - Attr not supported : Dmpu
2024-10-07 14:50:18,356 [ERROR] ConditionMgr:805 - Attr not supported : Dmpu
2024-10-07 14:50:18,356 [ERROR] ConditionMgr:805 - Attr not supported : Dmpu
2024-10-07 14:50:18,356 [ERROR] ConditionMgr:805 - Attr not supported : Dmpu
2024-10-07 14:50:18,356 [ERROR] ConditionMgr:805 - Attr not supported : Dmpu
2024-10-07 14:50:18,356 [ERROR] ConditionMgr:805 - Attr not supported : Dmpu
2024-10-07 14:50:18,356 [ERROR] ConditionMgr:805 - Attr not supported : Dmpu
2024-10-07 14:50:18,356 [ERROR] ConditionMgr:805 - Attr not supported : Dmpu
2024-10-07 14:50:18,357 [ERROR] ConditionMgr:805 - Attr not supported : Dmpu
2024-10-07 14:50:18,357 [ERROR] ConditionMgr:805 - Attr not supported : Dmpu
2024-10-07 14:50:18,357 [ERROR] ConditionMgr:805 - Attr not supported : Dmpu
2024-10-07 14:50:18,357 [ERROR] ConditionMgr:805 - Attr not supported : Dmpu
2024-10-07 14:50:18,357 [ERROR] ConditionMgr:805 - Attr not supported : Dmpu
2024-10-07 14:50:18,363 [WARN] PackLoader:240 - Cannot read IP mode file for RealThread.X-CUBE-RT-Thread_Nano.4.1.1
2024-10-07 14:50:18,369 [WARN] PackLoader:240 - Cannot read IP mode file for STMicroelectronics.FP-ATR-SIGFOX1.3.2.0
2024-10-07 14:50:18,380 [WARN] PackLoader:240 - Cannot read IP mode file for wolfSSL.I-CUBE-wolfSSL.5.7.2
2024-10-07 14:50:18,388 [WARN] PackLoader:240 - Cannot read IP mode file for STMicroelectronics.X-CUBE-EEPRMA1.5.1.0
2024-10-07 14:50:18,401 [WARN] PackLoader:240 - Cannot read IP mode file for ITTIA_DB.I-CUBE-ITTIADB.8.9.0
2024-10-07 14:50:18,495 [WARN] PackLoader:240 - Cannot read IP mode file for SEGGER.I-CUBE-embOS.1.3.1
2024-10-07 14:50:18,674 [WARN] PackLoader:240 - Cannot read IP mode file for STMicroelectronics.X-CUBE-ALGOBUILD.1.4.0
2024-10-07 14:50:18,688 [WARN] PackLoader:240 - Cannot read IP mode file for STMicroelectronics.X-CUBE-AI.9.1.0
2024-10-07 14:50:18,703 [WARN] PackLoader:240 - Cannot read IP mode file for STMicroelectronics.X-CUBE-GNSS1.6.0.0
2024-10-07 14:50:18,780 [WARN] PackLoader:240 - Cannot read IP mode file for STMicroelectronics.X-CUBE-AZRTOS-F4.1.1.0
2024-10-07 14:50:18,807 [WARN] PackLoader:240 - Cannot read IP mode file for STMicroelectronics.X-CUBE-ISPU.2.1.0
2024-10-07 14:50:18,839 [WARN] PackLoader:240 - Cannot read IP mode file for STMicroelectronics.X-CUBE-FREERTOS.1.2.0
2024-10-07 14:50:18,891 [WARN] PackLoader:240 - Cannot read IP mode file for STMicroelectronics.X-CUBE-AZRTOS-L5.2.0.0
2024-10-07 14:50:18,921 [WARN] PackLoader:240 - Cannot read IP mode file for STMicroelectronics.X-CUBE-NFC6.3.1.0
2024-10-07 14:50:18,992 [WARN] PackLoader:240 - Cannot read IP mode file for STMicroelectronics.X-CUBE-DPower.1.2.0
2024-10-07 14:50:19,004 [WARN] PackLoader:240 - Cannot read IP mode file for STMicroelectronics.X-CUBE-AI.9.0.0
2024-10-07 14:50:19,014 [WARN] PackLoader:240 - Cannot read IP mode file for STMicroelectronics.X-CUBE-NFC7.1.0.1
2024-10-07 14:50:19,066 [WARN] ConditionMgr:438 - getConditionDescription Invalid condition id : LAN8742 Phy interface Condition cause : null
2024-10-07 14:50:19,070 [WARN] PackLoader:240 - Cannot read IP mode file for STMicroelectronics.X-CUBE-AZRTOS-L4.2.0.0
2024-10-07 14:50:19,082 [WARN] ConditionMgr:1039 - genDependencies : Invalid condition id : LAN8742 Phy interface Condition cause : null
2024-10-07 14:50:19,083 [WARN] ConditionMgr:1039 - genDependencies : Invalid condition id : LAN8742 Phy interface Condition cause : null
2024-10-07 14:50:19,086 [WARN] ConditionMgr:1039 - genDependencies : Invalid condition id : LAN8742 Phy interface Condition cause : null
2024-10-07 14:50:19,115 [WARN] PackLoader:240 - Cannot read IP mode file for STMicroelectronics.X-CUBE-SFXS2LP1.4.0.0
2024-10-07 14:50:19,196 [WARN] PackLoader:240 - Cannot read IP mode file for STMicroelectronics.X-CUBE-AZRTOS-H7.3.3.0
2024-10-07 14:50:19,275 [WARN] PackLoader:240 - Cannot read IP mode file for STMicroelectronics.X-CUBE-IPS.3.0.0
2024-10-07 14:50:19,326 [WARN] ConditionMgr:438 - getConditionDescription Invalid condition id : UX DEVICE CLASS RTOS Condition cause : null
2024-10-07 14:50:19,327 [WARN] ConditionMgr:438 - getConditionDescription Invalid condition id : UX DEVICE CLASS RTOS Condition cause : null
2024-10-07 14:50:19,337 [WARN] PackLoader:240 - Cannot read IP mode file for STMicroelectronics.X-CUBE-AZRTOS-WB.2.0.0
2024-10-07 14:50:19,340 [WARN] ConditionMgr:1039 - genDependencies : Invalid condition id : UX DEVICE CLASS RTOS Condition cause : null
2024-10-07 14:50:19,340 [WARN] ConditionMgr:1039 - genDependencies : Invalid condition id : UX DEVICE CLASS RTOS Condition cause : null
2024-10-07 14:50:19,342 [WARN] ConditionMgr:1039 - genDependencies : Invalid condition id : UX DEVICE CLASS RTOS Condition cause : null
2024-10-07 14:50:19,343 [WARN] ConditionMgr:1039 - genDependencies : Invalid condition id : UX DEVICE CLASS RTOS Condition cause : null
2024-10-07 14:50:19,343 [WARN] ConditionMgr:1039 - genDependencies : Invalid condition id : UX DEVICE CLASS RTOS Condition cause : null
2024-10-07 14:50:19,368 [WARN] PackLoader:240 - Cannot read IP mode file for STMicroelectronics.X-CUBE-GNSS1.7.0.0
2024-10-07 14:50:19,416 [WARN] PackLoader:240 - Cannot read IP mode file for STMicroelectronics.FP-SNS-STBOX1.2.0.0
2024-10-07 14:50:19,509 [WARN] PackLoader:240 - Cannot read IP mode file for STMicroelectronics.X-CUBE-SUBG2.5.0.0
2024-10-07 14:50:19,536 [WARN] PackLoader:240 - Cannot read IP mode file for Cesanta.I-CUBE-Mongoose.7.13.0
2024-10-07 14:50:19,589 [WARN] PackLoader:240 - Cannot read IP mode file for STMicroelectronics.X-CUBE-AZRTOS-G4.2.0.0
2024-10-07 14:50:19,611 [WARN] PackLoader:240 - Cannot read IP mode file for STMicroelectronics.X-CUBE-ISPU.2.0.0
2024-10-07 14:50:19,625 [WARN] PackLoader:240 - Cannot read IP mode file for STMicroelectronics.X-CUBE-ALS.1.0.2
2024-10-07 14:50:19,654 [WARN] PackLoader:240 - Cannot read IP mode file for STMicroelectronics.X-CUBE-TOUCHGFX.4.24.0
2024-10-07 14:50:19,663 [WARN] PackLoader:240 - Cannot read IP mode file for STMicroelectronics.X-CUBE-TOUCHGFX.4.24.1
2024-10-07 14:50:19,671 [WARN] PackLoader:240 - Cannot read IP mode file for wolfSSL.I-CUBE-wolfTPM.3.4.0
2024-10-07 14:50:19,686 [WARN] PackLoader:240 - Cannot read IP mode file for portGmbH.I-Cube-SoM-uGOAL.1.1.0
2024-10-07 14:50:20,113 [WARN] PackLoader:240 - Cannot read IP mode file for STMicroelectronics.X-CUBE-AZRTOS-H7RS.1.0.0
2024-10-07 14:50:20,318 [WARN] PackLoader:240 - Cannot read IP mode file for STMicroelectronics.FP-ATR-ASTRA1.2.0.0
2024-10-07 14:50:20,413 [WARN] PackLoader:240 - Cannot read IP mode file for STMicroelectronics.X-CUBE-TOF1.3.4.2
2024-10-07 14:50:20,652 [WARN] PackLoader:240 - Cannot read IP mode file for Infineon.AIROC-Wi-Fi-Bluetooth-STM32.1.6.1
2024-10-07 14:50:21,111 [WARN] PackLoader:240 - Cannot read IP mode file for wolfSSL.I-CUBE-wolfSSH.1.4.17
2024-10-07 14:50:21,153 [INFO] ThirdParty:978 - Integrity check success = true
2024-10-07 14:50:21,155 [INFO] IntegrityCheckThread:100 - exiting critical section [integrity check]
2024-10-07 14:50:21,155 [INFO] IntegrityCheckThread:103 - End integrity checks thread
2024-10-07 14:50:21,433 [INFO] WebApp:167 - Instantiating new browser for Auth
2024-10-07 14:50:24,463 [INFO] WebApp:448 - Apply proxy settings
2024-10-07 14:50:24,514 [INFO] WebApp:493 - Chromium authenticates against Manually configured proxy
2024-10-07 14:50:24,551 [INFO] WebApp:501 - Username used for proxy authentication: 
2024-10-07 14:50:24,665 [INFO] WebApp:869 - Register for checkConnection events
2024-10-07 14:50:24,665 [INFO] WebApp:448 - Apply proxy settings
2024-10-07 14:50:24,674 [INFO] WebApp:493 - Chromium authenticates against Manually configured proxy
2024-10-07 14:50:24,676 [INFO] WebApp:501 - Username used for proxy authentication: 
2024-10-07 14:50:24,988 [INFO] WebApp:220 - Starting web application
2024-10-07 14:50:24,989 [INFO] WebApp:578 - Web application path used /Applications/STM32CubeIDE.app/Contents/Eclipse/plugins/com.st.stm32cube.common.mx_6.12.0.202406281431/db/plugins/mcufinder/reactClient1/index.html
2024-10-07 14:50:26,229 [INFO] WebApp:186 - Connection restablished
2024-10-07 14:50:26,408 [INFO] UserAuth:417 - Internet connection configuration mode: 1
2024-10-07 14:54:58,008 [ERROR] LogOutputStream:75 - [STDERR_REDIRECT] 
