2024-09-30 16:00:44,881 [INFO] Activator:176 - 


2024-09-30 16:00:44,889 [INFO] Activator:177 - !SESSION log4j initialized
2024-09-30 16:00:51,048 [INFO] LogOutputStream:77 - [STDOUT_REDIRECT] 
2024-09-30 16:00:52,964 [ERROR] LogOutputStream:75 - [STDERR_REDIRECT] 
2024-09-30 16:00:56,745 [INFO] LogOutputStream:77 - [STDOUT_REDIRECT] 
2024-09-30 16:00:58,581 [INFO] ApplicationProperties:184 - Using Application install path: /Applications/STM32CubeIDE.app/Contents/Eclipse/plugins/com.st.stm32cube.common.mx_6.12.0.202406281431
2024-09-30 16:00:58,603 [INFO] DbMcusXml:78 - Set database path to: /Applications/STM32CubeIDE.app/Contents/Eclipse/plugins/com.st.stm32cube.common.mx_6.12.0.202406281431//db//mcu/
2024-09-30 16:00:58,604 [INFO] ApiDb:274 - Set plugin database path to: /Applications/STM32CubeIDE.app/Contents/Eclipse/plugins/com.st.stm32cube.common.mx_6.12.0.202406281431//db//plugins/boardmanager/
2024-09-30 16:00:58,604 [WARN] ApiDb:259 - Overriding images path with different value:  => /Applications/STM32CubeIDE.app/Contents/Eclipse/plugins/com.st.stm32cube.common.mx_6.12.0.202406281431//db//plugins/mcufinder/images/
2024-09-30 16:00:58,616 [INFO] ApiDb:250 - Set database path to: /Users/aidancostello/.stmcufinder/plugins/mcufinder//mcu/
2024-09-30 16:00:58,617 [INFO] DbMcusAds:125 - Set database path to: /Users/aidancostello/.stmcufinder/plugins/mcufinder//mcu/
2024-09-30 16:00:58,619 [INFO] CrossReferenceDbSqlite:203 - Set database path to: /Users/aidancostello/.stmcufinder/plugins/mcufinder//mcu/cs/
2024-09-30 16:00:58,788 [INFO] RulesReader:64 - Compatibility file has been processed (297 Rules)
2024-09-30 16:00:58,869 [INFO] DbMcusXml:78 - Set database path to: /Applications/STM32CubeIDE.app/Contents/Eclipse/plugins/com.st.stm32cube.common.mx_6.12.0.202406281431//db//mcu/
2024-09-30 16:00:58,872 [INFO] ApiDb:274 - Set plugin database path to: /Applications/STM32CubeIDE.app/Contents/Eclipse/plugins/com.st.stm32cube.common.mx_6.12.0.202406281431//db//plugins/boardmanager/
2024-09-30 16:00:58,872 [INFO] ApiDb:261 - Set plugin images path to: /Applications/STM32CubeIDE.app/Contents/Eclipse/plugins/com.st.stm32cube.common.mx_6.12.0.202406281431//db//plugins/mcufinder/images/
2024-09-30 16:00:58,872 [WARN] DbFile:41 - Overriding database path with different value: /Users/aidancostello/.stmcufinder/plugins/mcufinder/ => /Users/aidancostello/.stmcufinder/plugins/mcufinder
2024-09-30 16:00:58,873 [INFO] ApiDb:250 - Set database path to: /Users/aidancostello/.stmcufinder/plugins/mcufinder//mcu/
2024-09-30 16:00:58,873 [WARN] DbFile:41 - Overriding database path with different value: /Users/aidancostello/.stmcufinder/plugins/mcufinder/ => /Users/aidancostello/.stmcufinder/plugins/mcufinder
2024-09-30 16:00:58,873 [INFO] DbMcusAds:125 - Set database path to: /Users/aidancostello/.stmcufinder/plugins/mcufinder//mcu/
2024-09-30 16:00:58,873 [WARN] DbFile:41 - Overriding database path with different value: /Users/aidancostello/.stmcufinder/plugins/mcufinder/ => /Users/aidancostello/.stmcufinder/plugins/mcufinder
2024-09-30 16:00:58,873 [WARN] DbFile:41 - Overriding database path with different value: /Users/aidancostello/.stmcufinder/plugins/mcufinder/ => /Users/aidancostello/.stmcufinder/plugins/mcufinder
2024-09-30 16:00:58,873 [INFO] CrossReferenceDbSqlite:203 - Set database path to: /Users/aidancostello/.stmcufinder/plugins/mcufinder//mcu/cs/
2024-09-30 16:00:58,995 [INFO] MainPanel:268 - HeapMemory: 268435456
2024-09-30 16:00:59,828 [INFO] DbMcusXml:78 - Set database path to: /Applications/STM32CubeIDE.app/Contents/Eclipse/plugins/com.st.stm32cube.common.mx_6.12.0.202406281431//db//mcu/
2024-09-30 16:00:59,828 [INFO] ApiDb:274 - Set plugin database path to: /Applications/STM32CubeIDE.app/Contents/Eclipse/plugins/com.st.stm32cube.common.mx_6.12.0.202406281431//db//plugins/boardmanager/
2024-09-30 16:00:59,829 [INFO] ApiDb:261 - Set plugin images path to: /Applications/STM32CubeIDE.app/Contents/Eclipse/plugins/com.st.stm32cube.common.mx_6.12.0.202406281431//db//plugins/mcufinder/images/
2024-09-30 16:00:59,829 [WARN] DbFile:41 - Overriding database path with different value: /Users/aidancostello/.stmcufinder/plugins/mcufinder/ => /Users/aidancostello/.stmcufinder/plugins/mcufinder
2024-09-30 16:00:59,829 [INFO] ApiDb:250 - Set database path to: /Users/aidancostello/.stmcufinder/plugins/mcufinder//mcu/
2024-09-30 16:00:59,829 [WARN] DbFile:41 - Overriding database path with different value: /Users/aidancostello/.stmcufinder/plugins/mcufinder/ => /Users/aidancostello/.stmcufinder/plugins/mcufinder
2024-09-30 16:00:59,829 [INFO] DbMcusAds:125 - Set database path to: /Users/aidancostello/.stmcufinder/plugins/mcufinder//mcu/
2024-09-30 16:00:59,829 [WARN] DbFile:41 - Overriding database path with different value: /Users/aidancostello/.stmcufinder/plugins/mcufinder/ => /Users/aidancostello/.stmcufinder/plugins/mcufinder
2024-09-30 16:00:59,829 [WARN] DbFile:41 - Overriding database path with different value: /Users/aidancostello/.stmcufinder/plugins/mcufinder/ => /Users/aidancostello/.stmcufinder/plugins/mcufinder
2024-09-30 16:00:59,830 [INFO] CrossReferenceDbSqlite:203 - Set database path to: /Users/aidancostello/.stmcufinder/plugins/mcufinder//mcu/cs/
2024-09-30 16:00:59,857 [INFO] ApplicationProperties:184 - Using Application install path: /Applications/STM32CubeIDE.app/Contents/Eclipse/plugins/com.st.stm32cube.common.mx_6.12.0.202406281431
2024-09-30 16:00:59,858 [INFO] PluginManage:196 - Search for loadable plugins [exclusion list=, ]
2024-09-30 16:00:59,861 [INFO] PluginManage:310 - Check plugin analytics
2024-09-30 16:01:00,157 [INFO] AnalyticsPlugin:253 - Accepted Software Licenses: 
2024-09-30 16:01:00,158 [INFO] AnalyticsPlugin:255 - Accepted CMSIS Pack Licenses: 
2024-09-30 16:01:00,158 [INFO] AnalyticsPlugin:257 - Accepted Firmware Licenses: FW.L4.1.18.0,FW.F4.1.28.0
2024-09-30 16:01:00,174 [INFO] PluginManage:359 - Loaded plugin analytics (category:tool,tabindex:-1)
2024-09-30 16:01:00,179 [INFO] PluginManage:310 - Check plugin cadmodel
2024-09-30 16:01:00,196 [INFO] CADModel:105 - Init CAD model plugin
2024-09-30 16:01:00,196 [INFO] PluginManage:359 - Loaded plugin cadmodel (category:power,tabindex:5)
2024-09-30 16:01:00,197 [INFO] PluginManage:310 - Check plugin clock
2024-09-30 16:01:00,209 [INFO] PluginManage:359 - Loaded plugin clock (category:base,tabindex:2)
2024-09-30 16:01:00,209 [INFO] PluginManage:310 - Check plugin ddr
2024-09-30 16:01:00,212 [INFO] PluginManage:359 - Loaded plugin ddr (category:tool,tabindex:6)
2024-09-30 16:01:00,212 [INFO] PluginManage:310 - Check plugin filemanager
2024-09-30 16:01:00,420 [INFO] PluginManage:359 - Loaded plugin filemanager (category:base,tabindex:10)
2024-09-30 16:01:00,420 [INFO] PluginManage:310 - Check plugin ipmanager
2024-09-30 16:01:00,430 [INFO] PluginManage:359 - Loaded plugin ipmanager (category:base,tabindex:5)
2024-09-30 16:01:00,430 [INFO] PluginManage:310 - Check plugin lpbam
2024-09-30 16:01:00,444 [INFO] PluginManage:359 - Loaded plugin lpbam (category:base,tabindex:0)
2024-09-30 16:01:00,445 [INFO] PluginManage:310 - Check plugin memorymap
2024-09-30 16:01:00,456 [INFO] PluginManage:359 - Loaded plugin memorymap (category:base,tabindex:4)
2024-09-30 16:01:00,456 [INFO] PluginManage:310 - Check plugin pinoutandconfiguration
2024-09-30 16:01:00,464 [INFO] PluginManage:359 - Loaded plugin pinoutandconfiguration (category:base,tabindex:1)
2024-09-30 16:01:00,464 [INFO] PluginManage:310 - Check plugin pinoutconfig
2024-09-30 16:01:00,576 [WARN] SupportedApi:132 - Cannot load RTOS API schema: s4s-elt-must-match.1: The content of 'definitions' must match (annotation?, (simpleType | complexType)?, (unique | key | keyref)*)). A problem was found starting at: attribute.
2024-09-30 16:01:00,811 [INFO] PluginManage:359 - Loaded plugin pinoutconfig (category:base,tabindex:0)
2024-09-30 16:01:00,812 [INFO] PluginManage:310 - Check plugin power
2024-09-30 16:01:00,845 [INFO] PluginManage:359 - Loaded plugin power (category:power,tabindex:4)
2024-09-30 16:01:00,845 [INFO] PluginManage:310 - Check plugin projectmanager
2024-09-30 16:01:00,893 [INFO] PluginManage:359 - Loaded plugin projectmanager (category:projectmanager,tabindex:4)
2024-09-30 16:01:00,894 [INFO] PluginManage:310 - Check plugin rif
2024-09-30 16:01:00,899 [INFO] PluginManage:359 - Loaded plugin rif (category:base,tabindex:3)
2024-09-30 16:01:00,899 [INFO] PluginManage:310 - Check plugin thirdparty
2024-09-30 16:01:01,139 [INFO] PluginManage:359 - Loaded plugin thirdparty (category:base,tabindex:-1)
2024-09-30 16:01:01,139 [WARN] IntegrityCheckThread:84 - waiting for thirdparty lock release [integrity check]
2024-09-30 16:01:01,139 [INFO] PluginManage:310 - Check plugin tools
2024-09-30 16:01:01,141 [INFO] IntegrityCheckThread:86 - entering critical section [integrity check]
2024-09-30 16:01:01,143 [INFO] ThirdPartyUpdaterWithRetryManager:70 - Updater plugin not ready yet. [1/15]
2024-09-30 16:01:01,149 [INFO] PluginManage:359 - Loaded plugin tools (category:base,tabindex:7)
2024-09-30 16:01:01,149 [INFO] PluginManage:310 - Check plugin tutovideos
2024-09-30 16:01:01,678 [INFO] PluginManage:359 - Loaded plugin tutovideos (category:base,tabindex:-1)
2024-09-30 16:01:01,680 [INFO] PluginManage:310 - Check plugin updater
2024-09-30 16:01:01,743 [INFO] PluginManage:359 - Loaded plugin updater (category:base,tabindex:12)
2024-09-30 16:01:01,744 [INFO] PluginManage:310 - Check plugin userauth
2024-09-30 16:01:01,758 [INFO] UserAuth:113 - Init User Auth plugin
2024-09-30 16:01:01,758 [INFO] PluginManage:359 - Loaded plugin userauth (category:base,tabindex:14)
2024-09-30 16:01:01,762 [INFO] PluginManage:283 - PluginManage : Loaded plugins [18]
2024-09-30 16:01:01,842 [ERROR] LogOutputStream:75 - [STDERR_REDIRECT] [Fatal Error] :2:10: DOCTYPE is disallowed when the feature "http://apache.org/xml/features/disallow-doctype-decl" set to true.
2024-09-30 16:01:01,846 [ERROR] LogOutputStream:75 - [STDERR_REDIRECT] 
2024-09-30 16:01:02,129 [INFO] PinOutPanel:1561 - setPackage(No Configuration,No Configuration)
2024-09-30 16:01:02,355 [INFO] CADModel:165 - CPN selected for project level
2024-09-30 16:01:02,357 [INFO] CADModel:114 - Register for checkConnection events
2024-09-30 16:01:02,383 [INFO] IPUIPlugin:80 - create IPUIPlugin
2024-09-30 16:01:02,384 [INFO] PluginManager:220 - loadIPPluginJar : add mdma
2024-09-30 16:01:02,390 [INFO] IPUIPlugin:80 - create IPUIPlugin
2024-09-30 16:01:02,391 [INFO] PluginManager:220 - loadIPPluginJar : add freertos
2024-09-30 16:01:02,394 [INFO] IPUIPlugin:80 - create IPUIPlugin
2024-09-30 16:01:02,395 [INFO] PluginManager:220 - loadIPPluginJar : add gic
2024-09-30 16:01:02,402 [INFO] IPUIPlugin:80 - create IPUIPlugin
2024-09-30 16:01:02,403 [INFO] PluginManager:220 - loadIPPluginJar : add adc
2024-09-30 16:01:02,404 [INFO] IPUIPlugin:80 - create IPUIPlugin
2024-09-30 16:01:02,404 [INFO] PluginManager:220 - loadIPPluginJar : add gtzc
2024-09-30 16:01:02,405 [INFO] IPUIPlugin:80 - create IPUIPlugin
2024-09-30 16:01:02,405 [INFO] PluginManager:220 - loadIPPluginJar : add quadspi
2024-09-30 16:01:02,407 [INFO] IPUIPlugin:80 - create IPUIPlugin
2024-09-30 16:01:02,407 [INFO] PluginManager:220 - loadIPPluginJar : add aes
2024-09-30 16:01:02,408 [INFO] IPUIPlugin:80 - create IPUIPlugin
2024-09-30 16:01:02,409 [INFO] PluginManager:220 - loadIPPluginJar : add pdm2pcm
2024-09-30 16:01:02,410 [INFO] IPUIPlugin:80 - create IPUIPlugin
2024-09-30 16:01:02,411 [INFO] PluginManager:220 - loadIPPluginJar : add hash
2024-09-30 16:01:02,412 [INFO] IPUIPlugin:80 - create IPUIPlugin
2024-09-30 16:01:02,412 [INFO] PluginManager:220 - loadIPPluginJar : add tim
2024-09-30 16:01:02,413 [INFO] IPUIPlugin:80 - create IPUIPlugin
2024-09-30 16:01:02,413 [INFO] PluginManager:220 - loadIPPluginJar : add tsc
2024-09-30 16:01:02,415 [INFO] IPUIPlugin:80 - create IPUIPlugin
2024-09-30 16:01:02,416 [INFO] PluginManager:220 - loadIPPluginJar : add extmemmanager
2024-09-30 16:01:02,419 [INFO] IPUIPlugin:80 - create IPUIPlugin
2024-09-30 16:01:02,419 [INFO] PluginManager:220 - loadIPPluginJar : add ts
2024-09-30 16:01:02,420 [INFO] IPUIPlugin:80 - create IPUIPlugin
2024-09-30 16:01:02,421 [INFO] PluginManager:220 - loadIPPluginJar : add radio
2024-09-30 16:01:02,422 [INFO] IPUIPlugin:80 - create IPUIPlugin
2024-09-30 16:01:02,422 [INFO] PluginManager:220 - loadIPPluginJar : add can
2024-09-30 16:01:02,424 [INFO] IPUIPlugin:80 - create IPUIPlugin
2024-09-30 16:01:02,424 [INFO] PluginManager:220 - loadIPPluginJar : add dma3
2024-09-30 16:01:02,425 [INFO] IPUIPlugin:80 - create IPUIPlugin
2024-09-30 16:01:02,425 [INFO] PluginManager:220 - loadIPPluginJar : add dfsdm
2024-09-30 16:01:02,426 [INFO] IPUIPlugin:80 - create IPUIPlugin
2024-09-30 16:01:02,427 [INFO] PluginManager:220 - loadIPPluginJar : add spi
2024-09-30 16:01:02,428 [INFO] IPUIPlugin:80 - create IPUIPlugin
2024-09-30 16:01:02,429 [INFO] PluginManager:220 - loadIPPluginJar : add gfxmmu
2024-09-30 16:01:02,430 [INFO] IPUIPlugin:80 - create IPUIPlugin
2024-09-30 16:01:02,430 [INFO] PluginManager:220 - loadIPPluginJar : add genericplugin
2024-09-30 16:01:02,432 [INFO] IPUIPlugin:80 - create IPUIPlugin
2024-09-30 16:01:02,433 [INFO] PluginManager:220 - loadIPPluginJar : add cryp
2024-09-30 16:01:02,436 [INFO] IPUIPlugin:80 - create IPUIPlugin
2024-09-30 16:01:02,436 [INFO] PluginManager:220 - loadIPPluginJar : add gpio
2024-09-30 16:01:02,438 [INFO] IPUIPlugin:80 - create IPUIPlugin
2024-09-30 16:01:02,439 [INFO] PluginManager:220 - loadIPPluginJar : add ddr_ctrl_phy
2024-09-30 16:01:02,440 [INFO] IPUIPlugin:80 - create IPUIPlugin
2024-09-30 16:01:02,440 [INFO] PluginManager:220 - loadIPPluginJar : add comp
2024-09-30 16:01:02,443 [INFO] IPUIPlugin:80 - create IPUIPlugin
2024-09-30 16:01:02,443 [INFO] PluginManager:220 - loadIPPluginJar : add tracer_emb
2024-09-30 16:01:02,445 [INFO] IPUIPlugin:80 - create IPUIPlugin
2024-09-30 16:01:02,445 [INFO] PluginManager:220 - loadIPPluginJar : add openamp
2024-09-30 16:01:02,449 [INFO] IPUIPlugin:80 - create IPUIPlugin
2024-09-30 16:01:02,449 [INFO] PluginManager:220 - loadIPPluginJar : add stm32_wpan
2024-09-30 16:01:02,453 [INFO] IPUIPlugin:80 - create IPUIPlugin
2024-09-30 16:01:02,465 [INFO] PluginManager:220 - loadIPPluginJar : add plateformsettings
2024-09-30 16:01:02,468 [INFO] IPUIPlugin:80 - create IPUIPlugin
2024-09-30 16:01:02,468 [INFO] PluginManager:220 - loadIPPluginJar : add ipddr
2024-09-30 16:01:02,469 [INFO] IPUIPlugin:80 - create IPUIPlugin
2024-09-30 16:01:02,469 [INFO] PluginManager:220 - loadIPPluginJar : add usart
2024-09-30 16:01:02,470 [INFO] IPUIPlugin:80 - create IPUIPlugin
2024-09-30 16:01:02,470 [INFO] PluginManager:220 - loadIPPluginJar : add ltdc
2024-09-30 16:01:02,473 [INFO] IPUIPlugin:80 - create IPUIPlugin
2024-09-30 16:01:02,473 [INFO] PluginManager:220 - loadIPPluginJar : add nvic
2024-09-30 16:01:02,474 [INFO] IPUIPlugin:80 - create IPUIPlugin
2024-09-30 16:01:02,475 [INFO] PluginManager:220 - loadIPPluginJar : add fatfs
2024-09-30 16:01:02,480 [INFO] IPUIPlugin:80 - create IPUIPlugin
2024-09-30 16:01:02,480 [INFO] PluginManager:220 - loadIPPluginJar : add linkedlist
2024-09-30 16:01:02,484 [INFO] IPUIPlugin:80 - create IPUIPlugin
2024-09-30 16:01:02,484 [INFO] PluginManager:220 - loadIPPluginJar : add dma
2024-09-30 16:01:02,486 [INFO] IPUIPlugin:80 - create IPUIPlugin
2024-09-30 16:01:02,486 [INFO] PluginManager:220 - loadIPPluginJar : add fmc
2024-09-30 16:01:02,488 [INFO] IPUIPlugin:80 - create IPUIPlugin
2024-09-30 16:01:02,488 [INFO] PluginManager:220 - loadIPPluginJar : add i2s
2024-09-30 16:01:02,489 [INFO] IPUIPlugin:80 - create IPUIPlugin
2024-09-30 16:01:02,489 [INFO] PluginManager:220 - loadIPPluginJar : add ucpd
2024-09-30 16:01:02,490 [INFO] IPUIPlugin:80 - create IPUIPlugin
2024-09-30 16:01:02,491 [INFO] PluginManager:220 - loadIPPluginJar : add lorawan
2024-09-30 16:01:02,493 [INFO] IPUIPlugin:80 - create IPUIPlugin
2024-09-30 16:01:02,493 [INFO] PluginManager:220 - loadIPPluginJar : add opamp
2024-09-30 16:01:02,496 [INFO] IPUIPlugin:80 - create IPUIPlugin
2024-09-30 16:01:02,496 [INFO] PluginManager:220 - loadIPPluginJar : add i3c
2024-09-30 16:01:02,498 [INFO] IPUIPlugin:80 - create IPUIPlugin
2024-09-30 16:01:02,498 [INFO] PluginManager:220 - loadIPPluginJar : add touchsensing
2024-09-30 16:01:02,500 [INFO] IPUIPlugin:80 - create IPUIPlugin
2024-09-30 16:01:02,500 [INFO] PluginManager:220 - loadIPPluginJar : add i2c
2024-09-30 16:01:02,503 [INFO] IPUIPlugin:80 - create IPUIPlugin
2024-09-30 16:01:02,503 [INFO] PluginManager:220 - loadIPPluginJar : add resmgrutility
2024-09-30 16:01:02,504 [INFO] IPUIPlugin:80 - create IPUIPlugin
2024-09-30 16:01:02,504 [INFO] PluginManager:220 - loadIPPluginJar : add sai
2024-09-30 16:01:02,506 [INFO] IPUIPlugin:80 - create IPUIPlugin
2024-09-30 16:01:02,506 [INFO] PluginManager:220 - loadIPPluginJar : add usbx
2024-09-30 16:01:02,656 [INFO] CADModel:165 - CPN selected for project level
2024-09-30 16:01:02,658 [INFO] CADModel:114 - Register for checkConnection events
2024-09-30 16:01:02,659 [FATAL] Updater:334 - Updater called before beeing initialized
2024-09-30 16:01:02,659 [ERROR] CADModel:125 - Updater not yet initialized, retry later 
2024-09-30 16:01:02,990 [INFO] CADModel:165 - CPN selected for project level
2024-09-30 16:01:02,990 [INFO] CADModel:114 - Register for checkConnection events
2024-09-30 16:01:02,990 [FATAL] Updater:334 - Updater called before beeing initialized
2024-09-30 16:01:02,990 [ERROR] CADModel:125 - Updater not yet initialized, retry later 
2024-09-30 16:01:02,993 [FATAL] Updater:334 - Updater called before beeing initialized
2024-09-30 16:01:03,202 [FATAL] Updater:334 - Updater called before beeing initialized
2024-09-30 16:01:03,208 [INFO] DbMcusAds:53 - JSON generation date=Mon Sep 16 09:40:22 CDT 2024 (1726497622318)
2024-09-30 16:01:03,209 [FATAL] Updater:334 - Updater called before beeing initialized
2024-09-30 16:01:03,308 [WARN] DetailPanel:346 - Failed to get advertising image, set to default
2024-09-30 16:01:03,416 [FATAL] Updater:334 - Updater called before beeing initialized
2024-09-30 16:01:03,417 [FATAL] Updater:334 - Updater called before beeing initialized
2024-09-30 16:01:03,418 [FATAL] Updater:334 - Updater called before beeing initialized
2024-09-30 16:01:03,418 [WARN] DetailPanel:346 - Failed to get advertising image, set to default
2024-09-30 16:01:03,419 [FATAL] Updater:334 - Updater called before beeing initialized
2024-09-30 16:01:03,490 [ERROR] Updater:1164 - MainUpdater not yet initialized. External WinMGr cannot be set.
2024-09-30 16:01:03,498 [INFO] Updater:1100 - Updater Version found : 6.12.0
2024-09-30 16:01:03,516 [INFO] ApplicationProperties:184 - Using Application install path: /Applications/STM32CubeIDE.app/Contents/Eclipse/plugins/com.st.stm32cube.common.mx_6.12.0.202406281431
2024-09-30 16:01:04,127 [INFO] MainUpdater:2873 - connection check result : 10
2024-09-30 16:01:04,129 [INFO] MainUpdater:3567 - Updater definition file requires update
2024-09-30 16:01:04,130 [INFO] MainUpdater:290 - Updater Check For Update Now.
2024-09-30 16:01:04,131 [INFO] MicroXplorer:498 - Change Database Version : DB.6.0.120
2024-09-30 16:01:04,141 [INFO] McuFinderGlobals:63 - Set McuFinder mode to 2 (CubeIDE integrated)
2024-09-30 16:01:04,144 [INFO] UserAuth:417 - Internet connection configuration mode: 1
2024-09-30 16:01:04,146 [WARN] MainUpdater:1194 - Updater busy. Cannot search thirdparties
2024-09-30 16:01:04,146 [INFO] ThirdPartyUpdaterWithRetryManager:96 - Updater plugin is busy. [1/15]
2024-09-30 16:01:04,156 [INFO] JxBrowserEngine:152 - Initiate JxBrowser Engine with user profile folder
2024-09-30 16:01:04,232 [INFO] ServerAccessManage:473 - Download File updaters.zip
2024-09-30 16:01:04,385 [INFO] FileExtend:240 - Unzip File : updaters.zip
2024-09-30 16:01:04,385 [INFO] FileExtend:255 - Standard Zip Deflate
2024-09-30 16:01:04,773 [INFO] ServerAccessManage:473 - Download File PacksControlFlags.xml
2024-09-30 16:01:04,963 [INFO] ServerAccessManage:473 - Download File cubemx.pidx
2024-09-30 16:01:06,480 [INFO] ServerAccessManage:473 - Download File STMicroelectronics.X-CUBE-NFC9.pdsc
2024-09-30 16:01:06,849 [INFO] ServerAccessManage:473 - Download File STMicroelectronics.X-CUBE-NFC10.pdsc
2024-09-30 16:01:07,152 [WARN] MainUpdater:1194 - Updater busy. Cannot search thirdparties
2024-09-30 16:01:07,153 [INFO] ThirdPartyUpdaterWithRetryManager:96 - Updater plugin is busy. [2/15]
2024-09-30 16:01:07,969 [WARN] PackLoader:240 - Cannot read IP mode file for STMicroelectronics.X-CUBE-NFC9.1.0.0
2024-09-30 16:01:08,050 [WARN] PackLoader:240 - Cannot read IP mode file for STMicroelectronics.X-CUBE-NFC10.1.0.0
2024-09-30 16:01:08,072 [INFO] PopulateThirdPartyThread:66 - Ending populate Thread
2024-09-30 16:01:08,077 [INFO] ThirdParty:1030 - CMSIS Pack Vendor :STMicroelectronics X-CUBE-NFC9 1.0.0
2024-09-30 16:01:08,077 [INFO] ThirdParty:1030 - CMSIS Pack Vendor :STMicroelectronics X-CUBE-NFC10 1.0.0
2024-09-30 16:01:08,077 [INFO] LoadServerUpdatesThread:375 - End of LoadServerUpdate Thread
2024-09-30 16:01:08,186 [INFO] CheckServerUpdateThread:120 - End of CheckServer Thread
2024-09-30 16:01:10,496 [WARN] PackLoader:240 - Cannot read IP mode file for STMicroelectronics.FP-SNS-MOTENVWB1.1.4.0
2024-09-30 16:01:10,580 [WARN] PackLoader:240 - Cannot read IP mode file for STMicroelectronics.X-CUBE-SMBUS.2.1.0
2024-09-30 16:01:10,819 [WARN] PackLoader:240 - Cannot read IP mode file for STMicroelectronics.X-CUBE-AZRTOS-F7.1.1.0
2024-09-30 16:01:11,186 [WARN] PackLoader:240 - Cannot read IP mode file for STMicroelectronics.X-CUBE-MEMS1.11.0.0
2024-09-30 16:01:11,260 [INFO] WebApp:167 - Instantiating new browser for Auth
2024-09-30 16:01:11,788 [WARN] PackLoader:240 - Cannot read IP mode file for STMicroelectronics.FP-SNS-FLIGHT1.5.0.2
2024-09-30 16:01:11,864 [WARN] PackLoader:240 - Cannot read IP mode file for STMicroelectronics.X-CUBE-DISPLAY.3.0.0
2024-09-30 16:01:11,911 [WARN] PackLoader:240 - Cannot read IP mode file for STMicroelectronics.X-CUBE-BLE1.7.0.0
2024-09-30 16:01:11,941 [WARN] PackLoader:240 - Cannot read IP mode file for STMicroelectronics.X-CUBE-NFC10.1.0.0
2024-09-30 16:01:11,964 [WARN] PackLoader:240 - Cannot read IP mode file for emotas.I-CUBE-CANOPEN.1.3.0
2024-09-30 16:01:11,987 [WARN] PackLoader:240 - Cannot read IP mode file for STMicroelectronics.X-CUBE-BLEMGR.3.1.0
2024-09-30 16:01:11,999 [WARN] PackLoader:240 - Cannot read IP mode file for STMicroelectronics.FP-SNS-SMARTAG2.1.2.0
2024-09-30 16:01:12,018 [INFO] LogOutputStream:77 - [STDOUT_REDIRECT] 1 : Invalid condition id : UX_CORESTACK_Condition cause : null
2024-09-30 16:01:12,023 [INFO] LogOutputStream:77 - [STDOUT_REDIRECT] 1 : Invalid condition id : UX_CORESTACK_Condition cause : null
2024-09-30 16:01:12,024 [INFO] LogOutputStream:77 - [STDOUT_REDIRECT] 1 : Invalid condition id : UX_CORESTACK_Condition cause : null
2024-09-30 16:01:12,025 [INFO] LogOutputStream:77 - [STDOUT_REDIRECT] 1 : Invalid condition id : UX_CORESTACK_Condition cause : null
2024-09-30 16:01:12,026 [INFO] LogOutputStream:77 - [STDOUT_REDIRECT] 1 : Invalid condition id : UX_CORESTACK_Condition cause : null
2024-09-30 16:01:12,035 [WARN] PackLoader:240 - Cannot read IP mode file for STMicroelectronics.X-CUBE-AZRTOS-WL.2.0.0
2024-09-30 16:01:12,045 [WARN] PackLoader:240 - Cannot read IP mode file for STMicroelectronics.FP-SNS-MOTENV1.5.0.0
2024-09-30 16:01:12,050 [WARN] PackLoader:240 - Cannot read IP mode file for wolfSSL.I-CUBE-wolfMQTT.1.19.0
2024-09-30 16:01:12,063 [WARN] PackLoader:240 - Cannot read IP mode file for WES.I-CUBE-Cesium.1.3.0
2024-09-30 16:01:12,069 [WARN] PackLoader:240 - Cannot read IP mode file for STMicroelectronics.X-CUBE-BLE2.3.3.0
2024-09-30 16:01:12,083 [WARN] PackLoader:240 - Cannot read IP mode file for STMicroelectronics.X-CUBE-NFC9.1.0.0
2024-09-30 16:01:12,095 [WARN] PackLoader:240 - Cannot read IP mode file for STMicroelectronics.X-CUBE-TCPP.4.1.0
2024-09-30 16:01:12,144 [WARN] PackLoader:240 - Cannot read IP mode file for STMicroelectronics.X-CUBE-AZRTOS-G0.1.1.0
2024-09-30 16:01:12,167 [WARN] PackLoader:240 - Cannot read IP mode file for STMicroelectronics.X-CUBE-SAFEA1.1.2.2
2024-09-30 16:01:12,196 [WARN] PackLoader:240 - Cannot read IP mode file for STMicroelectronics.X-CUBE-NFC4.3.0.0
2024-09-30 16:01:12,224 [WARN] PackLoader:240 - Cannot read IP mode file for EmbeddedOffice.I-CUBE-FS-RTOS.1.0.1
2024-09-30 16:01:12,229 [ERROR] ConditionMgr:805 - Attr not supported : Dmpu
2024-09-30 16:01:12,232 [ERROR] ConditionMgr:805 - Attr not supported : Dmpu
2024-09-30 16:01:12,233 [ERROR] ConditionMgr:805 - Attr not supported : Dmpu
2024-09-30 16:01:12,235 [ERROR] ConditionMgr:805 - Attr not supported : Dmpu
2024-09-30 16:01:12,238 [ERROR] ConditionMgr:805 - Attr not supported : Dmpu
2024-09-30 16:01:12,239 [ERROR] ConditionMgr:805 - Attr not supported : Dmpu
2024-09-30 16:01:12,239 [ERROR] ConditionMgr:805 - Attr not supported : Dmpu
2024-09-30 16:01:12,239 [ERROR] ConditionMgr:805 - Attr not supported : Dmpu
2024-09-30 16:01:12,239 [ERROR] ConditionMgr:805 - Attr not supported : Dmpu
2024-09-30 16:01:12,239 [ERROR] ConditionMgr:805 - Attr not supported : Dmpu
2024-09-30 16:01:12,239 [ERROR] ConditionMgr:805 - Attr not supported : Dmpu
2024-09-30 16:01:12,239 [ERROR] ConditionMgr:805 - Attr not supported : Dmpu
2024-09-30 16:01:12,239 [ERROR] ConditionMgr:805 - Attr not supported : Dmpu
2024-09-30 16:01:12,239 [ERROR] ConditionMgr:805 - Attr not supported : Dmpu
2024-09-30 16:01:12,239 [ERROR] ConditionMgr:805 - Attr not supported : Dmpu
2024-09-30 16:01:12,239 [ERROR] ConditionMgr:805 - Attr not supported : Dmpu
2024-09-30 16:01:12,240 [ERROR] ConditionMgr:805 - Attr not supported : Dmpu
2024-09-30 16:01:12,240 [ERROR] ConditionMgr:805 - Attr not supported : Dmpu
2024-09-30 16:01:12,240 [ERROR] ConditionMgr:805 - Attr not supported : Dmpu
2024-09-30 16:01:12,240 [ERROR] ConditionMgr:805 - Attr not supported : Dmpu
2024-09-30 16:01:12,241 [ERROR] ConditionMgr:805 - Attr not supported : Dmpu
2024-09-30 16:01:12,242 [ERROR] ConditionMgr:805 - Attr not supported : Dmpu
2024-09-30 16:01:12,242 [ERROR] ConditionMgr:805 - Attr not supported : Dmpu
2024-09-30 16:01:12,242 [ERROR] ConditionMgr:805 - Attr not supported : Dmpu
2024-09-30 16:01:12,242 [ERROR] ConditionMgr:805 - Attr not supported : Dmpu
2024-09-30 16:01:12,242 [ERROR] ConditionMgr:805 - Attr not supported : Dmpu
2024-09-30 16:01:12,242 [ERROR] ConditionMgr:805 - Attr not supported : Dmpu
2024-09-30 16:01:12,242 [ERROR] ConditionMgr:805 - Attr not supported : Dmpu
2024-09-30 16:01:12,242 [ERROR] ConditionMgr:805 - Attr not supported : Dmpu
2024-09-30 16:01:12,242 [ERROR] ConditionMgr:805 - Attr not supported : Dmpu
2024-09-30 16:01:12,242 [ERROR] ConditionMgr:805 - Attr not supported : Dmpu
2024-09-30 16:01:12,242 [ERROR] ConditionMgr:805 - Attr not supported : Dmpu
2024-09-30 16:01:12,242 [ERROR] ConditionMgr:805 - Attr not supported : Dmpu
2024-09-30 16:01:12,242 [ERROR] ConditionMgr:805 - Attr not supported : Dmpu
2024-09-30 16:01:12,242 [ERROR] ConditionMgr:805 - Attr not supported : Dmpu
2024-09-30 16:01:12,242 [ERROR] ConditionMgr:805 - Attr not supported : Dmpu
2024-09-30 16:01:12,244 [ERROR] ConditionMgr:805 - Attr not supported : Dmpu
2024-09-30 16:01:12,245 [ERROR] ConditionMgr:805 - Attr not supported : Dmpu
2024-09-30 16:01:12,251 [ERROR] ConditionMgr:805 - Attr not supported : Dmpu
2024-09-30 16:01:12,251 [ERROR] ConditionMgr:805 - Attr not supported : Dmpu
2024-09-30 16:01:12,252 [ERROR] ConditionMgr:805 - Attr not supported : Dmpu
2024-09-30 16:01:12,253 [ERROR] ConditionMgr:805 - Attr not supported : Dmpu
2024-09-30 16:01:12,253 [ERROR] ConditionMgr:805 - Attr not supported : Dmpu
2024-09-30 16:01:12,253 [ERROR] ConditionMgr:805 - Attr not supported : Dmpu
2024-09-30 16:01:12,253 [ERROR] ConditionMgr:805 - Attr not supported : Dmpu
2024-09-30 16:01:12,254 [ERROR] ConditionMgr:805 - Attr not supported : Dmpu
2024-09-30 16:01:12,254 [ERROR] ConditionMgr:805 - Attr not supported : Dmpu
2024-09-30 16:01:12,254 [ERROR] ConditionMgr:805 - Attr not supported : Dmpu
2024-09-30 16:01:12,254 [ERROR] ConditionMgr:805 - Attr not supported : Dmpu
2024-09-30 16:01:12,254 [ERROR] ConditionMgr:805 - Attr not supported : Dmpu
2024-09-30 16:01:12,254 [ERROR] ConditionMgr:805 - Attr not supported : Dmpu
2024-09-30 16:01:12,254 [ERROR] ConditionMgr:805 - Attr not supported : Dmpu
2024-09-30 16:01:12,254 [ERROR] ConditionMgr:805 - Attr not supported : Dmpu
2024-09-30 16:01:12,254 [ERROR] ConditionMgr:805 - Attr not supported : Dmpu
2024-09-30 16:01:12,254 [ERROR] ConditionMgr:805 - Attr not supported : Dmpu
2024-09-30 16:01:12,254 [ERROR] ConditionMgr:805 - Attr not supported : Dmpu
2024-09-30 16:01:12,254 [ERROR] ConditionMgr:805 - Attr not supported : Dmpu
2024-09-30 16:01:12,254 [ERROR] ConditionMgr:805 - Attr not supported : Dmpu
2024-09-30 16:01:12,254 [ERROR] ConditionMgr:805 - Attr not supported : Dmpu
2024-09-30 16:01:12,254 [ERROR] ConditionMgr:805 - Attr not supported : Dmpu
2024-09-30 16:01:12,254 [ERROR] ConditionMgr:805 - Attr not supported : Dmpu
2024-09-30 16:01:12,254 [ERROR] ConditionMgr:805 - Attr not supported : Dmpu
2024-09-30 16:01:12,254 [ERROR] ConditionMgr:805 - Attr not supported : Dmpu
2024-09-30 16:01:12,255 [ERROR] ConditionMgr:805 - Attr not supported : Dmpu
2024-09-30 16:01:12,262 [WARN] PackLoader:240 - Cannot read IP mode file for RealThread.X-CUBE-RT-Thread_Nano.4.1.1
2024-09-30 16:01:12,274 [WARN] PackLoader:240 - Cannot read IP mode file for STMicroelectronics.FP-ATR-SIGFOX1.3.2.0
2024-09-30 16:01:12,297 [WARN] PackLoader:240 - Cannot read IP mode file for wolfSSL.I-CUBE-wolfSSL.5.7.2
2024-09-30 16:01:12,309 [WARN] PackLoader:240 - Cannot read IP mode file for STMicroelectronics.X-CUBE-EEPRMA1.5.1.0
2024-09-30 16:01:12,322 [WARN] PackLoader:240 - Cannot read IP mode file for ITTIA_DB.I-CUBE-ITTIADB.8.9.0
2024-09-30 16:01:12,417 [WARN] PackLoader:240 - Cannot read IP mode file for SEGGER.I-CUBE-embOS.1.3.1
2024-09-30 16:01:12,535 [WARN] PackLoader:240 - Cannot read IP mode file for STMicroelectronics.X-CUBE-ALGOBUILD.1.4.0
2024-09-30 16:01:12,545 [WARN] PackLoader:240 - Cannot read IP mode file for STMicroelectronics.X-CUBE-GNSS1.6.0.0
2024-09-30 16:01:12,577 [WARN] PackLoader:240 - Cannot read IP mode file for STMicroelectronics.X-CUBE-AZRTOS-F4.1.1.0
2024-09-30 16:01:12,589 [WARN] PackLoader:240 - Cannot read IP mode file for STMicroelectronics.X-CUBE-ISPU.2.1.0
2024-09-30 16:01:12,600 [WARN] PackLoader:240 - Cannot read IP mode file for STMicroelectronics.X-CUBE-FREERTOS.1.2.0
2024-09-30 16:01:12,638 [WARN] PackLoader:240 - Cannot read IP mode file for STMicroelectronics.X-CUBE-AZRTOS-L5.2.0.0
2024-09-30 16:01:12,667 [WARN] PackLoader:240 - Cannot read IP mode file for STMicroelectronics.X-CUBE-NFC6.3.1.0
2024-09-30 16:01:12,685 [WARN] PackLoader:240 - Cannot read IP mode file for STMicroelectronics.X-CUBE-DPower.1.2.0
2024-09-30 16:01:12,694 [WARN] PackLoader:240 - Cannot read IP mode file for STMicroelectronics.X-CUBE-AI.9.0.0
2024-09-30 16:01:12,702 [WARN] PackLoader:240 - Cannot read IP mode file for STMicroelectronics.X-CUBE-NFC7.1.0.1
2024-09-30 16:01:12,762 [WARN] ConditionMgr:438 - getConditionDescription Invalid condition id : LAN8742 Phy interface Condition cause : null
2024-09-30 16:01:12,765 [WARN] PackLoader:240 - Cannot read IP mode file for STMicroelectronics.X-CUBE-AZRTOS-L4.2.0.0
2024-09-30 16:01:12,776 [WARN] ConditionMgr:1039 - genDependencies : Invalid condition id : LAN8742 Phy interface Condition cause : null
2024-09-30 16:01:12,777 [WARN] ConditionMgr:1039 - genDependencies : Invalid condition id : LAN8742 Phy interface Condition cause : null
2024-09-30 16:01:12,779 [WARN] ConditionMgr:1039 - genDependencies : Invalid condition id : LAN8742 Phy interface Condition cause : null
2024-09-30 16:01:12,814 [WARN] PackLoader:240 - Cannot read IP mode file for STMicroelectronics.X-CUBE-SFXS2LP1.4.0.0
2024-09-30 16:01:12,867 [WARN] PackLoader:240 - Cannot read IP mode file for STMicroelectronics.X-CUBE-AZRTOS-H7.3.3.0
2024-09-30 16:01:12,917 [WARN] ConditionMgr:438 - getConditionDescription Invalid condition id : UX DEVICE CLASS RTOS Condition cause : null
2024-09-30 16:01:12,918 [WARN] ConditionMgr:438 - getConditionDescription Invalid condition id : UX DEVICE CLASS RTOS Condition cause : null
2024-09-30 16:01:12,927 [WARN] PackLoader:240 - Cannot read IP mode file for STMicroelectronics.X-CUBE-AZRTOS-WB.2.0.0
2024-09-30 16:01:12,931 [WARN] ConditionMgr:1039 - genDependencies : Invalid condition id : UX DEVICE CLASS RTOS Condition cause : null
2024-09-30 16:01:12,931 [WARN] ConditionMgr:1039 - genDependencies : Invalid condition id : UX DEVICE CLASS RTOS Condition cause : null
2024-09-30 16:01:12,933 [WARN] ConditionMgr:1039 - genDependencies : Invalid condition id : UX DEVICE CLASS RTOS Condition cause : null
2024-09-30 16:01:12,934 [WARN] ConditionMgr:1039 - genDependencies : Invalid condition id : UX DEVICE CLASS RTOS Condition cause : null
2024-09-30 16:01:12,934 [WARN] ConditionMgr:1039 - genDependencies : Invalid condition id : UX DEVICE CLASS RTOS Condition cause : null
2024-09-30 16:01:12,972 [WARN] PackLoader:240 - Cannot read IP mode file for STMicroelectronics.X-CUBE-GNSS1.7.0.0
2024-09-30 16:01:13,009 [WARN] PackLoader:240 - Cannot read IP mode file for STMicroelectronics.FP-SNS-STBOX1.2.0.0
2024-09-30 16:01:13,038 [WARN] PackLoader:240 - Cannot read IP mode file for STMicroelectronics.X-CUBE-SUBG2.5.0.0
2024-09-30 16:01:13,054 [WARN] PackLoader:240 - Cannot read IP mode file for Cesanta.I-CUBE-Mongoose.7.13.0
2024-09-30 16:01:13,085 [WARN] PackLoader:240 - Cannot read IP mode file for STMicroelectronics.X-CUBE-AZRTOS-G4.2.0.0
2024-09-30 16:01:13,096 [WARN] PackLoader:240 - Cannot read IP mode file for STMicroelectronics.X-CUBE-ISPU.2.0.0
2024-09-30 16:01:13,102 [WARN] PackLoader:240 - Cannot read IP mode file for STMicroelectronics.X-CUBE-ALS.1.0.2
2024-09-30 16:01:13,107 [WARN] PackLoader:240 - Cannot read IP mode file for STMicroelectronics.X-CUBE-TOUCHGFX.4.24.0
2024-09-30 16:01:13,122 [WARN] PackLoader:240 - Cannot read IP mode file for STMicroelectronics.X-CUBE-TOUCHGFX.4.24.1
2024-09-30 16:01:13,127 [WARN] PackLoader:240 - Cannot read IP mode file for wolfSSL.I-CUBE-wolfTPM.3.4.0
2024-09-30 16:01:13,136 [WARN] PackLoader:240 - Cannot read IP mode file for portGmbH.I-Cube-SoM-uGOAL.1.1.0
2024-09-30 16:01:13,174 [WARN] PackLoader:240 - Cannot read IP mode file for STMicroelectronics.X-CUBE-AZRTOS-H7RS.1.0.0
2024-09-30 16:01:13,199 [WARN] PackLoader:240 - Cannot read IP mode file for STMicroelectronics.FP-ATR-ASTRA1.2.0.0
2024-09-30 16:01:13,227 [WARN] PackLoader:240 - Cannot read IP mode file for STMicroelectronics.X-CUBE-TOF1.3.4.2
2024-09-30 16:01:13,302 [WARN] PackLoader:240 - Cannot read IP mode file for Infineon.AIROC-Wi-Fi-Bluetooth-STM32.1.6.1
2024-09-30 16:01:13,327 [WARN] PackLoader:240 - Cannot read IP mode file for wolfSSL.I-CUBE-wolfSSH.1.4.17
2024-09-30 16:01:13,329 [INFO] ThirdParty:978 - Integrity check success = true
2024-09-30 16:01:13,329 [INFO] IntegrityCheckThread:100 - exiting critical section [integrity check]
2024-09-30 16:01:13,329 [INFO] IntegrityCheckThread:103 - End integrity checks thread
2024-09-30 16:01:14,043 [INFO] WebApp:448 - Apply proxy settings
2024-09-30 16:01:14,065 [INFO] WebApp:493 - Chromium authenticates against Manually configured proxy
2024-09-30 16:01:14,090 [INFO] WebApp:501 - Username used for proxy authentication: 
2024-09-30 16:01:14,192 [INFO] WebApp:869 - Register for checkConnection events
2024-09-30 16:01:14,193 [INFO] WebApp:448 - Apply proxy settings
2024-09-30 16:01:14,198 [INFO] WebApp:493 - Chromium authenticates against Manually configured proxy
2024-09-30 16:01:14,199 [INFO] WebApp:501 - Username used for proxy authentication: 
2024-09-30 16:01:14,458 [INFO] WebApp:220 - Starting web application
2024-09-30 16:01:14,458 [INFO] WebApp:578 - Web application path used /Applications/STM32CubeIDE.app/Contents/Eclipse/plugins/com.st.stm32cube.common.mx_6.12.0.202406281431/db/plugins/mcufinder/reactClient1/index.html
2024-09-30 16:01:15,224 [INFO] WebApp:186 - Connection restablished
2024-09-30 16:01:15,311 [INFO] UserAuth:417 - Internet connection configuration mode: 1
2024-09-30 16:57:21,905 [INFO] WebApp:189 - Connection lost
2024-09-30 16:57:33,577 [INFO] WebApp:186 - Connection restablished
2024-09-30 16:57:52,204 [INFO] WebApp:189 - Connection lost
2024-09-30 17:12:14,120 [INFO] WebApp:186 - Connection restablished
2024-09-30 17:12:16,837 [INFO] WebApp:189 - Connection lost
2024-09-30 17:12:21,561 [INFO] WebApp:186 - Connection restablished
2024-09-30 17:13:16,288 [INFO] WebApp:189 - Connection lost
2024-09-30 17:13:19,976 [INFO] WebApp:186 - Connection restablished
2024-09-30 17:14:22,005 [INFO] WebApp:189 - Connection lost
2024-09-30 17:14:25,857 [INFO] WebApp:186 - Connection restablished
2024-09-30 17:15:22,054 [INFO] WebApp:189 - Connection lost
2024-09-30 17:15:25,963 [INFO] WebApp:186 - Connection restablished
2024-09-30 17:16:19,117 [INFO] WebApp:189 - Connection lost
2024-09-30 17:16:23,214 [INFO] WebApp:186 - Connection restablished
2024-09-30 17:17:11,905 [INFO] WebApp:189 - Connection lost
2024-09-30 17:17:15,848 [INFO] WebApp:186 - Connection restablished
2024-09-30 17:18:20,326 [INFO] WebApp:189 - Connection lost
2024-09-30 17:18:24,441 [INFO] WebApp:186 - Connection restablished
2024-09-30 17:19:18,471 [INFO] WebApp:189 - Connection lost
2024-09-30 17:19:20,465 [INFO] WebApp:186 - Connection restablished
2024-09-30 17:20:21,229 [INFO] WebApp:189 - Connection lost
2024-09-30 17:20:25,570 [INFO] WebApp:186 - Connection restablished
2024-09-30 17:21:19,568 [INFO] WebApp:189 - Connection lost
2024-09-30 17:21:23,253 [INFO] WebApp:186 - Connection restablished
2024-09-30 17:22:23,625 [INFO] WebApp:189 - Connection lost
2024-09-30 17:22:27,566 [INFO] WebApp:186 - Connection restablished
2024-09-30 17:23:18,310 [INFO] WebApp:189 - Connection lost
2024-09-30 17:23:22,219 [INFO] WebApp:186 - Connection restablished
2024-09-30 17:24:18,309 [INFO] WebApp:189 - Connection lost
2024-09-30 17:24:22,163 [INFO] WebApp:186 - Connection restablished
2024-09-30 17:25:22,777 [INFO] WebApp:189 - Connection lost
2024-09-30 17:25:24,227 [INFO] WebApp:186 - Connection restablished
2024-09-30 17:26:13,957 [INFO] WebApp:189 - Connection lost
2024-09-30 17:26:17,719 [INFO] WebApp:186 - Connection restablished
2024-09-30 17:27:15,212 [INFO] WebApp:189 - Connection lost
2024-09-30 17:27:18,961 [INFO] WebApp:186 - Connection restablished
2024-09-30 17:28:08,360 [INFO] WebApp:189 - Connection lost
2024-09-30 17:28:12,658 [INFO] WebApp:186 - Connection restablished
2024-09-30 17:29:04,012 [INFO] WebApp:189 - Connection lost
2024-09-30 17:29:07,944 [INFO] WebApp:186 - Connection restablished
2024-09-30 17:29:55,508 [INFO] WebApp:189 - Connection lost
2024-09-30 17:29:59,720 [INFO] WebApp:186 - Connection restablished
2024-09-30 17:31:03,497 [INFO] WebApp:189 - Connection lost
2024-09-30 17:31:07,652 [INFO] WebApp:186 - Connection restablished
2024-09-30 17:31:59,245 [INFO] WebApp:189 - Connection lost
2024-09-30 17:32:01,464 [INFO] WebApp:186 - Connection restablished
2024-09-30 17:33:05,940 [INFO] WebApp:189 - Connection lost
2024-09-30 17:33:09,962 [INFO] WebApp:186 - Connection restablished
2024-09-30 17:33:57,728 [INFO] WebApp:189 - Connection lost
2024-09-30 17:34:00,156 [INFO] WebApp:186 - Connection restablished
2024-09-30 17:34:51,336 [INFO] WebApp:189 - Connection lost
2024-09-30 17:34:55,583 [INFO] WebApp:186 - Connection restablished
2024-09-30 17:35:46,725 [INFO] WebApp:189 - Connection lost
2024-09-30 17:35:48,660 [INFO] WebApp:186 - Connection restablished
2024-09-30 17:36:38,779 [INFO] WebApp:189 - Connection lost
2024-09-30 17:36:40,825 [INFO] WebApp:186 - Connection restablished
2024-09-30 17:37:31,765 [INFO] WebApp:189 - Connection lost
2024-09-30 17:37:33,576 [INFO] WebApp:186 - Connection restablished
2024-09-30 17:38:23,002 [INFO] WebApp:189 - Connection lost
2024-09-30 17:38:25,353 [INFO] WebApp:186 - Connection restablished
2024-09-30 17:39:29,625 [INFO] WebApp:189 - Connection lost
2024-09-30 17:39:35,935 [INFO] WebApp:186 - Connection restablished
2024-09-30 17:40:33,689 [INFO] WebApp:189 - Connection lost
2024-09-30 17:40:35,386 [INFO] WebApp:186 - Connection restablished
2024-09-30 17:41:25,136 [INFO] WebApp:189 - Connection lost
2024-09-30 17:41:27,147 [INFO] WebApp:186 - Connection restablished
2024-09-30 17:42:16,687 [INFO] WebApp:189 - Connection lost
2024-09-30 17:42:18,604 [INFO] WebApp:186 - Connection restablished
2024-09-30 17:43:22,024 [INFO] WebApp:189 - Connection lost
2024-09-30 17:43:23,592 [INFO] WebApp:186 - Connection restablished
2024-09-30 17:44:17,676 [INFO] WebApp:189 - Connection lost
2024-09-30 17:44:19,929 [INFO] WebApp:186 - Connection restablished
2024-09-30 17:45:15,446 [INFO] WebApp:189 - Connection lost
2024-09-30 17:45:18,130 [INFO] WebApp:186 - Connection restablished
2024-09-30 17:46:14,847 [INFO] WebApp:189 - Connection lost
2024-09-30 17:46:19,591 [INFO] WebApp:186 - Connection restablished
2024-09-30 17:47:20,402 [INFO] WebApp:189 - Connection lost
2024-09-30 17:47:22,527 [INFO] WebApp:186 - Connection restablished
2024-09-30 17:48:23,413 [INFO] WebApp:189 - Connection lost
2024-09-30 17:48:25,655 [INFO] WebApp:186 - Connection restablished
2024-09-30 17:49:20,586 [INFO] WebApp:189 - Connection lost
2024-09-30 17:49:22,392 [INFO] WebApp:186 - Connection restablished
2024-09-30 17:50:13,262 [INFO] WebApp:189 - Connection lost
2024-09-30 17:50:15,242 [INFO] WebApp:186 - Connection restablished
2024-09-30 17:51:05,459 [INFO] WebApp:189 - Connection lost
2024-09-30 17:51:07,367 [INFO] WebApp:186 - Connection restablished
2024-09-30 17:52:07,371 [INFO] WebApp:189 - Connection lost
2024-09-30 17:52:09,040 [INFO] WebApp:186 - Connection restablished
2024-09-30 17:53:04,861 [INFO] WebApp:189 - Connection lost
2024-09-30 17:53:07,158 [INFO] WebApp:186 - Connection restablished
2024-09-30 17:53:59,319 [INFO] WebApp:189 - Connection lost
2024-09-30 17:54:01,584 [INFO] WebApp:186 - Connection restablished
2024-09-30 17:54:56,897 [INFO] WebApp:189 - Connection lost
2024-09-30 17:54:58,257 [INFO] WebApp:186 - Connection restablished
2024-09-30 17:55:53,464 [INFO] WebApp:189 - Connection lost
2024-09-30 17:55:55,339 [INFO] WebApp:186 - Connection restablished
2024-09-30 17:57:02,207 [INFO] WebApp:189 - Connection lost
2024-09-30 17:57:04,085 [INFO] WebApp:186 - Connection restablished
2024-09-30 17:58:07,657 [INFO] WebApp:189 - Connection lost
2024-09-30 17:58:09,405 [INFO] WebApp:186 - Connection restablished
2024-09-30 17:58:58,805 [INFO] WebApp:189 - Connection lost
2024-09-30 17:59:01,163 [INFO] WebApp:186 - Connection restablished
2024-09-30 17:59:56,038 [INFO] WebApp:189 - Connection lost
2024-09-30 17:59:58,007 [INFO] WebApp:186 - Connection restablished
2024-09-30 18:00:48,960 [INFO] WebApp:189 - Connection lost
2024-09-30 18:00:52,838 [INFO] WebApp:186 - Connection restablished
2024-09-30 18:01:55,586 [INFO] WebApp:189 - Connection lost
2024-09-30 18:01:58,344 [INFO] WebApp:186 - Connection restablished
2024-09-30 18:03:00,672 [INFO] WebApp:189 - Connection lost
2024-09-30 18:03:04,547 [INFO] WebApp:186 - Connection restablished
2024-09-30 18:03:58,881 [INFO] WebApp:189 - Connection lost
2024-09-30 18:04:01,018 [INFO] WebApp:186 - Connection restablished
2024-09-30 18:05:06,362 [INFO] WebApp:189 - Connection lost
2024-09-30 18:05:08,740 [INFO] WebApp:186 - Connection restablished
2024-09-30 18:08:10,843 [INFO] WebApp:189 - Connection lost
2024-09-30 18:08:12,521 [INFO] WebApp:186 - Connection restablished
2024-09-30 18:09:08,114 [INFO] WebApp:189 - Connection lost
2024-09-30 18:09:12,920 [INFO] WebApp:186 - Connection restablished
2024-09-30 18:10:04,087 [INFO] WebApp:189 - Connection lost
2024-09-30 18:10:05,782 [INFO] WebApp:186 - Connection restablished
2024-09-30 18:11:08,903 [INFO] WebApp:189 - Connection lost
2024-09-30 18:11:10,859 [INFO] WebApp:186 - Connection restablished
2024-09-30 18:12:14,609 [INFO] WebApp:189 - Connection lost
2024-09-30 18:12:18,326 [INFO] WebApp:186 - Connection restablished
2024-09-30 18:13:12,113 [INFO] WebApp:189 - Connection lost
2024-09-30 18:13:16,204 [INFO] WebApp:186 - Connection restablished
2024-09-30 18:14:03,569 [INFO] WebApp:189 - Connection lost
2024-09-30 18:14:08,912 [INFO] WebApp:186 - Connection restablished
2024-09-30 18:15:00,033 [INFO] WebApp:189 - Connection lost
2024-09-30 18:15:01,909 [INFO] WebApp:186 - Connection restablished
2024-09-30 18:16:03,340 [INFO] WebApp:189 - Connection lost
2024-09-30 18:16:07,431 [INFO] WebApp:186 - Connection restablished
2024-09-30 18:17:10,763 [INFO] WebApp:189 - Connection lost
2024-09-30 18:17:14,748 [INFO] WebApp:186 - Connection restablished
2024-09-30 18:18:03,722 [INFO] WebApp:189 - Connection lost
2024-09-30 18:18:05,640 [INFO] WebApp:186 - Connection restablished
2024-09-30 18:19:00,833 [INFO] WebApp:189 - Connection lost
2024-09-30 18:19:03,084 [INFO] WebApp:186 - Connection restablished
2024-09-30 18:19:57,067 [INFO] WebApp:189 - Connection lost
2024-09-30 18:20:00,887 [INFO] WebApp:186 - Connection restablished
2024-09-30 18:21:03,634 [INFO] WebApp:189 - Connection lost
2024-09-30 18:21:05,547 [INFO] WebApp:186 - Connection restablished
2024-09-30 18:21:57,716 [INFO] WebApp:189 - Connection lost
2024-09-30 18:22:01,970 [INFO] WebApp:186 - Connection restablished
2024-09-30 18:23:08,142 [INFO] WebApp:189 - Connection lost
2024-09-30 18:23:11,985 [INFO] WebApp:186 - Connection restablished
2024-09-30 18:24:09,088 [INFO] WebApp:189 - Connection lost
2024-09-30 18:24:13,244 [INFO] WebApp:186 - Connection restablished
2024-09-30 18:25:00,724 [INFO] WebApp:189 - Connection lost
2024-09-30 18:25:04,624 [INFO] WebApp:186 - Connection restablished
2024-09-30 18:26:00,470 [INFO] WebApp:189 - Connection lost
2024-09-30 18:26:04,379 [INFO] WebApp:186 - Connection restablished
2024-09-30 18:27:08,411 [INFO] WebApp:189 - Connection lost
2024-09-30 18:27:10,505 [INFO] WebApp:186 - Connection restablished
2024-09-30 18:28:06,665 [INFO] WebApp:189 - Connection lost
2024-09-30 18:28:09,016 [INFO] WebApp:186 - Connection restablished
2024-09-30 18:29:09,464 [INFO] WebApp:189 - Connection lost
2024-09-30 18:29:10,721 [INFO] WebApp:186 - Connection restablished
2024-09-30 18:30:17,207 [INFO] WebApp:189 - Connection lost
2024-09-30 18:30:19,447 [INFO] WebApp:186 - Connection restablished
2024-09-30 18:31:14,089 [INFO] WebApp:189 - Connection lost
2024-09-30 18:31:18,512 [INFO] WebApp:186 - Connection restablished
2024-09-30 18:32:15,645 [INFO] WebApp:189 - Connection lost
2024-09-30 18:32:19,712 [INFO] WebApp:186 - Connection restablished
2024-09-30 18:33:13,044 [INFO] WebApp:189 - Connection lost
2024-09-30 18:33:16,941 [INFO] WebApp:186 - Connection restablished
2024-09-30 18:34:06,108 [INFO] WebApp:189 - Connection lost
2024-09-30 18:34:10,265 [INFO] WebApp:186 - Connection restablished
2024-09-30 18:35:11,820 [INFO] WebApp:189 - Connection lost
2024-09-30 18:35:14,328 [INFO] WebApp:186 - Connection restablished
2024-09-30 18:36:09,507 [INFO] WebApp:189 - Connection lost
2024-09-30 18:36:11,444 [INFO] WebApp:186 - Connection restablished
2024-09-30 18:37:04,526 [INFO] WebApp:189 - Connection lost
2024-09-30 18:37:06,730 [INFO] WebApp:186 - Connection restablished
2024-09-30 18:38:04,112 [INFO] WebApp:189 - Connection lost
2024-09-30 18:38:08,082 [INFO] WebApp:186 - Connection restablished
2024-09-30 18:39:04,422 [INFO] WebApp:189 - Connection lost
2024-09-30 18:39:06,982 [INFO] WebApp:186 - Connection restablished
2024-09-30 18:40:07,576 [INFO] WebApp:189 - Connection lost
2024-09-30 18:40:09,568 [INFO] WebApp:186 - Connection restablished
2024-09-30 18:41:15,284 [INFO] WebApp:189 - Connection lost
2024-09-30 18:41:17,230 [INFO] WebApp:186 - Connection restablished
2024-09-30 18:42:23,764 [INFO] WebApp:189 - Connection lost
2024-09-30 18:42:27,798 [INFO] WebApp:186 - Connection restablished
2024-09-30 18:43:25,159 [INFO] WebApp:189 - Connection lost
2024-09-30 18:43:26,978 [INFO] WebApp:186 - Connection restablished
2024-09-30 18:44:24,586 [INFO] WebApp:189 - Connection lost
2024-09-30 18:44:28,119 [INFO] WebApp:186 - Connection restablished
2024-09-30 18:45:15,561 [INFO] WebApp:189 - Connection lost
2024-09-30 18:45:17,320 [INFO] WebApp:186 - Connection restablished
2024-09-30 18:46:11,021 [INFO] WebApp:189 - Connection lost
2024-09-30 18:46:12,937 [INFO] WebApp:186 - Connection restablished
2024-09-30 18:47:17,107 [INFO] WebApp:189 - Connection lost
2024-09-30 18:47:21,132 [INFO] WebApp:186 - Connection restablished
2024-09-30 18:48:15,971 [INFO] WebApp:189 - Connection lost
2024-09-30 18:48:18,117 [INFO] WebApp:186 - Connection restablished
2024-09-30 18:49:13,525 [INFO] WebApp:189 - Connection lost
2024-09-30 18:49:15,943 [INFO] WebApp:186 - Connection restablished
2024-09-30 18:50:14,435 [INFO] WebApp:189 - Connection lost
2024-09-30 18:50:16,581 [INFO] WebApp:186 - Connection restablished
2024-09-30 18:51:14,387 [INFO] WebApp:189 - Connection lost
2024-09-30 18:51:16,164 [INFO] WebApp:186 - Connection restablished
2024-09-30 18:52:19,643 [INFO] WebApp:189 - Connection lost
2024-09-30 18:52:23,351 [INFO] WebApp:186 - Connection restablished
2024-09-30 18:53:26,342 [INFO] WebApp:189 - Connection lost
2024-09-30 18:53:30,296 [INFO] WebApp:186 - Connection restablished
2024-09-30 18:54:26,475 [INFO] WebApp:189 - Connection lost
2024-09-30 18:54:28,448 [INFO] WebApp:186 - Connection restablished
2024-09-30 18:55:17,210 [INFO] WebApp:189 - Connection lost
2024-09-30 18:55:21,042 [INFO] WebApp:186 - Connection restablished
2024-09-30 18:56:14,342 [INFO] WebApp:189 - Connection lost
2024-09-30 18:56:16,539 [INFO] WebApp:186 - Connection restablished
2024-09-30 18:56:37,727 [INFO] WebApp:189 - Connection lost
2024-09-30 18:56:49,502 [INFO] WebApp:186 - Connection restablished
2024-09-30 18:56:54,039 [ERROR] LogOutputStream:75 - [STDERR_REDIRECT] 
