2024-10-01 15:29:39,320 [INFO] Activator:176 - 


2024-10-01 15:29:39,326 [INFO] Activator:177 - !SESSION log4j initialized
2024-10-01 15:29:45,111 [INFO] LogOutputStream:77 - [STDOUT_REDIRECT] 
2024-10-01 15:29:46,984 [ERROR] LogOutputStream:75 - [STDERR_REDIRECT] 
2024-10-01 15:29:49,998 [INFO] LogOutputStream:77 - [STDOUT_REDIRECT] 
2024-10-01 15:29:52,133 [INFO] ApplicationProperties:184 - Using Application install path: /Applications/STM32CubeIDE.app/Contents/Eclipse/plugins/com.st.stm32cube.common.mx_6.12.0.202406281431
2024-10-01 15:29:52,153 [INFO] DbMcusXml:78 - Set database path to: /Applications/STM32CubeIDE.app/Contents/Eclipse/plugins/com.st.stm32cube.common.mx_6.12.0.202406281431//db//mcu/
2024-10-01 15:29:52,153 [INFO] ApiDb:274 - Set plugin database path to: /Applications/STM32CubeIDE.app/Contents/Eclipse/plugins/com.st.stm32cube.common.mx_6.12.0.202406281431//db//plugins/boardmanager/
2024-10-01 15:29:52,154 [WARN] ApiDb:259 - Overriding images path with different value:  => /Applications/STM32CubeIDE.app/Contents/Eclipse/plugins/com.st.stm32cube.common.mx_6.12.0.202406281431//db//plugins/mcufinder/images/
2024-10-01 15:29:52,167 [INFO] ApiDb:250 - Set database path to: /Users/aidancostello/.stmcufinder/plugins/mcufinder//mcu/
2024-10-01 15:29:52,168 [INFO] DbMcusAds:125 - Set database path to: /Users/aidancostello/.stmcufinder/plugins/mcufinder//mcu/
2024-10-01 15:29:52,171 [INFO] CrossReferenceDbSqlite:203 - Set database path to: /Users/aidancostello/.stmcufinder/plugins/mcufinder//mcu/cs/
2024-10-01 15:29:52,392 [INFO] RulesReader:64 - Compatibility file has been processed (297 Rules)
2024-10-01 15:29:52,493 [INFO] DbMcusXml:78 - Set database path to: /Applications/STM32CubeIDE.app/Contents/Eclipse/plugins/com.st.stm32cube.common.mx_6.12.0.202406281431//db//mcu/
2024-10-01 15:29:52,494 [INFO] ApiDb:274 - Set plugin database path to: /Applications/STM32CubeIDE.app/Contents/Eclipse/plugins/com.st.stm32cube.common.mx_6.12.0.202406281431//db//plugins/boardmanager/
2024-10-01 15:29:52,494 [INFO] ApiDb:261 - Set plugin images path to: /Applications/STM32CubeIDE.app/Contents/Eclipse/plugins/com.st.stm32cube.common.mx_6.12.0.202406281431//db//plugins/mcufinder/images/
2024-10-01 15:29:52,494 [WARN] DbFile:41 - Overriding database path with different value: /Users/aidancostello/.stmcufinder/plugins/mcufinder/ => /Users/aidancostello/.stmcufinder/plugins/mcufinder
2024-10-01 15:29:52,494 [INFO] ApiDb:250 - Set database path to: /Users/aidancostello/.stmcufinder/plugins/mcufinder//mcu/
2024-10-01 15:29:52,495 [WARN] DbFile:41 - Overriding database path with different value: /Users/aidancostello/.stmcufinder/plugins/mcufinder/ => /Users/aidancostello/.stmcufinder/plugins/mcufinder
2024-10-01 15:29:52,495 [INFO] DbMcusAds:125 - Set database path to: /Users/aidancostello/.stmcufinder/plugins/mcufinder//mcu/
2024-10-01 15:29:52,495 [WARN] DbFile:41 - Overriding database path with different value: /Users/aidancostello/.stmcufinder/plugins/mcufinder/ => /Users/aidancostello/.stmcufinder/plugins/mcufinder
2024-10-01 15:29:52,495 [WARN] DbFile:41 - Overriding database path with different value: /Users/aidancostello/.stmcufinder/plugins/mcufinder/ => /Users/aidancostello/.stmcufinder/plugins/mcufinder
2024-10-01 15:29:52,495 [INFO] CrossReferenceDbSqlite:203 - Set database path to: /Users/aidancostello/.stmcufinder/plugins/mcufinder//mcu/cs/
2024-10-01 15:29:52,731 [INFO] MainPanel:268 - HeapMemory: 268435456
2024-10-01 15:29:53,593 [INFO] DbMcusXml:78 - Set database path to: /Applications/STM32CubeIDE.app/Contents/Eclipse/plugins/com.st.stm32cube.common.mx_6.12.0.202406281431//db//mcu/
2024-10-01 15:29:53,593 [INFO] ApiDb:274 - Set plugin database path to: /Applications/STM32CubeIDE.app/Contents/Eclipse/plugins/com.st.stm32cube.common.mx_6.12.0.202406281431//db//plugins/boardmanager/
2024-10-01 15:29:53,595 [INFO] ApiDb:261 - Set plugin images path to: /Applications/STM32CubeIDE.app/Contents/Eclipse/plugins/com.st.stm32cube.common.mx_6.12.0.202406281431//db//plugins/mcufinder/images/
2024-10-01 15:29:53,596 [WARN] DbFile:41 - Overriding database path with different value: /Users/aidancostello/.stmcufinder/plugins/mcufinder/ => /Users/aidancostello/.stmcufinder/plugins/mcufinder
2024-10-01 15:29:53,596 [INFO] ApiDb:250 - Set database path to: /Users/aidancostello/.stmcufinder/plugins/mcufinder//mcu/
2024-10-01 15:29:53,596 [WARN] DbFile:41 - Overriding database path with different value: /Users/aidancostello/.stmcufinder/plugins/mcufinder/ => /Users/aidancostello/.stmcufinder/plugins/mcufinder
2024-10-01 15:29:53,596 [INFO] DbMcusAds:125 - Set database path to: /Users/aidancostello/.stmcufinder/plugins/mcufinder//mcu/
2024-10-01 15:29:53,596 [WARN] DbFile:41 - Overriding database path with different value: /Users/aidancostello/.stmcufinder/plugins/mcufinder/ => /Users/aidancostello/.stmcufinder/plugins/mcufinder
2024-10-01 15:29:53,596 [WARN] DbFile:41 - Overriding database path with different value: /Users/aidancostello/.stmcufinder/plugins/mcufinder/ => /Users/aidancostello/.stmcufinder/plugins/mcufinder
2024-10-01 15:29:53,596 [INFO] CrossReferenceDbSqlite:203 - Set database path to: /Users/aidancostello/.stmcufinder/plugins/mcufinder//mcu/cs/
2024-10-01 15:29:53,624 [INFO] ApplicationProperties:184 - Using Application install path: /Applications/STM32CubeIDE.app/Contents/Eclipse/plugins/com.st.stm32cube.common.mx_6.12.0.202406281431
2024-10-01 15:29:53,625 [INFO] PluginManage:196 - Search for loadable plugins [exclusion list=, ]
2024-10-01 15:29:53,628 [INFO] PluginManage:310 - Check plugin analytics
2024-10-01 15:29:53,901 [INFO] AnalyticsPlugin:253 - Accepted Software Licenses: 
2024-10-01 15:29:53,902 [INFO] AnalyticsPlugin:255 - Accepted CMSIS Pack Licenses: 
2024-10-01 15:29:53,902 [INFO] AnalyticsPlugin:257 - Accepted Firmware Licenses: FW.L4.1.18.0,FW.F4.1.28.0
2024-10-01 15:29:53,917 [INFO] PluginManage:359 - Loaded plugin analytics (category:tool,tabindex:-1)
2024-10-01 15:29:53,918 [INFO] PluginManage:310 - Check plugin cadmodel
2024-10-01 15:29:53,938 [INFO] CADModel:105 - Init CAD model plugin
2024-10-01 15:29:53,938 [INFO] PluginManage:359 - Loaded plugin cadmodel (category:power,tabindex:5)
2024-10-01 15:29:53,939 [INFO] PluginManage:310 - Check plugin clock
2024-10-01 15:29:53,952 [INFO] PluginManage:359 - Loaded plugin clock (category:base,tabindex:2)
2024-10-01 15:29:53,952 [INFO] PluginManage:310 - Check plugin ddr
2024-10-01 15:29:53,955 [INFO] PluginManage:359 - Loaded plugin ddr (category:tool,tabindex:6)
2024-10-01 15:29:53,955 [INFO] PluginManage:310 - Check plugin filemanager
2024-10-01 15:29:54,167 [INFO] PluginManage:359 - Loaded plugin filemanager (category:base,tabindex:10)
2024-10-01 15:29:54,168 [INFO] PluginManage:310 - Check plugin ipmanager
2024-10-01 15:29:54,176 [INFO] PluginManage:359 - Loaded plugin ipmanager (category:base,tabindex:5)
2024-10-01 15:29:54,176 [INFO] PluginManage:310 - Check plugin lpbam
2024-10-01 15:29:54,192 [INFO] PluginManage:359 - Loaded plugin lpbam (category:base,tabindex:0)
2024-10-01 15:29:54,193 [INFO] PluginManage:310 - Check plugin memorymap
2024-10-01 15:29:54,204 [INFO] PluginManage:359 - Loaded plugin memorymap (category:base,tabindex:4)
2024-10-01 15:29:54,204 [INFO] PluginManage:310 - Check plugin pinoutandconfiguration
2024-10-01 15:29:54,211 [INFO] PluginManage:359 - Loaded plugin pinoutandconfiguration (category:base,tabindex:1)
2024-10-01 15:29:54,211 [INFO] PluginManage:310 - Check plugin pinoutconfig
2024-10-01 15:29:54,335 [WARN] SupportedApi:132 - Cannot load RTOS API schema: s4s-elt-must-match.1: The content of 'definitions' must match (annotation?, (simpleType | complexType)?, (unique | key | keyref)*)). A problem was found starting at: attribute.
2024-10-01 15:29:54,653 [INFO] PluginManage:359 - Loaded plugin pinoutconfig (category:base,tabindex:0)
2024-10-01 15:29:54,654 [INFO] PluginManage:310 - Check plugin power
2024-10-01 15:29:54,677 [INFO] PluginManage:359 - Loaded plugin power (category:power,tabindex:4)
2024-10-01 15:29:54,677 [INFO] PluginManage:310 - Check plugin projectmanager
2024-10-01 15:29:54,725 [INFO] PluginManage:359 - Loaded plugin projectmanager (category:projectmanager,tabindex:4)
2024-10-01 15:29:54,726 [INFO] PluginManage:310 - Check plugin rif
2024-10-01 15:29:54,732 [INFO] PluginManage:359 - Loaded plugin rif (category:base,tabindex:3)
2024-10-01 15:29:54,732 [INFO] PluginManage:310 - Check plugin thirdparty
2024-10-01 15:29:55,322 [ERROR] LogOutputStream:75 - [STDERR_REDIRECT] [Fatal Error] :2:10: DOCTYPE is disallowed when the feature "http://apache.org/xml/features/disallow-doctype-decl" set to true.
2024-10-01 15:29:55,324 [ERROR] LogOutputStream:75 - [STDERR_REDIRECT] 
2024-10-01 15:29:55,393 [INFO] PluginManage:359 - Loaded plugin thirdparty (category:base,tabindex:-1)
2024-10-01 15:29:55,394 [INFO] PluginManage:310 - Check plugin tools
2024-10-01 15:29:55,392 [WARN] IntegrityCheckThread:84 - waiting for thirdparty lock release [integrity check]
2024-10-01 15:29:55,394 [INFO] IntegrityCheckThread:86 - entering critical section [integrity check]
2024-10-01 15:29:55,400 [INFO] ThirdPartyUpdaterWithRetryManager:70 - Updater plugin not ready yet. [1/15]
2024-10-01 15:29:55,406 [INFO] PluginManage:359 - Loaded plugin tools (category:base,tabindex:7)
2024-10-01 15:29:55,406 [INFO] PluginManage:310 - Check plugin tutovideos
2024-10-01 15:29:55,614 [INFO] PluginManage:359 - Loaded plugin tutovideos (category:base,tabindex:-1)
2024-10-01 15:29:55,615 [INFO] PluginManage:310 - Check plugin updater
2024-10-01 15:29:55,645 [INFO] PluginManage:359 - Loaded plugin updater (category:base,tabindex:12)
2024-10-01 15:29:55,645 [INFO] PluginManage:310 - Check plugin userauth
2024-10-01 15:29:55,653 [INFO] UserAuth:113 - Init User Auth plugin
2024-10-01 15:29:55,653 [INFO] PluginManage:359 - Loaded plugin userauth (category:base,tabindex:14)
2024-10-01 15:29:55,655 [INFO] PluginManage:283 - PluginManage : Loaded plugins [18]
2024-10-01 15:29:56,099 [INFO] PinOutPanel:1561 - setPackage(No Configuration,No Configuration)
2024-10-01 15:29:56,195 [INFO] CADModel:165 - CPN selected for project level
2024-10-01 15:29:56,195 [INFO] CADModel:114 - Register for checkConnection events
2024-10-01 15:29:56,213 [INFO] IPUIPlugin:80 - create IPUIPlugin
2024-10-01 15:29:56,214 [INFO] PluginManager:220 - loadIPPluginJar : add mdma
2024-10-01 15:29:56,221 [INFO] IPUIPlugin:80 - create IPUIPlugin
2024-10-01 15:29:56,223 [INFO] PluginManager:220 - loadIPPluginJar : add freertos
2024-10-01 15:29:56,227 [INFO] IPUIPlugin:80 - create IPUIPlugin
2024-10-01 15:29:56,228 [INFO] PluginManager:220 - loadIPPluginJar : add gic
2024-10-01 15:29:56,236 [INFO] IPUIPlugin:80 - create IPUIPlugin
2024-10-01 15:29:56,236 [INFO] PluginManager:220 - loadIPPluginJar : add adc
2024-10-01 15:29:56,238 [INFO] IPUIPlugin:80 - create IPUIPlugin
2024-10-01 15:29:56,238 [INFO] PluginManager:220 - loadIPPluginJar : add gtzc
2024-10-01 15:29:56,239 [INFO] IPUIPlugin:80 - create IPUIPlugin
2024-10-01 15:29:56,239 [INFO] PluginManager:220 - loadIPPluginJar : add quadspi
2024-10-01 15:29:56,240 [INFO] IPUIPlugin:80 - create IPUIPlugin
2024-10-01 15:29:56,240 [INFO] PluginManager:220 - loadIPPluginJar : add aes
2024-10-01 15:29:56,242 [INFO] IPUIPlugin:80 - create IPUIPlugin
2024-10-01 15:29:56,242 [INFO] PluginManager:220 - loadIPPluginJar : add pdm2pcm
2024-10-01 15:29:56,244 [INFO] IPUIPlugin:80 - create IPUIPlugin
2024-10-01 15:29:56,244 [INFO] PluginManager:220 - loadIPPluginJar : add hash
2024-10-01 15:29:56,245 [INFO] IPUIPlugin:80 - create IPUIPlugin
2024-10-01 15:29:56,246 [INFO] PluginManager:220 - loadIPPluginJar : add tim
2024-10-01 15:29:56,247 [INFO] IPUIPlugin:80 - create IPUIPlugin
2024-10-01 15:29:56,247 [INFO] PluginManager:220 - loadIPPluginJar : add tsc
2024-10-01 15:29:56,249 [INFO] IPUIPlugin:80 - create IPUIPlugin
2024-10-01 15:29:56,249 [INFO] PluginManager:220 - loadIPPluginJar : add extmemmanager
2024-10-01 15:29:56,253 [INFO] IPUIPlugin:80 - create IPUIPlugin
2024-10-01 15:29:56,253 [INFO] PluginManager:220 - loadIPPluginJar : add ts
2024-10-01 15:29:56,255 [INFO] IPUIPlugin:80 - create IPUIPlugin
2024-10-01 15:29:56,257 [INFO] PluginManager:220 - loadIPPluginJar : add radio
2024-10-01 15:29:56,260 [INFO] IPUIPlugin:80 - create IPUIPlugin
2024-10-01 15:29:56,260 [INFO] PluginManager:220 - loadIPPluginJar : add can
2024-10-01 15:29:56,263 [INFO] IPUIPlugin:80 - create IPUIPlugin
2024-10-01 15:29:56,263 [INFO] PluginManager:220 - loadIPPluginJar : add dma3
2024-10-01 15:29:56,264 [INFO] IPUIPlugin:80 - create IPUIPlugin
2024-10-01 15:29:56,265 [INFO] PluginManager:220 - loadIPPluginJar : add dfsdm
2024-10-01 15:29:56,266 [INFO] IPUIPlugin:80 - create IPUIPlugin
2024-10-01 15:29:56,266 [INFO] PluginManager:220 - loadIPPluginJar : add spi
2024-10-01 15:29:56,269 [INFO] IPUIPlugin:80 - create IPUIPlugin
2024-10-01 15:29:56,270 [INFO] PluginManager:220 - loadIPPluginJar : add gfxmmu
2024-10-01 15:29:56,271 [INFO] IPUIPlugin:80 - create IPUIPlugin
2024-10-01 15:29:56,271 [INFO] PluginManager:220 - loadIPPluginJar : add genericplugin
2024-10-01 15:29:56,274 [INFO] IPUIPlugin:80 - create IPUIPlugin
2024-10-01 15:29:56,275 [INFO] PluginManager:220 - loadIPPluginJar : add cryp
2024-10-01 15:29:56,278 [INFO] IPUIPlugin:80 - create IPUIPlugin
2024-10-01 15:29:56,278 [INFO] PluginManager:220 - loadIPPluginJar : add gpio
2024-10-01 15:29:56,280 [INFO] IPUIPlugin:80 - create IPUIPlugin
2024-10-01 15:29:56,280 [INFO] PluginManager:220 - loadIPPluginJar : add ddr_ctrl_phy
2024-10-01 15:29:56,281 [INFO] IPUIPlugin:80 - create IPUIPlugin
2024-10-01 15:29:56,282 [INFO] PluginManager:220 - loadIPPluginJar : add comp
2024-10-01 15:29:56,285 [INFO] IPUIPlugin:80 - create IPUIPlugin
2024-10-01 15:29:56,285 [INFO] PluginManager:220 - loadIPPluginJar : add tracer_emb
2024-10-01 15:29:56,287 [INFO] IPUIPlugin:80 - create IPUIPlugin
2024-10-01 15:29:56,287 [INFO] PluginManager:220 - loadIPPluginJar : add openamp
2024-10-01 15:29:56,291 [INFO] IPUIPlugin:80 - create IPUIPlugin
2024-10-01 15:29:56,291 [INFO] PluginManager:220 - loadIPPluginJar : add stm32_wpan
2024-10-01 15:29:56,295 [INFO] IPUIPlugin:80 - create IPUIPlugin
2024-10-01 15:29:56,308 [INFO] PluginManager:220 - loadIPPluginJar : add plateformsettings
2024-10-01 15:29:56,310 [INFO] IPUIPlugin:80 - create IPUIPlugin
2024-10-01 15:29:56,310 [INFO] PluginManager:220 - loadIPPluginJar : add ipddr
2024-10-01 15:29:56,312 [INFO] IPUIPlugin:80 - create IPUIPlugin
2024-10-01 15:29:56,312 [INFO] PluginManager:220 - loadIPPluginJar : add usart
2024-10-01 15:29:56,313 [INFO] IPUIPlugin:80 - create IPUIPlugin
2024-10-01 15:29:56,313 [INFO] PluginManager:220 - loadIPPluginJar : add ltdc
2024-10-01 15:29:56,315 [INFO] IPUIPlugin:80 - create IPUIPlugin
2024-10-01 15:29:56,316 [INFO] PluginManager:220 - loadIPPluginJar : add nvic
2024-10-01 15:29:56,316 [INFO] IPUIPlugin:80 - create IPUIPlugin
2024-10-01 15:29:56,317 [INFO] PluginManager:220 - loadIPPluginJar : add fatfs
2024-10-01 15:29:56,322 [INFO] IPUIPlugin:80 - create IPUIPlugin
2024-10-01 15:29:56,322 [INFO] PluginManager:220 - loadIPPluginJar : add linkedlist
2024-10-01 15:29:56,326 [INFO] IPUIPlugin:80 - create IPUIPlugin
2024-10-01 15:29:56,326 [INFO] PluginManager:220 - loadIPPluginJar : add dma
2024-10-01 15:29:56,328 [INFO] IPUIPlugin:80 - create IPUIPlugin
2024-10-01 15:29:56,328 [INFO] PluginManager:220 - loadIPPluginJar : add fmc
2024-10-01 15:29:56,329 [INFO] IPUIPlugin:80 - create IPUIPlugin
2024-10-01 15:29:56,330 [INFO] PluginManager:220 - loadIPPluginJar : add i2s
2024-10-01 15:29:56,331 [INFO] IPUIPlugin:80 - create IPUIPlugin
2024-10-01 15:29:56,331 [INFO] PluginManager:220 - loadIPPluginJar : add ucpd
2024-10-01 15:29:56,332 [INFO] IPUIPlugin:80 - create IPUIPlugin
2024-10-01 15:29:56,332 [INFO] PluginManager:220 - loadIPPluginJar : add lorawan
2024-10-01 15:29:56,335 [INFO] IPUIPlugin:80 - create IPUIPlugin
2024-10-01 15:29:56,336 [INFO] PluginManager:220 - loadIPPluginJar : add opamp
2024-10-01 15:29:56,338 [INFO] IPUIPlugin:80 - create IPUIPlugin
2024-10-01 15:29:56,338 [INFO] PluginManager:220 - loadIPPluginJar : add i3c
2024-10-01 15:29:56,345 [INFO] IPUIPlugin:80 - create IPUIPlugin
2024-10-01 15:29:56,345 [INFO] PluginManager:220 - loadIPPluginJar : add touchsensing
2024-10-01 15:29:56,348 [INFO] IPUIPlugin:80 - create IPUIPlugin
2024-10-01 15:29:56,348 [INFO] PluginManager:220 - loadIPPluginJar : add i2c
2024-10-01 15:29:56,352 [INFO] IPUIPlugin:80 - create IPUIPlugin
2024-10-01 15:29:56,352 [INFO] PluginManager:220 - loadIPPluginJar : add resmgrutility
2024-10-01 15:29:56,354 [INFO] IPUIPlugin:80 - create IPUIPlugin
2024-10-01 15:29:56,354 [INFO] PluginManager:220 - loadIPPluginJar : add sai
2024-10-01 15:29:56,355 [INFO] IPUIPlugin:80 - create IPUIPlugin
2024-10-01 15:29:56,355 [INFO] PluginManager:220 - loadIPPluginJar : add usbx
2024-10-01 15:29:56,489 [INFO] CADModel:165 - CPN selected for project level
2024-10-01 15:29:56,491 [INFO] CADModel:114 - Register for checkConnection events
2024-10-01 15:29:56,492 [FATAL] Updater:334 - Updater called before beeing initialized
2024-10-01 15:29:56,492 [ERROR] CADModel:125 - Updater not yet initialized, retry later 
2024-10-01 15:29:56,765 [INFO] CADModel:165 - CPN selected for project level
2024-10-01 15:29:56,765 [INFO] CADModel:114 - Register for checkConnection events
2024-10-01 15:29:56,765 [FATAL] Updater:334 - Updater called before beeing initialized
2024-10-01 15:29:56,765 [ERROR] CADModel:125 - Updater not yet initialized, retry later 
2024-10-01 15:29:56,768 [FATAL] Updater:334 - Updater called before beeing initialized
2024-10-01 15:29:56,985 [FATAL] Updater:334 - Updater called before beeing initialized
2024-10-01 15:29:56,991 [INFO] DbMcusAds:53 - JSON generation date=Mon Sep 16 09:40:22 CDT 2024 (1726497622318)
2024-10-01 15:29:56,991 [FATAL] Updater:334 - Updater called before beeing initialized
2024-10-01 15:29:57,081 [WARN] DetailPanel:346 - Failed to get advertising image, set to default
2024-10-01 15:29:57,199 [FATAL] Updater:334 - Updater called before beeing initialized
2024-10-01 15:29:57,201 [FATAL] Updater:334 - Updater called before beeing initialized
2024-10-01 15:29:57,202 [FATAL] Updater:334 - Updater called before beeing initialized
2024-10-01 15:29:57,202 [WARN] DetailPanel:346 - Failed to get advertising image, set to default
2024-10-01 15:29:57,204 [FATAL] Updater:334 - Updater called before beeing initialized
2024-10-01 15:29:57,300 [ERROR] Updater:1164 - MainUpdater not yet initialized. External WinMGr cannot be set.
2024-10-01 15:29:57,311 [INFO] Updater:1100 - Updater Version found : 6.12.0
2024-10-01 15:29:57,327 [INFO] ApplicationProperties:184 - Using Application install path: /Applications/STM32CubeIDE.app/Contents/Eclipse/plugins/com.st.stm32cube.common.mx_6.12.0.202406281431
2024-10-01 15:29:57,847 [INFO] MainUpdater:2873 - connection check result : 10
2024-10-01 15:29:57,852 [INFO] MainUpdater:290 - Updater Check For Update Now.
2024-10-01 15:29:57,854 [INFO] MicroXplorer:498 - Change Database Version : DB.6.0.120
2024-10-01 15:29:57,899 [INFO] McuFinderGlobals:63 - Set McuFinder mode to 2 (CubeIDE integrated)
2024-10-01 15:29:57,905 [INFO] UserAuth:417 - Internet connection configuration mode: 1
2024-10-01 15:29:57,940 [INFO] JxBrowserEngine:152 - Initiate JxBrowser Engine with user profile folder
2024-10-01 15:29:58,378 [INFO] CheckServerUpdateThread:120 - End of CheckServer Thread
2024-10-01 15:29:58,645 [WARN] PackLoader:240 - Cannot read IP mode file for STMicroelectronics.FP-SNS-MOTENVWB1.1.4.0
2024-10-01 15:29:58,683 [WARN] PackLoader:240 - Cannot read IP mode file for STMicroelectronics.X-CUBE-SMBUS.2.1.0
2024-10-01 15:29:58,761 [WARN] PackLoader:240 - Cannot read IP mode file for STMicroelectronics.X-CUBE-AZRTOS-F7.1.1.0
2024-10-01 15:29:59,080 [WARN] PackLoader:240 - Cannot read IP mode file for STMicroelectronics.X-CUBE-MEMS1.11.0.0
2024-10-01 15:29:59,436 [WARN] PackLoader:240 - Cannot read IP mode file for STMicroelectronics.FP-SNS-FLIGHT1.5.0.2
2024-10-01 15:29:59,470 [WARN] PackLoader:240 - Cannot read IP mode file for STMicroelectronics.X-CUBE-DISPLAY.3.0.0
2024-10-01 15:29:59,494 [WARN] PackLoader:240 - Cannot read IP mode file for STMicroelectronics.X-CUBE-BLE1.7.0.0
2024-10-01 15:29:59,522 [WARN] PackLoader:240 - Cannot read IP mode file for STMicroelectronics.X-CUBE-NFC10.1.0.0
2024-10-01 15:29:59,548 [WARN] PackLoader:240 - Cannot read IP mode file for emotas.I-CUBE-CANOPEN.1.3.0
2024-10-01 15:29:59,596 [WARN] PackLoader:240 - Cannot read IP mode file for STMicroelectronics.X-CUBE-BLEMGR.3.1.0
2024-10-01 15:29:59,610 [WARN] PackLoader:240 - Cannot read IP mode file for STMicroelectronics.FP-SNS-SMARTAG2.1.2.0
2024-10-01 15:29:59,627 [INFO] LogOutputStream:77 - [STDOUT_REDIRECT] 1 : Invalid condition id : UX_CORESTACK_Condition cause : null
2024-10-01 15:29:59,630 [INFO] LogOutputStream:77 - [STDOUT_REDIRECT] 1 : Invalid condition id : UX_CORESTACK_Condition cause : null
2024-10-01 15:29:59,630 [INFO] LogOutputStream:77 - [STDOUT_REDIRECT] 1 : Invalid condition id : UX_CORESTACK_Condition cause : null
2024-10-01 15:29:59,631 [INFO] LogOutputStream:77 - [STDOUT_REDIRECT] 1 : Invalid condition id : UX_CORESTACK_Condition cause : null
2024-10-01 15:29:59,632 [INFO] LogOutputStream:77 - [STDOUT_REDIRECT] 1 : Invalid condition id : UX_CORESTACK_Condition cause : null
2024-10-01 15:29:59,641 [WARN] PackLoader:240 - Cannot read IP mode file for STMicroelectronics.X-CUBE-AZRTOS-WL.2.0.0
2024-10-01 15:29:59,656 [WARN] PackLoader:240 - Cannot read IP mode file for STMicroelectronics.FP-SNS-MOTENV1.5.0.0
2024-10-01 15:29:59,666 [WARN] PackLoader:240 - Cannot read IP mode file for wolfSSL.I-CUBE-wolfMQTT.1.19.0
2024-10-01 15:29:59,677 [WARN] PackLoader:240 - Cannot read IP mode file for WES.I-CUBE-Cesium.1.3.0
2024-10-01 15:29:59,683 [WARN] PackLoader:240 - Cannot read IP mode file for STMicroelectronics.X-CUBE-BLE2.3.3.0
2024-10-01 15:29:59,703 [WARN] PackLoader:240 - Cannot read IP mode file for STMicroelectronics.X-CUBE-NFC9.1.0.0
2024-10-01 15:29:59,734 [WARN] PackLoader:240 - Cannot read IP mode file for STMicroelectronics.X-CUBE-TCPP.4.1.0
2024-10-01 15:29:59,775 [WARN] PackLoader:240 - Cannot read IP mode file for STMicroelectronics.X-CUBE-AZRTOS-G0.1.1.0
2024-10-01 15:29:59,793 [WARN] PackLoader:240 - Cannot read IP mode file for STMicroelectronics.X-CUBE-SAFEA1.1.2.2
2024-10-01 15:29:59,818 [WARN] PackLoader:240 - Cannot read IP mode file for STMicroelectronics.X-CUBE-NFC4.3.0.0
2024-10-01 15:29:59,858 [WARN] PackLoader:240 - Cannot read IP mode file for EmbeddedOffice.I-CUBE-FS-RTOS.1.0.1
2024-10-01 15:29:59,867 [ERROR] ConditionMgr:805 - Attr not supported : Dmpu
2024-10-01 15:29:59,870 [ERROR] ConditionMgr:805 - Attr not supported : Dmpu
2024-10-01 15:29:59,871 [ERROR] ConditionMgr:805 - Attr not supported : Dmpu
2024-10-01 15:29:59,871 [ERROR] ConditionMgr:805 - Attr not supported : Dmpu
2024-10-01 15:29:59,871 [ERROR] ConditionMgr:805 - Attr not supported : Dmpu
2024-10-01 15:29:59,871 [ERROR] ConditionMgr:805 - Attr not supported : Dmpu
2024-10-01 15:29:59,871 [ERROR] ConditionMgr:805 - Attr not supported : Dmpu
2024-10-01 15:29:59,871 [ERROR] ConditionMgr:805 - Attr not supported : Dmpu
2024-10-01 15:29:59,871 [ERROR] ConditionMgr:805 - Attr not supported : Dmpu
2024-10-01 15:29:59,871 [ERROR] ConditionMgr:805 - Attr not supported : Dmpu
2024-10-01 15:29:59,871 [ERROR] ConditionMgr:805 - Attr not supported : Dmpu
2024-10-01 15:29:59,871 [ERROR] ConditionMgr:805 - Attr not supported : Dmpu
2024-10-01 15:29:59,871 [ERROR] ConditionMgr:805 - Attr not supported : Dmpu
2024-10-01 15:29:59,871 [ERROR] ConditionMgr:805 - Attr not supported : Dmpu
2024-10-01 15:29:59,872 [ERROR] ConditionMgr:805 - Attr not supported : Dmpu
2024-10-01 15:29:59,872 [ERROR] ConditionMgr:805 - Attr not supported : Dmpu
2024-10-01 15:29:59,872 [ERROR] ConditionMgr:805 - Attr not supported : Dmpu
2024-10-01 15:29:59,872 [ERROR] ConditionMgr:805 - Attr not supported : Dmpu
2024-10-01 15:29:59,872 [ERROR] ConditionMgr:805 - Attr not supported : Dmpu
2024-10-01 15:29:59,873 [ERROR] ConditionMgr:805 - Attr not supported : Dmpu
2024-10-01 15:29:59,873 [ERROR] ConditionMgr:805 - Attr not supported : Dmpu
2024-10-01 15:29:59,873 [ERROR] ConditionMgr:805 - Attr not supported : Dmpu
2024-10-01 15:29:59,873 [ERROR] ConditionMgr:805 - Attr not supported : Dmpu
2024-10-01 15:29:59,873 [ERROR] ConditionMgr:805 - Attr not supported : Dmpu
2024-10-01 15:29:59,873 [ERROR] ConditionMgr:805 - Attr not supported : Dmpu
2024-10-01 15:29:59,873 [ERROR] ConditionMgr:805 - Attr not supported : Dmpu
2024-10-01 15:29:59,874 [ERROR] ConditionMgr:805 - Attr not supported : Dmpu
2024-10-01 15:29:59,874 [ERROR] ConditionMgr:805 - Attr not supported : Dmpu
2024-10-01 15:29:59,874 [ERROR] ConditionMgr:805 - Attr not supported : Dmpu
2024-10-01 15:29:59,874 [ERROR] ConditionMgr:805 - Attr not supported : Dmpu
2024-10-01 15:29:59,874 [ERROR] ConditionMgr:805 - Attr not supported : Dmpu
2024-10-01 15:29:59,874 [ERROR] ConditionMgr:805 - Attr not supported : Dmpu
2024-10-01 15:29:59,874 [ERROR] ConditionMgr:805 - Attr not supported : Dmpu
2024-10-01 15:29:59,875 [ERROR] ConditionMgr:805 - Attr not supported : Dmpu
2024-10-01 15:29:59,879 [ERROR] ConditionMgr:805 - Attr not supported : Dmpu
2024-10-01 15:29:59,880 [ERROR] ConditionMgr:805 - Attr not supported : Dmpu
2024-10-01 15:29:59,880 [ERROR] ConditionMgr:805 - Attr not supported : Dmpu
2024-10-01 15:29:59,881 [ERROR] ConditionMgr:805 - Attr not supported : Dmpu
2024-10-01 15:29:59,881 [ERROR] ConditionMgr:805 - Attr not supported : Dmpu
2024-10-01 15:29:59,881 [ERROR] ConditionMgr:805 - Attr not supported : Dmpu
2024-10-01 15:29:59,881 [ERROR] ConditionMgr:805 - Attr not supported : Dmpu
2024-10-01 15:29:59,881 [ERROR] ConditionMgr:805 - Attr not supported : Dmpu
2024-10-01 15:29:59,881 [ERROR] ConditionMgr:805 - Attr not supported : Dmpu
2024-10-01 15:29:59,881 [ERROR] ConditionMgr:805 - Attr not supported : Dmpu
2024-10-01 15:29:59,881 [ERROR] ConditionMgr:805 - Attr not supported : Dmpu
2024-10-01 15:29:59,881 [ERROR] ConditionMgr:805 - Attr not supported : Dmpu
2024-10-01 15:29:59,881 [ERROR] ConditionMgr:805 - Attr not supported : Dmpu
2024-10-01 15:29:59,881 [ERROR] ConditionMgr:805 - Attr not supported : Dmpu
2024-10-01 15:29:59,881 [ERROR] ConditionMgr:805 - Attr not supported : Dmpu
2024-10-01 15:29:59,881 [ERROR] ConditionMgr:805 - Attr not supported : Dmpu
2024-10-01 15:29:59,881 [ERROR] ConditionMgr:805 - Attr not supported : Dmpu
2024-10-01 15:29:59,881 [ERROR] ConditionMgr:805 - Attr not supported : Dmpu
2024-10-01 15:29:59,882 [ERROR] ConditionMgr:805 - Attr not supported : Dmpu
2024-10-01 15:29:59,882 [ERROR] ConditionMgr:805 - Attr not supported : Dmpu
2024-10-01 15:29:59,882 [ERROR] ConditionMgr:805 - Attr not supported : Dmpu
2024-10-01 15:29:59,882 [ERROR] ConditionMgr:805 - Attr not supported : Dmpu
2024-10-01 15:29:59,882 [ERROR] ConditionMgr:805 - Attr not supported : Dmpu
2024-10-01 15:29:59,882 [ERROR] ConditionMgr:805 - Attr not supported : Dmpu
2024-10-01 15:29:59,882 [ERROR] ConditionMgr:805 - Attr not supported : Dmpu
2024-10-01 15:29:59,882 [ERROR] ConditionMgr:805 - Attr not supported : Dmpu
2024-10-01 15:29:59,882 [ERROR] ConditionMgr:805 - Attr not supported : Dmpu
2024-10-01 15:29:59,882 [ERROR] ConditionMgr:805 - Attr not supported : Dmpu
2024-10-01 15:29:59,882 [ERROR] ConditionMgr:805 - Attr not supported : Dmpu
2024-10-01 15:29:59,882 [ERROR] ConditionMgr:805 - Attr not supported : Dmpu
2024-10-01 15:29:59,888 [WARN] PackLoader:240 - Cannot read IP mode file for RealThread.X-CUBE-RT-Thread_Nano.4.1.1
2024-10-01 15:29:59,892 [WARN] PackLoader:240 - Cannot read IP mode file for STMicroelectronics.FP-ATR-SIGFOX1.3.2.0
2024-10-01 15:29:59,899 [WARN] PackLoader:240 - Cannot read IP mode file for wolfSSL.I-CUBE-wolfSSL.5.7.2
2024-10-01 15:29:59,940 [WARN] PackLoader:240 - Cannot read IP mode file for STMicroelectronics.X-CUBE-EEPRMA1.5.1.0
2024-10-01 15:29:59,980 [WARN] PackLoader:240 - Cannot read IP mode file for ITTIA_DB.I-CUBE-ITTIADB.8.9.0
2024-10-01 15:30:00,201 [WARN] PackLoader:240 - Cannot read IP mode file for SEGGER.I-CUBE-embOS.1.3.1
2024-10-01 15:30:00,345 [WARN] PackLoader:240 - Cannot read IP mode file for STMicroelectronics.X-CUBE-ALGOBUILD.1.4.0
2024-10-01 15:30:00,355 [WARN] PackLoader:240 - Cannot read IP mode file for STMicroelectronics.X-CUBE-GNSS1.6.0.0
2024-10-01 15:30:00,403 [WARN] PackLoader:240 - Cannot read IP mode file for STMicroelectronics.X-CUBE-AZRTOS-F4.1.1.0
2024-10-01 15:30:00,419 [WARN] PackLoader:240 - Cannot read IP mode file for STMicroelectronics.X-CUBE-ISPU.2.1.0
2024-10-01 15:30:00,435 [WARN] PackLoader:240 - Cannot read IP mode file for STMicroelectronics.X-CUBE-FREERTOS.1.2.0
2024-10-01 15:30:00,469 [WARN] PackLoader:240 - Cannot read IP mode file for STMicroelectronics.X-CUBE-AZRTOS-L5.2.0.0
2024-10-01 15:30:00,492 [WARN] PackLoader:240 - Cannot read IP mode file for STMicroelectronics.X-CUBE-NFC6.3.1.0
2024-10-01 15:30:00,507 [WARN] PackLoader:240 - Cannot read IP mode file for STMicroelectronics.X-CUBE-DPower.1.2.0
2024-10-01 15:30:00,513 [WARN] PackLoader:240 - Cannot read IP mode file for STMicroelectronics.X-CUBE-AI.9.0.0
2024-10-01 15:30:00,524 [WARN] PackLoader:240 - Cannot read IP mode file for STMicroelectronics.X-CUBE-NFC7.1.0.1
2024-10-01 15:30:00,578 [WARN] ConditionMgr:438 - getConditionDescription Invalid condition id : LAN8742 Phy interface Condition cause : null
2024-10-01 15:30:00,580 [WARN] PackLoader:240 - Cannot read IP mode file for STMicroelectronics.X-CUBE-AZRTOS-L4.2.0.0
2024-10-01 15:30:00,585 [WARN] ConditionMgr:1039 - genDependencies : Invalid condition id : LAN8742 Phy interface Condition cause : null
2024-10-01 15:30:00,585 [WARN] ConditionMgr:1039 - genDependencies : Invalid condition id : LAN8742 Phy interface Condition cause : null
2024-10-01 15:30:00,587 [WARN] ConditionMgr:1039 - genDependencies : Invalid condition id : LAN8742 Phy interface Condition cause : null
2024-10-01 15:30:00,614 [WARN] PackLoader:240 - Cannot read IP mode file for STMicroelectronics.X-CUBE-SFXS2LP1.4.0.0
2024-10-01 15:30:00,658 [WARN] PackLoader:240 - Cannot read IP mode file for STMicroelectronics.X-CUBE-AZRTOS-H7.3.3.0
2024-10-01 15:30:00,697 [WARN] ConditionMgr:438 - getConditionDescription Invalid condition id : UX DEVICE CLASS RTOS Condition cause : null
2024-10-01 15:30:00,698 [WARN] ConditionMgr:438 - getConditionDescription Invalid condition id : UX DEVICE CLASS RTOS Condition cause : null
2024-10-01 15:30:00,704 [WARN] PackLoader:240 - Cannot read IP mode file for STMicroelectronics.X-CUBE-AZRTOS-WB.2.0.0
2024-10-01 15:30:00,705 [WARN] ConditionMgr:1039 - genDependencies : Invalid condition id : UX DEVICE CLASS RTOS Condition cause : null
2024-10-01 15:30:00,705 [WARN] ConditionMgr:1039 - genDependencies : Invalid condition id : UX DEVICE CLASS RTOS Condition cause : null
2024-10-01 15:30:00,706 [WARN] ConditionMgr:1039 - genDependencies : Invalid condition id : UX DEVICE CLASS RTOS Condition cause : null
2024-10-01 15:30:00,707 [WARN] ConditionMgr:1039 - genDependencies : Invalid condition id : UX DEVICE CLASS RTOS Condition cause : null
2024-10-01 15:30:00,707 [WARN] ConditionMgr:1039 - genDependencies : Invalid condition id : UX DEVICE CLASS RTOS Condition cause : null
2024-10-01 15:30:00,726 [WARN] PackLoader:240 - Cannot read IP mode file for STMicroelectronics.X-CUBE-GNSS1.7.0.0
2024-10-01 15:30:00,742 [WARN] PackLoader:240 - Cannot read IP mode file for STMicroelectronics.FP-SNS-STBOX1.2.0.0
2024-10-01 15:30:00,763 [WARN] PackLoader:240 - Cannot read IP mode file for STMicroelectronics.X-CUBE-SUBG2.5.0.0
2024-10-01 15:30:00,784 [WARN] PackLoader:240 - Cannot read IP mode file for Cesanta.I-CUBE-Mongoose.7.13.0
2024-10-01 15:30:00,808 [WARN] PackLoader:240 - Cannot read IP mode file for STMicroelectronics.X-CUBE-AZRTOS-G4.2.0.0
2024-10-01 15:30:00,818 [WARN] PackLoader:240 - Cannot read IP mode file for STMicroelectronics.X-CUBE-ISPU.2.0.0
2024-10-01 15:30:00,822 [WARN] PackLoader:240 - Cannot read IP mode file for STMicroelectronics.X-CUBE-ALS.1.0.2
2024-10-01 15:30:00,841 [WARN] PackLoader:240 - Cannot read IP mode file for STMicroelectronics.X-CUBE-TOUCHGFX.4.24.0
2024-10-01 15:30:00,845 [WARN] PackLoader:240 - Cannot read IP mode file for STMicroelectronics.X-CUBE-TOUCHGFX.4.24.1
2024-10-01 15:30:00,852 [WARN] PackLoader:240 - Cannot read IP mode file for wolfSSL.I-CUBE-wolfTPM.3.4.0
2024-10-01 15:30:00,863 [WARN] PackLoader:240 - Cannot read IP mode file for portGmbH.I-Cube-SoM-uGOAL.1.1.0
2024-10-01 15:30:00,910 [WARN] PackLoader:240 - Cannot read IP mode file for STMicroelectronics.X-CUBE-AZRTOS-H7RS.1.0.0
2024-10-01 15:30:00,926 [WARN] PackLoader:240 - Cannot read IP mode file for STMicroelectronics.FP-ATR-ASTRA1.2.0.0
2024-10-01 15:30:00,949 [WARN] PackLoader:240 - Cannot read IP mode file for STMicroelectronics.X-CUBE-TOF1.3.4.2
2024-10-01 15:30:01,007 [WARN] PackLoader:240 - Cannot read IP mode file for Infineon.AIROC-Wi-Fi-Bluetooth-STM32.1.6.1
2024-10-01 15:30:01,041 [WARN] PackLoader:240 - Cannot read IP mode file for wolfSSL.I-CUBE-wolfSSH.1.4.17
2024-10-01 15:30:01,046 [INFO] ThirdParty:978 - Integrity check success = true
2024-10-01 15:30:01,047 [INFO] IntegrityCheckThread:100 - exiting critical section [integrity check]
2024-10-01 15:30:01,047 [INFO] IntegrityCheckThread:103 - End integrity checks thread
2024-10-01 15:30:03,848 [INFO] WebApp:167 - Instantiating new browser for Auth
2024-10-01 15:30:06,349 [INFO] WebApp:448 - Apply proxy settings
2024-10-01 15:30:06,389 [INFO] WebApp:493 - Chromium authenticates against Manually configured proxy
2024-10-01 15:30:06,415 [INFO] WebApp:501 - Username used for proxy authentication: 
2024-10-01 15:30:06,512 [INFO] WebApp:869 - Register for checkConnection events
2024-10-01 15:30:06,512 [INFO] WebApp:448 - Apply proxy settings
2024-10-01 15:30:06,516 [INFO] WebApp:493 - Chromium authenticates against Manually configured proxy
2024-10-01 15:30:06,518 [INFO] WebApp:501 - Username used for proxy authentication: 
2024-10-01 15:30:06,715 [INFO] WebApp:220 - Starting web application
2024-10-01 15:30:06,715 [INFO] WebApp:578 - Web application path used /Applications/STM32CubeIDE.app/Contents/Eclipse/plugins/com.st.stm32cube.common.mx_6.12.0.202406281431/db/plugins/mcufinder/reactClient1/index.html
2024-10-01 15:30:07,456 [INFO] WebApp:186 - Connection restablished
2024-10-01 15:30:07,532 [INFO] UserAuth:417 - Internet connection configuration mode: 1
2024-10-01 16:50:37,995 [INFO] WebApp:189 - Connection lost
2024-10-01 16:50:43,298 [INFO] WebApp:186 - Connection restablished
2024-10-01 16:51:09,818 [INFO] WebApp:189 - Connection lost
2024-10-01 16:51:15,479 [INFO] WebApp:186 - Connection restablished
2024-10-01 16:51:37,845 [INFO] WebApp:189 - Connection lost
2024-10-01 16:51:42,577 [INFO] WebApp:186 - Connection restablished
2024-10-01 16:51:58,945 [INFO] WebApp:189 - Connection lost
2024-10-01 16:52:03,741 [INFO] WebApp:186 - Connection restablished
2024-10-01 16:52:18,983 [INFO] WebApp:189 - Connection lost
2024-10-01 16:52:24,168 [INFO] WebApp:186 - Connection restablished
2024-10-01 16:52:54,088 [INFO] WebApp:189 - Connection lost
2024-10-01 17:29:02,423 [INFO] WebApp:186 - Connection restablished
2024-10-01 17:38:28,326 [ERROR] LogOutputStream:75 - [STDERR_REDIRECT] 
