2024-10-08 15:24:12,531 [INFO] Activator:176 - 


2024-10-08 15:24:12,539 [INFO] Activator:177 - !SESSION log4j initialized
2024-10-08 15:24:18,514 [INFO] LogOutputStream:77 - [STDOUT_REDIRECT] 
2024-10-08 15:24:20,550 [ERROR] LogOutputStream:75 - [STDERR_REDIRECT] 
2024-10-08 15:24:24,051 [INFO] LogOutputStream:77 - [STDOUT_REDIRECT] 
2024-10-08 15:24:25,367 [INFO] ApplicationProperties:184 - Using Application install path: /Applications/STM32CubeIDE.app/Contents/Eclipse/plugins/com.st.stm32cube.common.mx_6.12.0.202406281431
2024-10-08 15:24:25,386 [INFO] DbMcusXml:78 - Set database path to: /Applications/STM32CubeIDE.app/Contents/Eclipse/plugins/com.st.stm32cube.common.mx_6.12.0.202406281431//db//mcu/
2024-10-08 15:24:25,387 [INFO] ApiDb:274 - Set plugin database path to: /Applications/STM32CubeIDE.app/Contents/Eclipse/plugins/com.st.stm32cube.common.mx_6.12.0.202406281431//db//plugins/boardmanager/
2024-10-08 15:24:25,387 [WARN] ApiDb:259 - Overriding images path with different value:  => /Applications/STM32CubeIDE.app/Contents/Eclipse/plugins/com.st.stm32cube.common.mx_6.12.0.202406281431//db//plugins/mcufinder/images/
2024-10-08 15:24:25,402 [INFO] ApiDb:250 - Set database path to: /Users/aidancostello/.stmcufinder/plugins/mcufinder//mcu/
2024-10-08 15:24:25,403 [INFO] DbMcusAds:125 - Set database path to: /Users/aidancostello/.stmcufinder/plugins/mcufinder//mcu/
2024-10-08 15:24:25,405 [INFO] CrossReferenceDbSqlite:203 - Set database path to: /Users/aidancostello/.stmcufinder/plugins/mcufinder//mcu/cs/
2024-10-08 15:24:25,572 [INFO] RulesReader:64 - Compatibility file has been processed (297 Rules)
2024-10-08 15:24:25,667 [INFO] DbMcusXml:78 - Set database path to: /Applications/STM32CubeIDE.app/Contents/Eclipse/plugins/com.st.stm32cube.common.mx_6.12.0.202406281431//db//mcu/
2024-10-08 15:24:25,668 [INFO] ApiDb:274 - Set plugin database path to: /Applications/STM32CubeIDE.app/Contents/Eclipse/plugins/com.st.stm32cube.common.mx_6.12.0.202406281431//db//plugins/boardmanager/
2024-10-08 15:24:25,668 [INFO] ApiDb:261 - Set plugin images path to: /Applications/STM32CubeIDE.app/Contents/Eclipse/plugins/com.st.stm32cube.common.mx_6.12.0.202406281431//db//plugins/mcufinder/images/
2024-10-08 15:24:25,669 [WARN] DbFile:41 - Overriding database path with different value: /Users/aidancostello/.stmcufinder/plugins/mcufinder/ => /Users/aidancostello/.stmcufinder/plugins/mcufinder
2024-10-08 15:24:25,670 [INFO] ApiDb:250 - Set database path to: /Users/aidancostello/.stmcufinder/plugins/mcufinder//mcu/
2024-10-08 15:24:25,670 [WARN] DbFile:41 - Overriding database path with different value: /Users/aidancostello/.stmcufinder/plugins/mcufinder/ => /Users/aidancostello/.stmcufinder/plugins/mcufinder
2024-10-08 15:24:25,670 [INFO] DbMcusAds:125 - Set database path to: /Users/aidancostello/.stmcufinder/plugins/mcufinder//mcu/
2024-10-08 15:24:25,670 [WARN] DbFile:41 - Overriding database path with different value: /Users/aidancostello/.stmcufinder/plugins/mcufinder/ => /Users/aidancostello/.stmcufinder/plugins/mcufinder
2024-10-08 15:24:25,670 [WARN] DbFile:41 - Overriding database path with different value: /Users/aidancostello/.stmcufinder/plugins/mcufinder/ => /Users/aidancostello/.stmcufinder/plugins/mcufinder
2024-10-08 15:24:25,670 [INFO] CrossReferenceDbSqlite:203 - Set database path to: /Users/aidancostello/.stmcufinder/plugins/mcufinder//mcu/cs/
2024-10-08 15:24:25,776 [INFO] MainPanel:268 - HeapMemory: 268435456
2024-10-08 15:24:26,571 [INFO] DbMcusXml:78 - Set database path to: /Applications/STM32CubeIDE.app/Contents/Eclipse/plugins/com.st.stm32cube.common.mx_6.12.0.202406281431//db//mcu/
2024-10-08 15:24:26,571 [INFO] ApiDb:274 - Set plugin database path to: /Applications/STM32CubeIDE.app/Contents/Eclipse/plugins/com.st.stm32cube.common.mx_6.12.0.202406281431//db//plugins/boardmanager/
2024-10-08 15:24:26,572 [INFO] ApiDb:261 - Set plugin images path to: /Applications/STM32CubeIDE.app/Contents/Eclipse/plugins/com.st.stm32cube.common.mx_6.12.0.202406281431//db//plugins/mcufinder/images/
2024-10-08 15:24:26,572 [WARN] DbFile:41 - Overriding database path with different value: /Users/aidancostello/.stmcufinder/plugins/mcufinder/ => /Users/aidancostello/.stmcufinder/plugins/mcufinder
2024-10-08 15:24:26,573 [INFO] ApiDb:250 - Set database path to: /Users/aidancostello/.stmcufinder/plugins/mcufinder//mcu/
2024-10-08 15:24:26,573 [WARN] DbFile:41 - Overriding database path with different value: /Users/aidancostello/.stmcufinder/plugins/mcufinder/ => /Users/aidancostello/.stmcufinder/plugins/mcufinder
2024-10-08 15:24:26,573 [INFO] DbMcusAds:125 - Set database path to: /Users/aidancostello/.stmcufinder/plugins/mcufinder//mcu/
2024-10-08 15:24:26,573 [WARN] DbFile:41 - Overriding database path with different value: /Users/aidancostello/.stmcufinder/plugins/mcufinder/ => /Users/aidancostello/.stmcufinder/plugins/mcufinder
2024-10-08 15:24:26,573 [WARN] DbFile:41 - Overriding database path with different value: /Users/aidancostello/.stmcufinder/plugins/mcufinder/ => /Users/aidancostello/.stmcufinder/plugins/mcufinder
2024-10-08 15:24:26,573 [INFO] CrossReferenceDbSqlite:203 - Set database path to: /Users/aidancostello/.stmcufinder/plugins/mcufinder//mcu/cs/
2024-10-08 15:24:26,595 [INFO] ApplicationProperties:184 - Using Application install path: /Applications/STM32CubeIDE.app/Contents/Eclipse/plugins/com.st.stm32cube.common.mx_6.12.0.202406281431
2024-10-08 15:24:26,597 [INFO] PluginManage:196 - Search for loadable plugins [exclusion list=, ]
2024-10-08 15:24:26,599 [INFO] PluginManage:310 - Check plugin analytics
2024-10-08 15:24:26,894 [INFO] AnalyticsPlugin:253 - Accepted Software Licenses: 
2024-10-08 15:24:26,895 [INFO] AnalyticsPlugin:255 - Accepted CMSIS Pack Licenses: 
2024-10-08 15:24:26,895 [INFO] AnalyticsPlugin:257 - Accepted Firmware Licenses: FW.L4.1.18.0,FW.F4.1.28.0
2024-10-08 15:24:26,913 [INFO] PluginManage:359 - Loaded plugin analytics (category:tool,tabindex:-1)
2024-10-08 15:24:26,913 [INFO] PluginManage:310 - Check plugin cadmodel
2024-10-08 15:24:26,931 [INFO] CADModel:105 - Init CAD model plugin
2024-10-08 15:24:26,931 [INFO] PluginManage:359 - Loaded plugin cadmodel (category:power,tabindex:5)
2024-10-08 15:24:26,933 [INFO] PluginManage:310 - Check plugin clock
2024-10-08 15:24:26,946 [INFO] PluginManage:359 - Loaded plugin clock (category:base,tabindex:2)
2024-10-08 15:24:26,947 [INFO] PluginManage:310 - Check plugin ddr
2024-10-08 15:24:26,950 [INFO] PluginManage:359 - Loaded plugin ddr (category:tool,tabindex:6)
2024-10-08 15:24:26,950 [INFO] PluginManage:310 - Check plugin filemanager
2024-10-08 15:24:27,172 [INFO] PluginManage:359 - Loaded plugin filemanager (category:base,tabindex:10)
2024-10-08 15:24:27,173 [INFO] PluginManage:310 - Check plugin ipmanager
2024-10-08 15:24:27,179 [INFO] PluginManage:359 - Loaded plugin ipmanager (category:base,tabindex:5)
2024-10-08 15:24:27,179 [INFO] PluginManage:310 - Check plugin lpbam
2024-10-08 15:24:27,192 [INFO] PluginManage:359 - Loaded plugin lpbam (category:base,tabindex:0)
2024-10-08 15:24:27,192 [INFO] PluginManage:310 - Check plugin memorymap
2024-10-08 15:24:27,204 [INFO] PluginManage:359 - Loaded plugin memorymap (category:base,tabindex:4)
2024-10-08 15:24:27,204 [INFO] PluginManage:310 - Check plugin pinoutandconfiguration
2024-10-08 15:24:27,211 [INFO] PluginManage:359 - Loaded plugin pinoutandconfiguration (category:base,tabindex:1)
2024-10-08 15:24:27,212 [INFO] PluginManage:310 - Check plugin pinoutconfig
2024-10-08 15:24:27,331 [WARN] SupportedApi:132 - Cannot load RTOS API schema: s4s-elt-must-match.1: The content of 'definitions' must match (annotation?, (simpleType | complexType)?, (unique | key | keyref)*)). A problem was found starting at: attribute.
2024-10-08 15:24:27,520 [INFO] PluginManage:359 - Loaded plugin pinoutconfig (category:base,tabindex:0)
2024-10-08 15:24:27,521 [INFO] PluginManage:310 - Check plugin power
2024-10-08 15:24:27,534 [INFO] PluginManage:359 - Loaded plugin power (category:power,tabindex:4)
2024-10-08 15:24:27,535 [INFO] PluginManage:310 - Check plugin projectmanager
2024-10-08 15:24:27,576 [INFO] PluginManage:359 - Loaded plugin projectmanager (category:projectmanager,tabindex:4)
2024-10-08 15:24:27,576 [INFO] PluginManage:310 - Check plugin rif
2024-10-08 15:24:27,584 [INFO] PluginManage:359 - Loaded plugin rif (category:base,tabindex:3)
2024-10-08 15:24:27,584 [INFO] PluginManage:310 - Check plugin thirdparty
2024-10-08 15:24:27,868 [INFO] PluginManage:359 - Loaded plugin thirdparty (category:base,tabindex:-1)
2024-10-08 15:24:27,869 [INFO] PluginManage:310 - Check plugin tools
2024-10-08 15:24:27,867 [WARN] IntegrityCheckThread:84 - waiting for thirdparty lock release [integrity check]
2024-10-08 15:24:27,874 [INFO] IntegrityCheckThread:86 - entering critical section [integrity check]
2024-10-08 15:24:27,878 [INFO] ThirdPartyUpdaterWithRetryManager:70 - Updater plugin not ready yet. [1/15]
2024-10-08 15:24:27,879 [INFO] PluginManage:359 - Loaded plugin tools (category:base,tabindex:7)
2024-10-08 15:24:27,880 [INFO] PluginManage:310 - Check plugin tutovideos
2024-10-08 15:24:28,327 [INFO] PluginManage:359 - Loaded plugin tutovideos (category:base,tabindex:-1)
2024-10-08 15:24:28,328 [INFO] PluginManage:310 - Check plugin updater
2024-10-08 15:24:28,376 [INFO] PluginManage:359 - Loaded plugin updater (category:base,tabindex:12)
2024-10-08 15:24:28,377 [INFO] PluginManage:310 - Check plugin userauth
2024-10-08 15:24:28,386 [INFO] UserAuth:113 - Init User Auth plugin
2024-10-08 15:24:28,386 [INFO] PluginManage:359 - Loaded plugin userauth (category:base,tabindex:14)
2024-10-08 15:24:28,387 [INFO] PluginManage:283 - PluginManage : Loaded plugins [18]
2024-10-08 15:24:28,644 [ERROR] LogOutputStream:75 - [STDERR_REDIRECT] [Fatal Error] :2:10: DOCTYPE is disallowed when the feature "http://apache.org/xml/features/disallow-doctype-decl" set to true.
2024-10-08 15:24:28,649 [ERROR] LogOutputStream:75 - [STDERR_REDIRECT] 
2024-10-08 15:24:28,844 [INFO] PinOutPanel:1561 - setPackage(No Configuration,No Configuration)
2024-10-08 15:24:29,081 [INFO] CADModel:165 - CPN selected for project level
2024-10-08 15:24:29,084 [INFO] CADModel:114 - Register for checkConnection events
2024-10-08 15:24:29,112 [INFO] IPUIPlugin:80 - create IPUIPlugin
2024-10-08 15:24:29,113 [INFO] PluginManager:220 - loadIPPluginJar : add mdma
2024-10-08 15:24:29,120 [INFO] IPUIPlugin:80 - create IPUIPlugin
2024-10-08 15:24:29,121 [INFO] PluginManager:220 - loadIPPluginJar : add freertos
2024-10-08 15:24:29,124 [INFO] IPUIPlugin:80 - create IPUIPlugin
2024-10-08 15:24:29,124 [INFO] PluginManager:220 - loadIPPluginJar : add gic
2024-10-08 15:24:29,133 [INFO] IPUIPlugin:80 - create IPUIPlugin
2024-10-08 15:24:29,133 [INFO] PluginManager:220 - loadIPPluginJar : add adc
2024-10-08 15:24:29,135 [INFO] IPUIPlugin:80 - create IPUIPlugin
2024-10-08 15:24:29,135 [INFO] PluginManager:220 - loadIPPluginJar : add gtzc
2024-10-08 15:24:29,136 [INFO] IPUIPlugin:80 - create IPUIPlugin
2024-10-08 15:24:29,136 [INFO] PluginManager:220 - loadIPPluginJar : add quadspi
2024-10-08 15:24:29,137 [INFO] IPUIPlugin:80 - create IPUIPlugin
2024-10-08 15:24:29,137 [INFO] PluginManager:220 - loadIPPluginJar : add aes
2024-10-08 15:24:29,139 [INFO] IPUIPlugin:80 - create IPUIPlugin
2024-10-08 15:24:29,139 [INFO] PluginManager:220 - loadIPPluginJar : add pdm2pcm
2024-10-08 15:24:29,140 [INFO] IPUIPlugin:80 - create IPUIPlugin
2024-10-08 15:24:29,140 [INFO] PluginManager:220 - loadIPPluginJar : add hash
2024-10-08 15:24:29,141 [INFO] IPUIPlugin:80 - create IPUIPlugin
2024-10-08 15:24:29,141 [INFO] PluginManager:220 - loadIPPluginJar : add tim
2024-10-08 15:24:29,143 [INFO] IPUIPlugin:80 - create IPUIPlugin
2024-10-08 15:24:29,143 [INFO] PluginManager:220 - loadIPPluginJar : add tsc
2024-10-08 15:24:29,145 [INFO] IPUIPlugin:80 - create IPUIPlugin
2024-10-08 15:24:29,145 [INFO] PluginManager:220 - loadIPPluginJar : add extmemmanager
2024-10-08 15:24:29,146 [INFO] IPUIPlugin:80 - create IPUIPlugin
2024-10-08 15:24:29,146 [INFO] PluginManager:220 - loadIPPluginJar : add ts
2024-10-08 15:24:29,153 [INFO] IPUIPlugin:80 - create IPUIPlugin
2024-10-08 15:24:29,154 [INFO] PluginManager:220 - loadIPPluginJar : add radio
2024-10-08 15:24:29,157 [INFO] IPUIPlugin:80 - create IPUIPlugin
2024-10-08 15:24:29,157 [INFO] PluginManager:220 - loadIPPluginJar : add can
2024-10-08 15:24:29,159 [INFO] IPUIPlugin:80 - create IPUIPlugin
2024-10-08 15:24:29,159 [INFO] PluginManager:220 - loadIPPluginJar : add dma3
2024-10-08 15:24:29,161 [INFO] IPUIPlugin:80 - create IPUIPlugin
2024-10-08 15:24:29,161 [INFO] PluginManager:220 - loadIPPluginJar : add dfsdm
2024-10-08 15:24:29,163 [INFO] IPUIPlugin:80 - create IPUIPlugin
2024-10-08 15:24:29,163 [INFO] PluginManager:220 - loadIPPluginJar : add spi
2024-10-08 15:24:29,165 [INFO] IPUIPlugin:80 - create IPUIPlugin
2024-10-08 15:24:29,165 [INFO] PluginManager:220 - loadIPPluginJar : add gfxmmu
2024-10-08 15:24:29,166 [INFO] IPUIPlugin:80 - create IPUIPlugin
2024-10-08 15:24:29,166 [INFO] PluginManager:220 - loadIPPluginJar : add genericplugin
2024-10-08 15:24:29,169 [INFO] IPUIPlugin:80 - create IPUIPlugin
2024-10-08 15:24:29,169 [INFO] PluginManager:220 - loadIPPluginJar : add cryp
2024-10-08 15:24:29,172 [INFO] IPUIPlugin:80 - create IPUIPlugin
2024-10-08 15:24:29,172 [INFO] PluginManager:220 - loadIPPluginJar : add gpio
2024-10-08 15:24:29,177 [INFO] IPUIPlugin:80 - create IPUIPlugin
2024-10-08 15:24:29,177 [INFO] PluginManager:220 - loadIPPluginJar : add ddr_ctrl_phy
2024-10-08 15:24:29,178 [INFO] IPUIPlugin:80 - create IPUIPlugin
2024-10-08 15:24:29,179 [INFO] PluginManager:220 - loadIPPluginJar : add comp
2024-10-08 15:24:29,181 [INFO] IPUIPlugin:80 - create IPUIPlugin
2024-10-08 15:24:29,182 [INFO] PluginManager:220 - loadIPPluginJar : add tracer_emb
2024-10-08 15:24:29,184 [INFO] IPUIPlugin:80 - create IPUIPlugin
2024-10-08 15:24:29,184 [INFO] PluginManager:220 - loadIPPluginJar : add openamp
2024-10-08 15:24:29,188 [INFO] IPUIPlugin:80 - create IPUIPlugin
2024-10-08 15:24:29,188 [INFO] PluginManager:220 - loadIPPluginJar : add stm32_wpan
2024-10-08 15:24:29,191 [INFO] IPUIPlugin:80 - create IPUIPlugin
2024-10-08 15:24:29,207 [INFO] PluginManager:220 - loadIPPluginJar : add plateformsettings
2024-10-08 15:24:29,209 [INFO] IPUIPlugin:80 - create IPUIPlugin
2024-10-08 15:24:29,209 [INFO] PluginManager:220 - loadIPPluginJar : add ipddr
2024-10-08 15:24:29,211 [INFO] IPUIPlugin:80 - create IPUIPlugin
2024-10-08 15:24:29,211 [INFO] PluginManager:220 - loadIPPluginJar : add usart
2024-10-08 15:24:29,212 [INFO] IPUIPlugin:80 - create IPUIPlugin
2024-10-08 15:24:29,212 [INFO] PluginManager:220 - loadIPPluginJar : add ltdc
2024-10-08 15:24:29,214 [INFO] IPUIPlugin:80 - create IPUIPlugin
2024-10-08 15:24:29,215 [INFO] PluginManager:220 - loadIPPluginJar : add nvic
2024-10-08 15:24:29,216 [INFO] IPUIPlugin:80 - create IPUIPlugin
2024-10-08 15:24:29,216 [INFO] PluginManager:220 - loadIPPluginJar : add fatfs
2024-10-08 15:24:29,222 [INFO] IPUIPlugin:80 - create IPUIPlugin
2024-10-08 15:24:29,222 [INFO] PluginManager:220 - loadIPPluginJar : add linkedlist
2024-10-08 15:24:29,225 [INFO] IPUIPlugin:80 - create IPUIPlugin
2024-10-08 15:24:29,226 [INFO] PluginManager:220 - loadIPPluginJar : add dma
2024-10-08 15:24:29,228 [INFO] IPUIPlugin:80 - create IPUIPlugin
2024-10-08 15:24:29,228 [INFO] PluginManager:220 - loadIPPluginJar : add fmc
2024-10-08 15:24:29,229 [INFO] IPUIPlugin:80 - create IPUIPlugin
2024-10-08 15:24:29,229 [INFO] PluginManager:220 - loadIPPluginJar : add i2s
2024-10-08 15:24:29,231 [INFO] IPUIPlugin:80 - create IPUIPlugin
2024-10-08 15:24:29,231 [INFO] PluginManager:220 - loadIPPluginJar : add ucpd
2024-10-08 15:24:29,232 [INFO] IPUIPlugin:80 - create IPUIPlugin
2024-10-08 15:24:29,232 [INFO] PluginManager:220 - loadIPPluginJar : add lorawan
2024-10-08 15:24:29,234 [INFO] IPUIPlugin:80 - create IPUIPlugin
2024-10-08 15:24:29,235 [INFO] PluginManager:220 - loadIPPluginJar : add opamp
2024-10-08 15:24:29,237 [INFO] IPUIPlugin:80 - create IPUIPlugin
2024-10-08 15:24:29,237 [INFO] PluginManager:220 - loadIPPluginJar : add i3c
2024-10-08 15:24:29,239 [INFO] IPUIPlugin:80 - create IPUIPlugin
2024-10-08 15:24:29,239 [INFO] PluginManager:220 - loadIPPluginJar : add touchsensing
2024-10-08 15:24:29,241 [INFO] IPUIPlugin:80 - create IPUIPlugin
2024-10-08 15:24:29,241 [INFO] PluginManager:220 - loadIPPluginJar : add i2c
2024-10-08 15:24:29,243 [INFO] IPUIPlugin:80 - create IPUIPlugin
2024-10-08 15:24:29,243 [INFO] PluginManager:220 - loadIPPluginJar : add resmgrutility
2024-10-08 15:24:29,245 [INFO] IPUIPlugin:80 - create IPUIPlugin
2024-10-08 15:24:29,245 [INFO] PluginManager:220 - loadIPPluginJar : add sai
2024-10-08 15:24:29,247 [INFO] IPUIPlugin:80 - create IPUIPlugin
2024-10-08 15:24:29,247 [INFO] PluginManager:220 - loadIPPluginJar : add usbx
2024-10-08 15:24:29,383 [INFO] CADModel:165 - CPN selected for project level
2024-10-08 15:24:29,383 [INFO] CADModel:114 - Register for checkConnection events
2024-10-08 15:24:29,384 [FATAL] Updater:334 - Updater called before beeing initialized
2024-10-08 15:24:29,384 [ERROR] CADModel:125 - Updater not yet initialized, retry later 
2024-10-08 15:24:29,820 [INFO] CADModel:165 - CPN selected for project level
2024-10-08 15:24:29,822 [INFO] CADModel:114 - Register for checkConnection events
2024-10-08 15:24:29,822 [FATAL] Updater:334 - Updater called before beeing initialized
2024-10-08 15:24:29,822 [ERROR] CADModel:125 - Updater not yet initialized, retry later 
2024-10-08 15:24:29,826 [FATAL] Updater:334 - Updater called before beeing initialized
2024-10-08 15:24:30,071 [FATAL] Updater:334 - Updater called before beeing initialized
2024-10-08 15:24:30,079 [INFO] DbMcusAds:53 - JSON generation date=Mon Sep 16 09:40:22 CDT 2024 (1726497622318)
2024-10-08 15:24:30,079 [FATAL] Updater:334 - Updater called before beeing initialized
2024-10-08 15:24:30,191 [WARN] DetailPanel:346 - Failed to get advertising image, set to default
2024-10-08 15:24:30,294 [FATAL] Updater:334 - Updater called before beeing initialized
2024-10-08 15:24:30,296 [FATAL] Updater:334 - Updater called before beeing initialized
2024-10-08 15:24:30,296 [FATAL] Updater:334 - Updater called before beeing initialized
2024-10-08 15:24:30,296 [WARN] DetailPanel:346 - Failed to get advertising image, set to default
2024-10-08 15:24:30,297 [FATAL] Updater:334 - Updater called before beeing initialized
2024-10-08 15:24:30,389 [ERROR] Updater:1164 - MainUpdater not yet initialized. External WinMGr cannot be set.
2024-10-08 15:24:30,398 [INFO] Updater:1100 - Updater Version found : 6.12.0
2024-10-08 15:24:30,415 [INFO] ApplicationProperties:184 - Using Application install path: /Applications/STM32CubeIDE.app/Contents/Eclipse/plugins/com.st.stm32cube.common.mx_6.12.0.202406281431
2024-10-08 15:24:30,866 [INFO] MainUpdater:2873 - connection check result : 10
2024-10-08 15:24:30,867 [INFO] MainUpdater:290 - Updater Check For Update Now.
2024-10-08 15:24:30,867 [INFO] MicroXplorer:498 - Change Database Version : DB.6.0.120
2024-10-08 15:24:30,880 [INFO] McuFinderGlobals:63 - Set McuFinder mode to 2 (CubeIDE integrated)
2024-10-08 15:24:30,882 [INFO] UserAuth:417 - Internet connection configuration mode: 1
2024-10-08 15:24:30,883 [WARN] MainUpdater:1194 - Updater busy. Cannot search thirdparties
2024-10-08 15:24:30,885 [INFO] ThirdPartyUpdaterWithRetryManager:96 - Updater plugin is busy. [1/15]
2024-10-08 15:24:30,901 [INFO] JxBrowserEngine:152 - Initiate JxBrowser Engine with user profile folder
2024-10-08 15:24:31,219 [INFO] CheckServerUpdateThread:120 - End of CheckServer Thread
2024-10-08 15:24:34,111 [WARN] PackLoader:240 - Cannot read IP mode file for STMicroelectronics.FP-SNS-MOTENVWB1.1.4.0
2024-10-08 15:24:34,156 [WARN] PackLoader:240 - Cannot read IP mode file for STMicroelectronics.X-CUBE-SMBUS.2.1.0
2024-10-08 15:24:34,181 [WARN] PackLoader:240 - Cannot read IP mode file for STMicroelectronics.X-CUBE-WB05N.1.1.0
2024-10-08 15:24:34,251 [WARN] PackLoader:240 - Cannot read IP mode file for STMicroelectronics.X-CUBE-AZRTOS-F7.1.1.0
2024-10-08 15:24:34,469 [WARN] PackLoader:240 - Cannot read IP mode file for STMicroelectronics.X-CUBE-MEMS1.11.0.0
2024-10-08 15:24:35,017 [WARN] PackLoader:240 - Cannot read IP mode file for STMicroelectronics.FP-SNS-FLIGHT1.5.0.2
2024-10-08 15:24:35,067 [WARN] PackLoader:240 - Cannot read IP mode file for STMicroelectronics.X-CUBE-DISPLAY.3.0.0
2024-10-08 15:24:35,091 [WARN] PackLoader:240 - Cannot read IP mode file for STMicroelectronics.X-CUBE-BLE1.7.0.0
2024-10-08 15:24:35,120 [WARN] PackLoader:240 - Cannot read IP mode file for STMicroelectronics.X-CUBE-NFC10.1.0.0
2024-10-08 15:24:35,161 [WARN] PackLoader:240 - Cannot read IP mode file for emotas.I-CUBE-CANOPEN.1.3.0
2024-10-08 15:24:35,200 [WARN] PackLoader:240 - Cannot read IP mode file for STMicroelectronics.X-CUBE-BLEMGR.3.1.0
2024-10-08 15:24:35,231 [WARN] PackLoader:240 - Cannot read IP mode file for STMicroelectronics.FP-SNS-SMARTAG2.1.2.0
2024-10-08 15:24:35,289 [INFO] LogOutputStream:77 - [STDOUT_REDIRECT] 1 : Invalid condition id : UX_CORESTACK_Condition cause : null
2024-10-08 15:24:35,294 [INFO] LogOutputStream:77 - [STDOUT_REDIRECT] 1 : Invalid condition id : UX_CORESTACK_Condition cause : null
2024-10-08 15:24:35,295 [INFO] LogOutputStream:77 - [STDOUT_REDIRECT] 1 : Invalid condition id : UX_CORESTACK_Condition cause : null
2024-10-08 15:24:35,295 [INFO] LogOutputStream:77 - [STDOUT_REDIRECT] 1 : Invalid condition id : UX_CORESTACK_Condition cause : null
2024-10-08 15:24:35,295 [INFO] LogOutputStream:77 - [STDOUT_REDIRECT] 1 : Invalid condition id : UX_CORESTACK_Condition cause : null
2024-10-08 15:24:35,310 [WARN] PackLoader:240 - Cannot read IP mode file for STMicroelectronics.X-CUBE-AZRTOS-WL.2.0.0
2024-10-08 15:24:35,365 [WARN] PackLoader:240 - Cannot read IP mode file for STMicroelectronics.FP-SNS-MOTENV1.5.0.0
2024-10-08 15:24:35,492 [WARN] PackLoader:240 - Cannot read IP mode file for wolfSSL.I-CUBE-wolfMQTT.1.19.0
2024-10-08 15:24:35,566 [WARN] PackLoader:240 - Cannot read IP mode file for WES.I-CUBE-Cesium.1.3.0
2024-10-08 15:24:35,606 [WARN] PackLoader:240 - Cannot read IP mode file for STMicroelectronics.X-CUBE-BLE2.3.3.0
2024-10-08 15:24:35,639 [WARN] PackLoader:240 - Cannot read IP mode file for STMicroelectronics.X-CUBE-NFC9.1.0.0
2024-10-08 15:24:35,654 [WARN] PackLoader:240 - Cannot read IP mode file for STMicroelectronics.X-CUBE-TCPP.4.1.0
2024-10-08 15:24:35,711 [WARN] PackLoader:240 - Cannot read IP mode file for STMicroelectronics.X-CUBE-AZRTOS-G0.1.1.0
2024-10-08 15:24:35,737 [WARN] PackLoader:240 - Cannot read IP mode file for STMicroelectronics.X-CUBE-SAFEA1.1.2.2
2024-10-08 15:24:35,758 [WARN] PackLoader:240 - Cannot read IP mode file for STMicroelectronics.X-CUBE-NFC4.3.0.0
2024-10-08 15:24:35,791 [WARN] PackLoader:240 - Cannot read IP mode file for EmbeddedOffice.I-CUBE-FS-RTOS.1.0.1
2024-10-08 15:24:35,794 [ERROR] ConditionMgr:805 - Attr not supported : Dmpu
2024-10-08 15:24:35,796 [ERROR] ConditionMgr:805 - Attr not supported : Dmpu
2024-10-08 15:24:35,796 [ERROR] ConditionMgr:805 - Attr not supported : Dmpu
2024-10-08 15:24:35,797 [ERROR] ConditionMgr:805 - Attr not supported : Dmpu
2024-10-08 15:24:35,797 [ERROR] ConditionMgr:805 - Attr not supported : Dmpu
2024-10-08 15:24:35,797 [ERROR] ConditionMgr:805 - Attr not supported : Dmpu
2024-10-08 15:24:35,797 [ERROR] ConditionMgr:805 - Attr not supported : Dmpu
2024-10-08 15:24:35,797 [ERROR] ConditionMgr:805 - Attr not supported : Dmpu
2024-10-08 15:24:35,797 [ERROR] ConditionMgr:805 - Attr not supported : Dmpu
2024-10-08 15:24:35,797 [ERROR] ConditionMgr:805 - Attr not supported : Dmpu
2024-10-08 15:24:35,797 [ERROR] ConditionMgr:805 - Attr not supported : Dmpu
2024-10-08 15:24:35,797 [ERROR] ConditionMgr:805 - Attr not supported : Dmpu
2024-10-08 15:24:35,797 [ERROR] ConditionMgr:805 - Attr not supported : Dmpu
2024-10-08 15:24:35,797 [ERROR] ConditionMgr:805 - Attr not supported : Dmpu
2024-10-08 15:24:35,798 [ERROR] ConditionMgr:805 - Attr not supported : Dmpu
2024-10-08 15:24:35,798 [ERROR] ConditionMgr:805 - Attr not supported : Dmpu
2024-10-08 15:24:35,798 [ERROR] ConditionMgr:805 - Attr not supported : Dmpu
2024-10-08 15:24:35,798 [ERROR] ConditionMgr:805 - Attr not supported : Dmpu
2024-10-08 15:24:35,798 [ERROR] ConditionMgr:805 - Attr not supported : Dmpu
2024-10-08 15:24:35,798 [ERROR] ConditionMgr:805 - Attr not supported : Dmpu
2024-10-08 15:24:35,798 [ERROR] ConditionMgr:805 - Attr not supported : Dmpu
2024-10-08 15:24:35,798 [ERROR] ConditionMgr:805 - Attr not supported : Dmpu
2024-10-08 15:24:35,798 [ERROR] ConditionMgr:805 - Attr not supported : Dmpu
2024-10-08 15:24:35,798 [ERROR] ConditionMgr:805 - Attr not supported : Dmpu
2024-10-08 15:24:35,799 [ERROR] ConditionMgr:805 - Attr not supported : Dmpu
2024-10-08 15:24:35,799 [ERROR] ConditionMgr:805 - Attr not supported : Dmpu
2024-10-08 15:24:35,799 [ERROR] ConditionMgr:805 - Attr not supported : Dmpu
2024-10-08 15:24:35,799 [ERROR] ConditionMgr:805 - Attr not supported : Dmpu
2024-10-08 15:24:35,799 [ERROR] ConditionMgr:805 - Attr not supported : Dmpu
2024-10-08 15:24:35,800 [ERROR] ConditionMgr:805 - Attr not supported : Dmpu
2024-10-08 15:24:35,802 [ERROR] ConditionMgr:805 - Attr not supported : Dmpu
2024-10-08 15:24:35,803 [ERROR] ConditionMgr:805 - Attr not supported : Dmpu
2024-10-08 15:24:35,804 [ERROR] ConditionMgr:805 - Attr not supported : Dmpu
2024-10-08 15:24:35,804 [ERROR] ConditionMgr:805 - Attr not supported : Dmpu
2024-10-08 15:24:35,804 [ERROR] ConditionMgr:805 - Attr not supported : Dmpu
2024-10-08 15:24:35,804 [ERROR] ConditionMgr:805 - Attr not supported : Dmpu
2024-10-08 15:24:35,804 [ERROR] ConditionMgr:805 - Attr not supported : Dmpu
2024-10-08 15:24:35,804 [ERROR] ConditionMgr:805 - Attr not supported : Dmpu
2024-10-08 15:24:35,804 [ERROR] ConditionMgr:805 - Attr not supported : Dmpu
2024-10-08 15:24:35,805 [ERROR] ConditionMgr:805 - Attr not supported : Dmpu
2024-10-08 15:24:35,805 [ERROR] ConditionMgr:805 - Attr not supported : Dmpu
2024-10-08 15:24:35,805 [ERROR] ConditionMgr:805 - Attr not supported : Dmpu
2024-10-08 15:24:35,805 [ERROR] ConditionMgr:805 - Attr not supported : Dmpu
2024-10-08 15:24:35,805 [ERROR] ConditionMgr:805 - Attr not supported : Dmpu
2024-10-08 15:24:35,805 [ERROR] ConditionMgr:805 - Attr not supported : Dmpu
2024-10-08 15:24:35,805 [ERROR] ConditionMgr:805 - Attr not supported : Dmpu
2024-10-08 15:24:35,805 [ERROR] ConditionMgr:805 - Attr not supported : Dmpu
2024-10-08 15:24:35,805 [ERROR] ConditionMgr:805 - Attr not supported : Dmpu
2024-10-08 15:24:35,805 [ERROR] ConditionMgr:805 - Attr not supported : Dmpu
2024-10-08 15:24:35,805 [ERROR] ConditionMgr:805 - Attr not supported : Dmpu
2024-10-08 15:24:35,805 [ERROR] ConditionMgr:805 - Attr not supported : Dmpu
2024-10-08 15:24:35,805 [ERROR] ConditionMgr:805 - Attr not supported : Dmpu
2024-10-08 15:24:35,805 [ERROR] ConditionMgr:805 - Attr not supported : Dmpu
2024-10-08 15:24:35,805 [ERROR] ConditionMgr:805 - Attr not supported : Dmpu
2024-10-08 15:24:35,805 [ERROR] ConditionMgr:805 - Attr not supported : Dmpu
2024-10-08 15:24:35,806 [ERROR] ConditionMgr:805 - Attr not supported : Dmpu
2024-10-08 15:24:35,806 [ERROR] ConditionMgr:805 - Attr not supported : Dmpu
2024-10-08 15:24:35,806 [ERROR] ConditionMgr:805 - Attr not supported : Dmpu
2024-10-08 15:24:35,806 [ERROR] ConditionMgr:805 - Attr not supported : Dmpu
2024-10-08 15:24:35,807 [ERROR] ConditionMgr:805 - Attr not supported : Dmpu
2024-10-08 15:24:35,807 [ERROR] ConditionMgr:805 - Attr not supported : Dmpu
2024-10-08 15:24:35,807 [ERROR] ConditionMgr:805 - Attr not supported : Dmpu
2024-10-08 15:24:35,807 [ERROR] ConditionMgr:805 - Attr not supported : Dmpu
2024-10-08 15:24:35,807 [ERROR] ConditionMgr:805 - Attr not supported : Dmpu
2024-10-08 15:24:35,813 [WARN] PackLoader:240 - Cannot read IP mode file for RealThread.X-CUBE-RT-Thread_Nano.4.1.1
2024-10-08 15:24:35,824 [WARN] PackLoader:240 - Cannot read IP mode file for STMicroelectronics.FP-ATR-SIGFOX1.3.2.0
2024-10-08 15:24:35,834 [WARN] PackLoader:240 - Cannot read IP mode file for wolfSSL.I-CUBE-wolfSSL.5.7.2
2024-10-08 15:24:35,841 [WARN] PackLoader:240 - Cannot read IP mode file for STMicroelectronics.X-CUBE-EEPRMA1.5.1.0
2024-10-08 15:24:35,849 [WARN] PackLoader:240 - Cannot read IP mode file for ITTIA_DB.I-CUBE-ITTIADB.8.9.0
2024-10-08 15:24:35,940 [WARN] PackLoader:240 - Cannot read IP mode file for SEGGER.I-CUBE-embOS.1.3.1
2024-10-08 15:24:36,063 [WARN] PackLoader:240 - Cannot read IP mode file for STMicroelectronics.X-CUBE-ALGOBUILD.1.4.0
2024-10-08 15:24:36,072 [WARN] PackLoader:240 - Cannot read IP mode file for STMicroelectronics.X-CUBE-AI.9.1.0
2024-10-08 15:24:36,082 [WARN] PackLoader:240 - Cannot read IP mode file for STMicroelectronics.X-CUBE-GNSS1.6.0.0
2024-10-08 15:24:36,122 [WARN] PackLoader:240 - Cannot read IP mode file for STMicroelectronics.X-CUBE-AZRTOS-F4.1.1.0
2024-10-08 15:24:36,136 [WARN] PackLoader:240 - Cannot read IP mode file for STMicroelectronics.X-CUBE-ISPU.2.1.0
2024-10-08 15:24:36,154 [WARN] PackLoader:240 - Cannot read IP mode file for STMicroelectronics.X-CUBE-FREERTOS.1.2.0
2024-10-08 15:24:36,188 [WARN] PackLoader:240 - Cannot read IP mode file for STMicroelectronics.X-CUBE-AZRTOS-L5.2.0.0
2024-10-08 15:24:36,208 [WARN] PackLoader:240 - Cannot read IP mode file for STMicroelectronics.X-CUBE-NFC6.3.1.0
2024-10-08 15:24:36,230 [WARN] PackLoader:240 - Cannot read IP mode file for STMicroelectronics.X-CUBE-DPower.1.2.0
2024-10-08 15:24:36,238 [WARN] PackLoader:240 - Cannot read IP mode file for STMicroelectronics.X-CUBE-AI.9.0.0
2024-10-08 15:24:36,244 [WARN] PackLoader:240 - Cannot read IP mode file for STMicroelectronics.X-CUBE-NFC7.1.0.1
2024-10-08 15:24:36,277 [WARN] ConditionMgr:438 - getConditionDescription Invalid condition id : LAN8742 Phy interface Condition cause : null
2024-10-08 15:24:36,279 [WARN] PackLoader:240 - Cannot read IP mode file for STMicroelectronics.X-CUBE-AZRTOS-L4.2.0.0
2024-10-08 15:24:36,286 [WARN] ConditionMgr:1039 - genDependencies : Invalid condition id : LAN8742 Phy interface Condition cause : null
2024-10-08 15:24:36,288 [WARN] ConditionMgr:1039 - genDependencies : Invalid condition id : LAN8742 Phy interface Condition cause : null
2024-10-08 15:24:36,290 [WARN] ConditionMgr:1039 - genDependencies : Invalid condition id : LAN8742 Phy interface Condition cause : null
2024-10-08 15:24:36,308 [WARN] PackLoader:240 - Cannot read IP mode file for STMicroelectronics.X-CUBE-SFXS2LP1.4.0.0
2024-10-08 15:24:36,369 [WARN] PackLoader:240 - Cannot read IP mode file for STMicroelectronics.X-CUBE-AZRTOS-H7.3.3.0
2024-10-08 15:24:36,494 [WARN] PackLoader:240 - Cannot read IP mode file for STMicroelectronics.X-CUBE-IPS.3.0.0
2024-10-08 15:24:36,573 [WARN] ConditionMgr:438 - getConditionDescription Invalid condition id : UX DEVICE CLASS RTOS Condition cause : null
2024-10-08 15:24:36,574 [WARN] ConditionMgr:438 - getConditionDescription Invalid condition id : UX DEVICE CLASS RTOS Condition cause : null
2024-10-08 15:24:36,580 [WARN] PackLoader:240 - Cannot read IP mode file for STMicroelectronics.X-CUBE-AZRTOS-WB.2.0.0
2024-10-08 15:24:36,582 [WARN] ConditionMgr:1039 - genDependencies : Invalid condition id : UX DEVICE CLASS RTOS Condition cause : null
2024-10-08 15:24:36,582 [WARN] ConditionMgr:1039 - genDependencies : Invalid condition id : UX DEVICE CLASS RTOS Condition cause : null
2024-10-08 15:24:36,583 [WARN] ConditionMgr:1039 - genDependencies : Invalid condition id : UX DEVICE CLASS RTOS Condition cause : null
2024-10-08 15:24:36,584 [WARN] ConditionMgr:1039 - genDependencies : Invalid condition id : UX DEVICE CLASS RTOS Condition cause : null
2024-10-08 15:24:36,584 [WARN] ConditionMgr:1039 - genDependencies : Invalid condition id : UX DEVICE CLASS RTOS Condition cause : null
2024-10-08 15:24:36,610 [WARN] PackLoader:240 - Cannot read IP mode file for STMicroelectronics.X-CUBE-GNSS1.7.0.0
2024-10-08 15:24:36,644 [WARN] PackLoader:240 - Cannot read IP mode file for STMicroelectronics.FP-SNS-STBOX1.2.0.0
2024-10-08 15:24:36,679 [WARN] PackLoader:240 - Cannot read IP mode file for STMicroelectronics.X-CUBE-SUBG2.5.0.0
2024-10-08 15:24:36,701 [WARN] PackLoader:240 - Cannot read IP mode file for Cesanta.I-CUBE-Mongoose.7.13.0
2024-10-08 15:24:36,731 [WARN] PackLoader:240 - Cannot read IP mode file for STMicroelectronics.X-CUBE-AZRTOS-G4.2.0.0
2024-10-08 15:24:36,742 [WARN] PackLoader:240 - Cannot read IP mode file for STMicroelectronics.X-CUBE-ISPU.2.0.0
2024-10-08 15:24:36,748 [WARN] PackLoader:240 - Cannot read IP mode file for STMicroelectronics.X-CUBE-ALS.1.0.2
2024-10-08 15:24:36,763 [WARN] PackLoader:240 - Cannot read IP mode file for STMicroelectronics.X-CUBE-TOUCHGFX.4.24.0
2024-10-08 15:24:36,766 [WARN] PackLoader:240 - Cannot read IP mode file for STMicroelectronics.X-CUBE-TOUCHGFX.4.24.1
2024-10-08 15:24:36,772 [WARN] PackLoader:240 - Cannot read IP mode file for wolfSSL.I-CUBE-wolfTPM.3.4.0
2024-10-08 15:24:36,783 [WARN] PackLoader:240 - Cannot read IP mode file for portGmbH.I-Cube-SoM-uGOAL.1.1.0
2024-10-08 15:24:36,836 [WARN] PackLoader:240 - Cannot read IP mode file for STMicroelectronics.X-CUBE-AZRTOS-H7RS.1.0.0
2024-10-08 15:24:36,850 [WARN] PackLoader:240 - Cannot read IP mode file for STMicroelectronics.FP-ATR-ASTRA1.2.0.0
2024-10-08 15:24:36,888 [WARN] PackLoader:240 - Cannot read IP mode file for STMicroelectronics.X-CUBE-TOF1.3.4.2
2024-10-08 15:24:37,025 [WARN] PackLoader:240 - Cannot read IP mode file for Infineon.AIROC-Wi-Fi-Bluetooth-STM32.1.6.1
2024-10-08 15:24:37,079 [WARN] PackLoader:240 - Cannot read IP mode file for wolfSSL.I-CUBE-wolfSSH.1.4.17
2024-10-08 15:24:37,107 [INFO] ThirdParty:978 - Integrity check success = true
2024-10-08 15:24:37,108 [INFO] IntegrityCheckThread:100 - exiting critical section [integrity check]
2024-10-08 15:24:37,108 [INFO] IntegrityCheckThread:103 - End integrity checks thread
2024-10-08 15:24:37,706 [INFO] WebApp:167 - Instantiating new browser for Auth
2024-10-08 15:24:40,214 [INFO] WebApp:448 - Apply proxy settings
2024-10-08 15:24:40,243 [INFO] WebApp:493 - Chromium authenticates against Manually configured proxy
2024-10-08 15:24:40,281 [INFO] WebApp:501 - Username used for proxy authentication: 
2024-10-08 15:24:40,391 [INFO] WebApp:869 - Register for checkConnection events
2024-10-08 15:24:40,392 [INFO] WebApp:448 - Apply proxy settings
2024-10-08 15:24:40,399 [INFO] WebApp:493 - Chromium authenticates against Manually configured proxy
2024-10-08 15:24:40,403 [INFO] WebApp:501 - Username used for proxy authentication: 
2024-10-08 15:24:40,670 [INFO] WebApp:220 - Starting web application
2024-10-08 15:24:40,670 [INFO] WebApp:578 - Web application path used /Applications/STM32CubeIDE.app/Contents/Eclipse/plugins/com.st.stm32cube.common.mx_6.12.0.202406281431/db/plugins/mcufinder/reactClient1/index.html
2024-10-08 15:24:41,372 [INFO] WebApp:186 - Connection restablished
2024-10-08 15:24:41,561 [INFO] UserAuth:417 - Internet connection configuration mode: 1
2024-10-08 16:29:48,387 [INFO] McuFinderGlobals:63 - Set McuFinder mode to 2 (CubeIDE integrated)
2024-10-08 16:29:48,399 [INFO] MainUpdater:2873 - connection check result : 10
2024-10-08 16:29:48,400 [INFO] MainUpdater:2873 - connection check result : 10
2024-10-08 16:29:49,973 [INFO] RulesReader:64 - Compatibility file has been processed (297 Rules)
2024-10-08 16:29:49,991 [INFO] RulesReader:64 - Compatibility file has been processed (297 Rules)
2024-10-08 16:29:50,000 [INFO] MicroXplorer:468 - Change Database Path : 
2024-10-08 16:29:50,001 [INFO] MicroXplorer:498 - Change Database Version : DB.6.0.120
2024-10-08 16:29:50,009 [WARN] ThirdParty:871 - waiting for thirdparty lock release [close project]
2024-10-08 16:29:50,009 [INFO] ThirdParty:873 - entering critical section [close project]
2024-10-08 16:29:50,020 [INFO] ThirdParty:883 - exiting critical section [close project]
2024-10-08 16:29:50,026 [INFO] PinOutPanel:1561 - setPackage(No Configuration,No Configuration)
2024-10-08 16:29:50,042 [INFO] UtilMem:75 - Begin LoadConfig() Used Memory: 904380264 Bytes (1073741824)
2024-10-08 16:29:50,045 [INFO] MicroXplorer:468 - Change Database Path : 
2024-10-08 16:29:50,045 [INFO] MicroXplorer:498 - Change Database Version : DB.6.0.120
2024-10-08 16:29:50,045 [INFO] OpenFileManager:332 - Change cursor
2024-10-08 16:29:50,124 [INFO] Mcu:2032 - Initializing MCU STM32L433C(B-C)Tx STM32L433CCTx STM32L433CCT6
2024-10-08 16:29:53,027 [INFO] Context:742 - Trying to add GPIOservice into a context  which must be forbidden
2024-10-08 16:29:54,994 [INFO] RtosManager:555 - Registered RTOS mode: class=CMSIS, group=RTOS, mode=CMSIS_V1, owner=FREERTOS
2024-10-08 16:29:54,998 [INFO] RtosManager:555 - Registered RTOS mode: class=CMSIS, group=RTOS2, mode=CMSIS_V2, owner=FREERTOS
2024-10-08 16:29:54,998 [INFO] RtosManager:555 - Registered RTOS mode: class=RTOS, group=Core, mode=CMSIS_V1, owner=FREERTOS
2024-10-08 16:29:54,998 [INFO] RtosManager:555 - Registered RTOS mode: class=RTOS, group=Core, mode=CMSIS_V2, owner=FREERTOS
2024-10-08 16:29:54,999 [WARN] ModelIntegratedComponent:184 - Missing modes for component STMicroelectronics:FreeRTOS:0.0.1:STMicroelectronics:RTOS:FreeRTOS:Core:::10.2.0:
2024-10-08 16:29:55,051 [WARN] ModelIntegratedComponent:63 - No mode defined for component null
2024-10-08 16:29:55,051 [WARN] ModelIntegratedComponent:63 - No mode defined for component null
2024-10-08 16:29:55,051 [WARN] ModelIntegratedComponent:63 - No mode defined for component null
2024-10-08 16:29:55,051 [WARN] ModelIntegratedComponent:63 - No mode defined for component null
2024-10-08 16:29:55,051 [WARN] ModelIntegratedComponent:63 - No mode defined for component null
2024-10-08 16:29:55,051 [WARN] ModelIntegratedComponent:63 - No mode defined for component null
2024-10-08 16:29:55,051 [WARN] ModelIntegratedComponent:63 - No mode defined for component null
2024-10-08 16:29:55,051 [WARN] ModelIntegratedComponent:63 - No mode defined for component null
2024-10-08 16:29:55,051 [WARN] ModelIntegratedComponent:63 - No mode defined for component null
2024-10-08 16:29:55,052 [WARN] ModelIntegratedComponent:63 - No mode defined for component null
2024-10-08 16:29:55,053 [WARN] ModelIntegratedComponent:63 - No mode defined for component null
2024-10-08 16:29:55,053 [WARN] ModelIntegratedComponent:63 - No mode defined for component null
2024-10-08 16:29:55,053 [WARN] ModelIntegratedComponent:63 - No mode defined for component null
2024-10-08 16:29:55,053 [WARN] ModelIntegratedComponent:63 - No mode defined for component null
2024-10-08 16:29:55,053 [WARN] ModelIntegratedComponent:63 - No mode defined for component null
2024-10-08 16:29:55,053 [WARN] ModelIntegratedComponent:63 - No mode defined for component null
2024-10-08 16:29:55,053 [WARN] ModelIntegratedComponent:63 - No mode defined for component null
2024-10-08 16:29:55,053 [WARN] ModelIntegratedComponent:63 - No mode defined for component null
2024-10-08 16:29:55,054 [WARN] ModelIntegratedComponent:63 - No mode defined for component null
2024-10-08 16:29:55,054 [WARN] ModelIntegratedComponent:63 - No mode defined for component null
2024-10-08 16:29:55,054 [WARN] ModelIntegratedComponent:63 - No mode defined for component null
2024-10-08 16:29:55,054 [WARN] ModelIntegratedComponent:63 - No mode defined for component null
2024-10-08 16:29:55,054 [WARN] ModelIntegratedComponent:63 - No mode defined for component null
2024-10-08 16:29:55,054 [WARN] ModelIntegratedComponent:63 - No mode defined for component null
2024-10-08 16:29:55,054 [WARN] ModelIntegratedComponent:63 - No mode defined for component null
2024-10-08 16:29:55,054 [WARN] ModelIntegratedComponent:63 - No mode defined for component null
2024-10-08 16:29:55,054 [WARN] ModelIntegratedComponent:63 - No mode defined for component null
2024-10-08 16:29:55,054 [WARN] ModelIntegratedComponent:63 - No mode defined for component null
2024-10-08 16:29:55,054 [WARN] ModelIntegratedComponent:63 - No mode defined for component null
2024-10-08 16:29:55,054 [WARN] ModelIntegratedComponent:63 - No mode defined for component null
2024-10-08 16:29:55,054 [WARN] ModelIntegratedComponent:63 - No mode defined for component null
2024-10-08 16:29:55,054 [WARN] ModelIntegratedComponent:63 - No mode defined for component null
2024-10-08 16:29:55,054 [WARN] ModelIntegratedComponent:63 - No mode defined for component null
2024-10-08 16:29:55,054 [WARN] ModelIntegratedComponent:63 - No mode defined for component null
2024-10-08 16:29:55,054 [WARN] ModelIntegratedComponent:63 - No mode defined for component null
2024-10-08 16:29:55,054 [WARN] ModelPack:524 - Component already loaded: STMicroelectronics:HAL Drivers:0.0.0:STMicroelectronics:Device:STMicro_Driver:XSPI:HAL::0.0.1:HAL_XSPI
2024-10-08 16:29:55,103 [INFO] ThirdPartyModel:298 - Start build external matchings
2024-10-08 16:29:55,484 [INFO] ThirdPartyModel:316 - End build external matchings
2024-10-08 16:29:55,515 [INFO] RtosManager:919 - Current active RTOS is FREERTOS [Cortex-M4NS]
2024-10-08 16:29:56,832 [INFO] ApiDb:581 - Connected to CubeFinder SQLite database (/Users/aidancostello/.stmcufinder/plugins/mcufinder/mcu/cube-finder-db.db)
2024-10-08 16:29:56,905 [INFO] ApiDb:668 - CubeFinder database Data Model version=2.1
2024-10-08 16:29:56,906 [INFO] ApiDb:669 - CubeFinder database Configuration version=3.0.39
2024-10-08 16:29:56,909 [INFO] ApiDb:670 - CubeFinder database generation date=2024-09-16 (1726485674)
2024-10-08 16:29:56,909 [INFO] ApiDb:671 - CubeFinder database FW Pack versions=[FP-ATR-ASTRA1_V2.0.0, FP-SNS-FLIGHT1_V5.0.2, FP-SNS-MOTENV1_V5.0.0, FP-SNS-MOTENVWB1_V1.4.0, FP-SNS-SMARTAG2_V1.2.0, FP-SNS-STBOX1_V2.0.0, STM32Cube_FW_C0_V1.2.0, STM32Cube_FW_F4_V1.28.1, STM32Cube_FW_F7_V1.17.2, STM32Cube_FW_G0_V1.6.2, STM32Cube_FW_G4_V1.6.0, STM32Cube_FW_H5_V1.3.0, STM32Cube_FW_H7RS_V1.1.0, STM32Cube_FW_H7_V1.11.2, STM32Cube_FW_L0_V1.12.2, STM32Cube_FW_L5_V1.5.1, STM32Cube_FW_U0_V1.1.0, STM32Cube_FW_U5_V1.6.0, STM32Cube_FW_WB0_V1.0.0, STM32Cube_FW_WBA_V1.4.1, STM32Cube_FW_WB_V1.20.0, STM32Cube_FW_WL_V1.3.0, X-CUBE-ALGOBUILD_V1.4.0, X-CUBE-ALS_V1.0.2, X-CUBE-AZRTOS-F4_V1.1.0, X-CUBE-AZRTOS-F7_V1.1.0, X-CUBE-AZRTOS-G0_V1.1.0, X-CUBE-AZRTOS-G4_V2.0.0, X-CUBE-AZRTOS-H7RS_V1.0.0, X-CUBE-AZRTOS-H7_V3.2.0, X-CUBE-AZRTOS-L4_V2.0.0, X-CUBE-AZRTOS-L5_V2.0.0, X-CUBE-AZRTOS-WB_V2.0.0, X-CUBE-AZRTOS-WL_V2.0.0, X-CUBE-BLE1_V7.0.0, X-CUBE-BLE2_V3.3.0, X-CUBE-BLEMGR_V3.1.0, X-CUBE-EEPRMA1_V5.1.0, X-CUBE-FREERTOS_V1.2.0, X-CUBE-GNSS1_V6.0.0, X-CUBE-MEMS1_V11.0.0, X-CUBE-NFC4_V3.0.0, X-CUBE-NFC7_V1.0.1, X-CUBE-SFXS2LP1_V4.0.0, X-CUBE-SUBG2_V5.0.0, X-CUBE-TOF1_V3.4.2]
2024-10-08 16:29:57,028 [INFO] DbBoardsSqlite:226 - include board P-NUCLEO-WB55-NUCLEO as a kit item of type 'Nucleo-64'
2024-10-08 16:29:57,029 [INFO] DbBoardsSqlite:226 - include board P-NUCLEO-WB55-USBDONGLE as a kit item of type 'Nucleo USB Dongle'
2024-10-08 16:29:57,030 [INFO] DbBoardsSqlite:226 - include board STEVAL-IDP005V1 as a kit item of type 'Evaluation Board'
2024-10-08 16:29:57,031 [INFO] DbBoardsSqlite:226 - include board STEVAL-IDP005V2 as a kit item of type 'Evaluation Board'
2024-10-08 16:29:57,172 [INFO] ApiDb:240 - Found 646 in-development CPN: [B-G473E-ZEST1S, B-WB1M-WPAN1, B-WL5M-SUBG1, NUCLEO-C031C6, NUCLEO-C071RB, NUCLEO-H503RB, NUCLEO-H533RE, NUCLEO-H563ZI, NUCLEO-H7S3L8, NUCLEO-U031R8, NUCLEO-U083RC, NUCLEO-U545RE-Q, NUCLEO-U5A5ZJ-Q, NUCLEO-WB05KZ, NUCLEO-WB07CC, NUCLEO-WB09KE, NUCLEO-WBA52CG, NUCLEO-WBA55CG, STEVAL-PROTEUS1, STEVAL-SMARTAG2, STEVAL-STWINBX1, STM320518-EVAL, STM32C0116-DK, STM32C011D6Y3TR, STM32C011D6Y6TR, STM32C011F4P3, STM32C011F4P6, STM32C011F4U3, STM32C011F4U6TR, STM32C011F6P3, STM32C011F6P6, STM32C011F6U3, STM32C011F6U6TR, STM32C011J4M3, STM32C011J4M6, STM32C011J6M3, STM32C011J6M6, STM32C0316-DK, STM32C031C4T3, STM32C031C4T6, STM32C031C4U3, STM32C031C4U6, STM32C031C6T3, STM32C031C6T6, STM32C031C6U3, STM32C031C6U6, STM32C031F4P3, STM32C031F4P6, STM32C031F6P3, STM32C031F6P6, STM32C031G4U3, STM32C031G4U6, STM32C031G6U3, STM32C031G6U6, STM32C031K4T3, STM32C031K4T6, STM32C031K4U3, STM32C031K4U6, STM32C031K6T3, STM32C031K6T6, STM32C031K6U3, STM32C031K6U6, STM32C071C8T6, STM32C071C8T6N, STM32C071C8U6, STM32C071C8U6N, STM32C071CBT6, STM32C071CBT6N, STM32C071CBU6, STM32C071CBU6N, STM32C071F8P6, STM32C071F8P6N, STM32C071FBP6, STM32C071FBP6N, STM32C071FBY6TR, STM32C071G8U6, STM32C071G8U6N, STM32C071GBU6, STM32C071GBU6N, STM32C071K8T6, STM32C071K8T6N, STM32C071K8U6, STM32C071K8U6N, STM32C071KBT6, STM32C071KBT6N, STM32C071KBU6, STM32C071KBU6N, STM32C071R8T6, STM32C071R8T6N, STM32C071RBI6N, STM32C071RBT6, STM32C071RBT6N, STM32G071K8TXN, STM32G071K8UXN, STM32G081GBU6N, STM32G081KBT6N, STM32G081KBUXN, STM32G0B1CCT6N, STM32G0B1KCT6, STM32G0B1NEY6TR, STM32G0B1RCT6N, STM32G0C1CCT6, STM32G0C1CCT6N, STM32G0C1CCU6N, STM32G0C1CET6N, STM32G0C1CEU6N, STM32G0C1KCT6, STM32G0C1NEY6TR, STM32G0C1RCI6N, STM32G0C1RCT6N, STM32G0C1REI6N, STM32G0C1RET6N, STM32G0C1VCI6, STM32G0C1VEI6, STM32G411C6T3, STM32G411C6T6, STM32G411C6U3, STM32G411C6U6, STM32G411C8T3, STM32G411C8T6, STM32G411C8U3, STM32G411C8U6, STM32G411CBT3, STM32G411CBT6, STM32G411CBU3, STM32G411CBU6, STM32G411K6T3, STM32G411K6T6, STM32G411K6U3, STM32G411K6U6, STM32G411K8T3, STM32G411K8T6, STM32G411K8U3, STM32G411K8U6, STM32G411KBT3, STM32G411KBT6, STM32G411KBU3, STM32G411KBU6, STM32G411M6T3, STM32G411M6T6, STM32G411M8T3, STM32G411M8T6, STM32G411MBT3, STM32G411MBT6, STM32G411R6T3, STM32G411R6T6, STM32G411R8T3, STM32G411R8T6, STM32G411RBT3, STM32G411RBT6, STM32G414CBT3, STM32G414CBT6, STM32G414CBU3, STM32G414CBU6, STM32G414CCT3, STM32G414CCT6, STM32G414CCU3, STM32G414CCU6, STM32G414MBT3, STM32G414MBT6, STM32G414MCT3, STM32G414MCT6, STM32G414RBT3, STM32G414RBT6, STM32G414RCT3, STM32G414RCT6, STM32G414VBT3, STM32G414VBT6, STM32G414VCT3, STM32G414VCT6, STM32G431CBT3Z, STM32G431RBT3Z, STM32G471CCT6, STM32G471CCU6, STM32G471CET3, STM32G471CET6, STM32G471CEU3, STM32G471CEU6, STM32G471MCT6, STM32G471MET3, STM32G471MET6, STM32G471MEY6TR, STM32G471QCT6, STM32G471QET3, STM32G471RCT6, STM32G471RET3, STM32G471RET6, STM32G471VCH6, STM32G471VCI6, STM32G471VCT6, STM32G471VEH3, STM32G471VEH6, STM32G471VEI3, STM32G471VEI6, STM32G471VET3, STM32G471VET6, STM32G473QET3Z, STM32G473RET3Z, STM32G474CCT6, STM32G491RET3Z, STM32H503CBT6, STM32H503CBU6, STM32H503EBY6TR, STM32H503KBU6, STM32H503RBT6, STM32H523CCT6, STM32H523CCU6, STM32H523CET6, STM32H523CEU6, STM32H523HEY6TR, STM32H523RCT6, STM32H523RET6, STM32H523VCI6, STM32H523VCT6, STM32H523VEI6, STM32H523VET6, STM32H523ZCJ6, STM32H523ZCT6, STM32H523ZEJ6, STM32H523ZET6, STM32H533CET6, STM32H533CEU6, STM32H533HEY6TR, STM32H533RET6, STM32H533VEI6, STM32H533VET6, STM32H533ZEJ6, STM32H533ZET6, STM32H562AGI6, STM32H562AII6, STM32H562IGK6, STM32H562IGT6, STM32H562IIK6, STM32H562IIT6, STM32H562RGT6, STM32H562RGV6, STM32H562RIT6, STM32H562RIV6, STM32H562VGT6, STM32H562VIT6, STM32H562ZGT6, STM32H562ZIT6, STM32H563AGI6, STM32H563AII3Q, STM32H563AII6, STM32H563IGK6, STM32H563IGT6, STM32H563IIK3Q, STM32H563IIK6, STM32H563IIT3Q, STM32H563IIT6, STM32H563MIY3QTR, STM32H563RGT6, STM32H563RGV6, STM32H563RIT6, STM32H563RIV6, STM32H563VGT6, STM32H563VIT3Q, STM32H563VIT6, STM32H563ZGT6, STM32H563ZIT3Q, STM32H563ZIT6, STM32H573AII3Q, STM32H573AII6, STM32H573I-DK, STM32H573IIK3Q, STM32H573IIK6, STM32H573IIT3Q, STM32H573IIT6, STM32H573MIY3QTR, STM32H573RIT6, STM32H573RIV6, STM32H573VIT3Q, STM32H573VIT6, STM32H573ZIT3Q, STM32H573ZIT6, STM32H7R3A8I6, STM32H7R3I8K6, STM32H7R3I8T6, STM32H7R3L8H6, STM32H7R3L8H6H, STM32H7R3R8V6, STM32H7R3V8H6, STM32H7R3V8T6, STM32H7R3V8Y6TR, STM32H7R3Z8J6, STM32H7R3Z8T6, STM32H7R7A8I6, STM32H7R7I8K6, STM32H7R7I8T6, STM32H7R7L8H6, STM32H7R7L8H6H, STM32H7R7Z8J6, STM32H7S3A8I6, STM32H7S3I8K6, STM32H7S3I8T6, STM32H7S3L8H6, STM32H7S3L8H6H, STM32H7S3R8V6, STM32H7S3V8H6, STM32H7S3V8T6, STM32H7S3V8Y6TR, STM32H7S3Z8J6, STM32H7S3Z8T6, STM32H7S78-DK, STM32H7S7A8I6, STM32H7S7I8K6, STM32H7S7I8T6, STM32H7S7L8H6, STM32H7S7L8H6H, STM32H7S7Z8J6, STM32L4R5QGI6STR, STM32MP131AAE3, STM32MP131AAF3, STM32MP131AAG3, STM32MP131CAE3, STM32MP131CAF3, STM32MP131CAG3, STM32MP131DAE7, STM32MP131DAF7, STM32MP131DAG7, STM32MP131FAE7, STM32MP131FAF7, STM32MP131FAG7, STM32MP133AAE3, STM32MP133AAF3, STM32MP133AAG3, STM32MP133CAE3, STM32MP133CAF3, STM32MP133CAG3, STM32MP133DAE7, STM32MP133DAF7, STM32MP133DAG7, STM32MP133FAE7, STM32MP133FAF7, STM32MP133FAG7, STM32MP135AAE3, STM32MP135AAF3, STM32MP135AAG3, STM32MP135CAE3, STM32MP135CAF3, STM32MP135CAG3, STM32MP135DAE7, STM32MP135DAF7, STM32MP135DAG7, STM32MP135F-DK, STM32MP135FAE7, STM32MP135FAF7, STM32MP135FAF7T, STM32MP135FAF7U, STM32MP135FAG7, STM32MP251AAI3, STM32MP251AAK3, STM32MP251AAL3, STM32MP251CAI3, STM32MP251CAK3, STM32MP251CAL3, STM32MP251DAI3, STM32MP251DAK3, STM32MP251DAL3, STM32MP251FAI3, STM32MP251FAK3, STM32MP251FAL3, STM32MP253AAI3, STM32MP253AAK3, STM32MP253AAL3, STM32MP253CAI3, STM32MP253CAK3, STM32MP253CAL3, STM32MP253DAI3, STM32MP253DAK3, STM32MP253DAL3, STM32MP253FAI3, STM32MP253FAK3, STM32MP253FAL3, STM32MP255AAI3, STM32MP255AAK3, STM32MP255AAL3, STM32MP255CAI3, STM32MP255CAK3, STM32MP255CAL3, STM32MP255DAI3, STM32MP255DAK3, STM32MP255DAL3, STM32MP255FAI3, STM32MP255FAK3, STM32MP255FAL3, STM32MP257AAI3, STM32MP257AAK3, STM32MP257AAL3, STM32MP257CAI3, STM32MP257CAK3, STM32MP257CAL3, STM32MP257DAI3, STM32MP257DAK3, STM32MP257DAL3, STM32MP257F-DK, STM32MP257F-EV1, STM32MP257FAI3, STM32MP257FAK3, STM32MP257FAL3, STM32U031C6T6, STM32U031C6U6, STM32U031C8T6, STM32U031C8U6, STM32U031F4P6, STM32U031F6P6, STM32U031F8P6, STM32U031G6Y6TR, STM32U031G8Y6TR, STM32U031K4U6, STM32U031K6U6, STM32U031K8U6, STM32U031R6I6, STM32U031R6T6, STM32U031R8I6, STM32U031R8T6, STM32U073C8T6, STM32U073C8U6, STM32U073CBT6, STM32U073CBU6, STM32U073CCT6, STM32U073CCU6, STM32U073H8Y6TR, STM32U073HBY6TR, STM32U073HCY6TR, STM32U073K8U6, STM32U073KBU6, STM32U073KCU6, STM32U073M8I6, STM32U073M8T6, STM32U073MBI6, STM32U073MBT6, STM32U073MCI6, STM32U073MCT6, STM32U073R8I6, STM32U073R8T6, STM32U073RBI6, STM32U073RBT6, STM32U073RCI6, STM32U073RCT6, STM32U083C-DK, STM32U083CCT6, STM32U083CCU6, STM32U083HCY6TR, STM32U083KCU6, STM32U083MCI6, STM32U083MCT6, STM32U083RCI6, STM32U083RCT6, STM32U535CBT6, STM32U535CBT6Q, STM32U535CBU6, STM32U535CBU6Q, STM32U535CCT6, STM32U535CCT6Q, STM32U535CCU6, STM32U535CCU6Q, STM32U535CET6, STM32U535CET6Q, STM32U535CEU6, STM32U535CEU6Q, STM32U535JEY6QTR, STM32U535NCY6QTR, STM32U535NEY6QTR, STM32U535RBI6, STM32U535RBI6Q, STM32U535RBT6, STM32U535RBT6Q, STM32U535RCI6, STM32U535RCI6Q, STM32U535RCT6, STM32U535RCT6Q, STM32U535REI6, STM32U535REI6Q, STM32U535RET6, STM32U535RET6Q, STM32U535VCI6, STM32U535VCI6Q, STM32U535VCT6, STM32U535VCT6Q, STM32U535VEI6, STM32U535VEI6Q, STM32U535VET6, STM32U535VET6Q, STM32U545CET6, STM32U545CET6Q, STM32U545CEU6, STM32U545CEU6Q, STM32U545JEY6QTR, STM32U545NEY6QTR, STM32U545REI6, STM32U545REI6Q, STM32U545RET6, STM32U545RET6Q, STM32U545VEI6, STM32U545VEI6Q, STM32U545VET6, STM32U545VET6Q, STM32U595AIH6, STM32U595AIH6Q, STM32U595AJH6, STM32U595AJH6Q, STM32U595QII6, STM32U595QII6Q, STM32U595QJI6, STM32U595QJI6Q, STM32U595RIT6, STM32U595RIT6Q, STM32U595RJT6, STM32U595RJT6Q, STM32U595VIT6, STM32U595VIT6Q, STM32U595VJT6, STM32U595VJT6Q, STM32U595ZIT6, STM32U595ZIT6Q, STM32U595ZIY6QTR, STM32U595ZJT6, STM32U595ZJT6Q, STM32U595ZJY6QTR, STM32U599BJY6QTR, STM32U599NIH6Q, STM32U599NJH6Q, STM32U599VIT6Q, STM32U599VJT6, STM32U599VJT6Q, STM32U599ZIT6Q, STM32U599ZIY6QTR, STM32U599ZJT6Q, STM32U599ZJY6QTR, STM32U5A5AJH6, STM32U5A5AJH6Q, STM32U5A5QII3Q , STM32U5A5QJI6, STM32U5A5QJI6Q, STM32U5A5RJT6, STM32U5A5RJT6Q, STM32U5A5VJT6, STM32U5A5VJT6Q, STM32U5A5ZJT6, STM32U5A5ZJT6Q, STM32U5A5ZJY6QTR, STM32U5A9BJY6QTR, STM32U5A9J-DK, STM32U5A9NJH6Q, STM32U5A9VJT6Q, STM32U5A9ZJT6Q, STM32U5A9ZJY6QTR, STM32U5F7VIT6, STM32U5F7VIT6Q, STM32U5F7VJT6, STM32U5F7VJT6Q, STM32U5F9BJY6QTR, STM32U5F9NJH6Q, STM32U5F9VIT6Q, STM32U5F9VJT6Q, STM32U5F9ZIJ6QTR, STM32U5F9ZIT6Q, STM32U5F9ZJJ6QTR, STM32U5F9ZJT6Q, STM32U5G7VJT6, STM32U5G7VJT6Q, STM32U5G9BJY6QTR, STM32U5G9J-DK1, STM32U5G9J-DK2, STM32U5G9NJH6Q, STM32U5G9VJT6Q, STM32U5G9ZJJ6QTR, STM32U5G9ZJT6Q, STM32WB05KZV6TR, STM32WB05KZV7TR, STM32WB05TZF6TR, STM32WB05TZF7TR, STM32WB06CCF6TR, STM32WB06CCF7TR, STM32WB06CCV6TR, STM32WB06CCV7TR, STM32WB06KCV6TR, STM32WB06KCV7TR, STM32WB07CCF6TR, STM32WB07CCF7TR, STM32WB07CCV6TR, STM32WB07CCV7TR, STM32WB07KCV6TR, STM32WB07KCV7TR, STM32WB09KEV6TR, STM32WB09KEV7TR, STM32WB09TEF6TR, STM32WB09TEF7TR, STM32WB1MMCH6, STM32WBA50KGU6, STM32WBA50KGU6TR, STM32WBA52CEU6, STM32WBA52CEU6TR, STM32WBA52CEU7, STM32WBA52CEU7TR, STM32WBA52CGU6, STM32WBA52CGU6TR, STM32WBA52CGU6U, STM32WBA52CGU7, STM32WBA52CGU7TR, STM32WBA52KEU6, STM32WBA52KEU6TR, STM32WBA52KGU6, STM32WBA52KGU6TR, STM32WBA54CEU6, STM32WBA54CEU6TR, STM32WBA54CEU7, STM32WBA54CEU7TR, STM32WBA54CGU6, STM32WBA54CGU6TR, STM32WBA54CGU7, STM32WBA54CGU7TR, STM32WBA54KEU6, STM32WBA54KEU6TR, STM32WBA54KEU7, STM32WBA54KEU7TR, STM32WBA54KGU6, STM32WBA54KGU6TR, STM32WBA54KGU7, STM32WBA54KGU7TR, STM32WBA55CEU6, STM32WBA55CEU6TR, STM32WBA55CEU7, STM32WBA55CEU7TR, STM32WBA55CGU6, STM32WBA55CGU6TR, STM32WBA55CGU6U, STM32WBA55CGU7, STM32WBA55CGU7TR, STM32WBA55G-DK1, STM32WBA55HEF6, STM32WBA55HEF7, STM32WBA55HGF6, STM32WBA55HGF7, STM32WBA55UEI6, STM32WBA55UEI6TR, STM32WBA55UEI7, STM32WBA55UEI7TR, STM32WBA55UGI6, STM32WBA55UGI6TR, STM32WBA55UGI7, STM32WBA55UGI7TR, STM32WL5MOCH6, STM32WL5MOCH6TR]
2024-10-08 16:29:57,383 [INFO] BoardInfo:889 - No configuration file found for board P-NUCLEO-WB55
2024-10-08 16:29:57,384 [INFO] DbBoards:161 - Kit is not supported: P-NUCLEO-WB55
2024-10-08 16:29:57,390 [INFO] BoardInfo:889 - No configuration file found for board STEVAL-BFA001V1B
2024-10-08 16:29:57,390 [INFO] DbBoards:161 - Kit is not supported: STEVAL-BFA001V1B
2024-10-08 16:29:57,392 [INFO] BoardInfo:889 - No configuration file found for board STEVAL-BFA001V2B
2024-10-08 16:29:57,392 [INFO] DbBoards:161 - Kit is not supported: STEVAL-BFA001V2B
2024-10-08 16:29:57,564 [INFO] DbBoards:168 - Found 201 boards, 198 are supported
2024-10-08 16:29:57,565 [INFO] DbBoards:169 - Found 201 boards, 25 of them is supported for  Bsp
2024-10-08 16:29:57,570 [INFO] ApiDb:668 - CubeFinder database Data Model version=2.1
2024-10-08 16:29:57,570 [INFO] ApiDb:669 - CubeFinder database Configuration version=3.0.39
2024-10-08 16:29:57,570 [INFO] ApiDb:670 - CubeFinder database generation date=2024-09-16 (1726485674)
2024-10-08 16:29:57,571 [INFO] ApiDb:671 - CubeFinder database FW Pack versions=[FP-ATR-ASTRA1_V2.0.0, FP-SNS-FLIGHT1_V5.0.2, FP-SNS-MOTENV1_V5.0.0, FP-SNS-MOTENVWB1_V1.4.0, FP-SNS-SMARTAG2_V1.2.0, FP-SNS-STBOX1_V2.0.0, STM32Cube_FW_C0_V1.2.0, STM32Cube_FW_F4_V1.28.1, STM32Cube_FW_F7_V1.17.2, STM32Cube_FW_G0_V1.6.2, STM32Cube_FW_G4_V1.6.0, STM32Cube_FW_H5_V1.3.0, STM32Cube_FW_H7RS_V1.1.0, STM32Cube_FW_H7_V1.11.2, STM32Cube_FW_L0_V1.12.2, STM32Cube_FW_L5_V1.5.1, STM32Cube_FW_U0_V1.1.0, STM32Cube_FW_U5_V1.6.0, STM32Cube_FW_WB0_V1.0.0, STM32Cube_FW_WBA_V1.4.1, STM32Cube_FW_WB_V1.20.0, STM32Cube_FW_WL_V1.3.0, X-CUBE-ALGOBUILD_V1.4.0, X-CUBE-ALS_V1.0.2, X-CUBE-AZRTOS-F4_V1.1.0, X-CUBE-AZRTOS-F7_V1.1.0, X-CUBE-AZRTOS-G0_V1.1.0, X-CUBE-AZRTOS-G4_V2.0.0, X-CUBE-AZRTOS-H7RS_V1.0.0, X-CUBE-AZRTOS-H7_V3.2.0, X-CUBE-AZRTOS-L4_V2.0.0, X-CUBE-AZRTOS-L5_V2.0.0, X-CUBE-AZRTOS-WB_V2.0.0, X-CUBE-AZRTOS-WL_V2.0.0, X-CUBE-BLE1_V7.0.0, X-CUBE-BLE2_V3.3.0, X-CUBE-BLEMGR_V3.1.0, X-CUBE-EEPRMA1_V5.1.0, X-CUBE-FREERTOS_V1.2.0, X-CUBE-GNSS1_V6.0.0, X-CUBE-MEMS1_V11.0.0, X-CUBE-NFC4_V3.0.0, X-CUBE-NFC7_V1.0.1, X-CUBE-SFXS2LP1_V4.0.0, X-CUBE-SUBG2_V5.0.0, X-CUBE-TOF1_V3.4.2]
2024-10-08 16:29:59,509 [INFO] ApiDb:240 - Found 646 in-development CPN: [B-G473E-ZEST1S, B-WB1M-WPAN1, B-WL5M-SUBG1, NUCLEO-C031C6, NUCLEO-C071RB, NUCLEO-H503RB, NUCLEO-H533RE, NUCLEO-H563ZI, NUCLEO-H7S3L8, NUCLEO-U031R8, NUCLEO-U083RC, NUCLEO-U545RE-Q, NUCLEO-U5A5ZJ-Q, NUCLEO-WB05KZ, NUCLEO-WB07CC, NUCLEO-WB09KE, NUCLEO-WBA52CG, NUCLEO-WBA55CG, STEVAL-PROTEUS1, STEVAL-SMARTAG2, STEVAL-STWINBX1, STM320518-EVAL, STM32C0116-DK, STM32C011D6Y3TR, STM32C011D6Y6TR, STM32C011F4P3, STM32C011F4P6, STM32C011F4U3, STM32C011F4U6TR, STM32C011F6P3, STM32C011F6P6, STM32C011F6U3, STM32C011F6U6TR, STM32C011J4M3, STM32C011J4M6, STM32C011J6M3, STM32C011J6M6, STM32C0316-DK, STM32C031C4T3, STM32C031C4T6, STM32C031C4U3, STM32C031C4U6, STM32C031C6T3, STM32C031C6T6, STM32C031C6U3, STM32C031C6U6, STM32C031F4P3, STM32C031F4P6, STM32C031F6P3, STM32C031F6P6, STM32C031G4U3, STM32C031G4U6, STM32C031G6U3, STM32C031G6U6, STM32C031K4T3, STM32C031K4T6, STM32C031K4U3, STM32C031K4U6, STM32C031K6T3, STM32C031K6T6, STM32C031K6U3, STM32C031K6U6, STM32C071C8T6, STM32C071C8T6N, STM32C071C8U6, STM32C071C8U6N, STM32C071CBT6, STM32C071CBT6N, STM32C071CBU6, STM32C071CBU6N, STM32C071F8P6, STM32C071F8P6N, STM32C071FBP6, STM32C071FBP6N, STM32C071FBY6TR, STM32C071G8U6, STM32C071G8U6N, STM32C071GBU6, STM32C071GBU6N, STM32C071K8T6, STM32C071K8T6N, STM32C071K8U6, STM32C071K8U6N, STM32C071KBT6, STM32C071KBT6N, STM32C071KBU6, STM32C071KBU6N, STM32C071R8T6, STM32C071R8T6N, STM32C071RBI6N, STM32C071RBT6, STM32C071RBT6N, STM32G071K8TXN, STM32G071K8UXN, STM32G081GBU6N, STM32G081KBT6N, STM32G081KBUXN, STM32G0B1CCT6N, STM32G0B1KCT6, STM32G0B1NEY6TR, STM32G0B1RCT6N, STM32G0C1CCT6, STM32G0C1CCT6N, STM32G0C1CCU6N, STM32G0C1CET6N, STM32G0C1CEU6N, STM32G0C1KCT6, STM32G0C1NEY6TR, STM32G0C1RCI6N, STM32G0C1RCT6N, STM32G0C1REI6N, STM32G0C1RET6N, STM32G0C1VCI6, STM32G0C1VEI6, STM32G411C6T3, STM32G411C6T6, STM32G411C6U3, STM32G411C6U6, STM32G411C8T3, STM32G411C8T6, STM32G411C8U3, STM32G411C8U6, STM32G411CBT3, STM32G411CBT6, STM32G411CBU3, STM32G411CBU6, STM32G411K6T3, STM32G411K6T6, STM32G411K6U3, STM32G411K6U6, STM32G411K8T3, STM32G411K8T6, STM32G411K8U3, STM32G411K8U6, STM32G411KBT3, STM32G411KBT6, STM32G411KBU3, STM32G411KBU6, STM32G411M6T3, STM32G411M6T6, STM32G411M8T3, STM32G411M8T6, STM32G411MBT3, STM32G411MBT6, STM32G411R6T3, STM32G411R6T6, STM32G411R8T3, STM32G411R8T6, STM32G411RBT3, STM32G411RBT6, STM32G414CBT3, STM32G414CBT6, STM32G414CBU3, STM32G414CBU6, STM32G414CCT3, STM32G414CCT6, STM32G414CCU3, STM32G414CCU6, STM32G414MBT3, STM32G414MBT6, STM32G414MCT3, STM32G414MCT6, STM32G414RBT3, STM32G414RBT6, STM32G414RCT3, STM32G414RCT6, STM32G414VBT3, STM32G414VBT6, STM32G414VCT3, STM32G414VCT6, STM32G431CBT3Z, STM32G431RBT3Z, STM32G471CCT6, STM32G471CCU6, STM32G471CET3, STM32G471CET6, STM32G471CEU3, STM32G471CEU6, STM32G471MCT6, STM32G471MET3, STM32G471MET6, STM32G471MEY6TR, STM32G471QCT6, STM32G471QET3, STM32G471RCT6, STM32G471RET3, STM32G471RET6, STM32G471VCH6, STM32G471VCI6, STM32G471VCT6, STM32G471VEH3, STM32G471VEH6, STM32G471VEI3, STM32G471VEI6, STM32G471VET3, STM32G471VET6, STM32G473QET3Z, STM32G473RET3Z, STM32G474CCT6, STM32G491RET3Z, STM32H503CBT6, STM32H503CBU6, STM32H503EBY6TR, STM32H503KBU6, STM32H503RBT6, STM32H523CCT6, STM32H523CCU6, STM32H523CET6, STM32H523CEU6, STM32H523HEY6TR, STM32H523RCT6, STM32H523RET6, STM32H523VCI6, STM32H523VCT6, STM32H523VEI6, STM32H523VET6, STM32H523ZCJ6, STM32H523ZCT6, STM32H523ZEJ6, STM32H523ZET6, STM32H533CET6, STM32H533CEU6, STM32H533HEY6TR, STM32H533RET6, STM32H533VEI6, STM32H533VET6, STM32H533ZEJ6, STM32H533ZET6, STM32H562AGI6, STM32H562AII6, STM32H562IGK6, STM32H562IGT6, STM32H562IIK6, STM32H562IIT6, STM32H562RGT6, STM32H562RGV6, STM32H562RIT6, STM32H562RIV6, STM32H562VGT6, STM32H562VIT6, STM32H562ZGT6, STM32H562ZIT6, STM32H563AGI6, STM32H563AII3Q, STM32H563AII6, STM32H563IGK6, STM32H563IGT6, STM32H563IIK3Q, STM32H563IIK6, STM32H563IIT3Q, STM32H563IIT6, STM32H563MIY3QTR, STM32H563RGT6, STM32H563RGV6, STM32H563RIT6, STM32H563RIV6, STM32H563VGT6, STM32H563VIT3Q, STM32H563VIT6, STM32H563ZGT6, STM32H563ZIT3Q, STM32H563ZIT6, STM32H573AII3Q, STM32H573AII6, STM32H573I-DK, STM32H573IIK3Q, STM32H573IIK6, STM32H573IIT3Q, STM32H573IIT6, STM32H573MIY3QTR, STM32H573RIT6, STM32H573RIV6, STM32H573VIT3Q, STM32H573VIT6, STM32H573ZIT3Q, STM32H573ZIT6, STM32H7R3A8I6, STM32H7R3I8K6, STM32H7R3I8T6, STM32H7R3L8H6, STM32H7R3L8H6H, STM32H7R3R8V6, STM32H7R3V8H6, STM32H7R3V8T6, STM32H7R3V8Y6TR, STM32H7R3Z8J6, STM32H7R3Z8T6, STM32H7R7A8I6, STM32H7R7I8K6, STM32H7R7I8T6, STM32H7R7L8H6, STM32H7R7L8H6H, STM32H7R7Z8J6, STM32H7S3A8I6, STM32H7S3I8K6, STM32H7S3I8T6, STM32H7S3L8H6, STM32H7S3L8H6H, STM32H7S3R8V6, STM32H7S3V8H6, STM32H7S3V8T6, STM32H7S3V8Y6TR, STM32H7S3Z8J6, STM32H7S3Z8T6, STM32H7S78-DK, STM32H7S7A8I6, STM32H7S7I8K6, STM32H7S7I8T6, STM32H7S7L8H6, STM32H7S7L8H6H, STM32H7S7Z8J6, STM32L4R5QGI6STR, STM32MP131AAE3, STM32MP131AAF3, STM32MP131AAG3, STM32MP131CAE3, STM32MP131CAF3, STM32MP131CAG3, STM32MP131DAE7, STM32MP131DAF7, STM32MP131DAG7, STM32MP131FAE7, STM32MP131FAF7, STM32MP131FAG7, STM32MP133AAE3, STM32MP133AAF3, STM32MP133AAG3, STM32MP133CAE3, STM32MP133CAF3, STM32MP133CAG3, STM32MP133DAE7, STM32MP133DAF7, STM32MP133DAG7, STM32MP133FAE7, STM32MP133FAF7, STM32MP133FAG7, STM32MP135AAE3, STM32MP135AAF3, STM32MP135AAG3, STM32MP135CAE3, STM32MP135CAF3, STM32MP135CAG3, STM32MP135DAE7, STM32MP135DAF7, STM32MP135DAG7, STM32MP135F-DK, STM32MP135FAE7, STM32MP135FAF7, STM32MP135FAF7T, STM32MP135FAF7U, STM32MP135FAG7, STM32MP251AAI3, STM32MP251AAK3, STM32MP251AAL3, STM32MP251CAI3, STM32MP251CAK3, STM32MP251CAL3, STM32MP251DAI3, STM32MP251DAK3, STM32MP251DAL3, STM32MP251FAI3, STM32MP251FAK3, STM32MP251FAL3, STM32MP253AAI3, STM32MP253AAK3, STM32MP253AAL3, STM32MP253CAI3, STM32MP253CAK3, STM32MP253CAL3, STM32MP253DAI3, STM32MP253DAK3, STM32MP253DAL3, STM32MP253FAI3, STM32MP253FAK3, STM32MP253FAL3, STM32MP255AAI3, STM32MP255AAK3, STM32MP255AAL3, STM32MP255CAI3, STM32MP255CAK3, STM32MP255CAL3, STM32MP255DAI3, STM32MP255DAK3, STM32MP255DAL3, STM32MP255FAI3, STM32MP255FAK3, STM32MP255FAL3, STM32MP257AAI3, STM32MP257AAK3, STM32MP257AAL3, STM32MP257CAI3, STM32MP257CAK3, STM32MP257CAL3, STM32MP257DAI3, STM32MP257DAK3, STM32MP257DAL3, STM32MP257F-DK, STM32MP257F-EV1, STM32MP257FAI3, STM32MP257FAK3, STM32MP257FAL3, STM32U031C6T6, STM32U031C6U6, STM32U031C8T6, STM32U031C8U6, STM32U031F4P6, STM32U031F6P6, STM32U031F8P6, STM32U031G6Y6TR, STM32U031G8Y6TR, STM32U031K4U6, STM32U031K6U6, STM32U031K8U6, STM32U031R6I6, STM32U031R6T6, STM32U031R8I6, STM32U031R8T6, STM32U073C8T6, STM32U073C8U6, STM32U073CBT6, STM32U073CBU6, STM32U073CCT6, STM32U073CCU6, STM32U073H8Y6TR, STM32U073HBY6TR, STM32U073HCY6TR, STM32U073K8U6, STM32U073KBU6, STM32U073KCU6, STM32U073M8I6, STM32U073M8T6, STM32U073MBI6, STM32U073MBT6, STM32U073MCI6, STM32U073MCT6, STM32U073R8I6, STM32U073R8T6, STM32U073RBI6, STM32U073RBT6, STM32U073RCI6, STM32U073RCT6, STM32U083C-DK, STM32U083CCT6, STM32U083CCU6, STM32U083HCY6TR, STM32U083KCU6, STM32U083MCI6, STM32U083MCT6, STM32U083RCI6, STM32U083RCT6, STM32U535CBT6, STM32U535CBT6Q, STM32U535CBU6, STM32U535CBU6Q, STM32U535CCT6, STM32U535CCT6Q, STM32U535CCU6, STM32U535CCU6Q, STM32U535CET6, STM32U535CET6Q, STM32U535CEU6, STM32U535CEU6Q, STM32U535JEY6QTR, STM32U535NCY6QTR, STM32U535NEY6QTR, STM32U535RBI6, STM32U535RBI6Q, STM32U535RBT6, STM32U535RBT6Q, STM32U535RCI6, STM32U535RCI6Q, STM32U535RCT6, STM32U535RCT6Q, STM32U535REI6, STM32U535REI6Q, STM32U535RET6, STM32U535RET6Q, STM32U535VCI6, STM32U535VCI6Q, STM32U535VCT6, STM32U535VCT6Q, STM32U535VEI6, STM32U535VEI6Q, STM32U535VET6, STM32U535VET6Q, STM32U545CET6, STM32U545CET6Q, STM32U545CEU6, STM32U545CEU6Q, STM32U545JEY6QTR, STM32U545NEY6QTR, STM32U545REI6, STM32U545REI6Q, STM32U545RET6, STM32U545RET6Q, STM32U545VEI6, STM32U545VEI6Q, STM32U545VET6, STM32U545VET6Q, STM32U595AIH6, STM32U595AIH6Q, STM32U595AJH6, STM32U595AJH6Q, STM32U595QII6, STM32U595QII6Q, STM32U595QJI6, STM32U595QJI6Q, STM32U595RIT6, STM32U595RIT6Q, STM32U595RJT6, STM32U595RJT6Q, STM32U595VIT6, STM32U595VIT6Q, STM32U595VJT6, STM32U595VJT6Q, STM32U595ZIT6, STM32U595ZIT6Q, STM32U595ZIY6QTR, STM32U595ZJT6, STM32U595ZJT6Q, STM32U595ZJY6QTR, STM32U599BJY6QTR, STM32U599NIH6Q, STM32U599NJH6Q, STM32U599VIT6Q, STM32U599VJT6, STM32U599VJT6Q, STM32U599ZIT6Q, STM32U599ZIY6QTR, STM32U599ZJT6Q, STM32U599ZJY6QTR, STM32U5A5AJH6, STM32U5A5AJH6Q, STM32U5A5QII3Q , STM32U5A5QJI6, STM32U5A5QJI6Q, STM32U5A5RJT6, STM32U5A5RJT6Q, STM32U5A5VJT6, STM32U5A5VJT6Q, STM32U5A5ZJT6, STM32U5A5ZJT6Q, STM32U5A5ZJY6QTR, STM32U5A9BJY6QTR, STM32U5A9J-DK, STM32U5A9NJH6Q, STM32U5A9VJT6Q, STM32U5A9ZJT6Q, STM32U5A9ZJY6QTR, STM32U5F7VIT6, STM32U5F7VIT6Q, STM32U5F7VJT6, STM32U5F7VJT6Q, STM32U5F9BJY6QTR, STM32U5F9NJH6Q, STM32U5F9VIT6Q, STM32U5F9VJT6Q, STM32U5F9ZIJ6QTR, STM32U5F9ZIT6Q, STM32U5F9ZJJ6QTR, STM32U5F9ZJT6Q, STM32U5G7VJT6, STM32U5G7VJT6Q, STM32U5G9BJY6QTR, STM32U5G9J-DK1, STM32U5G9J-DK2, STM32U5G9NJH6Q, STM32U5G9VJT6Q, STM32U5G9ZJJ6QTR, STM32U5G9ZJT6Q, STM32WB05KZV6TR, STM32WB05KZV7TR, STM32WB05TZF6TR, STM32WB05TZF7TR, STM32WB06CCF6TR, STM32WB06CCF7TR, STM32WB06CCV6TR, STM32WB06CCV7TR, STM32WB06KCV6TR, STM32WB06KCV7TR, STM32WB07CCF6TR, STM32WB07CCF7TR, STM32WB07CCV6TR, STM32WB07CCV7TR, STM32WB07KCV6TR, STM32WB07KCV7TR, STM32WB09KEV6TR, STM32WB09KEV7TR, STM32WB09TEF6TR, STM32WB09TEF7TR, STM32WB1MMCH6, STM32WBA50KGU6, STM32WBA50KGU6TR, STM32WBA52CEU6, STM32WBA52CEU6TR, STM32WBA52CEU7, STM32WBA52CEU7TR, STM32WBA52CGU6, STM32WBA52CGU6TR, STM32WBA52CGU6U, STM32WBA52CGU7, STM32WBA52CGU7TR, STM32WBA52KEU6, STM32WBA52KEU6TR, STM32WBA52KGU6, STM32WBA52KGU6TR, STM32WBA54CEU6, STM32WBA54CEU6TR, STM32WBA54CEU7, STM32WBA54CEU7TR, STM32WBA54CGU6, STM32WBA54CGU6TR, STM32WBA54CGU7, STM32WBA54CGU7TR, STM32WBA54KEU6, STM32WBA54KEU6TR, STM32WBA54KEU7, STM32WBA54KEU7TR, STM32WBA54KGU6, STM32WBA54KGU6TR, STM32WBA54KGU7, STM32WBA54KGU7TR, STM32WBA55CEU6, STM32WBA55CEU6TR, STM32WBA55CEU7, STM32WBA55CEU7TR, STM32WBA55CGU6, STM32WBA55CGU6TR, STM32WBA55CGU6U, STM32WBA55CGU7, STM32WBA55CGU7TR, STM32WBA55G-DK1, STM32WBA55HEF6, STM32WBA55HEF7, STM32WBA55HGF6, STM32WBA55HGF7, STM32WBA55UEI6, STM32WBA55UEI6TR, STM32WBA55UEI7, STM32WBA55UEI7TR, STM32WBA55UGI6, STM32WBA55UGI6TR, STM32WBA55UGI7, STM32WBA55UGI7TR, STM32WL5MOCH6, STM32WL5MOCH6TR]
2024-10-08 16:29:59,516 [INFO] DbMcus:218 - Found 4252 MCUs, 4252 are supported
2024-10-08 16:29:59,518 [INFO] ApiDb:423 - Load user favorites file /Users/aidancostello/.stm32cubeide/favorites.mcus.txt: 0 item(s)
2024-10-08 16:29:59,518 [INFO] ApiDb:427 - User favorites MCUs=[]
2024-10-08 16:29:59,518 [INFO] DbMcus:224 - Set 0 / 0 favorites MCUs
2024-10-08 16:29:59,888 [INFO] ApiDb:414 - User favorites file not found: /Users/aidancostello/.stm32cubeide/favorites.boards.txt
2024-10-08 16:29:59,889 [INFO] DbBoards:198 - Set 0 / 0 favorites Boards
2024-10-08 16:29:59,968 [INFO] UtilMem:75 - End LoadConfig() Used Memory: 817212528 Bytes (1073741824)
2024-10-08 16:30:00,219 [WARN] ThirdParty:833 - waiting for thirdparty lock release [change project]
2024-10-08 16:30:00,221 [INFO] ThirdParty:835 - entering critical section [change project]
2024-10-08 16:30:00,221 [INFO] ThirdParty:1030 - CMSIS Pack Vendor :STMicroelectronics USBPD 4.1
2024-10-08 16:30:00,221 [INFO] ThirdParty:1030 - CMSIS Pack Vendor :STMicroelectronics X-CUBE-AZRTOS-H7 3.3.0
2024-10-08 16:30:00,221 [INFO] ThirdParty:1030 - CMSIS Pack Vendor :STMicroelectronics X-CUBE-NFC9 1.0.0
2024-10-08 16:30:00,221 [INFO] ThirdParty:1030 - CMSIS Pack Vendor :STMicroelectronics X-CUBE-GNSS1 6.0.0
2024-10-08 16:30:00,222 [INFO] ThirdParty:1030 - CMSIS Pack Vendor :STMicroelectronics USB_HOST 2.0.0
2024-10-08 16:30:00,222 [INFO] ThirdParty:1030 - CMSIS Pack Vendor :STMicroelectronics FP-SNS-MOTENVWB1 1.4.0
2024-10-08 16:30:00,222 [INFO] ThirdParty:1030 - CMSIS Pack Vendor :STMicroelectronics X-CUBE-AZRTOS-F4 1.1.0
2024-10-08 16:30:00,222 [INFO] ThirdParty:1030 - CMSIS Pack Vendor :STMicroelectronics LIBJPEG 8.0.0
2024-10-08 16:30:00,222 [INFO] ThirdParty:1030 - CMSIS Pack Vendor :STMicroelectronics X-CUBE-SMBUS 2.1.0
2024-10-08 16:30:00,222 [INFO] ThirdParty:1030 - CMSIS Pack Vendor :STMicroelectronics X-CUBE-WB05N 1.1.0
2024-10-08 16:30:00,222 [INFO] ThirdParty:1030 - CMSIS Pack Vendor :STMicroelectronics USB_DEVICE 3.0.0
2024-10-08 16:30:00,222 [INFO] ThirdParty:1030 - CMSIS Pack Vendor :STMicroelectronics X-CUBE-TCPP 4.1.0
2024-10-08 16:30:00,222 [INFO] ThirdParty:1030 - CMSIS Pack Vendor :STMicroelectronics X-CUBE-ISPU 2.1.0
2024-10-08 16:30:00,222 [INFO] ThirdParty:1030 - CMSIS Pack Vendor :STMicroelectronics X-CUBE-FREERTOS 1.2.0
2024-10-08 16:30:00,222 [INFO] ThirdParty:1030 - CMSIS Pack Vendor :STMicroelectronics X-CUBE-IPS 3.0.0
2024-10-08 16:30:00,222 [INFO] ThirdParty:1030 - CMSIS Pack Vendor :STMicroelectronics X-CUBE-AZRTOS-WB 2.0.0
2024-10-08 16:30:00,222 [INFO] ThirdParty:1030 - CMSIS Pack Vendor :STMicroelectronics X-CUBE-GNSS1 7.0.0
2024-10-08 16:30:00,222 [INFO] ThirdParty:1030 - CMSIS Pack Vendor :STMicroelectronics X-CUBE-AZRTOS-F7 1.1.0
2024-10-08 16:30:00,222 [INFO] ThirdParty:1030 - CMSIS Pack Vendor :STMicroelectronics X-CUBE-AZRTOS-L5 2.0.0
2024-10-08 16:30:00,222 [INFO] ThirdParty:1030 - CMSIS Pack Vendor :STMicroelectronics USB_DEVICE 2.0.0
2024-10-08 16:30:00,222 [INFO] ThirdParty:1030 - CMSIS Pack Vendor :STMicroelectronics X-CUBE-NFC6 3.1.0
2024-10-08 16:30:00,222 [INFO] ThirdParty:1030 - CMSIS Pack Vendor :STMicroelectronics FP-SNS-STBOX1 2.0.0
2024-10-08 16:30:00,222 [INFO] ThirdParty:1030 - CMSIS Pack Vendor :STMicroelectronics X-CUBE-MEMS1 11.0.0
2024-10-08 16:30:00,222 [INFO] ThirdParty:1030 - CMSIS Pack Vendor :STMicroelectronics FreeRTOS 0.0.1
2024-10-08 16:30:00,222 [INFO] ThirdParty:1030 - CMSIS Pack Vendor :STMicroelectronics X-CUBE-AZRTOS-G0 1.1.0
2024-10-08 16:30:00,222 [INFO] ThirdParty:1030 - CMSIS Pack Vendor :STMicroelectronics X-CUBE-SAFEA1 1.2.2
2024-10-08 16:30:00,222 [INFO] ThirdParty:1030 - CMSIS Pack Vendor :STMicroelectronics X-CUBE-NFC4 3.0.0
2024-10-08 16:30:00,222 [INFO] ThirdParty:1030 - CMSIS Pack Vendor :STMicroelectronics X-CUBE-DPower 1.2.0
2024-10-08 16:30:00,223 [INFO] ThirdParty:1030 - CMSIS Pack Vendor :STMicroelectronics X-CUBE-SUBG2 5.0.0
2024-10-08 16:30:00,223 [INFO] ThirdParty:1030 - CMSIS Pack Vendor :STMicroelectronics STM32_WPAN 1.0.0
2024-10-08 16:30:00,224 [INFO] ThirdParty:1030 - CMSIS Pack Vendor :EmbeddedOffice I-CUBE-FS-RTOS 1.0.1
2024-10-08 16:30:00,224 [INFO] ThirdParty:1030 - CMSIS Pack Vendor :STMicroelectronics lwIP 2.0.3
2024-10-08 16:30:00,224 [INFO] ThirdParty:1030 - CMSIS Pack Vendor :STMicroelectronics FP-SNS-FLIGHT1 5.0.2
2024-10-08 16:30:00,224 [INFO] ThirdParty:1030 - CMSIS Pack Vendor :Cesanta I-CUBE-Mongoose 7.13.0
2024-10-08 16:30:00,224 [INFO] ThirdParty:1030 - CMSIS Pack Vendor :STMicroelectronics USB_HOST 1.0.0
2024-10-08 16:30:00,224 [INFO] ThirdParty:1030 - CMSIS Pack Vendor :STMicroelectronics X-CUBE-AI 9.0.0
2024-10-08 16:30:00,224 [INFO] ThirdParty:1030 - CMSIS Pack Vendor :STMicroelectronics X-CUBE-AZRTOS-G4 2.0.0
2024-10-08 16:30:00,224 [INFO] ThirdParty:1030 - CMSIS Pack Vendor :STMicroelectronics PDM2PCM 3.1.0
2024-10-08 16:30:00,224 [INFO] ThirdParty:1030 - CMSIS Pack Vendor :STMicroelectronics PDM2PCM 3.3.0
2024-10-08 16:30:00,224 [INFO] ThirdParty:1030 - CMSIS Pack Vendor :STMicroelectronics X-CUBE-DISPLAY 3.0.0
2024-10-08 16:30:00,224 [INFO] ThirdParty:1030 - CMSIS Pack Vendor :RealThread X-CUBE-RT-Thread_Nano 4.1.1
2024-10-08 16:30:00,224 [INFO] ThirdParty:1030 - CMSIS Pack Vendor :STMicroelectronics X-CUBE-BLE1 7.0.0
2024-10-08 16:30:00,224 [INFO] ThirdParty:1030 - CMSIS Pack Vendor :STMicroelectronics FP-ATR-SIGFOX1 3.2.0
2024-10-08 16:30:00,224 [INFO] ThirdParty:1030 - CMSIS Pack Vendor :STMicroelectronics X-CUBE-NFC10 1.0.0
2024-10-08 16:30:00,224 [INFO] ThirdParty:1030 - CMSIS Pack Vendor :wolfSSL I-CUBE-wolfSSL 5.7.2
2024-10-08 16:30:00,224 [INFO] ThirdParty:1030 - CMSIS Pack Vendor :STMicroelectronics X-CUBE-ISPU 2.0.0
2024-10-08 16:30:00,224 [INFO] ThirdParty:1030 - CMSIS Pack Vendor :STMicroelectronics X-CUBE-EEPRMA1 5.1.0
2024-10-08 16:30:00,224 [INFO] ThirdParty:1030 - CMSIS Pack Vendor :STMicroelectronics HAL Drivers 0.0.0
2024-10-08 16:30:00,224 [INFO] ThirdParty:1030 - CMSIS Pack Vendor :STMicroelectronics MBEDTLS 2.16.2
2024-10-08 16:30:00,224 [INFO] ThirdParty:1030 - CMSIS Pack Vendor :STMicroelectronics X-CUBE-ALS 1.0.2
2024-10-08 16:30:00,225 [INFO] ThirdParty:1030 - CMSIS Pack Vendor :emotas I-CUBE-CANOPEN 1.3.0
2024-10-08 16:30:00,225 [INFO] ThirdParty:1030 - CMSIS Pack Vendor :STMicroelectronics X-CUBE-NFC7 1.0.1
2024-10-08 16:30:00,225 [INFO] ThirdParty:1030 - CMSIS Pack Vendor :STMicroelectronics MBEDTLS 2.14.1
2024-10-08 16:30:00,225 [INFO] ThirdParty:1030 - CMSIS Pack Vendor :STMicroelectronics X-CUBE-TOUCHGFX 4.24.0
2024-10-08 16:30:00,225 [INFO] ThirdParty:1030 - CMSIS Pack Vendor :ITTIA_DB I-CUBE-ITTIADB 8.9.0
2024-10-08 16:30:00,225 [INFO] ThirdParty:1030 - CMSIS Pack Vendor :STMicroelectronics X-CUBE-TOUCHGFX 4.24.1
2024-10-08 16:30:00,225 [INFO] ThirdParty:1030 - CMSIS Pack Vendor :wolfSSL I-CUBE-wolfTPM 3.4.0
2024-10-08 16:30:00,225 [INFO] ThirdParty:1030 - CMSIS Pack Vendor :portGmbH I-Cube-SoM-uGOAL 1.1.0
2024-10-08 16:30:00,225 [INFO] ThirdParty:1030 - CMSIS Pack Vendor :STMicroelectronics X-CUBE-BLEMGR 3.1.0
2024-10-08 16:30:00,225 [INFO] ThirdParty:1030 - CMSIS Pack Vendor :STMicroelectronics ThreadX 1.0.0
2024-10-08 16:30:00,225 [INFO] ThirdParty:1030 - CMSIS Pack Vendor :STMicroelectronics FP-SNS-SMARTAG2 1.2.0
2024-10-08 16:30:00,225 [INFO] ThirdParty:1030 - CMSIS Pack Vendor :STMicroelectronics X-CUBE-AZRTOS-WL 2.0.0
2024-10-08 16:30:00,225 [INFO] ThirdParty:1030 - CMSIS Pack Vendor :SEGGER I-CUBE-embOS 1.3.1
2024-10-08 16:30:00,225 [INFO] ThirdParty:1030 - CMSIS Pack Vendor :STMicroelectronics X-CUBE-ALGOBUILD 1.4.0
2024-10-08 16:30:00,225 [INFO] ThirdParty:1030 - CMSIS Pack Vendor :STMicroelectronics FP-SNS-MOTENV1 5.0.0
2024-10-08 16:30:00,225 [INFO] ThirdParty:1030 - CMSIS Pack Vendor :STMicroelectronics USB_DEVICE 1.0.0
2024-10-08 16:30:00,226 [INFO] ThirdParty:1030 - CMSIS Pack Vendor :STMicroelectronics X-CUBE-AZRTOS-H7RS 1.0.0
2024-10-08 16:30:00,226 [INFO] ThirdParty:1030 - CMSIS Pack Vendor :wolfSSL I-CUBE-wolfMQTT 1.19.0
2024-10-08 16:30:00,226 [INFO] ThirdParty:1030 - CMSIS Pack Vendor :STMicroelectronics X-CUBE-AZRTOS-L4 2.0.0
2024-10-08 16:30:00,226 [INFO] ThirdParty:1030 - CMSIS Pack Vendor :STMicroelectronics ThreadX 0.0.2
2024-10-08 16:30:00,226 [INFO] ThirdParty:1030 - CMSIS Pack Vendor :WES I-CUBE-Cesium 1.3.0
2024-10-08 16:30:00,226 [INFO] ThirdParty:1030 - CMSIS Pack Vendor :STMicroelectronics FP-ATR-ASTRA1 2.0.0
2024-10-08 16:30:00,226 [INFO] ThirdParty:1030 - CMSIS Pack Vendor :STMicroelectronics lwIP 2.1.2
2024-10-08 16:30:00,226 [INFO] ThirdParty:1030 - CMSIS Pack Vendor :STMicroelectronics X-CUBE-SFXS2LP1 4.0.0
2024-10-08 16:30:00,226 [INFO] ThirdParty:1030 - CMSIS Pack Vendor :STMicroelectronics X-CUBE-BLE2 3.3.0
2024-10-08 16:30:00,226 [INFO] ThirdParty:1030 - CMSIS Pack Vendor :STMicroelectronics X-CUBE-TOF1 3.4.2
2024-10-08 16:30:00,227 [INFO] ThirdParty:1030 - CMSIS Pack Vendor :STMicroelectronics X-CUBE-AI 9.1.0
2024-10-08 16:30:00,227 [INFO] ThirdParty:1030 - CMSIS Pack Vendor :Infineon AIROC-Wi-Fi-Bluetooth-STM32 1.6.1
2024-10-08 16:30:00,227 [INFO] ThirdParty:1030 - CMSIS Pack Vendor :STMicroelectronics PDM2PCM 3.2.0
2024-10-08 16:30:00,227 [INFO] ThirdParty:1030 - CMSIS Pack Vendor :wolfSSL I-CUBE-wolfSSH 1.4.17
2024-10-08 16:30:00,232 [INFO] ThirdParty:841 - exiting critical section [change project]
2024-10-08 16:30:01,582 [INFO] PinOutPanel:1561 - setPackage(No Configuration,No Configuration)
2024-10-08 16:30:01,593 [INFO] PinOutPanel:1561 - setPackage(STM32L433CCTx,LQFP48)
2024-10-08 16:30:03,270 [INFO] UtilMem:75 - Before build in PCC Used Memory: 737530368 Bytes (1073741824)
2024-10-08 16:30:05,078 [INFO] UtilMem:75 - After build in PCC Used Memory: 700440576 Bytes (1073741824)
2024-10-08 16:30:05,284 [INFO] ApiDbMcu:508 - Load IP Config File for FREERTOS
2024-10-08 16:30:05,442 [INFO] IPUIPlugin:80 - create IPUIPlugin
2024-10-08 16:30:05,445 [INFO] IPUIPlugin:80 - create IPUIPlugin
2024-10-08 16:30:05,446 [INFO] IPUIPlugin:80 - create IPUIPlugin
2024-10-08 16:30:05,446 [INFO] IPUIPlugin:80 - create IPUIPlugin
2024-10-08 16:30:05,447 [INFO] IPUIPlugin:80 - create IPUIPlugin
2024-10-08 16:30:05,447 [INFO] IPUIPlugin:80 - create IPUIPlugin
2024-10-08 16:30:05,447 [INFO] IPUIPlugin:80 - create IPUIPlugin
2024-10-08 16:30:05,448 [INFO] IPUIPlugin:80 - create IPUIPlugin
2024-10-08 16:30:05,448 [INFO] IPUIPlugin:80 - create IPUIPlugin
2024-10-08 16:30:05,448 [INFO] IPUIPlugin:80 - create IPUIPlugin
2024-10-08 16:30:05,448 [INFO] IPUIPlugin:80 - create IPUIPlugin
2024-10-08 16:30:05,448 [INFO] IPUIPlugin:80 - create IPUIPlugin
2024-10-08 16:30:05,449 [INFO] IPUIPlugin:80 - create IPUIPlugin
2024-10-08 16:30:05,449 [INFO] IPUIPlugin:80 - create IPUIPlugin
2024-10-08 16:30:05,449 [INFO] IPUIPlugin:80 - create IPUIPlugin
2024-10-08 16:30:05,458 [INFO] IPUIPlugin:80 - create IPUIPlugin
2024-10-08 16:30:05,459 [INFO] IPUIPlugin:80 - create IPUIPlugin
2024-10-08 16:30:05,459 [INFO] IPUIPlugin:80 - create IPUIPlugin
2024-10-08 16:30:05,460 [INFO] IPUIPlugin:80 - create IPUIPlugin
2024-10-08 16:30:05,460 [INFO] IPUIPlugin:80 - create IPUIPlugin
2024-10-08 16:30:05,460 [INFO] IPUIPlugin:80 - create IPUIPlugin
2024-10-08 16:30:05,461 [INFO] IPUIPlugin:80 - create IPUIPlugin
2024-10-08 16:30:05,461 [INFO] IPUIPlugin:80 - create IPUIPlugin
2024-10-08 16:30:05,461 [INFO] IPUIPlugin:80 - create IPUIPlugin
2024-10-08 16:30:05,461 [INFO] IPUIPlugin:80 - create IPUIPlugin
2024-10-08 16:30:05,462 [INFO] IPUIPlugin:80 - create IPUIPlugin
2024-10-08 16:30:05,462 [INFO] IPUIPlugin:80 - create IPUIPlugin
2024-10-08 16:30:05,462 [INFO] IPUIPlugin:80 - create IPUIPlugin
2024-10-08 16:30:05,462 [INFO] IPUIPlugin:80 - create IPUIPlugin
2024-10-08 16:30:05,462 [INFO] IPUIPlugin:80 - create IPUIPlugin
2024-10-08 16:30:05,462 [INFO] IPUIPlugin:80 - create IPUIPlugin
2024-10-08 16:30:05,463 [INFO] IPUIPlugin:80 - create IPUIPlugin
2024-10-08 16:30:05,463 [INFO] IPUIPlugin:80 - create IPUIPlugin
2024-10-08 16:30:05,463 [INFO] IPUIPlugin:80 - create IPUIPlugin
2024-10-08 16:30:05,463 [INFO] IPUIPlugin:80 - create IPUIPlugin
2024-10-08 16:30:05,463 [INFO] IPUIPlugin:80 - create IPUIPlugin
2024-10-08 16:30:05,463 [INFO] IPUIPlugin:80 - create IPUIPlugin
2024-10-08 16:30:05,463 [INFO] IPUIPlugin:80 - create IPUIPlugin
2024-10-08 16:30:05,464 [INFO] IPUIPlugin:80 - create IPUIPlugin
2024-10-08 16:30:05,464 [INFO] IPUIPlugin:80 - create IPUIPlugin
2024-10-08 16:30:05,464 [INFO] IPUIPlugin:80 - create IPUIPlugin
2024-10-08 16:30:05,465 [INFO] IPUIPlugin:80 - create IPUIPlugin
2024-10-08 16:30:05,465 [INFO] IPUIPlugin:80 - create IPUIPlugin
2024-10-08 16:30:05,465 [INFO] IPUIPlugin:80 - create IPUIPlugin
2024-10-08 16:30:05,466 [INFO] IPUIPlugin:80 - create IPUIPlugin
2024-10-08 16:30:05,615 [WARN] FreeRTOS:1023 - Null or empty value: should not occur! (nothing added to the table)
2024-10-08 16:30:06,128 [INFO] CADModel:165 - CPN selected for project levelSTM32L433CCT6
2024-10-08 16:30:06,129 [INFO] CADModel:114 - Register for checkConnection events
2024-10-08 16:30:06,132 [INFO] RtosManager:697 - Active RTOS found at IOC load: FREERTOS [Cortex-M4NS]
2024-10-08 16:30:06,187 [INFO] OpenFileManager:363 - Restore cursor
2024-10-08 16:31:34,253 [INFO] I2cTimingTraitement:330 - 0x00100D14
2024-10-08 16:32:02,282 [INFO] UtilMem:75 - End SaveConfig() Used Memory: 839937248 Bytes (1073741824)
2024-10-08 16:32:04,104 [INFO] UtilMem:75 - End SaveConfig() Used Memory: 863532256 Bytes (1073741824)
2024-10-08 16:32:04,634 [INFO] UtilMem:75 - End SaveConfig() Used Memory: 918430608 Bytes (1073741824)
2024-10-08 16:32:05,732 [INFO] BlockDiagram:2766 - set Specific Code input for plugin: NVIC
2024-10-08 16:32:05,734 [INFO] BlockDiagram:2766 - set Specific Code input for plugin: FREERTOS
2024-10-08 16:32:05,734 [INFO] BlockDiagram:2766 - set Specific Code input for plugin: USART
2024-10-08 16:32:05,734 [INFO] BlockDiagram:2766 - set Specific Code input for plugin: TIM1_8L4
2024-10-08 16:32:05,734 [INFO] BlockDiagram:2766 - set Specific Code input for plugin: SYS
2024-10-08 16:32:05,737 [INFO] BlockDiagram:2766 - set Specific Code input for plugin: GPIO
2024-10-08 16:32:05,737 [INFO] BlockDiagram:2766 - set Specific Code input for plugin: RCC
2024-10-08 16:32:05,737 [INFO] BlockDiagram:2766 - set Specific Code input for plugin: I2C
2024-10-08 16:32:05,740 [INFO] CodeGenerator:807 - code generatio: config db path: /Applications/STM32CubeIDE.app/Contents/Eclipse/plugins/com.st.stm32cube.common.mx_6.12.0.202406281431//db/
2024-10-08 16:32:06,177 [INFO] CodeEngine:255 - oldGeneratedFile, /Users/aidancostello/Github/ECE395_Project/ats_software/MXTmpFiles/license.tmp_save
2024-10-08 16:32:07,161 [INFO] CodeEngine:279 - Generated code: /Users/aidancostello/Github/ECE395_Project/ats_software/MXTmpFiles/license.tmp
2024-10-08 16:32:07,519 [INFO] CodeEngine:255 - oldGeneratedFile, /Users/aidancostello/Github/ECE395_Project/ats_software/MXTmpFiles/gpio.tmp_save
2024-10-08 16:32:07,840 [INFO] CodeEngine:279 - Generated code: /Users/aidancostello/Github/ECE395_Project/ats_software/MXTmpFiles/gpio.tmp
2024-10-08 16:32:08,789 [INFO] Middleware:1439 - No code input for Bsp Dependency
2024-10-08 16:32:08,808 [INFO] CodeEngine:255 - oldGeneratedFile, /Users/aidancostello/Github/ECE395_Project/ats_software/MXTmpFiles/rtos_inc.tmp_save
2024-10-08 16:32:09,037 [INFO] CodeEngine:279 - Generated code: /Users/aidancostello/Github/ECE395_Project/ats_software/MXTmpFiles/rtos_inc.tmp
2024-10-08 16:32:09,051 [INFO] CodeEngine:255 - oldGeneratedFile, /Users/aidancostello/Github/ECE395_Project/ats_software/MXTmpFiles/rtos_kernelInit.tmp_save
2024-10-08 16:32:09,201 [INFO] CodeEngine:279 - Generated code: /Users/aidancostello/Github/ECE395_Project/ats_software/MXTmpFiles/rtos_kernelInit.tmp
2024-10-08 16:32:09,203 [INFO] CodeEngine:255 - oldGeneratedFile, /Users/aidancostello/Github/ECE395_Project/ats_software/MXTmpFiles/rtos_kernelStart.tmp_save
2024-10-08 16:32:09,302 [INFO] CodeEngine:279 - Generated code: /Users/aidancostello/Github/ECE395_Project/ats_software/MXTmpFiles/rtos_kernelStart.tmp
2024-10-08 16:32:09,305 [INFO] CodeEngine:255 - oldGeneratedFile, /Users/aidancostello/Github/ECE395_Project/ats_software/MXTmpFiles/rtos_typedefs.tmp_save
2024-10-08 16:32:09,405 [INFO] CodeEngine:279 - Generated code: /Users/aidancostello/Github/ECE395_Project/ats_software/MXTmpFiles/rtos_typedefs.tmp
2024-10-08 16:32:09,407 [INFO] CodeEngine:255 - oldGeneratedFile, /Users/aidancostello/Github/ECE395_Project/ats_software/MXTmpFiles/rtos_vars.tmp_save
2024-10-08 16:32:09,518 [INFO] CodeEngine:279 - Generated code: /Users/aidancostello/Github/ECE395_Project/ats_software/MXTmpFiles/rtos_vars.tmp
2024-10-08 16:32:09,525 [INFO] CodeEngine:255 - oldGeneratedFile, /Users/aidancostello/Github/ECE395_Project/ats_software/MXTmpFiles/rtos_pfp.tmp_save
2024-10-08 16:32:09,768 [INFO] CodeEngine:279 - Generated code: /Users/aidancostello/Github/ECE395_Project/ats_software/MXTmpFiles/rtos_pfp.tmp
2024-10-08 16:32:09,797 [INFO] CodeEngine:255 - oldGeneratedFile, /Users/aidancostello/Github/ECE395_Project/ats_software/MXTmpFiles/rtos_obj_creat.tmp_save
2024-10-08 16:32:09,962 [INFO] CodeEngine:279 - Generated code: /Users/aidancostello/Github/ECE395_Project/ats_software/MXTmpFiles/rtos_obj_creat.tmp
2024-10-08 16:32:09,971 [INFO] CodeEngine:255 - oldGeneratedFile, /Users/aidancostello/Github/ECE395_Project/ats_software/MXTmpFiles/rtos_default_thread.tmp_save
2024-10-08 16:32:10,088 [INFO] CodeEngine:279 - Generated code: /Users/aidancostello/Github/ECE395_Project/ats_software/MXTmpFiles/rtos_default_thread.tmp
2024-10-08 16:32:10,090 [INFO] CodeEngine:255 - oldGeneratedFile, /Users/aidancostello/Github/ECE395_Project/ats_software/MXTmpFiles/rtos_threads.tmp_save
2024-10-08 16:32:10,198 [INFO] CodeEngine:279 - Generated code: /Users/aidancostello/Github/ECE395_Project/ats_software/MXTmpFiles/rtos_threads.tmp
2024-10-08 16:32:10,230 [INFO] Middleware:1439 - No code input for Bsp Dependency
2024-10-08 16:32:10,253 [INFO] CodeEngine:255 - oldGeneratedFile, /Users/aidancostello/Github/ECE395_Project/ats_software/MXTmpFiles/rtos_inc.tmp_save
2024-10-08 16:32:10,346 [INFO] CodeEngine:279 - Generated code: /Users/aidancostello/Github/ECE395_Project/ats_software/MXTmpFiles/rtos_inc.tmp
2024-10-08 16:32:10,349 [INFO] CodeEngine:255 - oldGeneratedFile, /Users/aidancostello/Github/ECE395_Project/ats_software/MXTmpFiles/rtos_kernelInit.tmp_save
2024-10-08 16:32:10,431 [INFO] CodeEngine:279 - Generated code: /Users/aidancostello/Github/ECE395_Project/ats_software/MXTmpFiles/rtos_kernelInit.tmp
2024-10-08 16:32:10,433 [INFO] CodeEngine:255 - oldGeneratedFile, /Users/aidancostello/Github/ECE395_Project/ats_software/MXTmpFiles/rtos_kernelStart.tmp_save
2024-10-08 16:32:10,520 [INFO] CodeEngine:279 - Generated code: /Users/aidancostello/Github/ECE395_Project/ats_software/MXTmpFiles/rtos_kernelStart.tmp
2024-10-08 16:32:10,521 [INFO] CodeEngine:255 - oldGeneratedFile, /Users/aidancostello/Github/ECE395_Project/ats_software/MXTmpFiles/rtos_typedefs.tmp_save
2024-10-08 16:32:10,600 [INFO] CodeEngine:279 - Generated code: /Users/aidancostello/Github/ECE395_Project/ats_software/MXTmpFiles/rtos_typedefs.tmp
2024-10-08 16:32:10,601 [INFO] CodeEngine:255 - oldGeneratedFile, /Users/aidancostello/Github/ECE395_Project/ats_software/MXTmpFiles/rtos_vars.tmp_save
2024-10-08 16:32:10,697 [INFO] CodeEngine:279 - Generated code: /Users/aidancostello/Github/ECE395_Project/ats_software/MXTmpFiles/rtos_vars.tmp
2024-10-08 16:32:10,701 [INFO] CodeEngine:255 - oldGeneratedFile, /Users/aidancostello/Github/ECE395_Project/ats_software/MXTmpFiles/rtos_pfp.tmp_save
2024-10-08 16:32:10,777 [INFO] CodeEngine:279 - Generated code: /Users/aidancostello/Github/ECE395_Project/ats_software/MXTmpFiles/rtos_pfp.tmp
2024-10-08 16:32:10,779 [INFO] CodeEngine:255 - oldGeneratedFile, /Users/aidancostello/Github/ECE395_Project/ats_software/MXTmpFiles/rtos_obj_creat.tmp_save
2024-10-08 16:32:10,868 [INFO] CodeEngine:279 - Generated code: /Users/aidancostello/Github/ECE395_Project/ats_software/MXTmpFiles/rtos_obj_creat.tmp
2024-10-08 16:32:10,870 [INFO] CodeEngine:255 - oldGeneratedFile, /Users/aidancostello/Github/ECE395_Project/ats_software/MXTmpFiles/rtos_default_thread.tmp_save
2024-10-08 16:32:10,956 [INFO] CodeEngine:279 - Generated code: /Users/aidancostello/Github/ECE395_Project/ats_software/MXTmpFiles/rtos_default_thread.tmp
2024-10-08 16:32:10,959 [INFO] CodeEngine:255 - oldGeneratedFile, /Users/aidancostello/Github/ECE395_Project/ats_software/MXTmpFiles/rtos_threads.tmp_save
2024-10-08 16:32:11,037 [INFO] CodeEngine:279 - Generated code: /Users/aidancostello/Github/ECE395_Project/ats_software/MXTmpFiles/rtos_threads.tmp
2024-10-08 16:32:11,039 [INFO] CodeEngine:255 - oldGeneratedFile, /Users/aidancostello/Github/ECE395_Project/ats_software/Core/Inc/FreeRTOSConfig.h_save
2024-10-08 16:32:11,188 [INFO] CodeEngine:279 - Generated code: /Users/aidancostello/Github/ECE395_Project/ats_software/Core/Inc/FreeRTOSConfig.h
2024-10-08 16:32:11,191 [INFO] CodeEngine:255 - oldGeneratedFile, /Users/aidancostello/Github/ECE395_Project/ats_software/Core/Src/freertos.c_save
2024-10-08 16:32:11,288 [INFO] CodeEngine:279 - Generated code: /Users/aidancostello/Github/ECE395_Project/ats_software/Core/Src/freertos.c
2024-10-08 16:32:11,308 [INFO] CodeEngine:255 - oldGeneratedFile, /Users/aidancostello/Github/ECE395_Project/ats_software/Core/Src/stm32l4xx_it.c_save
2024-10-08 16:32:11,521 [INFO] CodeEngine:279 - Generated code: /Users/aidancostello/Github/ECE395_Project/ats_software/Core/Src/stm32l4xx_it.c
2024-10-08 16:32:11,524 [INFO] CodeEngine:255 - oldGeneratedFile, /Users/aidancostello/Github/ECE395_Project/ats_software/Core/Inc/stm32l4xx_it.h_save
2024-10-08 16:32:11,619 [INFO] CodeEngine:279 - Generated code: /Users/aidancostello/Github/ECE395_Project/ats_software/Core/Inc/stm32l4xx_it.h
2024-10-08 16:32:11,651 [INFO] CodeEngine:255 - oldGeneratedFile, /Users/aidancostello/Github/ECE395_Project/ats_software/Core/Src/stm32l4xx_hal_msp.c_save
2024-10-08 16:32:11,949 [INFO] CodeEngine:279 - Generated code: /Users/aidancostello/Github/ECE395_Project/ats_software/Core/Src/stm32l4xx_hal_msp.c
2024-10-08 16:32:11,953 [INFO] CodeEngine:255 - oldGeneratedFile, /Users/aidancostello/Github/ECE395_Project/ats_software/MXTmpFiles/system.tmp_save
2024-10-08 16:32:12,050 [INFO] CodeEngine:279 - Generated code: /Users/aidancostello/Github/ECE395_Project/ats_software/MXTmpFiles/system.tmp
2024-10-08 16:32:12,052 [INFO] CodeEngine:255 - oldGeneratedFile, /Users/aidancostello/Github/ECE395_Project/ats_software/Core/Src/stm32l4xx_hal_timebase_tim.c_save
2024-10-08 16:32:12,141 [INFO] CodeEngine:279 - Generated code: /Users/aidancostello/Github/ECE395_Project/ats_software/Core/Src/stm32l4xx_hal_timebase_tim.c
2024-10-08 16:32:12,160 [INFO] CodeEngine:311 - oldGeneratedFile, /Users/aidancostello/Github/ECE395_Project/ats_software/Core/Inc/stm32l4xx_hal_conf.h_save
2024-10-08 16:32:12,257 [INFO] CodeEngine:335 - Generated code: /Users/aidancostello/Github/ECE395_Project/ats_software/Core/Inc/stm32l4xx_hal_conf.h
2024-10-08 16:32:12,405 [WARN] IPConfigManager:3554 - IP not found : TIM
2024-10-08 16:32:12,406 [WARN] CodeGenerator:4002 - IP not found : null
2024-10-08 16:32:12,412 [INFO] CodeEngine:255 - oldGeneratedFile, /Users/aidancostello/Github/ECE395_Project/ats_software/Core/Inc/main.h_save
2024-10-08 16:32:12,568 [INFO] CodeEngine:279 - Generated code: /Users/aidancostello/Github/ECE395_Project/ats_software/Core/Inc/main.h
2024-10-08 16:32:12,581 [INFO] CodeEngine:255 - oldGeneratedFile, /Users/aidancostello/Github/ECE395_Project/ats_software/Core/Src/main.c_save
2024-10-08 16:32:13,054 [INFO] CodeEngine:279 - Generated code: /Users/aidancostello/Github/ECE395_Project/ats_software/Core/Src/main.c
2024-10-08 16:32:13,763 [INFO] ProjectBuilder:3249 - Time for Copy HAL[1] : 217mS.
2024-10-08 16:32:13,798 [INFO] ProjectBuilder:4828 - Project Generator version: 4.4.0-B60
2024-10-08 16:32:14,051 [INFO] ConfigFileManager:1531 - The Die is : DIE435
2024-10-08 16:32:14,067 [INFO] ApiDbMcu:508 - Load IP Config File for FATFS
2024-10-08 16:32:14,094 [INFO] ApiDbMcu:508 - Load IP Config File for TOUCHSENSING
2024-10-08 16:32:14,132 [INFO] ApiDbMcu:508 - Load IP Config File for USB_DEVICE
2024-10-08 16:32:14,814 [INFO] LogOutputStream:77 - [STDOUT_REDIRECT] 
2024-10-08 16:32:20,210 [INFO] ProjectBuilder:5097 - Time for Generating toolchain IDE Files: 6388mS.
2024-10-08 16:32:20,232 [INFO] ProjectBuilder:3107 - Time for Copy CMSIS : 10mS.
2024-10-08 16:32:20,240 [INFO] ProjectBuilder:3107 - Time for Copy CMSIS : 1mS.
2024-10-08 16:52:35,292 [INFO] WebApp:189 - Connection lost
2024-10-08 16:52:39,918 [INFO] WebApp:186 - Connection restablished
2024-10-08 16:53:03,905 [INFO] WebApp:189 - Connection lost
2024-10-08 16:53:53,280 [INFO] WebApp:186 - Connection restablished
2024-10-08 16:54:08,082 [INFO] WebApp:189 - Connection lost
2024-10-08 16:59:22,777 [INFO] WebApp:186 - Connection restablished
2024-10-08 17:00:20,503 [INFO] WebApp:189 - Connection lost
2024-10-08 17:00:31,848 [INFO] WebApp:186 - Connection restablished
2024-10-08 17:01:32,474 [INFO] WebApp:189 - Connection lost
2024-10-08 17:01:36,156 [INFO] WebApp:186 - Connection restablished
2024-10-08 17:02:23,459 [INFO] WebApp:189 - Connection lost
2024-10-08 17:02:26,217 [INFO] WebApp:186 - Connection restablished
2024-10-08 17:03:28,847 [INFO] WebApp:189 - Connection lost
2024-10-08 17:03:33,431 [INFO] WebApp:186 - Connection restablished
2024-10-08 17:04:24,313 [INFO] WebApp:189 - Connection lost
2024-10-08 17:04:28,046 [INFO] WebApp:186 - Connection restablished
2024-10-08 17:05:20,408 [INFO] WebApp:189 - Connection lost
2024-10-08 17:05:24,795 [INFO] WebApp:186 - Connection restablished
2024-10-08 17:06:20,595 [INFO] WebApp:189 - Connection lost
2024-10-08 17:06:22,640 [INFO] WebApp:186 - Connection restablished
2024-10-08 17:07:17,405 [INFO] WebApp:189 - Connection lost
2024-10-08 17:07:21,279 [INFO] WebApp:186 - Connection restablished
2024-10-08 17:08:23,985 [INFO] WebApp:189 - Connection lost
2024-10-08 17:08:26,361 [INFO] WebApp:186 - Connection restablished
2024-10-08 17:09:15,625 [INFO] WebApp:189 - Connection lost
2024-10-08 17:09:19,864 [INFO] WebApp:186 - Connection restablished
2024-10-08 17:10:25,050 [INFO] WebApp:189 - Connection lost
2024-10-08 17:10:29,013 [INFO] WebApp:186 - Connection restablished
2024-10-08 17:11:19,987 [INFO] WebApp:189 - Connection lost
2024-10-08 17:11:23,694 [INFO] WebApp:186 - Connection restablished
2024-10-08 17:12:13,120 [INFO] WebApp:189 - Connection lost
2024-10-08 17:12:16,537 [INFO] WebApp:186 - Connection restablished
2024-10-08 17:13:16,454 [INFO] WebApp:189 - Connection lost
2024-10-08 17:13:20,416 [INFO] WebApp:186 - Connection restablished
2024-10-08 17:14:13,253 [INFO] WebApp:189 - Connection lost
2024-10-08 17:14:16,870 [INFO] WebApp:186 - Connection restablished
2024-10-08 17:15:17,073 [INFO] WebApp:189 - Connection lost
2024-10-08 17:15:20,956 [INFO] WebApp:186 - Connection restablished
2024-10-08 17:16:12,474 [INFO] WebApp:189 - Connection lost
2024-10-08 17:16:15,887 [INFO] WebApp:186 - Connection restablished
2024-10-08 17:17:03,644 [INFO] WebApp:189 - Connection lost
2024-10-08 17:17:07,489 [INFO] WebApp:186 - Connection restablished
2024-10-08 17:18:02,193 [INFO] WebApp:189 - Connection lost
2024-10-08 17:18:05,981 [INFO] WebApp:186 - Connection restablished
2024-10-08 17:18:52,425 [INFO] WebApp:189 - Connection lost
2024-10-08 17:18:55,976 [INFO] WebApp:186 - Connection restablished
2024-10-08 17:19:58,272 [INFO] WebApp:189 - Connection lost
2024-10-08 17:20:01,905 [INFO] WebApp:186 - Connection restablished
2024-10-08 17:21:08,346 [INFO] WebApp:189 - Connection lost
2024-10-08 17:21:12,441 [INFO] WebApp:186 - Connection restablished
2024-10-08 17:22:00,106 [INFO] WebApp:189 - Connection lost
2024-10-08 17:22:03,655 [INFO] WebApp:186 - Connection restablished
2024-10-08 17:22:57,764 [INFO] WebApp:189 - Connection lost
2024-10-08 17:23:01,374 [INFO] WebApp:186 - Connection restablished
2024-10-08 17:23:58,680 [INFO] WebApp:189 - Connection lost
2024-10-08 17:24:02,575 [INFO] WebApp:186 - Connection restablished
2024-10-08 17:24:54,257 [INFO] WebApp:189 - Connection lost
2024-10-08 17:24:57,721 [INFO] WebApp:186 - Connection restablished
2024-10-08 17:25:52,414 [INFO] WebApp:189 - Connection lost
2024-10-08 17:25:56,482 [INFO] WebApp:186 - Connection restablished
2024-10-08 17:26:45,205 [INFO] WebApp:189 - Connection lost
2024-10-08 17:26:48,846 [INFO] WebApp:186 - Connection restablished
2024-10-08 17:27:36,790 [INFO] WebApp:189 - Connection lost
2024-10-08 17:27:40,560 [INFO] WebApp:186 - Connection restablished
2024-10-08 17:28:26,836 [INFO] WebApp:189 - Connection lost
2024-10-08 17:28:30,776 [INFO] WebApp:186 - Connection restablished
2024-10-08 17:29:34,311 [INFO] WebApp:189 - Connection lost
2024-10-08 17:29:38,179 [INFO] WebApp:186 - Connection restablished
2024-10-08 17:30:43,990 [INFO] WebApp:189 - Connection lost
2024-10-08 17:30:48,606 [INFO] WebApp:186 - Connection restablished
2024-10-08 17:31:51,086 [INFO] WebApp:189 - Connection lost
2024-10-08 17:31:55,412 [INFO] WebApp:186 - Connection restablished
2024-10-08 17:32:54,927 [INFO] WebApp:189 - Connection lost
2024-10-08 17:32:58,405 [INFO] WebApp:186 - Connection restablished
2024-10-08 17:34:02,552 [INFO] WebApp:189 - Connection lost
2024-10-08 17:34:06,192 [INFO] WebApp:186 - Connection restablished
2024-10-08 17:35:07,135 [INFO] WebApp:189 - Connection lost
2024-10-08 17:35:11,231 [INFO] WebApp:186 - Connection restablished
2024-10-08 17:36:04,117 [INFO] WebApp:189 - Connection lost
2024-10-08 17:36:07,948 [INFO] WebApp:186 - Connection restablished
2024-10-08 17:37:02,170 [INFO] WebApp:189 - Connection lost
2024-10-08 17:37:05,394 [INFO] WebApp:186 - Connection restablished
2024-10-08 17:38:06,351 [INFO] WebApp:189 - Connection lost
2024-10-08 17:38:10,188 [INFO] WebApp:186 - Connection restablished
2024-10-08 17:39:02,069 [INFO] WebApp:189 - Connection lost
2024-10-08 17:39:05,565 [INFO] WebApp:186 - Connection restablished
2024-10-08 17:39:56,692 [INFO] WebApp:189 - Connection lost
2024-10-08 17:39:59,744 [INFO] WebApp:186 - Connection restablished
2024-10-08 17:40:58,157 [INFO] WebApp:189 - Connection lost
2024-10-08 17:41:02,008 [INFO] WebApp:186 - Connection restablished
2024-10-08 17:42:03,609 [INFO] WebApp:189 - Connection lost
2024-10-08 17:42:07,384 [INFO] WebApp:186 - Connection restablished
2024-10-08 17:43:11,457 [INFO] WebApp:189 - Connection lost
2024-10-08 17:43:15,082 [INFO] WebApp:186 - Connection restablished
2024-10-08 17:44:09,145 [INFO] WebApp:189 - Connection lost
2024-10-08 17:44:12,554 [INFO] WebApp:186 - Connection restablished
2024-10-08 17:45:07,920 [INFO] WebApp:189 - Connection lost
2024-10-08 17:45:11,382 [INFO] WebApp:186 - Connection restablished
2024-10-08 17:45:42,930 [INFO] WebApp:189 - Connection lost
2024-10-08 17:45:54,689 [INFO] WebApp:186 - Connection restablished
2024-10-08 17:46:02,797 [ERROR] LogOutputStream:75 - [STDERR_REDIRECT] 
