2024-10-11 15:26:42,660 [INFO] Activator:176 - 


2024-10-11 15:26:42,666 [INFO] Activator:177 - !SESSION log4j initialized
2024-10-11 15:26:48,878 [INFO] LogOutputStream:77 - [STDOUT_REDIRECT] 
2024-10-11 15:26:51,405 [ERROR] LogOutputStream:75 - [STDERR_REDIRECT] 
2024-10-11 15:26:56,142 [INFO] LogOutputStream:77 - [STDOUT_REDIRECT] 
2024-10-11 15:26:58,905 [INFO] ApplicationProperties:184 - Using Application install path: /Applications/STM32CubeIDE.app/Contents/Eclipse/plugins/com.st.stm32cube.common.mx_6.12.0.202406281431
2024-10-11 15:26:59,011 [INFO] DbMcusXml:78 - Set database path to: /Applications/STM32CubeIDE.app/Contents/Eclipse/plugins/com.st.stm32cube.common.mx_6.12.0.202406281431//db//mcu/
2024-10-11 15:26:59,013 [INFO] ApiDb:274 - Set plugin database path to: /Applications/STM32CubeIDE.app/Contents/Eclipse/plugins/com.st.stm32cube.common.mx_6.12.0.202406281431//db//plugins/boardmanager/
2024-10-11 15:26:59,015 [WARN] ApiDb:259 - Overriding images path with different value:  => /Applications/STM32CubeIDE.app/Contents/Eclipse/plugins/com.st.stm32cube.common.mx_6.12.0.202406281431//db//plugins/mcufinder/images/
2024-10-11 15:26:59,053 [INFO] ApiDb:250 - Set database path to: /Users/aidancostello/.stmcufinder/plugins/mcufinder//mcu/
2024-10-11 15:26:59,062 [INFO] DbMcusAds:125 - Set database path to: /Users/aidancostello/.stmcufinder/plugins/mcufinder//mcu/
2024-10-11 15:26:59,072 [INFO] CrossReferenceDbSqlite:203 - Set database path to: /Users/aidancostello/.stmcufinder/plugins/mcufinder//mcu/cs/
2024-10-11 15:26:59,613 [INFO] RulesReader:64 - Compatibility file has been processed (297 Rules)
2024-10-11 15:26:59,840 [INFO] DbMcusXml:78 - Set database path to: /Applications/STM32CubeIDE.app/Contents/Eclipse/plugins/com.st.stm32cube.common.mx_6.12.0.202406281431//db//mcu/
2024-10-11 15:26:59,840 [INFO] ApiDb:274 - Set plugin database path to: /Applications/STM32CubeIDE.app/Contents/Eclipse/plugins/com.st.stm32cube.common.mx_6.12.0.202406281431//db//plugins/boardmanager/
2024-10-11 15:26:59,842 [INFO] ApiDb:261 - Set plugin images path to: /Applications/STM32CubeIDE.app/Contents/Eclipse/plugins/com.st.stm32cube.common.mx_6.12.0.202406281431//db//plugins/mcufinder/images/
2024-10-11 15:26:59,848 [WARN] DbFile:41 - Overriding database path with different value: /Users/aidancostello/.stmcufinder/plugins/mcufinder/ => /Users/aidancostello/.stmcufinder/plugins/mcufinder
2024-10-11 15:26:59,848 [INFO] ApiDb:250 - Set database path to: /Users/aidancostello/.stmcufinder/plugins/mcufinder//mcu/
2024-10-11 15:26:59,848 [WARN] DbFile:41 - Overriding database path with different value: /Users/aidancostello/.stmcufinder/plugins/mcufinder/ => /Users/aidancostello/.stmcufinder/plugins/mcufinder
2024-10-11 15:26:59,848 [INFO] DbMcusAds:125 - Set database path to: /Users/aidancostello/.stmcufinder/plugins/mcufinder//mcu/
2024-10-11 15:26:59,849 [WARN] DbFile:41 - Overriding database path with different value: /Users/aidancostello/.stmcufinder/plugins/mcufinder/ => /Users/aidancostello/.stmcufinder/plugins/mcufinder
2024-10-11 15:26:59,849 [WARN] DbFile:41 - Overriding database path with different value: /Users/aidancostello/.stmcufinder/plugins/mcufinder/ => /Users/aidancostello/.stmcufinder/plugins/mcufinder
2024-10-11 15:26:59,849 [INFO] CrossReferenceDbSqlite:203 - Set database path to: /Users/aidancostello/.stmcufinder/plugins/mcufinder//mcu/cs/
2024-10-11 15:27:00,315 [INFO] MainPanel:268 - HeapMemory: 268435456
2024-10-11 15:27:01,351 [INFO] DbMcusXml:78 - Set database path to: /Applications/STM32CubeIDE.app/Contents/Eclipse/plugins/com.st.stm32cube.common.mx_6.12.0.202406281431//db//mcu/
2024-10-11 15:27:01,352 [INFO] ApiDb:274 - Set plugin database path to: /Applications/STM32CubeIDE.app/Contents/Eclipse/plugins/com.st.stm32cube.common.mx_6.12.0.202406281431//db//plugins/boardmanager/
2024-10-11 15:27:01,352 [INFO] ApiDb:261 - Set plugin images path to: /Applications/STM32CubeIDE.app/Contents/Eclipse/plugins/com.st.stm32cube.common.mx_6.12.0.202406281431//db//plugins/mcufinder/images/
2024-10-11 15:27:01,352 [WARN] DbFile:41 - Overriding database path with different value: /Users/aidancostello/.stmcufinder/plugins/mcufinder/ => /Users/aidancostello/.stmcufinder/plugins/mcufinder
2024-10-11 15:27:01,352 [INFO] ApiDb:250 - Set database path to: /Users/aidancostello/.stmcufinder/plugins/mcufinder//mcu/
2024-10-11 15:27:01,353 [WARN] DbFile:41 - Overriding database path with different value: /Users/aidancostello/.stmcufinder/plugins/mcufinder/ => /Users/aidancostello/.stmcufinder/plugins/mcufinder
2024-10-11 15:27:01,353 [INFO] DbMcusAds:125 - Set database path to: /Users/aidancostello/.stmcufinder/plugins/mcufinder//mcu/
2024-10-11 15:27:01,353 [WARN] DbFile:41 - Overriding database path with different value: /Users/aidancostello/.stmcufinder/plugins/mcufinder/ => /Users/aidancostello/.stmcufinder/plugins/mcufinder
2024-10-11 15:27:01,353 [WARN] DbFile:41 - Overriding database path with different value: /Users/aidancostello/.stmcufinder/plugins/mcufinder/ => /Users/aidancostello/.stmcufinder/plugins/mcufinder
2024-10-11 15:27:01,353 [INFO] CrossReferenceDbSqlite:203 - Set database path to: /Users/aidancostello/.stmcufinder/plugins/mcufinder//mcu/cs/
2024-10-11 15:27:01,382 [INFO] ApplicationProperties:184 - Using Application install path: /Applications/STM32CubeIDE.app/Contents/Eclipse/plugins/com.st.stm32cube.common.mx_6.12.0.202406281431
2024-10-11 15:27:01,383 [INFO] PluginManage:196 - Search for loadable plugins [exclusion list=, ]
2024-10-11 15:27:01,386 [INFO] PluginManage:310 - Check plugin analytics
2024-10-11 15:27:01,768 [INFO] AnalyticsPlugin:253 - Accepted Software Licenses: 
2024-10-11 15:27:01,768 [INFO] AnalyticsPlugin:255 - Accepted CMSIS Pack Licenses: 
2024-10-11 15:27:01,774 [INFO] AnalyticsPlugin:257 - Accepted Firmware Licenses: FW.L4.1.18.0,FW.F4.1.28.0
2024-10-11 15:27:01,791 [INFO] PluginManage:359 - Loaded plugin analytics (category:tool,tabindex:-1)
2024-10-11 15:27:01,793 [INFO] PluginManage:310 - Check plugin cadmodel
2024-10-11 15:27:01,816 [INFO] CADModel:105 - Init CAD model plugin
2024-10-11 15:27:01,816 [INFO] PluginManage:359 - Loaded plugin cadmodel (category:power,tabindex:5)
2024-10-11 15:27:01,818 [INFO] PluginManage:310 - Check plugin clock
2024-10-11 15:27:01,837 [INFO] PluginManage:359 - Loaded plugin clock (category:base,tabindex:2)
2024-10-11 15:27:01,837 [INFO] PluginManage:310 - Check plugin ddr
2024-10-11 15:27:01,841 [INFO] PluginManage:359 - Loaded plugin ddr (category:tool,tabindex:6)
2024-10-11 15:27:01,841 [INFO] PluginManage:310 - Check plugin filemanager
2024-10-11 15:27:02,722 [INFO] PluginManage:359 - Loaded plugin filemanager (category:base,tabindex:10)
2024-10-11 15:27:02,728 [INFO] PluginManage:310 - Check plugin ipmanager
2024-10-11 15:27:02,827 [INFO] PluginManage:359 - Loaded plugin ipmanager (category:base,tabindex:5)
2024-10-11 15:27:02,830 [INFO] PluginManage:310 - Check plugin lpbam
2024-10-11 15:27:02,924 [INFO] PluginManage:359 - Loaded plugin lpbam (category:base,tabindex:0)
2024-10-11 15:27:02,925 [INFO] PluginManage:310 - Check plugin memorymap
2024-10-11 15:27:02,961 [INFO] PluginManage:359 - Loaded plugin memorymap (category:base,tabindex:4)
2024-10-11 15:27:02,962 [INFO] PluginManage:310 - Check plugin pinoutandconfiguration
2024-10-11 15:27:02,975 [INFO] PluginManage:359 - Loaded plugin pinoutandconfiguration (category:base,tabindex:1)
2024-10-11 15:27:02,975 [INFO] PluginManage:310 - Check plugin pinoutconfig
2024-10-11 15:27:03,226 [ERROR] LogOutputStream:75 - [STDERR_REDIRECT] [Fatal Error] :2:10: DOCTYPE is disallowed when the feature "http://apache.org/xml/features/disallow-doctype-decl" set to true.
2024-10-11 15:27:03,229 [ERROR] LogOutputStream:75 - [STDERR_REDIRECT] 
2024-10-11 15:27:03,250 [WARN] SupportedApi:132 - Cannot load RTOS API schema: s4s-elt-must-match.1: The content of 'definitions' must match (annotation?, (simpleType | complexType)?, (unique | key | keyref)*)). A problem was found starting at: attribute.
2024-10-11 15:27:03,572 [INFO] PluginManage:359 - Loaded plugin pinoutconfig (category:base,tabindex:0)
2024-10-11 15:27:03,573 [INFO] PluginManage:310 - Check plugin power
2024-10-11 15:27:03,594 [INFO] PluginManage:359 - Loaded plugin power (category:power,tabindex:4)
2024-10-11 15:27:03,594 [INFO] PluginManage:310 - Check plugin projectmanager
2024-10-11 15:27:03,640 [INFO] PluginManage:359 - Loaded plugin projectmanager (category:projectmanager,tabindex:4)
2024-10-11 15:27:03,640 [INFO] PluginManage:310 - Check plugin rif
2024-10-11 15:27:03,647 [INFO] PluginManage:359 - Loaded plugin rif (category:base,tabindex:3)
2024-10-11 15:27:03,647 [INFO] PluginManage:310 - Check plugin thirdparty
2024-10-11 15:27:03,838 [INFO] PluginManage:359 - Loaded plugin thirdparty (category:base,tabindex:-1)
2024-10-11 15:27:03,838 [WARN] IntegrityCheckThread:84 - waiting for thirdparty lock release [integrity check]
2024-10-11 15:27:03,838 [INFO] PluginManage:310 - Check plugin tools
2024-10-11 15:27:03,838 [INFO] IntegrityCheckThread:86 - entering critical section [integrity check]
2024-10-11 15:27:03,840 [INFO] ThirdPartyUpdaterWithRetryManager:70 - Updater plugin not ready yet. [1/15]
2024-10-11 15:27:03,844 [INFO] PluginManage:359 - Loaded plugin tools (category:base,tabindex:7)
2024-10-11 15:27:03,844 [INFO] PluginManage:310 - Check plugin tutovideos
2024-10-11 15:27:04,151 [INFO] PluginManage:359 - Loaded plugin tutovideos (category:base,tabindex:-1)
2024-10-11 15:27:04,154 [INFO] PluginManage:310 - Check plugin updater
2024-10-11 15:27:04,237 [INFO] PluginManage:359 - Loaded plugin updater (category:base,tabindex:12)
2024-10-11 15:27:04,239 [INFO] PluginManage:310 - Check plugin userauth
2024-10-11 15:27:04,255 [INFO] UserAuth:113 - Init User Auth plugin
2024-10-11 15:27:04,255 [INFO] PluginManage:359 - Loaded plugin userauth (category:base,tabindex:14)
2024-10-11 15:27:04,257 [INFO] PluginManage:283 - PluginManage : Loaded plugins [18]
2024-10-11 15:27:04,633 [INFO] PinOutPanel:1561 - setPackage(No Configuration,No Configuration)
2024-10-11 15:27:04,886 [INFO] CADModel:165 - CPN selected for project level
2024-10-11 15:27:04,888 [INFO] CADModel:114 - Register for checkConnection events
2024-10-11 15:27:04,937 [INFO] IPUIPlugin:80 - create IPUIPlugin
2024-10-11 15:27:04,939 [INFO] PluginManager:220 - loadIPPluginJar : add mdma
2024-10-11 15:27:04,950 [INFO] IPUIPlugin:80 - create IPUIPlugin
2024-10-11 15:27:04,951 [INFO] PluginManager:220 - loadIPPluginJar : add freertos
2024-10-11 15:27:04,955 [INFO] IPUIPlugin:80 - create IPUIPlugin
2024-10-11 15:27:04,955 [INFO] PluginManager:220 - loadIPPluginJar : add gic
2024-10-11 15:27:04,963 [INFO] IPUIPlugin:80 - create IPUIPlugin
2024-10-11 15:27:04,963 [INFO] PluginManager:220 - loadIPPluginJar : add adc
2024-10-11 15:27:04,965 [INFO] IPUIPlugin:80 - create IPUIPlugin
2024-10-11 15:27:04,965 [INFO] PluginManager:220 - loadIPPluginJar : add gtzc
2024-10-11 15:27:04,966 [INFO] IPUIPlugin:80 - create IPUIPlugin
2024-10-11 15:27:04,966 [INFO] PluginManager:220 - loadIPPluginJar : add quadspi
2024-10-11 15:27:04,968 [INFO] IPUIPlugin:80 - create IPUIPlugin
2024-10-11 15:27:04,968 [INFO] PluginManager:220 - loadIPPluginJar : add aes
2024-10-11 15:27:04,970 [INFO] IPUIPlugin:80 - create IPUIPlugin
2024-10-11 15:27:04,970 [INFO] PluginManager:220 - loadIPPluginJar : add pdm2pcm
2024-10-11 15:27:04,971 [INFO] IPUIPlugin:80 - create IPUIPlugin
2024-10-11 15:27:04,971 [INFO] PluginManager:220 - loadIPPluginJar : add hash
2024-10-11 15:27:04,972 [INFO] IPUIPlugin:80 - create IPUIPlugin
2024-10-11 15:27:04,972 [INFO] PluginManager:220 - loadIPPluginJar : add tim
2024-10-11 15:27:04,973 [INFO] IPUIPlugin:80 - create IPUIPlugin
2024-10-11 15:27:04,973 [INFO] PluginManager:220 - loadIPPluginJar : add tsc
2024-10-11 15:27:04,975 [INFO] IPUIPlugin:80 - create IPUIPlugin
2024-10-11 15:27:04,975 [INFO] PluginManager:220 - loadIPPluginJar : add extmemmanager
2024-10-11 15:27:04,977 [INFO] IPUIPlugin:80 - create IPUIPlugin
2024-10-11 15:27:04,977 [INFO] PluginManager:220 - loadIPPluginJar : add ts
2024-10-11 15:27:04,978 [INFO] IPUIPlugin:80 - create IPUIPlugin
2024-10-11 15:27:04,978 [INFO] PluginManager:220 - loadIPPluginJar : add radio
2024-10-11 15:27:04,980 [INFO] IPUIPlugin:80 - create IPUIPlugin
2024-10-11 15:27:04,980 [INFO] PluginManager:220 - loadIPPluginJar : add can
2024-10-11 15:27:04,981 [INFO] IPUIPlugin:80 - create IPUIPlugin
2024-10-11 15:27:04,981 [INFO] PluginManager:220 - loadIPPluginJar : add dma3
2024-10-11 15:27:04,982 [INFO] IPUIPlugin:80 - create IPUIPlugin
2024-10-11 15:27:04,983 [INFO] PluginManager:220 - loadIPPluginJar : add dfsdm
2024-10-11 15:27:04,984 [INFO] IPUIPlugin:80 - create IPUIPlugin
2024-10-11 15:27:04,984 [INFO] PluginManager:220 - loadIPPluginJar : add spi
2024-10-11 15:27:04,986 [INFO] IPUIPlugin:80 - create IPUIPlugin
2024-10-11 15:27:04,987 [INFO] PluginManager:220 - loadIPPluginJar : add gfxmmu
2024-10-11 15:27:04,988 [INFO] IPUIPlugin:80 - create IPUIPlugin
2024-10-11 15:27:04,988 [INFO] PluginManager:220 - loadIPPluginJar : add genericplugin
2024-10-11 15:27:04,990 [INFO] IPUIPlugin:80 - create IPUIPlugin
2024-10-11 15:27:04,990 [INFO] PluginManager:220 - loadIPPluginJar : add cryp
2024-10-11 15:27:05,002 [INFO] IPUIPlugin:80 - create IPUIPlugin
2024-10-11 15:27:05,003 [INFO] PluginManager:220 - loadIPPluginJar : add gpio
2024-10-11 15:27:05,017 [INFO] IPUIPlugin:80 - create IPUIPlugin
2024-10-11 15:27:05,018 [INFO] PluginManager:220 - loadIPPluginJar : add ddr_ctrl_phy
2024-10-11 15:27:05,027 [INFO] IPUIPlugin:80 - create IPUIPlugin
2024-10-11 15:27:05,028 [INFO] PluginManager:220 - loadIPPluginJar : add comp
2024-10-11 15:27:05,035 [INFO] IPUIPlugin:80 - create IPUIPlugin
2024-10-11 15:27:05,036 [INFO] PluginManager:220 - loadIPPluginJar : add tracer_emb
2024-10-11 15:27:05,045 [INFO] IPUIPlugin:80 - create IPUIPlugin
2024-10-11 15:27:05,045 [INFO] PluginManager:220 - loadIPPluginJar : add openamp
2024-10-11 15:27:05,052 [INFO] IPUIPlugin:80 - create IPUIPlugin
2024-10-11 15:27:05,052 [INFO] PluginManager:220 - loadIPPluginJar : add stm32_wpan
2024-10-11 15:27:05,071 [INFO] IPUIPlugin:80 - create IPUIPlugin
2024-10-11 15:27:05,109 [INFO] PluginManager:220 - loadIPPluginJar : add plateformsettings
2024-10-11 15:27:05,117 [INFO] IPUIPlugin:80 - create IPUIPlugin
2024-10-11 15:27:05,117 [INFO] PluginManager:220 - loadIPPluginJar : add ipddr
2024-10-11 15:27:05,121 [INFO] IPUIPlugin:80 - create IPUIPlugin
2024-10-11 15:27:05,121 [INFO] PluginManager:220 - loadIPPluginJar : add usart
2024-10-11 15:27:05,122 [INFO] IPUIPlugin:80 - create IPUIPlugin
2024-10-11 15:27:05,122 [INFO] PluginManager:220 - loadIPPluginJar : add ltdc
2024-10-11 15:27:05,125 [INFO] IPUIPlugin:80 - create IPUIPlugin
2024-10-11 15:27:05,125 [INFO] PluginManager:220 - loadIPPluginJar : add nvic
2024-10-11 15:27:05,127 [INFO] IPUIPlugin:80 - create IPUIPlugin
2024-10-11 15:27:05,127 [INFO] PluginManager:220 - loadIPPluginJar : add fatfs
2024-10-11 15:27:05,132 [INFO] IPUIPlugin:80 - create IPUIPlugin
2024-10-11 15:27:05,133 [INFO] PluginManager:220 - loadIPPluginJar : add linkedlist
2024-10-11 15:27:05,138 [INFO] IPUIPlugin:80 - create IPUIPlugin
2024-10-11 15:27:05,138 [INFO] PluginManager:220 - loadIPPluginJar : add dma
2024-10-11 15:27:05,141 [INFO] IPUIPlugin:80 - create IPUIPlugin
2024-10-11 15:27:05,141 [INFO] PluginManager:220 - loadIPPluginJar : add fmc
2024-10-11 15:27:05,143 [INFO] IPUIPlugin:80 - create IPUIPlugin
2024-10-11 15:27:05,143 [INFO] PluginManager:220 - loadIPPluginJar : add i2s
2024-10-11 15:27:05,145 [INFO] IPUIPlugin:80 - create IPUIPlugin
2024-10-11 15:27:05,145 [INFO] PluginManager:220 - loadIPPluginJar : add ucpd
2024-10-11 15:27:05,148 [INFO] IPUIPlugin:80 - create IPUIPlugin
2024-10-11 15:27:05,148 [INFO] PluginManager:220 - loadIPPluginJar : add lorawan
2024-10-11 15:27:05,150 [INFO] IPUIPlugin:80 - create IPUIPlugin
2024-10-11 15:27:05,150 [INFO] PluginManager:220 - loadIPPluginJar : add opamp
2024-10-11 15:27:05,152 [INFO] IPUIPlugin:80 - create IPUIPlugin
2024-10-11 15:27:05,152 [INFO] PluginManager:220 - loadIPPluginJar : add i3c
2024-10-11 15:27:05,154 [INFO] IPUIPlugin:80 - create IPUIPlugin
2024-10-11 15:27:05,159 [INFO] PluginManager:220 - loadIPPluginJar : add touchsensing
2024-10-11 15:27:05,161 [INFO] IPUIPlugin:80 - create IPUIPlugin
2024-10-11 15:27:05,162 [INFO] PluginManager:220 - loadIPPluginJar : add i2c
2024-10-11 15:27:05,165 [INFO] IPUIPlugin:80 - create IPUIPlugin
2024-10-11 15:27:05,165 [INFO] PluginManager:220 - loadIPPluginJar : add resmgrutility
2024-10-11 15:27:05,166 [INFO] IPUIPlugin:80 - create IPUIPlugin
2024-10-11 15:27:05,166 [INFO] PluginManager:220 - loadIPPluginJar : add sai
2024-10-11 15:27:05,168 [INFO] IPUIPlugin:80 - create IPUIPlugin
2024-10-11 15:27:05,168 [INFO] PluginManager:220 - loadIPPluginJar : add usbx
2024-10-11 15:27:05,317 [INFO] CADModel:165 - CPN selected for project level
2024-10-11 15:27:05,318 [INFO] CADModel:114 - Register for checkConnection events
2024-10-11 15:27:05,320 [FATAL] Updater:334 - Updater called before beeing initialized
2024-10-11 15:27:05,320 [ERROR] CADModel:125 - Updater not yet initialized, retry later 
2024-10-11 15:27:05,680 [INFO] CADModel:165 - CPN selected for project level
2024-10-11 15:27:05,680 [INFO] CADModel:114 - Register for checkConnection events
2024-10-11 15:27:05,681 [FATAL] Updater:334 - Updater called before beeing initialized
2024-10-11 15:27:05,681 [ERROR] CADModel:125 - Updater not yet initialized, retry later 
2024-10-11 15:27:05,684 [FATAL] Updater:334 - Updater called before beeing initialized
2024-10-11 15:27:06,074 [FATAL] Updater:334 - Updater called before beeing initialized
2024-10-11 15:27:06,085 [INFO] DbMcusAds:53 - JSON generation date=Mon Sep 16 09:40:22 CDT 2024 (1726497622318)
2024-10-11 15:27:06,086 [FATAL] Updater:334 - Updater called before beeing initialized
2024-10-11 15:27:06,216 [WARN] DetailPanel:346 - Failed to get advertising image, set to default
2024-10-11 15:27:06,414 [FATAL] Updater:334 - Updater called before beeing initialized
2024-10-11 15:27:06,418 [FATAL] Updater:334 - Updater called before beeing initialized
2024-10-11 15:27:06,418 [FATAL] Updater:334 - Updater called before beeing initialized
2024-10-11 15:27:06,418 [WARN] DetailPanel:346 - Failed to get advertising image, set to default
2024-10-11 15:27:06,420 [FATAL] Updater:334 - Updater called before beeing initialized
2024-10-11 15:27:06,666 [ERROR] Updater:1164 - MainUpdater not yet initialized. External WinMGr cannot be set.
2024-10-11 15:27:06,679 [INFO] Updater:1100 - Updater Version found : 6.12.0
2024-10-11 15:27:06,713 [INFO] ApplicationProperties:184 - Using Application install path: /Applications/STM32CubeIDE.app/Contents/Eclipse/plugins/com.st.stm32cube.common.mx_6.12.0.202406281431
2024-10-11 15:27:06,845 [INFO] ThirdPartyUpdaterWithRetryManager:70 - Updater plugin not ready yet. [2/15]
2024-10-11 15:27:07,549 [INFO] MainUpdater:2873 - connection check result : 10
2024-10-11 15:27:07,550 [INFO] MainUpdater:290 - Updater Check For Update Now.
2024-10-11 15:27:07,550 [INFO] MicroXplorer:498 - Change Database Version : DB.6.0.120
2024-10-11 15:27:07,556 [INFO] McuFinderGlobals:63 - Set McuFinder mode to 2 (CubeIDE integrated)
2024-10-11 15:27:07,559 [INFO] UserAuth:417 - Internet connection configuration mode: 1
2024-10-11 15:27:07,574 [INFO] JxBrowserEngine:152 - Initiate JxBrowser Engine with user profile folder
2024-10-11 15:27:08,607 [INFO] CheckServerUpdateThread:120 - End of CheckServer Thread
2024-10-11 15:27:10,129 [WARN] PackLoader:240 - Cannot read IP mode file for STMicroelectronics.FP-SNS-MOTENVWB1.1.4.0
2024-10-11 15:27:10,169 [WARN] PackLoader:240 - Cannot read IP mode file for STMicroelectronics.X-CUBE-SMBUS.2.1.0
2024-10-11 15:27:10,199 [WARN] PackLoader:240 - Cannot read IP mode file for STMicroelectronics.X-CUBE-WB05N.1.1.0
2024-10-11 15:27:10,270 [WARN] PackLoader:240 - Cannot read IP mode file for STMicroelectronics.X-CUBE-AZRTOS-F7.1.1.0
2024-10-11 15:27:10,569 [WARN] PackLoader:240 - Cannot read IP mode file for STMicroelectronics.X-CUBE-MEMS1.11.0.0
2024-10-11 15:27:11,026 [WARN] PackLoader:240 - Cannot read IP mode file for STMicroelectronics.FP-SNS-FLIGHT1.5.0.2
2024-10-11 15:27:11,080 [WARN] PackLoader:240 - Cannot read IP mode file for STMicroelectronics.X-CUBE-DISPLAY.3.0.0
2024-10-11 15:27:11,136 [WARN] PackLoader:240 - Cannot read IP mode file for STMicroelectronics.X-CUBE-BLE1.7.0.0
2024-10-11 15:27:11,202 [WARN] PackLoader:240 - Cannot read IP mode file for STMicroelectronics.X-CUBE-NFC10.1.0.0
2024-10-11 15:27:11,245 [WARN] PackLoader:240 - Cannot read IP mode file for emotas.I-CUBE-CANOPEN.1.3.0
2024-10-11 15:27:11,288 [WARN] PackLoader:240 - Cannot read IP mode file for STMicroelectronics.X-CUBE-BLEMGR.3.1.0
2024-10-11 15:27:11,336 [WARN] PackLoader:240 - Cannot read IP mode file for STMicroelectronics.FP-SNS-SMARTAG2.1.2.0
2024-10-11 15:27:11,368 [INFO] LogOutputStream:77 - [STDOUT_REDIRECT] 1 : Invalid condition id : UX_CORESTACK_Condition cause : null
2024-10-11 15:27:11,372 [INFO] LogOutputStream:77 - [STDOUT_REDIRECT] 1 : Invalid condition id : UX_CORESTACK_Condition cause : null
2024-10-11 15:27:11,373 [INFO] LogOutputStream:77 - [STDOUT_REDIRECT] 1 : Invalid condition id : UX_CORESTACK_Condition cause : null
2024-10-11 15:27:11,373 [INFO] LogOutputStream:77 - [STDOUT_REDIRECT] 1 : Invalid condition id : UX_CORESTACK_Condition cause : null
2024-10-11 15:27:11,374 [INFO] LogOutputStream:77 - [STDOUT_REDIRECT] 1 : Invalid condition id : UX_CORESTACK_Condition cause : null
2024-10-11 15:27:11,383 [WARN] PackLoader:240 - Cannot read IP mode file for STMicroelectronics.X-CUBE-AZRTOS-WL.2.0.0
2024-10-11 15:27:11,396 [WARN] PackLoader:240 - Cannot read IP mode file for STMicroelectronics.FP-SNS-MOTENV1.5.0.0
2024-10-11 15:27:11,407 [WARN] PackLoader:240 - Cannot read IP mode file for wolfSSL.I-CUBE-wolfMQTT.1.19.0
2024-10-11 15:27:11,424 [WARN] PackLoader:240 - Cannot read IP mode file for WES.I-CUBE-Cesium.1.3.0
2024-10-11 15:27:11,436 [WARN] PackLoader:240 - Cannot read IP mode file for STMicroelectronics.X-CUBE-BLE2.3.3.0
2024-10-11 15:27:11,451 [WARN] PackLoader:240 - Cannot read IP mode file for STMicroelectronics.X-CUBE-NFC9.1.0.0
2024-10-11 15:27:11,473 [WARN] PackLoader:240 - Cannot read IP mode file for STMicroelectronics.X-CUBE-TCPP.4.1.0
2024-10-11 15:27:11,511 [WARN] PackLoader:240 - Cannot read IP mode file for STMicroelectronics.X-CUBE-AZRTOS-G0.1.1.0
2024-10-11 15:27:11,526 [WARN] PackLoader:240 - Cannot read IP mode file for STMicroelectronics.X-CUBE-SAFEA1.1.2.2
2024-10-11 15:27:11,545 [WARN] PackLoader:240 - Cannot read IP mode file for STMicroelectronics.X-CUBE-NFC4.3.0.0
2024-10-11 15:27:11,575 [WARN] PackLoader:240 - Cannot read IP mode file for EmbeddedOffice.I-CUBE-FS-RTOS.1.0.1
2024-10-11 15:27:11,578 [ERROR] ConditionMgr:805 - Attr not supported : Dmpu
2024-10-11 15:27:11,580 [ERROR] ConditionMgr:805 - Attr not supported : Dmpu
2024-10-11 15:27:11,581 [ERROR] ConditionMgr:805 - Attr not supported : Dmpu
2024-10-11 15:27:11,581 [ERROR] ConditionMgr:805 - Attr not supported : Dmpu
2024-10-11 15:27:11,581 [ERROR] ConditionMgr:805 - Attr not supported : Dmpu
2024-10-11 15:27:11,581 [ERROR] ConditionMgr:805 - Attr not supported : Dmpu
2024-10-11 15:27:11,581 [ERROR] ConditionMgr:805 - Attr not supported : Dmpu
2024-10-11 15:27:11,581 [ERROR] ConditionMgr:805 - Attr not supported : Dmpu
2024-10-11 15:27:11,581 [ERROR] ConditionMgr:805 - Attr not supported : Dmpu
2024-10-11 15:27:11,581 [ERROR] ConditionMgr:805 - Attr not supported : Dmpu
2024-10-11 15:27:11,581 [ERROR] ConditionMgr:805 - Attr not supported : Dmpu
2024-10-11 15:27:11,581 [ERROR] ConditionMgr:805 - Attr not supported : Dmpu
2024-10-11 15:27:11,581 [ERROR] ConditionMgr:805 - Attr not supported : Dmpu
2024-10-11 15:27:11,581 [ERROR] ConditionMgr:805 - Attr not supported : Dmpu
2024-10-11 15:27:11,581 [ERROR] ConditionMgr:805 - Attr not supported : Dmpu
2024-10-11 15:27:11,582 [ERROR] ConditionMgr:805 - Attr not supported : Dmpu
2024-10-11 15:27:11,582 [ERROR] ConditionMgr:805 - Attr not supported : Dmpu
2024-10-11 15:27:11,582 [ERROR] ConditionMgr:805 - Attr not supported : Dmpu
2024-10-11 15:27:11,582 [ERROR] ConditionMgr:805 - Attr not supported : Dmpu
2024-10-11 15:27:11,582 [ERROR] ConditionMgr:805 - Attr not supported : Dmpu
2024-10-11 15:27:11,582 [ERROR] ConditionMgr:805 - Attr not supported : Dmpu
2024-10-11 15:27:11,582 [ERROR] ConditionMgr:805 - Attr not supported : Dmpu
2024-10-11 15:27:11,582 [ERROR] ConditionMgr:805 - Attr not supported : Dmpu
2024-10-11 15:27:11,582 [ERROR] ConditionMgr:805 - Attr not supported : Dmpu
2024-10-11 15:27:11,583 [ERROR] ConditionMgr:805 - Attr not supported : Dmpu
2024-10-11 15:27:11,583 [ERROR] ConditionMgr:805 - Attr not supported : Dmpu
2024-10-11 15:27:11,583 [ERROR] ConditionMgr:805 - Attr not supported : Dmpu
2024-10-11 15:27:11,583 [ERROR] ConditionMgr:805 - Attr not supported : Dmpu
2024-10-11 15:27:11,583 [ERROR] ConditionMgr:805 - Attr not supported : Dmpu
2024-10-11 15:27:11,583 [ERROR] ConditionMgr:805 - Attr not supported : Dmpu
2024-10-11 15:27:11,584 [ERROR] ConditionMgr:805 - Attr not supported : Dmpu
2024-10-11 15:27:11,585 [ERROR] ConditionMgr:805 - Attr not supported : Dmpu
2024-10-11 15:27:11,587 [ERROR] ConditionMgr:805 - Attr not supported : Dmpu
2024-10-11 15:27:11,587 [ERROR] ConditionMgr:805 - Attr not supported : Dmpu
2024-10-11 15:27:11,588 [ERROR] ConditionMgr:805 - Attr not supported : Dmpu
2024-10-11 15:27:11,588 [ERROR] ConditionMgr:805 - Attr not supported : Dmpu
2024-10-11 15:27:11,588 [ERROR] ConditionMgr:805 - Attr not supported : Dmpu
2024-10-11 15:27:11,588 [ERROR] ConditionMgr:805 - Attr not supported : Dmpu
2024-10-11 15:27:11,588 [ERROR] ConditionMgr:805 - Attr not supported : Dmpu
2024-10-11 15:27:11,589 [ERROR] ConditionMgr:805 - Attr not supported : Dmpu
2024-10-11 15:27:11,589 [ERROR] ConditionMgr:805 - Attr not supported : Dmpu
2024-10-11 15:27:11,589 [ERROR] ConditionMgr:805 - Attr not supported : Dmpu
2024-10-11 15:27:11,589 [ERROR] ConditionMgr:805 - Attr not supported : Dmpu
2024-10-11 15:27:11,589 [ERROR] ConditionMgr:805 - Attr not supported : Dmpu
2024-10-11 15:27:11,589 [ERROR] ConditionMgr:805 - Attr not supported : Dmpu
2024-10-11 15:27:11,589 [ERROR] ConditionMgr:805 - Attr not supported : Dmpu
2024-10-11 15:27:11,589 [ERROR] ConditionMgr:805 - Attr not supported : Dmpu
2024-10-11 15:27:11,589 [ERROR] ConditionMgr:805 - Attr not supported : Dmpu
2024-10-11 15:27:11,589 [ERROR] ConditionMgr:805 - Attr not supported : Dmpu
2024-10-11 15:27:11,589 [ERROR] ConditionMgr:805 - Attr not supported : Dmpu
2024-10-11 15:27:11,589 [ERROR] ConditionMgr:805 - Attr not supported : Dmpu
2024-10-11 15:27:11,589 [ERROR] ConditionMgr:805 - Attr not supported : Dmpu
2024-10-11 15:27:11,589 [ERROR] ConditionMgr:805 - Attr not supported : Dmpu
2024-10-11 15:27:11,589 [ERROR] ConditionMgr:805 - Attr not supported : Dmpu
2024-10-11 15:27:11,589 [ERROR] ConditionMgr:805 - Attr not supported : Dmpu
2024-10-11 15:27:11,589 [ERROR] ConditionMgr:805 - Attr not supported : Dmpu
2024-10-11 15:27:11,590 [ERROR] ConditionMgr:805 - Attr not supported : Dmpu
2024-10-11 15:27:11,590 [ERROR] ConditionMgr:805 - Attr not supported : Dmpu
2024-10-11 15:27:11,590 [ERROR] ConditionMgr:805 - Attr not supported : Dmpu
2024-10-11 15:27:11,590 [ERROR] ConditionMgr:805 - Attr not supported : Dmpu
2024-10-11 15:27:11,590 [ERROR] ConditionMgr:805 - Attr not supported : Dmpu
2024-10-11 15:27:11,590 [ERROR] ConditionMgr:805 - Attr not supported : Dmpu
2024-10-11 15:27:11,590 [ERROR] ConditionMgr:805 - Attr not supported : Dmpu
2024-10-11 15:27:11,590 [ERROR] ConditionMgr:805 - Attr not supported : Dmpu
2024-10-11 15:27:11,596 [WARN] PackLoader:240 - Cannot read IP mode file for RealThread.X-CUBE-RT-Thread_Nano.4.1.1
2024-10-11 15:27:11,602 [WARN] PackLoader:240 - Cannot read IP mode file for STMicroelectronics.FP-ATR-SIGFOX1.3.2.0
2024-10-11 15:27:11,609 [WARN] PackLoader:240 - Cannot read IP mode file for wolfSSL.I-CUBE-wolfSSL.5.7.2
2024-10-11 15:27:11,619 [WARN] PackLoader:240 - Cannot read IP mode file for STMicroelectronics.X-CUBE-EEPRMA1.5.1.0
2024-10-11 15:27:11,632 [WARN] PackLoader:240 - Cannot read IP mode file for ITTIA_DB.I-CUBE-ITTIADB.8.9.0
2024-10-11 15:27:11,780 [WARN] PackLoader:240 - Cannot read IP mode file for SEGGER.I-CUBE-embOS.1.3.1
2024-10-11 15:27:11,902 [WARN] PackLoader:240 - Cannot read IP mode file for STMicroelectronics.X-CUBE-ALGOBUILD.1.4.0
2024-10-11 15:27:11,909 [WARN] PackLoader:240 - Cannot read IP mode file for STMicroelectronics.X-CUBE-AI.9.1.0
2024-10-11 15:27:11,918 [WARN] PackLoader:240 - Cannot read IP mode file for STMicroelectronics.X-CUBE-GNSS1.6.0.0
2024-10-11 15:27:11,978 [WARN] PackLoader:240 - Cannot read IP mode file for STMicroelectronics.X-CUBE-AZRTOS-F4.1.1.0
2024-10-11 15:27:11,999 [WARN] PackLoader:240 - Cannot read IP mode file for STMicroelectronics.X-CUBE-ISPU.2.1.0
2024-10-11 15:27:12,016 [WARN] PackLoader:240 - Cannot read IP mode file for STMicroelectronics.X-CUBE-FREERTOS.1.2.0
2024-10-11 15:27:12,048 [WARN] PackLoader:240 - Cannot read IP mode file for STMicroelectronics.X-CUBE-AZRTOS-L5.2.0.0
2024-10-11 15:27:12,069 [WARN] PackLoader:240 - Cannot read IP mode file for STMicroelectronics.X-CUBE-NFC6.3.1.0
2024-10-11 15:27:12,092 [WARN] PackLoader:240 - Cannot read IP mode file for STMicroelectronics.X-CUBE-DPower.1.2.0
2024-10-11 15:27:12,100 [WARN] PackLoader:240 - Cannot read IP mode file for STMicroelectronics.X-CUBE-AI.9.0.0
2024-10-11 15:27:12,107 [WARN] PackLoader:240 - Cannot read IP mode file for STMicroelectronics.X-CUBE-NFC7.1.0.1
2024-10-11 15:27:12,144 [WARN] ConditionMgr:438 - getConditionDescription Invalid condition id : LAN8742 Phy interface Condition cause : null
2024-10-11 15:27:12,146 [WARN] PackLoader:240 - Cannot read IP mode file for STMicroelectronics.X-CUBE-AZRTOS-L4.2.0.0
2024-10-11 15:27:12,153 [WARN] ConditionMgr:1039 - genDependencies : Invalid condition id : LAN8742 Phy interface Condition cause : null
2024-10-11 15:27:12,154 [WARN] ConditionMgr:1039 - genDependencies : Invalid condition id : LAN8742 Phy interface Condition cause : null
2024-10-11 15:27:12,156 [WARN] ConditionMgr:1039 - genDependencies : Invalid condition id : LAN8742 Phy interface Condition cause : null
2024-10-11 15:27:12,169 [WARN] PackLoader:240 - Cannot read IP mode file for STMicroelectronics.X-CUBE-SFXS2LP1.4.0.0
2024-10-11 15:27:12,236 [WARN] PackLoader:240 - Cannot read IP mode file for STMicroelectronics.X-CUBE-AZRTOS-H7.3.3.0
2024-10-11 15:27:12,266 [WARN] PackLoader:240 - Cannot read IP mode file for STMicroelectronics.X-CUBE-IPS.3.0.0
2024-10-11 15:27:12,302 [WARN] ConditionMgr:438 - getConditionDescription Invalid condition id : UX DEVICE CLASS RTOS Condition cause : null
2024-10-11 15:27:12,302 [WARN] ConditionMgr:438 - getConditionDescription Invalid condition id : UX DEVICE CLASS RTOS Condition cause : null
2024-10-11 15:27:12,309 [WARN] PackLoader:240 - Cannot read IP mode file for STMicroelectronics.X-CUBE-AZRTOS-WB.2.0.0
2024-10-11 15:27:12,310 [WARN] ConditionMgr:1039 - genDependencies : Invalid condition id : UX DEVICE CLASS RTOS Condition cause : null
2024-10-11 15:27:12,310 [WARN] ConditionMgr:1039 - genDependencies : Invalid condition id : UX DEVICE CLASS RTOS Condition cause : null
2024-10-11 15:27:12,311 [WARN] ConditionMgr:1039 - genDependencies : Invalid condition id : UX DEVICE CLASS RTOS Condition cause : null
2024-10-11 15:27:12,312 [WARN] ConditionMgr:1039 - genDependencies : Invalid condition id : UX DEVICE CLASS RTOS Condition cause : null
2024-10-11 15:27:12,312 [WARN] ConditionMgr:1039 - genDependencies : Invalid condition id : UX DEVICE CLASS RTOS Condition cause : null
2024-10-11 15:27:12,321 [WARN] PackLoader:240 - Cannot read IP mode file for STMicroelectronics.X-CUBE-GNSS1.7.0.0
2024-10-11 15:27:12,335 [WARN] PackLoader:240 - Cannot read IP mode file for STMicroelectronics.FP-SNS-STBOX1.2.0.0
2024-10-11 15:27:12,360 [WARN] PackLoader:240 - Cannot read IP mode file for STMicroelectronics.X-CUBE-SUBG2.5.0.0
2024-10-11 15:27:12,384 [WARN] PackLoader:240 - Cannot read IP mode file for Cesanta.I-CUBE-Mongoose.7.13.0
2024-10-11 15:27:12,415 [WARN] PackLoader:240 - Cannot read IP mode file for STMicroelectronics.X-CUBE-AZRTOS-G4.2.0.0
2024-10-11 15:27:12,425 [WARN] PackLoader:240 - Cannot read IP mode file for STMicroelectronics.X-CUBE-ISPU.2.0.0
2024-10-11 15:27:12,430 [WARN] PackLoader:240 - Cannot read IP mode file for STMicroelectronics.X-CUBE-ALS.1.0.2
2024-10-11 15:27:12,435 [WARN] PackLoader:240 - Cannot read IP mode file for STMicroelectronics.X-CUBE-TOUCHGFX.4.24.0
2024-10-11 15:27:12,438 [WARN] PackLoader:240 - Cannot read IP mode file for STMicroelectronics.X-CUBE-TOUCHGFX.4.24.1
2024-10-11 15:27:12,443 [WARN] PackLoader:240 - Cannot read IP mode file for wolfSSL.I-CUBE-wolfTPM.3.4.0
2024-10-11 15:27:12,449 [WARN] PackLoader:240 - Cannot read IP mode file for portGmbH.I-Cube-SoM-uGOAL.1.1.0
2024-10-11 15:27:12,489 [WARN] PackLoader:240 - Cannot read IP mode file for STMicroelectronics.X-CUBE-AZRTOS-H7RS.1.0.0
2024-10-11 15:27:12,506 [WARN] PackLoader:240 - Cannot read IP mode file for STMicroelectronics.FP-ATR-ASTRA1.2.0.0
2024-10-11 15:27:12,524 [WARN] PackLoader:240 - Cannot read IP mode file for STMicroelectronics.X-CUBE-TOF1.3.4.2
2024-10-11 15:27:12,641 [WARN] PackLoader:240 - Cannot read IP mode file for Infineon.AIROC-Wi-Fi-Bluetooth-STM32.1.6.1
2024-10-11 15:27:12,677 [WARN] PackLoader:240 - Cannot read IP mode file for wolfSSL.I-CUBE-wolfSSH.1.4.17
2024-10-11 15:27:12,682 [INFO] ThirdParty:978 - Integrity check success = true
2024-10-11 15:27:12,682 [INFO] IntegrityCheckThread:100 - exiting critical section [integrity check]
2024-10-11 15:27:12,682 [INFO] IntegrityCheckThread:103 - End integrity checks thread
2024-10-11 15:27:15,448 [INFO] WebApp:167 - Instantiating new browser for Auth
2024-10-11 15:27:22,399 [INFO] WebApp:448 - Apply proxy settings
2024-10-11 15:27:22,475 [INFO] WebApp:493 - Chromium authenticates against Manually configured proxy
2024-10-11 15:27:22,693 [INFO] WebApp:501 - Username used for proxy authentication: 
2024-10-11 15:27:23,014 [INFO] WebApp:869 - Register for checkConnection events
2024-10-11 15:27:23,021 [INFO] WebApp:448 - Apply proxy settings
2024-10-11 15:27:23,357 [INFO] WebApp:493 - Chromium authenticates against Manually configured proxy
2024-10-11 15:27:23,544 [INFO] WebApp:501 - Username used for proxy authentication: 
2024-10-11 15:27:24,250 [INFO] WebApp:220 - Starting web application
2024-10-11 15:27:24,251 [INFO] WebApp:578 - Web application path used /Applications/STM32CubeIDE.app/Contents/Eclipse/plugins/com.st.stm32cube.common.mx_6.12.0.202406281431/db/plugins/mcufinder/reactClient1/index.html
2024-10-11 15:27:24,455 [INFO] WebApp:186 - Connection restablished
2024-10-11 15:27:25,384 [INFO] UserAuth:417 - Internet connection configuration mode: 1
2024-10-11 15:29:37,449 [ERROR] LogOutputStream:75 - [STDERR_REDIRECT] 
