2024-09-20 15:46:29,243 [INFO] Activator:176 - 


2024-09-20 15:46:29,245 [INFO] Activator:177 - !SESSION log4j initialized
2024-09-20 15:46:31,708 [ERROR] LogOutputStream:75 - [STDERR_REDIRECT] 
2024-09-20 15:46:35,014 [INFO] LogOutputStream:77 - [STDOUT_REDIRECT] 
2024-09-20 15:46:39,041 [INFO] ApplicationProperties:184 - Using Application install path: /Applications/STM32CubeIDE.app/Contents/Eclipse/plugins/com.st.stm32cube.common.mx_6.12.0.202406281431
2024-09-20 15:46:39,059 [INFO] DbMcusXml:78 - Set database path to: /Applications/STM32CubeIDE.app/Contents/Eclipse/plugins/com.st.stm32cube.common.mx_6.12.0.202406281431//db//mcu/
2024-09-20 15:46:39,059 [INFO] ApiDb:274 - Set plugin database path to: /Applications/STM32CubeIDE.app/Contents/Eclipse/plugins/com.st.stm32cube.common.mx_6.12.0.202406281431//db//plugins/boardmanager/
2024-09-20 15:46:39,060 [WARN] ApiDb:259 - Overriding images path with different value:  => /Applications/STM32CubeIDE.app/Contents/Eclipse/plugins/com.st.stm32cube.common.mx_6.12.0.202406281431//db//plugins/mcufinder/images/
2024-09-20 15:46:39,068 [INFO] ApiDb:250 - Set database path to: /Users/aidancostello/.stmcufinder/plugins/mcufinder//mcu/
2024-09-20 15:46:39,069 [INFO] DbMcusAds:125 - Set database path to: /Users/aidancostello/.stmcufinder/plugins/mcufinder//mcu/
2024-09-20 15:46:39,072 [INFO] CrossReferenceDbSqlite:203 - Set database path to: /Users/aidancostello/.stmcufinder/plugins/mcufinder//mcu/cs/
2024-09-20 15:46:39,278 [INFO] RulesReader:64 - Compatibility file has been processed (297 Rules)
2024-09-20 15:46:39,399 [INFO] DbMcusXml:78 - Set database path to: /Applications/STM32CubeIDE.app/Contents/Eclipse/plugins/com.st.stm32cube.common.mx_6.12.0.202406281431//db//mcu/
2024-09-20 15:46:39,399 [INFO] ApiDb:274 - Set plugin database path to: /Applications/STM32CubeIDE.app/Contents/Eclipse/plugins/com.st.stm32cube.common.mx_6.12.0.202406281431//db//plugins/boardmanager/
2024-09-20 15:46:39,400 [INFO] ApiDb:261 - Set plugin images path to: /Applications/STM32CubeIDE.app/Contents/Eclipse/plugins/com.st.stm32cube.common.mx_6.12.0.202406281431//db//plugins/mcufinder/images/
2024-09-20 15:46:39,400 [WARN] DbFile:41 - Overriding database path with different value: /Users/aidancostello/.stmcufinder/plugins/mcufinder/ => /Users/aidancostello/.stmcufinder/plugins/mcufinder
2024-09-20 15:46:39,400 [INFO] ApiDb:250 - Set database path to: /Users/aidancostello/.stmcufinder/plugins/mcufinder//mcu/
2024-09-20 15:46:39,400 [WARN] DbFile:41 - Overriding database path with different value: /Users/aidancostello/.stmcufinder/plugins/mcufinder/ => /Users/aidancostello/.stmcufinder/plugins/mcufinder
2024-09-20 15:46:39,401 [INFO] DbMcusAds:125 - Set database path to: /Users/aidancostello/.stmcufinder/plugins/mcufinder//mcu/
2024-09-20 15:46:39,401 [WARN] DbFile:41 - Overriding database path with different value: /Users/aidancostello/.stmcufinder/plugins/mcufinder/ => /Users/aidancostello/.stmcufinder/plugins/mcufinder
2024-09-20 15:46:39,401 [WARN] DbFile:41 - Overriding database path with different value: /Users/aidancostello/.stmcufinder/plugins/mcufinder/ => /Users/aidancostello/.stmcufinder/plugins/mcufinder
2024-09-20 15:46:39,401 [INFO] CrossReferenceDbSqlite:203 - Set database path to: /Users/aidancostello/.stmcufinder/plugins/mcufinder//mcu/cs/
2024-09-20 15:46:39,557 [INFO] MainPanel:268 - HeapMemory: 268435456
2024-09-20 15:46:40,906 [ERROR] LogOutputStream:75 - [STDERR_REDIRECT] [Fatal Error] :2:10: DOCTYPE is disallowed when the feature "http://apache.org/xml/features/disallow-doctype-decl" set to true.
2024-09-20 15:46:40,908 [ERROR] LogOutputStream:75 - [STDERR_REDIRECT] 
2024-09-20 15:46:40,916 [INFO] DbMcusXml:78 - Set database path to: /Applications/STM32CubeIDE.app/Contents/Eclipse/plugins/com.st.stm32cube.common.mx_6.12.0.202406281431//db//mcu/
2024-09-20 15:46:40,916 [INFO] ApiDb:274 - Set plugin database path to: /Applications/STM32CubeIDE.app/Contents/Eclipse/plugins/com.st.stm32cube.common.mx_6.12.0.202406281431//db//plugins/boardmanager/
2024-09-20 15:46:40,917 [INFO] ApiDb:261 - Set plugin images path to: /Applications/STM32CubeIDE.app/Contents/Eclipse/plugins/com.st.stm32cube.common.mx_6.12.0.202406281431//db//plugins/mcufinder/images/
2024-09-20 15:46:40,917 [WARN] DbFile:41 - Overriding database path with different value: /Users/aidancostello/.stmcufinder/plugins/mcufinder/ => /Users/aidancostello/.stmcufinder/plugins/mcufinder
2024-09-20 15:46:40,917 [INFO] ApiDb:250 - Set database path to: /Users/aidancostello/.stmcufinder/plugins/mcufinder//mcu/
2024-09-20 15:46:40,917 [WARN] DbFile:41 - Overriding database path with different value: /Users/aidancostello/.stmcufinder/plugins/mcufinder/ => /Users/aidancostello/.stmcufinder/plugins/mcufinder
2024-09-20 15:46:40,917 [INFO] DbMcusAds:125 - Set database path to: /Users/aidancostello/.stmcufinder/plugins/mcufinder//mcu/
2024-09-20 15:46:40,918 [WARN] DbFile:41 - Overriding database path with different value: /Users/aidancostello/.stmcufinder/plugins/mcufinder/ => /Users/aidancostello/.stmcufinder/plugins/mcufinder
2024-09-20 15:46:40,918 [WARN] DbFile:41 - Overriding database path with different value: /Users/aidancostello/.stmcufinder/plugins/mcufinder/ => /Users/aidancostello/.stmcufinder/plugins/mcufinder
2024-09-20 15:46:40,918 [INFO] CrossReferenceDbSqlite:203 - Set database path to: /Users/aidancostello/.stmcufinder/plugins/mcufinder//mcu/cs/
2024-09-20 15:46:40,952 [INFO] ApplicationProperties:184 - Using Application install path: /Applications/STM32CubeIDE.app/Contents/Eclipse/plugins/com.st.stm32cube.common.mx_6.12.0.202406281431
2024-09-20 15:46:40,954 [INFO] PluginManage:196 - Search for loadable plugins [exclusion list=, ]
2024-09-20 15:46:40,957 [INFO] PluginManage:310 - Check plugin analytics
2024-09-20 15:46:41,290 [INFO] AnalyticsPlugin:253 - Accepted Software Licenses: 
2024-09-20 15:46:41,294 [INFO] AnalyticsPlugin:255 - Accepted CMSIS Pack Licenses: 
2024-09-20 15:46:41,296 [INFO] AnalyticsPlugin:257 - Accepted Firmware Licenses: FW.L4.1.18.0,FW.F4.1.28.0
2024-09-20 15:46:41,308 [INFO] PluginManage:359 - Loaded plugin analytics (category:tool,tabindex:-1)
2024-09-20 15:46:41,310 [INFO] PluginManage:310 - Check plugin cadmodel
2024-09-20 15:46:41,331 [INFO] CADModel:105 - Init CAD model plugin
2024-09-20 15:46:41,331 [INFO] PluginManage:359 - Loaded plugin cadmodel (category:power,tabindex:5)
2024-09-20 15:46:41,331 [INFO] PluginManage:310 - Check plugin clock
2024-09-20 15:46:41,348 [INFO] PluginManage:359 - Loaded plugin clock (category:base,tabindex:2)
2024-09-20 15:46:41,348 [INFO] PluginManage:310 - Check plugin ddr
2024-09-20 15:46:41,350 [INFO] PluginManage:359 - Loaded plugin ddr (category:tool,tabindex:6)
2024-09-20 15:46:41,351 [INFO] PluginManage:310 - Check plugin filemanager
2024-09-20 15:46:41,573 [INFO] PluginManage:359 - Loaded plugin filemanager (category:base,tabindex:10)
2024-09-20 15:46:41,574 [INFO] PluginManage:310 - Check plugin ipmanager
2024-09-20 15:46:41,584 [INFO] PluginManage:359 - Loaded plugin ipmanager (category:base,tabindex:5)
2024-09-20 15:46:41,585 [INFO] PluginManage:310 - Check plugin lpbam
2024-09-20 15:46:41,599 [INFO] PluginManage:359 - Loaded plugin lpbam (category:base,tabindex:0)
2024-09-20 15:46:41,600 [INFO] PluginManage:310 - Check plugin memorymap
2024-09-20 15:46:41,613 [INFO] PluginManage:359 - Loaded plugin memorymap (category:base,tabindex:4)
2024-09-20 15:46:41,613 [INFO] PluginManage:310 - Check plugin pinoutandconfiguration
2024-09-20 15:46:41,619 [INFO] PluginManage:359 - Loaded plugin pinoutandconfiguration (category:base,tabindex:1)
2024-09-20 15:46:41,620 [INFO] PluginManage:310 - Check plugin pinoutconfig
2024-09-20 15:46:41,743 [WARN] SupportedApi:132 - Cannot load RTOS API schema: s4s-elt-must-match.1: The content of 'definitions' must match (annotation?, (simpleType | complexType)?, (unique | key | keyref)*)). A problem was found starting at: attribute.
2024-09-20 15:46:42,170 [INFO] PluginManage:359 - Loaded plugin pinoutconfig (category:base,tabindex:0)
2024-09-20 15:46:42,171 [INFO] PluginManage:310 - Check plugin power
2024-09-20 15:46:42,209 [INFO] PluginManage:359 - Loaded plugin power (category:power,tabindex:4)
2024-09-20 15:46:42,209 [INFO] PluginManage:310 - Check plugin projectmanager
2024-09-20 15:46:42,260 [INFO] PluginManage:359 - Loaded plugin projectmanager (category:projectmanager,tabindex:4)
2024-09-20 15:46:42,260 [INFO] PluginManage:310 - Check plugin rif
2024-09-20 15:46:42,267 [INFO] PluginManage:359 - Loaded plugin rif (category:base,tabindex:3)
2024-09-20 15:46:42,267 [INFO] PluginManage:310 - Check plugin thirdparty
2024-09-20 15:46:42,767 [INFO] PluginManage:359 - Loaded plugin thirdparty (category:base,tabindex:-1)
2024-09-20 15:46:42,773 [INFO] PluginManage:310 - Check plugin tools
2024-09-20 15:46:42,766 [WARN] IntegrityCheckThread:84 - waiting for thirdparty lock release [integrity check]
2024-09-20 15:46:42,775 [INFO] IntegrityCheckThread:86 - entering critical section [integrity check]
2024-09-20 15:46:42,792 [INFO] ThirdPartyUpdaterWithRetryManager:70 - Updater plugin not ready yet. [1/15]
2024-09-20 15:46:42,803 [INFO] PluginManage:359 - Loaded plugin tools (category:base,tabindex:7)
2024-09-20 15:46:42,803 [INFO] PluginManage:310 - Check plugin tutovideos
2024-09-20 15:46:43,230 [INFO] PluginManage:359 - Loaded plugin tutovideos (category:base,tabindex:-1)
2024-09-20 15:46:43,235 [INFO] PluginManage:310 - Check plugin updater
2024-09-20 15:46:43,333 [INFO] PluginManage:359 - Loaded plugin updater (category:base,tabindex:12)
2024-09-20 15:46:43,335 [INFO] PluginManage:310 - Check plugin userauth
2024-09-20 15:46:43,356 [INFO] UserAuth:113 - Init User Auth plugin
2024-09-20 15:46:43,357 [INFO] PluginManage:359 - Loaded plugin userauth (category:base,tabindex:14)
2024-09-20 15:46:43,361 [INFO] PluginManage:283 - PluginManage : Loaded plugins [18]
2024-09-20 15:46:43,776 [INFO] PinOutPanel:1561 - setPackage(No Configuration,No Configuration)
2024-09-20 15:46:43,874 [INFO] CADModel:165 - CPN selected for project level
2024-09-20 15:46:43,875 [INFO] CADModel:114 - Register for checkConnection events
2024-09-20 15:46:43,888 [INFO] IPUIPlugin:80 - create IPUIPlugin
2024-09-20 15:46:43,889 [INFO] PluginManager:220 - loadIPPluginJar : add mdma
2024-09-20 15:46:43,894 [INFO] IPUIPlugin:80 - create IPUIPlugin
2024-09-20 15:46:43,895 [INFO] PluginManager:220 - loadIPPluginJar : add freertos
2024-09-20 15:46:43,898 [INFO] IPUIPlugin:80 - create IPUIPlugin
2024-09-20 15:46:43,898 [INFO] PluginManager:220 - loadIPPluginJar : add gic
2024-09-20 15:46:43,906 [INFO] IPUIPlugin:80 - create IPUIPlugin
2024-09-20 15:46:43,906 [INFO] PluginManager:220 - loadIPPluginJar : add adc
2024-09-20 15:46:43,908 [INFO] IPUIPlugin:80 - create IPUIPlugin
2024-09-20 15:46:43,908 [INFO] PluginManager:220 - loadIPPluginJar : add gtzc
2024-09-20 15:46:43,909 [INFO] IPUIPlugin:80 - create IPUIPlugin
2024-09-20 15:46:43,909 [INFO] PluginManager:220 - loadIPPluginJar : add quadspi
2024-09-20 15:46:43,911 [INFO] IPUIPlugin:80 - create IPUIPlugin
2024-09-20 15:46:43,911 [INFO] PluginManager:220 - loadIPPluginJar : add aes
2024-09-20 15:46:43,913 [INFO] IPUIPlugin:80 - create IPUIPlugin
2024-09-20 15:46:43,913 [INFO] PluginManager:220 - loadIPPluginJar : add pdm2pcm
2024-09-20 15:46:43,915 [INFO] IPUIPlugin:80 - create IPUIPlugin
2024-09-20 15:46:43,915 [INFO] PluginManager:220 - loadIPPluginJar : add hash
2024-09-20 15:46:43,916 [INFO] IPUIPlugin:80 - create IPUIPlugin
2024-09-20 15:46:43,916 [INFO] PluginManager:220 - loadIPPluginJar : add tim
2024-09-20 15:46:43,917 [INFO] IPUIPlugin:80 - create IPUIPlugin
2024-09-20 15:46:43,917 [INFO] PluginManager:220 - loadIPPluginJar : add tsc
2024-09-20 15:46:43,919 [INFO] IPUIPlugin:80 - create IPUIPlugin
2024-09-20 15:46:43,919 [INFO] PluginManager:220 - loadIPPluginJar : add extmemmanager
2024-09-20 15:46:43,920 [INFO] IPUIPlugin:80 - create IPUIPlugin
2024-09-20 15:46:43,921 [INFO] PluginManager:220 - loadIPPluginJar : add ts
2024-09-20 15:46:43,922 [INFO] IPUIPlugin:80 - create IPUIPlugin
2024-09-20 15:46:43,922 [INFO] PluginManager:220 - loadIPPluginJar : add radio
2024-09-20 15:46:43,924 [INFO] IPUIPlugin:80 - create IPUIPlugin
2024-09-20 15:46:43,924 [INFO] PluginManager:220 - loadIPPluginJar : add can
2024-09-20 15:46:43,929 [INFO] IPUIPlugin:80 - create IPUIPlugin
2024-09-20 15:46:43,929 [INFO] PluginManager:220 - loadIPPluginJar : add dma3
2024-09-20 15:46:43,932 [INFO] IPUIPlugin:80 - create IPUIPlugin
2024-09-20 15:46:43,932 [INFO] PluginManager:220 - loadIPPluginJar : add dfsdm
2024-09-20 15:46:43,935 [INFO] IPUIPlugin:80 - create IPUIPlugin
2024-09-20 15:46:43,935 [INFO] PluginManager:220 - loadIPPluginJar : add spi
2024-09-20 15:46:43,936 [INFO] IPUIPlugin:80 - create IPUIPlugin
2024-09-20 15:46:43,937 [INFO] PluginManager:220 - loadIPPluginJar : add gfxmmu
2024-09-20 15:46:43,939 [INFO] IPUIPlugin:80 - create IPUIPlugin
2024-09-20 15:46:43,939 [INFO] PluginManager:220 - loadIPPluginJar : add genericplugin
2024-09-20 15:46:43,942 [INFO] IPUIPlugin:80 - create IPUIPlugin
2024-09-20 15:46:43,942 [INFO] PluginManager:220 - loadIPPluginJar : add cryp
2024-09-20 15:46:43,945 [INFO] IPUIPlugin:80 - create IPUIPlugin
2024-09-20 15:46:43,945 [INFO] PluginManager:220 - loadIPPluginJar : add gpio
2024-09-20 15:46:43,950 [INFO] IPUIPlugin:80 - create IPUIPlugin
2024-09-20 15:46:43,951 [INFO] PluginManager:220 - loadIPPluginJar : add ddr_ctrl_phy
2024-09-20 15:46:43,952 [INFO] IPUIPlugin:80 - create IPUIPlugin
2024-09-20 15:46:43,952 [INFO] PluginManager:220 - loadIPPluginJar : add comp
2024-09-20 15:46:43,954 [INFO] IPUIPlugin:80 - create IPUIPlugin
2024-09-20 15:46:43,955 [INFO] PluginManager:220 - loadIPPluginJar : add tracer_emb
2024-09-20 15:46:43,956 [INFO] IPUIPlugin:80 - create IPUIPlugin
2024-09-20 15:46:43,957 [INFO] PluginManager:220 - loadIPPluginJar : add openamp
2024-09-20 15:46:43,961 [INFO] IPUIPlugin:80 - create IPUIPlugin
2024-09-20 15:46:43,961 [INFO] PluginManager:220 - loadIPPluginJar : add stm32_wpan
2024-09-20 15:46:43,966 [INFO] IPUIPlugin:80 - create IPUIPlugin
2024-09-20 15:46:43,971 [INFO] PluginManager:220 - loadIPPluginJar : add plateformsettings
2024-09-20 15:46:43,975 [INFO] IPUIPlugin:80 - create IPUIPlugin
2024-09-20 15:46:43,975 [INFO] PluginManager:220 - loadIPPluginJar : add ipddr
2024-09-20 15:46:43,979 [INFO] IPUIPlugin:80 - create IPUIPlugin
2024-09-20 15:46:43,979 [INFO] PluginManager:220 - loadIPPluginJar : add usart
2024-09-20 15:46:43,981 [INFO] IPUIPlugin:80 - create IPUIPlugin
2024-09-20 15:46:43,981 [INFO] PluginManager:220 - loadIPPluginJar : add ltdc
2024-09-20 15:46:43,983 [INFO] IPUIPlugin:80 - create IPUIPlugin
2024-09-20 15:46:43,983 [INFO] PluginManager:220 - loadIPPluginJar : add nvic
2024-09-20 15:46:43,984 [INFO] IPUIPlugin:80 - create IPUIPlugin
2024-09-20 15:46:43,984 [INFO] PluginManager:220 - loadIPPluginJar : add fatfs
2024-09-20 15:46:43,990 [INFO] IPUIPlugin:80 - create IPUIPlugin
2024-09-20 15:46:43,990 [INFO] PluginManager:220 - loadIPPluginJar : add linkedlist
2024-09-20 15:46:43,993 [INFO] IPUIPlugin:80 - create IPUIPlugin
2024-09-20 15:46:43,994 [INFO] PluginManager:220 - loadIPPluginJar : add dma
2024-09-20 15:46:43,996 [INFO] IPUIPlugin:80 - create IPUIPlugin
2024-09-20 15:46:43,996 [INFO] PluginManager:220 - loadIPPluginJar : add fmc
2024-09-20 15:46:43,997 [INFO] IPUIPlugin:80 - create IPUIPlugin
2024-09-20 15:46:43,998 [INFO] PluginManager:220 - loadIPPluginJar : add i2s
2024-09-20 15:46:43,999 [INFO] IPUIPlugin:80 - create IPUIPlugin
2024-09-20 15:46:44,000 [INFO] PluginManager:220 - loadIPPluginJar : add ucpd
2024-09-20 15:46:44,002 [INFO] IPUIPlugin:80 - create IPUIPlugin
2024-09-20 15:46:44,002 [INFO] PluginManager:220 - loadIPPluginJar : add lorawan
2024-09-20 15:46:44,004 [INFO] IPUIPlugin:80 - create IPUIPlugin
2024-09-20 15:46:44,004 [INFO] PluginManager:220 - loadIPPluginJar : add opamp
2024-09-20 15:46:44,006 [INFO] IPUIPlugin:80 - create IPUIPlugin
2024-09-20 15:46:44,006 [INFO] PluginManager:220 - loadIPPluginJar : add i3c
2024-09-20 15:46:44,008 [INFO] IPUIPlugin:80 - create IPUIPlugin
2024-09-20 15:46:44,009 [INFO] PluginManager:220 - loadIPPluginJar : add touchsensing
2024-09-20 15:46:44,012 [INFO] IPUIPlugin:80 - create IPUIPlugin
2024-09-20 15:46:44,012 [INFO] PluginManager:220 - loadIPPluginJar : add i2c
2024-09-20 15:46:44,014 [INFO] IPUIPlugin:80 - create IPUIPlugin
2024-09-20 15:46:44,014 [INFO] PluginManager:220 - loadIPPluginJar : add resmgrutility
2024-09-20 15:46:44,016 [INFO] IPUIPlugin:80 - create IPUIPlugin
2024-09-20 15:46:44,016 [INFO] PluginManager:220 - loadIPPluginJar : add sai
2024-09-20 15:46:44,019 [INFO] IPUIPlugin:80 - create IPUIPlugin
2024-09-20 15:46:44,019 [INFO] PluginManager:220 - loadIPPluginJar : add usbx
2024-09-20 15:46:44,140 [INFO] CADModel:165 - CPN selected for project level
2024-09-20 15:46:44,143 [INFO] CADModel:114 - Register for checkConnection events
2024-09-20 15:46:44,146 [FATAL] Updater:334 - Updater called before beeing initialized
2024-09-20 15:46:44,146 [ERROR] CADModel:125 - Updater not yet initialized, retry later 
2024-09-20 15:46:44,451 [INFO] CADModel:165 - CPN selected for project level
2024-09-20 15:46:44,451 [INFO] CADModel:114 - Register for checkConnection events
2024-09-20 15:46:44,451 [FATAL] Updater:334 - Updater called before beeing initialized
2024-09-20 15:46:44,451 [ERROR] CADModel:125 - Updater not yet initialized, retry later 
2024-09-20 15:46:44,455 [FATAL] Updater:334 - Updater called before beeing initialized
2024-09-20 15:46:44,662 [FATAL] Updater:334 - Updater called before beeing initialized
2024-09-20 15:46:44,669 [INFO] DbMcusAds:53 - JSON generation date=Mon Sep 16 09:40:22 CDT 2024 (1726497622318)
2024-09-20 15:46:44,669 [FATAL] Updater:334 - Updater called before beeing initialized
2024-09-20 15:46:44,750 [WARN] DetailPanel:346 - Failed to get advertising image, set to default
2024-09-20 15:46:44,960 [FATAL] Updater:334 - Updater called before beeing initialized
2024-09-20 15:46:44,975 [FATAL] Updater:334 - Updater called before beeing initialized
2024-09-20 15:46:44,975 [FATAL] Updater:334 - Updater called before beeing initialized
2024-09-20 15:46:44,976 [WARN] DetailPanel:346 - Failed to get advertising image, set to default
2024-09-20 15:46:44,990 [FATAL] Updater:334 - Updater called before beeing initialized
2024-09-20 15:46:45,166 [ERROR] Updater:1164 - MainUpdater not yet initialized. External WinMGr cannot be set.
2024-09-20 15:46:45,185 [INFO] Updater:1100 - Updater Version found : 6.12.0
2024-09-20 15:46:45,205 [INFO] ApplicationProperties:184 - Using Application install path: /Applications/STM32CubeIDE.app/Contents/Eclipse/plugins/com.st.stm32cube.common.mx_6.12.0.202406281431
2024-09-20 15:46:45,807 [INFO] ThirdPartyUpdaterWithRetryManager:70 - Updater plugin not ready yet. [2/15]
2024-09-20 15:46:47,384 [INFO] MainUpdater:2873 - connection check result : 10
2024-09-20 15:46:47,386 [INFO] MainUpdater:290 - Updater Check For Update Now.
2024-09-20 15:46:47,386 [INFO] MicroXplorer:498 - Change Database Version : DB.6.0.120
2024-09-20 15:46:47,398 [INFO] McuFinderGlobals:63 - Set McuFinder mode to 2 (CubeIDE integrated)
2024-09-20 15:46:47,401 [INFO] UserAuth:417 - Internet connection configuration mode: 1
2024-09-20 15:46:47,423 [INFO] JxBrowserEngine:152 - Initiate JxBrowser Engine with user profile folder
2024-09-20 15:46:47,838 [INFO] CheckServerUpdateThread:120 - End of CheckServer Thread
2024-09-20 15:46:48,136 [ERROR] LogOutputStream:75 - [STDERR_REDIRECT] 
2024-09-20 15:52:51,458 [INFO] Activator:176 - 


2024-09-20 15:52:51,464 [INFO] Activator:177 - !SESSION log4j initialized
2024-09-20 15:52:53,511 [INFO] LogOutputStream:77 - [STDOUT_REDIRECT] 
2024-09-20 15:52:56,126 [ERROR] LogOutputStream:75 - [STDERR_REDIRECT] 
2024-09-20 15:52:58,740 [INFO] LogOutputStream:77 - [STDOUT_REDIRECT] 
2024-09-20 15:53:01,819 [INFO] ApplicationProperties:184 - Using Application install path: /Applications/STM32CubeIDE.app/Contents/Eclipse/plugins/com.st.stm32cube.common.mx_6.12.0.202406281431
2024-09-20 15:53:01,843 [INFO] DbMcusXml:78 - Set database path to: /Applications/STM32CubeIDE.app/Contents/Eclipse/plugins/com.st.stm32cube.common.mx_6.12.0.202406281431//db//mcu/
2024-09-20 15:53:01,843 [INFO] ApiDb:274 - Set plugin database path to: /Applications/STM32CubeIDE.app/Contents/Eclipse/plugins/com.st.stm32cube.common.mx_6.12.0.202406281431//db//plugins/boardmanager/
2024-09-20 15:53:01,845 [WARN] ApiDb:259 - Overriding images path with different value:  => /Applications/STM32CubeIDE.app/Contents/Eclipse/plugins/com.st.stm32cube.common.mx_6.12.0.202406281431//db//plugins/mcufinder/images/
2024-09-20 15:53:01,853 [INFO] ApiDb:250 - Set database path to: /Users/aidancostello/.stmcufinder/plugins/mcufinder//mcu/
2024-09-20 15:53:01,854 [INFO] DbMcusAds:125 - Set database path to: /Users/aidancostello/.stmcufinder/plugins/mcufinder//mcu/
2024-09-20 15:53:01,856 [INFO] CrossReferenceDbSqlite:203 - Set database path to: /Users/aidancostello/.stmcufinder/plugins/mcufinder//mcu/cs/
2024-09-20 15:53:02,041 [INFO] RulesReader:64 - Compatibility file has been processed (297 Rules)
2024-09-20 15:53:02,152 [INFO] DbMcusXml:78 - Set database path to: /Applications/STM32CubeIDE.app/Contents/Eclipse/plugins/com.st.stm32cube.common.mx_6.12.0.202406281431//db//mcu/
2024-09-20 15:53:02,153 [INFO] ApiDb:274 - Set plugin database path to: /Applications/STM32CubeIDE.app/Contents/Eclipse/plugins/com.st.stm32cube.common.mx_6.12.0.202406281431//db//plugins/boardmanager/
2024-09-20 15:53:02,153 [INFO] ApiDb:261 - Set plugin images path to: /Applications/STM32CubeIDE.app/Contents/Eclipse/plugins/com.st.stm32cube.common.mx_6.12.0.202406281431//db//plugins/mcufinder/images/
2024-09-20 15:53:02,154 [WARN] DbFile:41 - Overriding database path with different value: /Users/aidancostello/.stmcufinder/plugins/mcufinder/ => /Users/aidancostello/.stmcufinder/plugins/mcufinder
2024-09-20 15:53:02,154 [INFO] ApiDb:250 - Set database path to: /Users/aidancostello/.stmcufinder/plugins/mcufinder//mcu/
2024-09-20 15:53:02,154 [WARN] DbFile:41 - Overriding database path with different value: /Users/aidancostello/.stmcufinder/plugins/mcufinder/ => /Users/aidancostello/.stmcufinder/plugins/mcufinder
2024-09-20 15:53:02,154 [INFO] DbMcusAds:125 - Set database path to: /Users/aidancostello/.stmcufinder/plugins/mcufinder//mcu/
2024-09-20 15:53:02,154 [WARN] DbFile:41 - Overriding database path with different value: /Users/aidancostello/.stmcufinder/plugins/mcufinder/ => /Users/aidancostello/.stmcufinder/plugins/mcufinder
2024-09-20 15:53:02,154 [WARN] DbFile:41 - Overriding database path with different value: /Users/aidancostello/.stmcufinder/plugins/mcufinder/ => /Users/aidancostello/.stmcufinder/plugins/mcufinder
2024-09-20 15:53:02,155 [INFO] CrossReferenceDbSqlite:203 - Set database path to: /Users/aidancostello/.stmcufinder/plugins/mcufinder//mcu/cs/
2024-09-20 15:53:02,309 [INFO] MainPanel:268 - HeapMemory: 268435456
2024-09-20 15:53:03,338 [ERROR] LogOutputStream:75 - [STDERR_REDIRECT] [Fatal Error] :2:10: DOCTYPE is disallowed when the feature "http://apache.org/xml/features/disallow-doctype-decl" set to true.
2024-09-20 15:53:03,339 [ERROR] LogOutputStream:75 - [STDERR_REDIRECT] 
2024-09-20 15:53:04,298 [INFO] DbMcusXml:78 - Set database path to: /Applications/STM32CubeIDE.app/Contents/Eclipse/plugins/com.st.stm32cube.common.mx_6.12.0.202406281431//db//mcu/
2024-09-20 15:53:04,299 [INFO] ApiDb:274 - Set plugin database path to: /Applications/STM32CubeIDE.app/Contents/Eclipse/plugins/com.st.stm32cube.common.mx_6.12.0.202406281431//db//plugins/boardmanager/
2024-09-20 15:53:04,300 [INFO] ApiDb:261 - Set plugin images path to: /Applications/STM32CubeIDE.app/Contents/Eclipse/plugins/com.st.stm32cube.common.mx_6.12.0.202406281431//db//plugins/mcufinder/images/
2024-09-20 15:53:04,302 [WARN] DbFile:41 - Overriding database path with different value: /Users/aidancostello/.stmcufinder/plugins/mcufinder/ => /Users/aidancostello/.stmcufinder/plugins/mcufinder
2024-09-20 15:53:04,302 [INFO] ApiDb:250 - Set database path to: /Users/aidancostello/.stmcufinder/plugins/mcufinder//mcu/
2024-09-20 15:53:04,302 [WARN] DbFile:41 - Overriding database path with different value: /Users/aidancostello/.stmcufinder/plugins/mcufinder/ => /Users/aidancostello/.stmcufinder/plugins/mcufinder
2024-09-20 15:53:04,302 [INFO] DbMcusAds:125 - Set database path to: /Users/aidancostello/.stmcufinder/plugins/mcufinder//mcu/
2024-09-20 15:53:04,302 [WARN] DbFile:41 - Overriding database path with different value: /Users/aidancostello/.stmcufinder/plugins/mcufinder/ => /Users/aidancostello/.stmcufinder/plugins/mcufinder
2024-09-20 15:53:04,302 [WARN] DbFile:41 - Overriding database path with different value: /Users/aidancostello/.stmcufinder/plugins/mcufinder/ => /Users/aidancostello/.stmcufinder/plugins/mcufinder
2024-09-20 15:53:04,302 [INFO] CrossReferenceDbSqlite:203 - Set database path to: /Users/aidancostello/.stmcufinder/plugins/mcufinder//mcu/cs/
2024-09-20 15:53:04,356 [INFO] ApplicationProperties:184 - Using Application install path: /Applications/STM32CubeIDE.app/Contents/Eclipse/plugins/com.st.stm32cube.common.mx_6.12.0.202406281431
2024-09-20 15:53:04,358 [INFO] PluginManage:196 - Search for loadable plugins [exclusion list=, ]
2024-09-20 15:53:04,360 [INFO] PluginManage:310 - Check plugin analytics
2024-09-20 15:53:04,738 [INFO] AnalyticsPlugin:253 - Accepted Software Licenses: 
2024-09-20 15:53:04,739 [INFO] AnalyticsPlugin:255 - Accepted CMSIS Pack Licenses: 
2024-09-20 15:53:04,739 [INFO] AnalyticsPlugin:257 - Accepted Firmware Licenses: FW.L4.1.18.0,FW.F4.1.28.0
2024-09-20 15:53:04,754 [INFO] PluginManage:359 - Loaded plugin analytics (category:tool,tabindex:-1)
2024-09-20 15:53:04,757 [INFO] PluginManage:310 - Check plugin cadmodel
2024-09-20 15:53:04,785 [INFO] CADModel:105 - Init CAD model plugin
2024-09-20 15:53:04,786 [INFO] PluginManage:359 - Loaded plugin cadmodel (category:power,tabindex:5)
2024-09-20 15:53:04,787 [INFO] PluginManage:310 - Check plugin clock
2024-09-20 15:53:04,799 [INFO] PluginManage:359 - Loaded plugin clock (category:base,tabindex:2)
2024-09-20 15:53:04,800 [INFO] PluginManage:310 - Check plugin ddr
2024-09-20 15:53:04,802 [INFO] PluginManage:359 - Loaded plugin ddr (category:tool,tabindex:6)
2024-09-20 15:53:04,802 [INFO] PluginManage:310 - Check plugin filemanager
2024-09-20 15:53:05,259 [INFO] PluginManage:359 - Loaded plugin filemanager (category:base,tabindex:10)
2024-09-20 15:53:05,261 [INFO] PluginManage:310 - Check plugin ipmanager
2024-09-20 15:53:05,291 [INFO] PluginManage:359 - Loaded plugin ipmanager (category:base,tabindex:5)
2024-09-20 15:53:05,292 [INFO] PluginManage:310 - Check plugin lpbam
2024-09-20 15:53:05,310 [INFO] PluginManage:359 - Loaded plugin lpbam (category:base,tabindex:0)
2024-09-20 15:53:05,310 [INFO] PluginManage:310 - Check plugin memorymap
2024-09-20 15:53:05,320 [INFO] PluginManage:359 - Loaded plugin memorymap (category:base,tabindex:4)
2024-09-20 15:53:05,320 [INFO] PluginManage:310 - Check plugin pinoutandconfiguration
2024-09-20 15:53:05,329 [INFO] PluginManage:359 - Loaded plugin pinoutandconfiguration (category:base,tabindex:1)
2024-09-20 15:53:05,329 [INFO] PluginManage:310 - Check plugin pinoutconfig
2024-09-20 15:53:05,428 [WARN] SupportedApi:132 - Cannot load RTOS API schema: s4s-elt-must-match.1: The content of 'definitions' must match (annotation?, (simpleType | complexType)?, (unique | key | keyref)*)). A problem was found starting at: attribute.
2024-09-20 15:53:05,661 [INFO] PluginManage:359 - Loaded plugin pinoutconfig (category:base,tabindex:0)
2024-09-20 15:53:05,661 [INFO] PluginManage:310 - Check plugin power
