2024-09-11 14:53:18,737 [INFO] Activator:176 - 


2024-09-11 14:53:18,740 [INFO] Activator:177 - !SESSION log4j initialized
2024-09-11 14:53:21,941 [ERROR] LogOutputStream:75 - [STDERR_REDIRECT] 
2024-09-11 14:53:24,927 [INFO] LogOutputStream:77 - [STDOUT_REDIRECT] 
2024-09-11 14:53:28,527 [INFO] ApplicationProperties:184 - Using Application install path: /Applications/STM32CubeIDE.app/Contents/Eclipse/plugins/com.st.stm32cube.common.mx_6.12.0.202406281431
2024-09-11 14:53:28,548 [INFO] DbMcusXml:78 - Set database path to: /Applications/STM32CubeIDE.app/Contents/Eclipse/plugins/com.st.stm32cube.common.mx_6.12.0.202406281431//db//mcu/
2024-09-11 14:53:28,548 [INFO] ApiDb:274 - Set plugin database path to: /Applications/STM32CubeIDE.app/Contents/Eclipse/plugins/com.st.stm32cube.common.mx_6.12.0.202406281431//db//plugins/boardmanager/
2024-09-11 14:53:28,549 [WARN] ApiDb:259 - Overriding images path with different value:  => /Applications/STM32CubeIDE.app/Contents/Eclipse/plugins/com.st.stm32cube.common.mx_6.12.0.202406281431//db//plugins/mcufinder/images/
2024-09-11 14:53:28,559 [INFO] ApiDb:250 - Set database path to: /Users/aidancostello/.stmcufinder/plugins/mcufinder//mcu/
2024-09-11 14:53:28,560 [INFO] DbMcusAds:125 - Set database path to: /Users/aidancostello/.stmcufinder/plugins/mcufinder//mcu/
2024-09-11 14:53:28,562 [INFO] CrossReferenceDbSqlite:203 - Set database path to: /Users/aidancostello/.stmcufinder/plugins/mcufinder//mcu/cs/
2024-09-11 14:53:28,736 [INFO] RulesReader:64 - Compatibility file has been processed (297 Rules)
2024-09-11 14:53:28,836 [INFO] DbMcusXml:78 - Set database path to: /Applications/STM32CubeIDE.app/Contents/Eclipse/plugins/com.st.stm32cube.common.mx_6.12.0.202406281431//db//mcu/
2024-09-11 14:53:28,837 [INFO] ApiDb:274 - Set plugin database path to: /Applications/STM32CubeIDE.app/Contents/Eclipse/plugins/com.st.stm32cube.common.mx_6.12.0.202406281431//db//plugins/boardmanager/
2024-09-11 14:53:28,837 [INFO] ApiDb:261 - Set plugin images path to: /Applications/STM32CubeIDE.app/Contents/Eclipse/plugins/com.st.stm32cube.common.mx_6.12.0.202406281431//db//plugins/mcufinder/images/
2024-09-11 14:53:28,838 [WARN] DbFile:41 - Overriding database path with different value: /Users/aidancostello/.stmcufinder/plugins/mcufinder/ => /Users/aidancostello/.stmcufinder/plugins/mcufinder
2024-09-11 14:53:28,838 [INFO] ApiDb:250 - Set database path to: /Users/aidancostello/.stmcufinder/plugins/mcufinder//mcu/
2024-09-11 14:53:28,838 [WARN] DbFile:41 - Overriding database path with different value: /Users/aidancostello/.stmcufinder/plugins/mcufinder/ => /Users/aidancostello/.stmcufinder/plugins/mcufinder
2024-09-11 14:53:28,838 [INFO] DbMcusAds:125 - Set database path to: /Users/aidancostello/.stmcufinder/plugins/mcufinder//mcu/
2024-09-11 14:53:28,838 [WARN] DbFile:41 - Overriding database path with different value: /Users/aidancostello/.stmcufinder/plugins/mcufinder/ => /Users/aidancostello/.stmcufinder/plugins/mcufinder
2024-09-11 14:53:28,838 [WARN] DbFile:41 - Overriding database path with different value: /Users/aidancostello/.stmcufinder/plugins/mcufinder/ => /Users/aidancostello/.stmcufinder/plugins/mcufinder
2024-09-11 14:53:28,839 [INFO] CrossReferenceDbSqlite:203 - Set database path to: /Users/aidancostello/.stmcufinder/plugins/mcufinder//mcu/cs/
2024-09-11 14:53:28,970 [INFO] MainPanel:268 - HeapMemory: 268435456
2024-09-11 14:53:29,865 [INFO] DbMcusXml:78 - Set database path to: /Applications/STM32CubeIDE.app/Contents/Eclipse/plugins/com.st.stm32cube.common.mx_6.12.0.202406281431//db//mcu/
2024-09-11 14:53:29,866 [INFO] ApiDb:274 - Set plugin database path to: /Applications/STM32CubeIDE.app/Contents/Eclipse/plugins/com.st.stm32cube.common.mx_6.12.0.202406281431//db//plugins/boardmanager/
2024-09-11 14:53:29,866 [INFO] ApiDb:261 - Set plugin images path to: /Applications/STM32CubeIDE.app/Contents/Eclipse/plugins/com.st.stm32cube.common.mx_6.12.0.202406281431//db//plugins/mcufinder/images/
2024-09-11 14:53:29,868 [WARN] DbFile:41 - Overriding database path with different value: /Users/aidancostello/.stmcufinder/plugins/mcufinder/ => /Users/aidancostello/.stmcufinder/plugins/mcufinder
2024-09-11 14:53:29,868 [INFO] ApiDb:250 - Set database path to: /Users/aidancostello/.stmcufinder/plugins/mcufinder//mcu/
2024-09-11 14:53:29,868 [WARN] DbFile:41 - Overriding database path with different value: /Users/aidancostello/.stmcufinder/plugins/mcufinder/ => /Users/aidancostello/.stmcufinder/plugins/mcufinder
2024-09-11 14:53:29,868 [INFO] DbMcusAds:125 - Set database path to: /Users/aidancostello/.stmcufinder/plugins/mcufinder//mcu/
2024-09-11 14:53:29,868 [WARN] DbFile:41 - Overriding database path with different value: /Users/aidancostello/.stmcufinder/plugins/mcufinder/ => /Users/aidancostello/.stmcufinder/plugins/mcufinder
2024-09-11 14:53:29,868 [WARN] DbFile:41 - Overriding database path with different value: /Users/aidancostello/.stmcufinder/plugins/mcufinder/ => /Users/aidancostello/.stmcufinder/plugins/mcufinder
2024-09-11 14:53:29,868 [INFO] CrossReferenceDbSqlite:203 - Set database path to: /Users/aidancostello/.stmcufinder/plugins/mcufinder//mcu/cs/
2024-09-11 14:53:29,898 [INFO] ApplicationProperties:184 - Using Application install path: /Applications/STM32CubeIDE.app/Contents/Eclipse/plugins/com.st.stm32cube.common.mx_6.12.0.202406281431
2024-09-11 14:53:29,900 [INFO] PluginManage:196 - Search for loadable plugins [exclusion list=, ]
2024-09-11 14:53:29,902 [INFO] PluginManage:310 - Check plugin analytics
2024-09-11 14:53:30,271 [INFO] AnalyticsPlugin:253 - Accepted Software Licenses: 
2024-09-11 14:53:30,273 [INFO] AnalyticsPlugin:255 - Accepted CMSIS Pack Licenses: 
2024-09-11 14:53:30,280 [INFO] AnalyticsPlugin:257 - Accepted Firmware Licenses: FW.L4.1.18.0
2024-09-11 14:53:30,324 [INFO] PluginManage:359 - Loaded plugin analytics (category:tool,tabindex:-1)
2024-09-11 14:53:30,326 [INFO] PluginManage:310 - Check plugin cadmodel
2024-09-11 14:53:30,331 [ERROR] LogOutputStream:75 - [STDERR_REDIRECT] [Fatal Error] :2:10: DOCTYPE is disallowed when the feature "http://apache.org/xml/features/disallow-doctype-decl" set to true.
2024-09-11 14:53:30,332 [ERROR] LogOutputStream:75 - [STDERR_REDIRECT] 
2024-09-11 14:53:30,348 [INFO] CADModel:105 - Init CAD model plugin
2024-09-11 14:53:30,348 [INFO] PluginManage:359 - Loaded plugin cadmodel (category:power,tabindex:5)
2024-09-11 14:53:30,349 [INFO] PluginManage:310 - Check plugin clock
2024-09-11 14:53:30,361 [INFO] PluginManage:359 - Loaded plugin clock (category:base,tabindex:2)
2024-09-11 14:53:30,361 [INFO] PluginManage:310 - Check plugin ddr
2024-09-11 14:53:30,362 [INFO] PluginManage:359 - Loaded plugin ddr (category:tool,tabindex:6)
2024-09-11 14:53:30,363 [INFO] PluginManage:310 - Check plugin filemanager
2024-09-11 14:53:30,707 [INFO] PluginManage:359 - Loaded plugin filemanager (category:base,tabindex:10)
2024-09-11 14:53:30,709 [INFO] PluginManage:310 - Check plugin ipmanager
2024-09-11 14:53:30,837 [INFO] PluginManage:359 - Loaded plugin ipmanager (category:base,tabindex:5)
2024-09-11 14:53:30,842 [INFO] PluginManage:310 - Check plugin lpbam
2024-09-11 14:53:30,868 [INFO] PluginManage:359 - Loaded plugin lpbam (category:base,tabindex:0)
2024-09-11 14:53:30,868 [INFO] PluginManage:310 - Check plugin memorymap
2024-09-11 14:53:30,895 [INFO] PluginManage:359 - Loaded plugin memorymap (category:base,tabindex:4)
2024-09-11 14:53:30,895 [INFO] PluginManage:310 - Check plugin pinoutandconfiguration
2024-09-11 14:53:30,903 [INFO] PluginManage:359 - Loaded plugin pinoutandconfiguration (category:base,tabindex:1)
2024-09-11 14:53:30,903 [INFO] PluginManage:310 - Check plugin pinoutconfig
2024-09-11 14:53:31,042 [WARN] SupportedApi:132 - Cannot load RTOS API schema: s4s-elt-must-match.1: The content of 'definitions' must match (annotation?, (simpleType | complexType)?, (unique | key | keyref)*)). A problem was found starting at: attribute.
2024-09-11 14:53:31,251 [INFO] PluginManage:359 - Loaded plugin pinoutconfig (category:base,tabindex:0)
2024-09-11 14:53:31,252 [INFO] PluginManage:310 - Check plugin power
2024-09-11 14:53:31,274 [INFO] PluginManage:359 - Loaded plugin power (category:power,tabindex:4)
2024-09-11 14:53:31,275 [INFO] PluginManage:310 - Check plugin projectmanager
2024-09-11 14:53:31,315 [INFO] PluginManage:359 - Loaded plugin projectmanager (category:projectmanager,tabindex:4)
2024-09-11 14:53:31,315 [INFO] PluginManage:310 - Check plugin rif
2024-09-11 14:53:31,323 [INFO] PluginManage:359 - Loaded plugin rif (category:base,tabindex:3)
2024-09-11 14:53:31,324 [INFO] PluginManage:310 - Check plugin thirdparty
2024-09-11 14:53:31,531 [INFO] PluginManage:359 - Loaded plugin thirdparty (category:base,tabindex:-1)
2024-09-11 14:53:31,531 [INFO] PluginManage:310 - Check plugin tools
2024-09-11 14:53:31,531 [WARN] IntegrityCheckThread:84 - waiting for thirdparty lock release [integrity check]
2024-09-11 14:53:31,534 [INFO] IntegrityCheckThread:86 - entering critical section [integrity check]
2024-09-11 14:53:31,535 [INFO] ThirdPartyUpdaterWithRetryManager:70 - Updater plugin not ready yet. [1/15]
2024-09-11 14:53:31,535 [INFO] PluginManage:359 - Loaded plugin tools (category:base,tabindex:7)
2024-09-11 14:53:31,535 [INFO] PluginManage:310 - Check plugin tutovideos
2024-09-11 14:53:31,761 [INFO] PluginManage:359 - Loaded plugin tutovideos (category:base,tabindex:-1)
2024-09-11 14:53:31,761 [INFO] PluginManage:310 - Check plugin updater
2024-09-11 14:53:31,803 [INFO] PluginManage:359 - Loaded plugin updater (category:base,tabindex:12)
2024-09-11 14:53:31,803 [INFO] PluginManage:310 - Check plugin userauth
2024-09-11 14:53:31,812 [INFO] UserAuth:113 - Init User Auth plugin
2024-09-11 14:53:31,812 [INFO] PluginManage:359 - Loaded plugin userauth (category:base,tabindex:14)
2024-09-11 14:53:31,813 [INFO] PluginManage:283 - PluginManage : Loaded plugins [18]
2024-09-11 14:53:32,231 [INFO] PinOutPanel:1561 - setPackage(No Configuration,No Configuration)
2024-09-11 14:53:32,351 [INFO] CADModel:165 - CPN selected for project level
2024-09-11 14:53:32,351 [INFO] CADModel:114 - Register for checkConnection events
2024-09-11 14:53:32,364 [INFO] IPUIPlugin:80 - create IPUIPlugin
2024-09-11 14:53:32,365 [INFO] PluginManager:220 - loadIPPluginJar : add mdma
2024-09-11 14:53:32,370 [INFO] IPUIPlugin:80 - create IPUIPlugin
2024-09-11 14:53:32,370 [INFO] PluginManager:220 - loadIPPluginJar : add freertos
2024-09-11 14:53:32,374 [INFO] IPUIPlugin:80 - create IPUIPlugin
2024-09-11 14:53:32,374 [INFO] PluginManager:220 - loadIPPluginJar : add gic
2024-09-11 14:53:32,381 [INFO] IPUIPlugin:80 - create IPUIPlugin
2024-09-11 14:53:32,381 [INFO] PluginManager:220 - loadIPPluginJar : add adc
2024-09-11 14:53:32,383 [INFO] IPUIPlugin:80 - create IPUIPlugin
2024-09-11 14:53:32,383 [INFO] PluginManager:220 - loadIPPluginJar : add gtzc
2024-09-11 14:53:32,384 [INFO] IPUIPlugin:80 - create IPUIPlugin
2024-09-11 14:53:32,384 [INFO] PluginManager:220 - loadIPPluginJar : add quadspi
2024-09-11 14:53:32,386 [INFO] IPUIPlugin:80 - create IPUIPlugin
2024-09-11 14:53:32,386 [INFO] PluginManager:220 - loadIPPluginJar : add aes
2024-09-11 14:53:32,388 [INFO] IPUIPlugin:80 - create IPUIPlugin
2024-09-11 14:53:32,388 [INFO] PluginManager:220 - loadIPPluginJar : add pdm2pcm
2024-09-11 14:53:32,389 [INFO] IPUIPlugin:80 - create IPUIPlugin
2024-09-11 14:53:32,390 [INFO] PluginManager:220 - loadIPPluginJar : add hash
2024-09-11 14:53:32,391 [INFO] IPUIPlugin:80 - create IPUIPlugin
2024-09-11 14:53:32,391 [INFO] PluginManager:220 - loadIPPluginJar : add tim
2024-09-11 14:53:32,392 [INFO] IPUIPlugin:80 - create IPUIPlugin
2024-09-11 14:53:32,392 [INFO] PluginManager:220 - loadIPPluginJar : add tsc
2024-09-11 14:53:32,394 [INFO] IPUIPlugin:80 - create IPUIPlugin
2024-09-11 14:53:32,394 [INFO] PluginManager:220 - loadIPPluginJar : add extmemmanager
2024-09-11 14:53:32,400 [INFO] IPUIPlugin:80 - create IPUIPlugin
2024-09-11 14:53:32,401 [INFO] PluginManager:220 - loadIPPluginJar : add ts
2024-09-11 14:53:32,403 [INFO] IPUIPlugin:80 - create IPUIPlugin
2024-09-11 14:53:32,403 [INFO] PluginManager:220 - loadIPPluginJar : add radio
2024-09-11 14:53:32,404 [INFO] IPUIPlugin:80 - create IPUIPlugin
2024-09-11 14:53:32,404 [INFO] PluginManager:220 - loadIPPluginJar : add can
2024-09-11 14:53:32,406 [INFO] IPUIPlugin:80 - create IPUIPlugin
2024-09-11 14:53:32,406 [INFO] PluginManager:220 - loadIPPluginJar : add dma3
2024-09-11 14:53:32,407 [INFO] IPUIPlugin:80 - create IPUIPlugin
2024-09-11 14:53:32,407 [INFO] PluginManager:220 - loadIPPluginJar : add dfsdm
2024-09-11 14:53:32,408 [INFO] IPUIPlugin:80 - create IPUIPlugin
2024-09-11 14:53:32,408 [INFO] PluginManager:220 - loadIPPluginJar : add spi
2024-09-11 14:53:32,409 [INFO] IPUIPlugin:80 - create IPUIPlugin
2024-09-11 14:53:32,409 [INFO] PluginManager:220 - loadIPPluginJar : add gfxmmu
2024-09-11 14:53:32,411 [INFO] IPUIPlugin:80 - create IPUIPlugin
2024-09-11 14:53:32,411 [INFO] PluginManager:220 - loadIPPluginJar : add genericplugin
2024-09-11 14:53:32,413 [INFO] IPUIPlugin:80 - create IPUIPlugin
2024-09-11 14:53:32,413 [INFO] PluginManager:220 - loadIPPluginJar : add cryp
2024-09-11 14:53:32,416 [INFO] IPUIPlugin:80 - create IPUIPlugin
2024-09-11 14:53:32,416 [INFO] PluginManager:220 - loadIPPluginJar : add gpio
2024-09-11 14:53:32,418 [INFO] IPUIPlugin:80 - create IPUIPlugin
2024-09-11 14:53:32,419 [INFO] PluginManager:220 - loadIPPluginJar : add ddr_ctrl_phy
2024-09-11 14:53:32,420 [INFO] IPUIPlugin:80 - create IPUIPlugin
2024-09-11 14:53:32,420 [INFO] PluginManager:220 - loadIPPluginJar : add comp
2024-09-11 14:53:32,422 [INFO] IPUIPlugin:80 - create IPUIPlugin
2024-09-11 14:53:32,422 [INFO] PluginManager:220 - loadIPPluginJar : add tracer_emb
2024-09-11 14:53:32,424 [INFO] IPUIPlugin:80 - create IPUIPlugin
2024-09-11 14:53:32,424 [INFO] PluginManager:220 - loadIPPluginJar : add openamp
2024-09-11 14:53:32,428 [INFO] IPUIPlugin:80 - create IPUIPlugin
2024-09-11 14:53:32,428 [INFO] PluginManager:220 - loadIPPluginJar : add stm32_wpan
2024-09-11 14:53:32,433 [INFO] IPUIPlugin:80 - create IPUIPlugin
2024-09-11 14:53:32,440 [INFO] PluginManager:220 - loadIPPluginJar : add plateformsettings
2024-09-11 14:53:32,442 [INFO] IPUIPlugin:80 - create IPUIPlugin
2024-09-11 14:53:32,442 [INFO] PluginManager:220 - loadIPPluginJar : add ipddr
2024-09-11 14:53:32,444 [INFO] IPUIPlugin:80 - create IPUIPlugin
2024-09-11 14:53:32,444 [INFO] PluginManager:220 - loadIPPluginJar : add usart
2024-09-11 14:53:32,445 [INFO] IPUIPlugin:80 - create IPUIPlugin
2024-09-11 14:53:32,445 [INFO] PluginManager:220 - loadIPPluginJar : add ltdc
2024-09-11 14:53:32,447 [INFO] IPUIPlugin:80 - create IPUIPlugin
2024-09-11 14:53:32,447 [INFO] PluginManager:220 - loadIPPluginJar : add nvic
2024-09-11 14:53:32,449 [INFO] IPUIPlugin:80 - create IPUIPlugin
2024-09-11 14:53:32,449 [INFO] PluginManager:220 - loadIPPluginJar : add fatfs
2024-09-11 14:53:32,455 [INFO] IPUIPlugin:80 - create IPUIPlugin
2024-09-11 14:53:32,455 [INFO] PluginManager:220 - loadIPPluginJar : add linkedlist
2024-09-11 14:53:32,461 [INFO] IPUIPlugin:80 - create IPUIPlugin
2024-09-11 14:53:32,462 [INFO] PluginManager:220 - loadIPPluginJar : add dma
2024-09-11 14:53:32,465 [INFO] IPUIPlugin:80 - create IPUIPlugin
2024-09-11 14:53:32,465 [INFO] PluginManager:220 - loadIPPluginJar : add fmc
2024-09-11 14:53:32,466 [INFO] IPUIPlugin:80 - create IPUIPlugin
2024-09-11 14:53:32,467 [INFO] PluginManager:220 - loadIPPluginJar : add i2s
2024-09-11 14:53:32,469 [INFO] IPUIPlugin:80 - create IPUIPlugin
2024-09-11 14:53:32,469 [INFO] PluginManager:220 - loadIPPluginJar : add ucpd
2024-09-11 14:53:32,471 [INFO] IPUIPlugin:80 - create IPUIPlugin
2024-09-11 14:53:32,471 [INFO] PluginManager:220 - loadIPPluginJar : add lorawan
2024-09-11 14:53:32,475 [INFO] IPUIPlugin:80 - create IPUIPlugin
2024-09-11 14:53:32,475 [INFO] PluginManager:220 - loadIPPluginJar : add opamp
2024-09-11 14:53:32,477 [INFO] IPUIPlugin:80 - create IPUIPlugin
2024-09-11 14:53:32,478 [INFO] PluginManager:220 - loadIPPluginJar : add i3c
2024-09-11 14:53:32,483 [INFO] IPUIPlugin:80 - create IPUIPlugin
2024-09-11 14:53:32,483 [INFO] PluginManager:220 - loadIPPluginJar : add touchsensing
2024-09-11 14:53:32,486 [INFO] IPUIPlugin:80 - create IPUIPlugin
2024-09-11 14:53:32,486 [INFO] PluginManager:220 - loadIPPluginJar : add i2c
2024-09-11 14:53:32,489 [INFO] IPUIPlugin:80 - create IPUIPlugin
2024-09-11 14:53:32,489 [INFO] PluginManager:220 - loadIPPluginJar : add resmgrutility
2024-09-11 14:53:32,491 [INFO] IPUIPlugin:80 - create IPUIPlugin
2024-09-11 14:53:32,491 [INFO] PluginManager:220 - loadIPPluginJar : add sai
2024-09-11 14:53:32,494 [INFO] IPUIPlugin:80 - create IPUIPlugin
2024-09-11 14:53:32,494 [INFO] PluginManager:220 - loadIPPluginJar : add usbx
2024-09-11 14:53:32,614 [INFO] CADModel:165 - CPN selected for project level
2024-09-11 14:53:32,614 [INFO] CADModel:114 - Register for checkConnection events
2024-09-11 14:53:32,615 [FATAL] Updater:334 - Updater called before beeing initialized
2024-09-11 14:53:32,615 [ERROR] CADModel:125 - Updater not yet initialized, retry later 
2024-09-11 14:53:32,934 [INFO] CADModel:165 - CPN selected for project level
2024-09-11 14:53:32,935 [INFO] CADModel:114 - Register for checkConnection events
2024-09-11 14:53:32,935 [FATAL] Updater:334 - Updater called before beeing initialized
2024-09-11 14:53:32,935 [ERROR] CADModel:125 - Updater not yet initialized, retry later 
2024-09-11 14:53:32,939 [FATAL] Updater:334 - Updater called before beeing initialized
2024-09-11 14:53:33,142 [FATAL] Updater:334 - Updater called before beeing initialized
2024-09-11 14:53:33,148 [INFO] DbMcusAds:53 - JSON generation date=Thu May 16 04:22:00 CDT 2024 (1715851320667)
2024-09-11 14:53:33,149 [FATAL] Updater:334 - Updater called before beeing initialized
2024-09-11 14:53:33,240 [WARN] DetailPanel:346 - Failed to get advertising image, set to default
2024-09-11 14:53:33,347 [FATAL] Updater:334 - Updater called before beeing initialized
2024-09-11 14:53:33,349 [FATAL] Updater:334 - Updater called before beeing initialized
2024-09-11 14:53:33,350 [FATAL] Updater:334 - Updater called before beeing initialized
2024-09-11 14:53:33,350 [WARN] DetailPanel:346 - Failed to get advertising image, set to default
2024-09-11 14:53:33,351 [FATAL] Updater:334 - Updater called before beeing initialized
2024-09-11 14:53:33,492 [ERROR] Updater:1164 - MainUpdater not yet initialized. External WinMGr cannot be set.
2024-09-11 14:53:33,504 [INFO] Updater:1100 - Updater Version found : 6.12.0
2024-09-11 14:53:33,521 [INFO] ApplicationProperties:184 - Using Application install path: /Applications/STM32CubeIDE.app/Contents/Eclipse/plugins/com.st.stm32cube.common.mx_6.12.0.202406281431
2024-09-11 14:53:34,042 [INFO] MainUpdater:2873 - connection check result : 10
2024-09-11 14:53:34,043 [INFO] MainUpdater:290 - Updater Check For Update Now.
2024-09-11 14:53:34,043 [INFO] MicroXplorer:498 - Change Database Version : DB.6.0.120
2024-09-11 14:53:34,053 [INFO] McuFinderGlobals:63 - Set McuFinder mode to 2 (CubeIDE integrated)
2024-09-11 14:53:34,055 [INFO] UserAuth:417 - Internet connection configuration mode: 1
2024-09-11 14:53:34,073 [INFO] JxBrowserEngine:152 - Initiate JxBrowser Engine with user profile folder
2024-09-11 14:53:34,342 [INFO] CheckServerUpdateThread:120 - End of CheckServer Thread
2024-09-11 14:53:34,731 [WARN] PackLoader:240 - Cannot read IP mode file for STMicroelectronics.FP-SNS-MOTENVWB1.1.4.0
2024-09-11 14:53:34,867 [WARN] PackLoader:240 - Cannot read IP mode file for STMicroelectronics.X-CUBE-SMBUS.2.1.0
2024-09-11 14:53:35,015 [WARN] PackLoader:240 - Cannot read IP mode file for STMicroelectronics.X-CUBE-AZRTOS-F7.1.1.0
2024-09-11 14:53:35,117 [INFO] McuFinderGlobals:63 - Set McuFinder mode to 2 (CubeIDE integrated)
2024-09-11 14:53:35,128 [INFO] MainUpdater:2873 - connection check result : 10
2024-09-11 14:53:35,134 [INFO] McuFinderGlobals:76 - Set McuFinderConnectedMode to true
2024-09-11 14:53:35,580 [WARN] PackLoader:240 - Cannot read IP mode file for STMicroelectronics.X-CUBE-MEMS1.11.0.0
2024-09-11 14:53:36,202 [INFO] ServerAccessManage:473 - Download File mcusAds.json._tmp_
2024-09-11 14:53:36,373 [INFO] LoadUrlFilesThread:156 - End of LoadUrlFiles Thread
2024-09-11 14:53:36,478 [WARN] PackLoader:240 - Cannot read IP mode file for STMicroelectronics.FP-SNS-FLIGHT1.5.0.2
2024-09-11 14:53:36,561 [WARN] PackLoader:240 - Cannot read IP mode file for STMicroelectronics.X-CUBE-DISPLAY.3.0.0
2024-09-11 14:53:36,608 [WARN] PackLoader:240 - Cannot read IP mode file for STMicroelectronics.X-CUBE-BLE1.7.0.0
2024-09-11 14:53:36,638 [WARN] PackLoader:240 - Cannot read IP mode file for emotas.I-CUBE-CANOPEN.1.3.0
2024-09-11 14:53:36,649 [INFO] ServerAccessManage:473 - Download File cube-finder-db.zip
2024-09-11 14:53:36,678 [WARN] PackLoader:240 - Cannot read IP mode file for STMicroelectronics.X-CUBE-BLEMGR.3.1.0
2024-09-11 14:53:36,714 [WARN] PackLoader:240 - Cannot read IP mode file for STMicroelectronics.FP-SNS-SMARTAG2.1.2.0
2024-09-11 14:53:36,746 [INFO] LogOutputStream:77 - [STDOUT_REDIRECT] 1 : Invalid condition id : UX_CORESTACK_Condition cause : null
2024-09-11 14:53:36,749 [INFO] LogOutputStream:77 - [STDOUT_REDIRECT] 1 : Invalid condition id : UX_CORESTACK_Condition cause : null
2024-09-11 14:53:36,750 [INFO] LogOutputStream:77 - [STDOUT_REDIRECT] 1 : Invalid condition id : UX_CORESTACK_Condition cause : null
2024-09-11 14:53:36,751 [INFO] LogOutputStream:77 - [STDOUT_REDIRECT] 1 : Invalid condition id : UX_CORESTACK_Condition cause : null
2024-09-11 14:53:36,754 [INFO] LogOutputStream:77 - [STDOUT_REDIRECT] 1 : Invalid condition id : UX_CORESTACK_Condition cause : null
2024-09-11 14:53:36,829 [WARN] PackLoader:240 - Cannot read IP mode file for STMicroelectronics.X-CUBE-AZRTOS-WL.2.0.0
2024-09-11 14:53:36,847 [WARN] PackLoader:240 - Cannot read IP mode file for STMicroelectronics.FP-SNS-MOTENV1.5.0.0
2024-09-11 14:53:36,857 [WARN] PackLoader:240 - Cannot read IP mode file for wolfSSL.I-CUBE-wolfMQTT.1.19.0
2024-09-11 14:53:36,879 [WARN] PackLoader:240 - Cannot read IP mode file for WES.I-CUBE-Cesium.1.3.0
2024-09-11 14:53:36,893 [WARN] PackLoader:240 - Cannot read IP mode file for STMicroelectronics.X-CUBE-BLE2.3.3.0
2024-09-11 14:53:36,908 [WARN] PackLoader:240 - Cannot read IP mode file for STMicroelectronics.X-CUBE-TCPP.4.1.0
2024-09-11 14:53:37,067 [WARN] PackLoader:240 - Cannot read IP mode file for STMicroelectronics.X-CUBE-AZRTOS-G0.1.1.0
2024-09-11 14:53:37,147 [WARN] PackLoader:240 - Cannot read IP mode file for STMicroelectronics.X-CUBE-SAFEA1.1.2.2
2024-09-11 14:53:37,194 [WARN] PackLoader:240 - Cannot read IP mode file for STMicroelectronics.X-CUBE-NFC4.3.0.0
2024-09-11 14:53:37,223 [WARN] PackLoader:240 - Cannot read IP mode file for EmbeddedOffice.I-CUBE-FS-RTOS.1.0.1
2024-09-11 14:53:37,227 [ERROR] ConditionMgr:805 - Attr not supported : Dmpu
2024-09-11 14:53:37,230 [ERROR] ConditionMgr:805 - Attr not supported : Dmpu
2024-09-11 14:53:37,230 [ERROR] ConditionMgr:805 - Attr not supported : Dmpu
2024-09-11 14:53:37,230 [ERROR] ConditionMgr:805 - Attr not supported : Dmpu
2024-09-11 14:53:37,231 [ERROR] ConditionMgr:805 - Attr not supported : Dmpu
2024-09-11 14:53:37,231 [ERROR] ConditionMgr:805 - Attr not supported : Dmpu
2024-09-11 14:53:37,231 [ERROR] ConditionMgr:805 - Attr not supported : Dmpu
2024-09-11 14:53:37,231 [ERROR] ConditionMgr:805 - Attr not supported : Dmpu
2024-09-11 14:53:37,231 [ERROR] ConditionMgr:805 - Attr not supported : Dmpu
2024-09-11 14:53:37,231 [ERROR] ConditionMgr:805 - Attr not supported : Dmpu
2024-09-11 14:53:37,231 [ERROR] ConditionMgr:805 - Attr not supported : Dmpu
2024-09-11 14:53:37,231 [ERROR] ConditionMgr:805 - Attr not supported : Dmpu
2024-09-11 14:53:37,231 [ERROR] ConditionMgr:805 - Attr not supported : Dmpu
2024-09-11 14:53:37,232 [ERROR] ConditionMgr:805 - Attr not supported : Dmpu
2024-09-11 14:53:37,232 [ERROR] ConditionMgr:805 - Attr not supported : Dmpu
2024-09-11 14:53:37,232 [ERROR] ConditionMgr:805 - Attr not supported : Dmpu
2024-09-11 14:53:37,232 [ERROR] ConditionMgr:805 - Attr not supported : Dmpu
2024-09-11 14:53:37,232 [ERROR] ConditionMgr:805 - Attr not supported : Dmpu
2024-09-11 14:53:37,232 [ERROR] ConditionMgr:805 - Attr not supported : Dmpu
2024-09-11 14:53:37,233 [ERROR] ConditionMgr:805 - Attr not supported : Dmpu
2024-09-11 14:53:37,233 [ERROR] ConditionMgr:805 - Attr not supported : Dmpu
2024-09-11 14:53:37,233 [ERROR] ConditionMgr:805 - Attr not supported : Dmpu
2024-09-11 14:53:37,234 [ERROR] ConditionMgr:805 - Attr not supported : Dmpu
2024-09-11 14:53:37,234 [ERROR] ConditionMgr:805 - Attr not supported : Dmpu
2024-09-11 14:53:37,234 [ERROR] ConditionMgr:805 - Attr not supported : Dmpu
2024-09-11 14:53:37,234 [ERROR] ConditionMgr:805 - Attr not supported : Dmpu
2024-09-11 14:53:37,234 [ERROR] ConditionMgr:805 - Attr not supported : Dmpu
2024-09-11 14:53:37,234 [ERROR] ConditionMgr:805 - Attr not supported : Dmpu
2024-09-11 14:53:37,234 [ERROR] ConditionMgr:805 - Attr not supported : Dmpu
2024-09-11 14:53:37,234 [ERROR] ConditionMgr:805 - Attr not supported : Dmpu
2024-09-11 14:53:37,234 [ERROR] ConditionMgr:805 - Attr not supported : Dmpu
2024-09-11 14:53:37,234 [ERROR] ConditionMgr:805 - Attr not supported : Dmpu
2024-09-11 14:53:37,234 [ERROR] ConditionMgr:805 - Attr not supported : Dmpu
2024-09-11 14:53:37,234 [ERROR] ConditionMgr:805 - Attr not supported : Dmpu
2024-09-11 14:53:37,234 [ERROR] ConditionMgr:805 - Attr not supported : Dmpu
2024-09-11 14:53:37,234 [ERROR] ConditionMgr:805 - Attr not supported : Dmpu
2024-09-11 14:53:37,236 [ERROR] ConditionMgr:805 - Attr not supported : Dmpu
2024-09-11 14:53:37,237 [ERROR] ConditionMgr:805 - Attr not supported : Dmpu
2024-09-11 14:53:37,237 [ERROR] ConditionMgr:805 - Attr not supported : Dmpu
2024-09-11 14:53:37,237 [ERROR] ConditionMgr:805 - Attr not supported : Dmpu
2024-09-11 14:53:37,237 [ERROR] ConditionMgr:805 - Attr not supported : Dmpu
2024-09-11 14:53:37,237 [ERROR] ConditionMgr:805 - Attr not supported : Dmpu
2024-09-11 14:53:37,237 [ERROR] ConditionMgr:805 - Attr not supported : Dmpu
2024-09-11 14:53:37,237 [ERROR] ConditionMgr:805 - Attr not supported : Dmpu
2024-09-11 14:53:37,237 [ERROR] ConditionMgr:805 - Attr not supported : Dmpu
2024-09-11 14:53:37,238 [ERROR] ConditionMgr:805 - Attr not supported : Dmpu
2024-09-11 14:53:37,238 [ERROR] ConditionMgr:805 - Attr not supported : Dmpu
2024-09-11 14:53:37,238 [ERROR] ConditionMgr:805 - Attr not supported : Dmpu
2024-09-11 14:53:37,238 [ERROR] ConditionMgr:805 - Attr not supported : Dmpu
2024-09-11 14:53:37,238 [ERROR] ConditionMgr:805 - Attr not supported : Dmpu
2024-09-11 14:53:37,239 [ERROR] ConditionMgr:805 - Attr not supported : Dmpu
2024-09-11 14:53:37,239 [ERROR] ConditionMgr:805 - Attr not supported : Dmpu
2024-09-11 14:53:37,239 [ERROR] ConditionMgr:805 - Attr not supported : Dmpu
2024-09-11 14:53:37,239 [ERROR] ConditionMgr:805 - Attr not supported : Dmpu
2024-09-11 14:53:37,239 [ERROR] ConditionMgr:805 - Attr not supported : Dmpu
2024-09-11 14:53:37,239 [ERROR] ConditionMgr:805 - Attr not supported : Dmpu
2024-09-11 14:53:37,239 [ERROR] ConditionMgr:805 - Attr not supported : Dmpu
2024-09-11 14:53:37,239 [ERROR] ConditionMgr:805 - Attr not supported : Dmpu
2024-09-11 14:53:37,239 [ERROR] ConditionMgr:805 - Attr not supported : Dmpu
2024-09-11 14:53:37,239 [ERROR] ConditionMgr:805 - Attr not supported : Dmpu
2024-09-11 14:53:37,239 [ERROR] ConditionMgr:805 - Attr not supported : Dmpu
2024-09-11 14:53:37,239 [ERROR] ConditionMgr:805 - Attr not supported : Dmpu
2024-09-11 14:53:37,239 [ERROR] ConditionMgr:805 - Attr not supported : Dmpu
2024-09-11 14:53:37,239 [ERROR] ConditionMgr:805 - Attr not supported : Dmpu
2024-09-11 14:53:37,270 [WARN] PackLoader:240 - Cannot read IP mode file for RealThread.X-CUBE-RT-Thread_Nano.4.1.1
2024-09-11 14:53:37,279 [WARN] PackLoader:240 - Cannot read IP mode file for STMicroelectronics.FP-ATR-SIGFOX1.3.2.0
2024-09-11 14:53:37,284 [WARN] PackLoader:240 - Cannot read IP mode file for wolfSSL.I-CUBE-wolfSSL.5.7.2
2024-09-11 14:53:37,293 [WARN] PackLoader:240 - Cannot read IP mode file for STMicroelectronics.X-CUBE-EEPRMA1.5.1.0
2024-09-11 14:53:37,313 [WARN] PackLoader:240 - Cannot read IP mode file for ITTIA_DB.I-CUBE-ITTIADB.8.9.0
2024-09-11 14:53:37,550 [WARN] PackLoader:240 - Cannot read IP mode file for SEGGER.I-CUBE-embOS.1.3.1
2024-09-11 14:53:37,810 [WARN] PackLoader:240 - Cannot read IP mode file for STMicroelectronics.X-CUBE-ALGOBUILD.1.4.0
2024-09-11 14:53:37,870 [WARN] PackLoader:240 - Cannot read IP mode file for STMicroelectronics.X-CUBE-GNSS1.6.0.0
2024-09-11 14:53:37,969 [WARN] PackLoader:240 - Cannot read IP mode file for STMicroelectronics.X-CUBE-AZRTOS-F4.1.1.0
2024-09-11 14:53:38,072 [WARN] PackLoader:240 - Cannot read IP mode file for STMicroelectronics.X-CUBE-FREERTOS.1.2.0
2024-09-11 14:53:38,136 [WARN] PackLoader:240 - Cannot read IP mode file for STMicroelectronics.X-CUBE-AZRTOS-L5.2.0.0
2024-09-11 14:53:38,221 [WARN] PackLoader:240 - Cannot read IP mode file for STMicroelectronics.X-CUBE-NFC6.3.1.0
2024-09-11 14:53:38,274 [WARN] PackLoader:240 - Cannot read IP mode file for STMicroelectronics.X-CUBE-DPower.1.2.0
2024-09-11 14:53:38,296 [WARN] PackLoader:240 - Cannot read IP mode file for STMicroelectronics.X-CUBE-AI.9.0.0
2024-09-11 14:53:38,309 [WARN] PackLoader:240 - Cannot read IP mode file for STMicroelectronics.X-CUBE-NFC7.1.0.1
2024-09-11 14:53:38,376 [WARN] ConditionMgr:438 - getConditionDescription Invalid condition id : LAN8742 Phy interface Condition cause : null
2024-09-11 14:53:38,380 [WARN] PackLoader:240 - Cannot read IP mode file for STMicroelectronics.X-CUBE-AZRTOS-L4.2.0.0
2024-09-11 14:53:38,387 [WARN] ConditionMgr:1039 - genDependencies : Invalid condition id : LAN8742 Phy interface Condition cause : null
2024-09-11 14:53:38,387 [WARN] ConditionMgr:1039 - genDependencies : Invalid condition id : LAN8742 Phy interface Condition cause : null
2024-09-11 14:53:38,390 [WARN] ConditionMgr:1039 - genDependencies : Invalid condition id : LAN8742 Phy interface Condition cause : null
2024-09-11 14:53:38,453 [WARN] PackLoader:240 - Cannot read IP mode file for STMicroelectronics.X-CUBE-SFXS2LP1.4.0.0
2024-09-11 14:53:38,528 [WARN] PackLoader:240 - Cannot read IP mode file for STMicroelectronics.X-CUBE-AZRTOS-H7.3.3.0
2024-09-11 14:53:38,587 [WARN] ConditionMgr:438 - getConditionDescription Invalid condition id : UX DEVICE CLASS RTOS Condition cause : null
2024-09-11 14:53:38,590 [WARN] ConditionMgr:438 - getConditionDescription Invalid condition id : UX DEVICE CLASS RTOS Condition cause : null
2024-09-11 14:53:38,597 [WARN] PackLoader:240 - Cannot read IP mode file for STMicroelectronics.X-CUBE-AZRTOS-WB.2.0.0
2024-09-11 14:53:38,602 [WARN] ConditionMgr:1039 - genDependencies : Invalid condition id : UX DEVICE CLASS RTOS Condition cause : null
2024-09-11 14:53:38,602 [WARN] ConditionMgr:1039 - genDependencies : Invalid condition id : UX DEVICE CLASS RTOS Condition cause : null
2024-09-11 14:53:38,604 [WARN] ConditionMgr:1039 - genDependencies : Invalid condition id : UX DEVICE CLASS RTOS Condition cause : null
2024-09-11 14:53:38,604 [WARN] ConditionMgr:1039 - genDependencies : Invalid condition id : UX DEVICE CLASS RTOS Condition cause : null
2024-09-11 14:53:38,605 [WARN] ConditionMgr:1039 - genDependencies : Invalid condition id : UX DEVICE CLASS RTOS Condition cause : null
2024-09-11 14:53:38,624 [WARN] PackLoader:240 - Cannot read IP mode file for STMicroelectronics.X-CUBE-GNSS1.7.0.0
2024-09-11 14:53:38,648 [WARN] PackLoader:240 - Cannot read IP mode file for STMicroelectronics.FP-SNS-STBOX1.2.0.0
2024-09-11 14:53:38,685 [WARN] PackLoader:240 - Cannot read IP mode file for STMicroelectronics.X-CUBE-SUBG2.5.0.0
2024-09-11 14:53:38,707 [WARN] PackLoader:240 - Cannot read IP mode file for Cesanta.I-CUBE-Mongoose.7.13.0
2024-09-11 14:53:38,734 [WARN] PackLoader:240 - Cannot read IP mode file for STMicroelectronics.X-CUBE-AZRTOS-G4.2.0.0
2024-09-11 14:53:38,746 [WARN] PackLoader:240 - Cannot read IP mode file for STMicroelectronics.X-CUBE-ISPU.2.0.0
2024-09-11 14:53:38,754 [WARN] PackLoader:240 - Cannot read IP mode file for STMicroelectronics.X-CUBE-ALS.1.0.2
2024-09-11 14:53:38,775 [WARN] PackLoader:240 - Cannot read IP mode file for STMicroelectronics.X-CUBE-TOUCHGFX.4.24.0
2024-09-11 14:53:38,786 [WARN] PackLoader:240 - Cannot read IP mode file for wolfSSL.I-CUBE-wolfTPM.3.4.0
2024-09-11 14:53:38,796 [WARN] PackLoader:240 - Cannot read IP mode file for portGmbH.I-Cube-SoM-uGOAL.1.1.0
2024-09-11 14:53:38,841 [WARN] PackLoader:240 - Cannot read IP mode file for STMicroelectronics.X-CUBE-AZRTOS-H7RS.1.0.0
2024-09-11 14:53:38,854 [WARN] PackLoader:240 - Cannot read IP mode file for STMicroelectronics.FP-ATR-ASTRA1.2.0.0
2024-09-11 14:53:38,880 [WARN] PackLoader:240 - Cannot read IP mode file for STMicroelectronics.X-CUBE-TOF1.3.4.2
2024-09-11 14:53:38,956 [WARN] PackLoader:240 - Cannot read IP mode file for Infineon.AIROC-Wi-Fi-Bluetooth-STM32.1.6.1
2024-09-11 14:53:38,969 [WARN] PackLoader:240 - Cannot read IP mode file for wolfSSL.I-CUBE-wolfSSH.1.4.17
2024-09-11 14:53:38,981 [INFO] ThirdParty:978 - Integrity check success = true
2024-09-11 14:53:38,981 [INFO] IntegrityCheckThread:100 - exiting critical section [integrity check]
2024-09-11 14:53:38,981 [INFO] IntegrityCheckThread:103 - End integrity checks thread
2024-09-11 14:53:39,059 [INFO] FileExtend:240 - Unzip File : cube-finder-db.zip
2024-09-11 14:53:39,064 [INFO] FileExtend:255 - Standard Zip Deflate
2024-09-11 14:53:40,464 [INFO] WebApp:167 - Instantiating new browser for Auth
2024-09-11 14:53:40,520 [INFO] LoadUrlFilesThread:156 - End of LoadUrlFiles Thread
2024-09-11 14:53:41,196 [INFO] ServerAccessManage:473 - Download File crdb.zip
2024-09-11 14:53:41,818 [INFO] FileExtend:240 - Unzip File : crdb.zip
2024-09-11 14:53:41,820 [INFO] FileExtend:255 - Standard Zip Deflate
2024-09-11 14:53:41,950 [INFO] LoadUrlFilesThread:156 - End of LoadUrlFiles Thread
2024-09-11 14:53:42,019 [INFO] ServerAccessManage:473 - Download File tutoVideoDB.zip
2024-09-11 14:53:42,035 [INFO] FileExtend:240 - Unzip File : tutoVideoDB.zip
2024-09-11 14:53:42,036 [INFO] FileExtend:255 - Standard Zip Deflate
2024-09-11 14:53:42,148 [INFO] LoadUrlFilesThread:156 - End of LoadUrlFiles Thread
2024-09-11 14:53:42,156 [WARN] DbFile:41 - Overriding database path with different value: /Users/aidancostello/.stmcufinder/plugins/mcufinder/ => /Users/aidancostello/.stmcufinder/plugins/mcufinder
2024-09-11 14:53:42,334 [INFO] ServerAccessManage:473 - Download File api_config.json
2024-09-11 14:53:42,447 [INFO] LoadUrlFilesThread:156 - End of LoadUrlFiles Thread
2024-09-11 14:53:42,449 [INFO] DbMcusAds:53 - JSON generation date=Thu May 16 04:22:00 CDT 2024 (1715851320667)
2024-09-11 14:53:42,507 [INFO] LoadUrlFilesThread:185 - End of LoadServerUrlFiles without Thread
2024-09-11 14:53:42,509 [INFO] TargetSelectorAdapter:259 - Refresh data is successful
2024-09-11 14:53:43,105 [INFO] WebApp:448 - Apply proxy settings
2024-09-11 14:53:43,113 [INFO] WebApp:493 - Chromium authenticates against Manually configured proxy
2024-09-11 14:53:43,142 [INFO] WebApp:501 - Username used for proxy authentication: 
2024-09-11 14:53:43,243 [INFO] WebApp:869 - Register for checkConnection events
2024-09-11 14:53:43,244 [INFO] WebApp:448 - Apply proxy settings
2024-09-11 14:53:43,248 [INFO] WebApp:493 - Chromium authenticates against Manually configured proxy
2024-09-11 14:53:43,252 [INFO] WebApp:501 - Username used for proxy authentication: 
2024-09-11 14:53:43,502 [INFO] WebApp:220 - Starting web application
2024-09-11 14:53:43,502 [INFO] WebApp:578 - Web application path used /Applications/STM32CubeIDE.app/Contents/Eclipse/plugins/com.st.stm32cube.common.mx_6.12.0.202406281431/db/plugins/mcufinder/reactClient1/index.html
2024-09-11 14:53:43,741 [INFO] ApiDb:581 - Connected to CubeFinder SQLite database (/Users/aidancostello/.stmcufinder/plugins/mcufinder/mcu/cube-finder-db.db)
2024-09-11 14:53:43,826 [INFO] ApiDb:668 - CubeFinder database Data Model version=2.1
2024-09-11 14:53:43,826 [INFO] ApiDb:669 - CubeFinder database Configuration version=3.0.39
2024-09-11 14:53:43,828 [INFO] ApiDb:670 - CubeFinder database generation date=2024-08-06 (1722941618)
2024-09-11 14:53:43,829 [INFO] ApiDb:671 - CubeFinder database FW Pack versions=[FP-ATR-ASTRA1_V2.0.0, FP-SNS-FLIGHT1_V5.0.2, FP-SNS-MOTENV1_V5.0.0, FP-SNS-MOTENVWB1_V1.4.0, FP-SNS-SMARTAG2_V1.2.0, FP-SNS-STBOX1_V2.0.0, STM32Cube_FW_C0_V1.2.0, STM32Cube_FW_F4_V1.28.0, STM32Cube_FW_F7_V1.17.2, STM32Cube_FW_G0_V1.6.2, STM32Cube_FW_G4_V1.6.0, STM32Cube_FW_H5_V1.3.0, STM32Cube_FW_H7RS_V1.1.0, STM32Cube_FW_H7_V1.11.2, STM32Cube_FW_L0_V1.12.2, STM32Cube_FW_L5_V1.5.1, STM32Cube_FW_U0_V1.1.0, STM32Cube_FW_U5_V1.6.0, STM32Cube_FW_WB0_V1.0.0, STM32Cube_FW_WBA_V1.4.1, STM32Cube_FW_WB_V1.20.0, STM32Cube_FW_WL_V1.3.0, X-CUBE-ALGOBUILD_V1.4.0, X-CUBE-ALS_V1.0.2, X-CUBE-AZRTOS-F4_V1.1.0, X-CUBE-AZRTOS-F7_V1.1.0, X-CUBE-AZRTOS-G0_V1.1.0, X-CUBE-AZRTOS-G4_V2.0.0, X-CUBE-AZRTOS-H7RS_V1.0.0, X-CUBE-AZRTOS-H7_V3.2.0, X-CUBE-AZRTOS-L4_V2.0.0, X-CUBE-AZRTOS-L5_V1.1.0, X-CUBE-AZRTOS-WB_V2.0.0, X-CUBE-AZRTOS-WL_V2.0.0, X-CUBE-BLE1_V7.0.0, X-CUBE-BLE2_V3.3.0, X-CUBE-BLEMGR_V3.1.0, X-CUBE-EEPRMA1_V5.1.0, X-CUBE-FREERTOS_V1.2.0, X-CUBE-GNSS1_V6.0.0, X-CUBE-MEMS1_V10.0.0, X-CUBE-NFC4_V3.0.0, X-CUBE-NFC7_V1.0.1, X-CUBE-SFXS2LP1_V4.0.0, X-CUBE-SUBG2_V5.0.0, X-CUBE-TOF1_V3.4.2]
2024-09-11 14:53:44,334 [INFO] WebApp:186 - Connection restablished
2024-09-11 14:53:44,509 [INFO] UserAuth:417 - Internet connection configuration mode: 1
2024-09-11 14:53:46,522 [INFO] ApiDb:240 - Found 646 in-development CPN: [B-G473E-ZEST1S, B-WB1M-WPAN1, B-WL5M-SUBG1, NUCLEO-C031C6, NUCLEO-C071RB, NUCLEO-H503RB, NUCLEO-H533RE, NUCLEO-H563ZI, NUCLEO-H7S3L8, NUCLEO-U031R8, NUCLEO-U083RC, NUCLEO-U545RE-Q, NUCLEO-U5A5ZJ-Q, NUCLEO-WB05KZ, NUCLEO-WB07CC, NUCLEO-WB09KE, NUCLEO-WBA52CG, NUCLEO-WBA55CG, STEVAL-PROTEUS1, STEVAL-SMARTAG2, STEVAL-STWINBX1, STM320518-EVAL, STM32C0116-DK, STM32C011D6Y3TR, STM32C011D6Y6TR, STM32C011F4P3, STM32C011F4P6, STM32C011F4U3, STM32C011F4U6TR, STM32C011F6P3, STM32C011F6P6, STM32C011F6U3, STM32C011F6U6TR, STM32C011J4M3, STM32C011J4M6, STM32C011J6M3, STM32C011J6M6, STM32C0316-DK, STM32C031C4T3, STM32C031C4T6, STM32C031C4U3, STM32C031C4U6, STM32C031C6T3, STM32C031C6T6, STM32C031C6U3, STM32C031C6U6, STM32C031F4P3, STM32C031F4P6, STM32C031F6P3, STM32C031F6P6, STM32C031G4U3, STM32C031G4U6, STM32C031G6U3, STM32C031G6U6, STM32C031K4T3, STM32C031K4T6, STM32C031K4U3, STM32C031K4U6, STM32C031K6T3, STM32C031K6T6, STM32C031K6U3, STM32C031K6U6, STM32C071C8T6, STM32C071C8T6N, STM32C071C8U6, STM32C071C8U6N, STM32C071CBT6, STM32C071CBT6N, STM32C071CBU6, STM32C071CBU6N, STM32C071F8P6, STM32C071F8P6N, STM32C071FBP6, STM32C071FBP6N, STM32C071FBY6TR, STM32C071G8U6, STM32C071G8U6N, STM32C071GBU6, STM32C071GBU6N, STM32C071K8T6, STM32C071K8T6N, STM32C071K8U6, STM32C071K8U6N, STM32C071KBT6, STM32C071KBT6N, STM32C071KBU6, STM32C071KBU6N, STM32C071R8T6, STM32C071R8T6N, STM32C071RBI6N, STM32C071RBT6, STM32C071RBT6N, STM32G071K8TXN, STM32G071K8UXN, STM32G081GBU6N, STM32G081KBT6N, STM32G081KBUXN, STM32G0B1CCT6N, STM32G0B1KCT6, STM32G0B1NEY6TR, STM32G0B1RCT6N, STM32G0C1CCT6, STM32G0C1CCT6N, STM32G0C1CCU6N, STM32G0C1CET6N, STM32G0C1CEU6N, STM32G0C1KCT6, STM32G0C1NEY6TR, STM32G0C1RCI6N, STM32G0C1RCT6N, STM32G0C1REI6N, STM32G0C1RET6N, STM32G0C1VCI6, STM32G0C1VEI6, STM32G411C6T3, STM32G411C6T6, STM32G411C6U3, STM32G411C6U6, STM32G411C8T3, STM32G411C8T6, STM32G411C8U3, STM32G411C8U6, STM32G411CBT3, STM32G411CBT6, STM32G411CBU3, STM32G411CBU6, STM32G411K6T3, STM32G411K6T6, STM32G411K6U3, STM32G411K6U6, STM32G411K8T3, STM32G411K8T6, STM32G411K8U3, STM32G411K8U6, STM32G411KBT3, STM32G411KBT6, STM32G411KBU3, STM32G411KBU6, STM32G411M6T3, STM32G411M6T6, STM32G411M8T3, STM32G411M8T6, STM32G411MBT3, STM32G411MBT6, STM32G411R6T3, STM32G411R6T6, STM32G411R8T3, STM32G411R8T6, STM32G411RBT3, STM32G411RBT6, STM32G414CBT3, STM32G414CBT6, STM32G414CBU3, STM32G414CBU6, STM32G414CCT3, STM32G414CCT6, STM32G414CCU3, STM32G414CCU6, STM32G414MBT3, STM32G414MBT6, STM32G414MCT3, STM32G414MCT6, STM32G414RBT3, STM32G414RBT6, STM32G414RCT3, STM32G414RCT6, STM32G414VBT3, STM32G414VBT6, STM32G414VCT3, STM32G414VCT6, STM32G431CBT3Z, STM32G431RBT3Z, STM32G471CCT6, STM32G471CCU6, STM32G471CET3, STM32G471CET6, STM32G471CEU3, STM32G471CEU6, STM32G471MCT6, STM32G471MET3, STM32G471MET6, STM32G471MEY6TR, STM32G471QCT6, STM32G471QET3, STM32G471RCT6, STM32G471RET3, STM32G471RET6, STM32G471VCH6, STM32G471VCI6, STM32G471VCT6, STM32G471VEH3, STM32G471VEH6, STM32G471VEI3, STM32G471VEI6, STM32G471VET3, STM32G471VET6, STM32G473QET3Z, STM32G473RET3Z, STM32G474CCT6, STM32G491RET3Z, STM32H503CBT6, STM32H503CBU6, STM32H503EBY6TR, STM32H503KBU6, STM32H503RBT6, STM32H523CCT6, STM32H523CCU6, STM32H523CET6, STM32H523CEU6, STM32H523HEY6TR, STM32H523RCT6, STM32H523RET6, STM32H523VCI6, STM32H523VCT6, STM32H523VEI6, STM32H523VET6, STM32H523ZCJ6, STM32H523ZCT6, STM32H523ZEJ6, STM32H523ZET6, STM32H533CET6, STM32H533CEU6, STM32H533HEY6TR, STM32H533RET6, STM32H533VEI6, STM32H533VET6, STM32H533ZEJ6, STM32H533ZET6, STM32H562AGI6, STM32H562AII6, STM32H562IGK6, STM32H562IGT6, STM32H562IIK6, STM32H562IIT6, STM32H562RGT6, STM32H562RGV6, STM32H562RIT6, STM32H562RIV6, STM32H562VGT6, STM32H562VIT6, STM32H562ZGT6, STM32H562ZIT6, STM32H563AGI6, STM32H563AII3Q, STM32H563AII6, STM32H563IGK6, STM32H563IGT6, STM32H563IIK3Q, STM32H563IIK6, STM32H563IIT3Q, STM32H563IIT6, STM32H563MIY3QTR, STM32H563RGT6, STM32H563RGV6, STM32H563RIT6, STM32H563RIV6, STM32H563VGT6, STM32H563VIT3Q, STM32H563VIT6, STM32H563ZGT6, STM32H563ZIT3Q, STM32H563ZIT6, STM32H573AII3Q, STM32H573AII6, STM32H573I-DK, STM32H573IIK3Q, STM32H573IIK6, STM32H573IIT3Q, STM32H573IIT6, STM32H573MIY3QTR, STM32H573RIT6, STM32H573RIV6, STM32H573VIT3Q, STM32H573VIT6, STM32H573ZIT3Q, STM32H573ZIT6, STM32H7R3A8I6, STM32H7R3I8K6, STM32H7R3I8T6, STM32H7R3L8H6, STM32H7R3L8H6H, STM32H7R3R8V6, STM32H7R3V8H6, STM32H7R3V8T6, STM32H7R3V8Y6TR, STM32H7R3Z8J6, STM32H7R3Z8T6, STM32H7R7A8I6, STM32H7R7I8K6, STM32H7R7I8T6, STM32H7R7L8H6, STM32H7R7L8H6H, STM32H7R7Z8J6, STM32H7S3A8I6, STM32H7S3I8K6, STM32H7S3I8T6, STM32H7S3L8H6, STM32H7S3L8H6H, STM32H7S3R8V6, STM32H7S3V8H6, STM32H7S3V8T6, STM32H7S3V8Y6TR, STM32H7S3Z8J6, STM32H7S3Z8T6, STM32H7S78-DK, STM32H7S7A8I6, STM32H7S7I8K6, STM32H7S7I8T6, STM32H7S7L8H6, STM32H7S7L8H6H, STM32H7S7Z8J6, STM32L4R5QGI6STR, STM32MP131AAE3, STM32MP131AAF3, STM32MP131AAG3, STM32MP131CAE3, STM32MP131CAF3, STM32MP131CAG3, STM32MP131DAE7, STM32MP131DAF7, STM32MP131DAG7, STM32MP131FAE7, STM32MP131FAF7, STM32MP131FAG7, STM32MP133AAE3, STM32MP133AAF3, STM32MP133AAG3, STM32MP133CAE3, STM32MP133CAF3, STM32MP133CAG3, STM32MP133DAE7, STM32MP133DAF7, STM32MP133DAG7, STM32MP133FAE7, STM32MP133FAF7, STM32MP133FAG7, STM32MP135AAE3, STM32MP135AAF3, STM32MP135AAG3, STM32MP135CAE3, STM32MP135CAF3, STM32MP135CAG3, STM32MP135DAE7, STM32MP135DAF7, STM32MP135DAG7, STM32MP135F-DK, STM32MP135FAE7, STM32MP135FAF7, STM32MP135FAF7T, STM32MP135FAF7U, STM32MP135FAG7, STM32MP251AAI3, STM32MP251AAK3, STM32MP251AAL3, STM32MP251CAI3, STM32MP251CAK3, STM32MP251CAL3, STM32MP251DAI3, STM32MP251DAK3, STM32MP251DAL3, STM32MP251FAI3, STM32MP251FAK3, STM32MP251FAL3, STM32MP253AAI3, STM32MP253AAK3, STM32MP253AAL3, STM32MP253CAI3, STM32MP253CAK3, STM32MP253CAL3, STM32MP253DAI3, STM32MP253DAK3, STM32MP253DAL3, STM32MP253FAI3, STM32MP253FAK3, STM32MP253FAL3, STM32MP255AAI3, STM32MP255AAK3, STM32MP255AAL3, STM32MP255CAI3, STM32MP255CAK3, STM32MP255CAL3, STM32MP255DAI3, STM32MP255DAK3, STM32MP255DAL3, STM32MP255FAI3, STM32MP255FAK3, STM32MP255FAL3, STM32MP257AAI3, STM32MP257AAK3, STM32MP257AAL3, STM32MP257CAI3, STM32MP257CAK3, STM32MP257CAL3, STM32MP257DAI3, STM32MP257DAK3, STM32MP257DAL3, STM32MP257F-DK, STM32MP257F-EV1, STM32MP257FAI3, STM32MP257FAK3, STM32MP257FAL3, STM32U031C6T6, STM32U031C6U6, STM32U031C8T6, STM32U031C8U6, STM32U031F4P6, STM32U031F6P6, STM32U031F8P6, STM32U031G6Y6TR, STM32U031G8Y6TR, STM32U031K4U6, STM32U031K6U6, STM32U031K8U6, STM32U031R6I6, STM32U031R6T6, STM32U031R8I6, STM32U031R8T6, STM32U073C8T6, STM32U073C8U6, STM32U073CBT6, STM32U073CBU6, STM32U073CCT6, STM32U073CCU6, STM32U073H8Y6TR, STM32U073HBY6TR, STM32U073HCY6TR, STM32U073K8U6, STM32U073KBU6, STM32U073KCU6, STM32U073M8I6, STM32U073M8T6, STM32U073MBI6, STM32U073MBT6, STM32U073MCI6, STM32U073MCT6, STM32U073R8I6, STM32U073R8T6, STM32U073RBI6, STM32U073RBT6, STM32U073RCI6, STM32U073RCT6, STM32U083C-DK, STM32U083CCT6, STM32U083CCU6, STM32U083HCY6TR, STM32U083KCU6, STM32U083MCI6, STM32U083MCT6, STM32U083RCI6, STM32U083RCT6, STM32U535CBT6, STM32U535CBT6Q, STM32U535CBU6, STM32U535CBU6Q, STM32U535CCT6, STM32U535CCT6Q, STM32U535CCU6, STM32U535CCU6Q, STM32U535CET6, STM32U535CET6Q, STM32U535CEU6, STM32U535CEU6Q, STM32U535JEY6QTR, STM32U535NCY6QTR, STM32U535NEY6QTR, STM32U535RBI6, STM32U535RBI6Q, STM32U535RBT6, STM32U535RBT6Q, STM32U535RCI6, STM32U535RCI6Q, STM32U535RCT6, STM32U535RCT6Q, STM32U535REI6, STM32U535REI6Q, STM32U535RET6, STM32U535RET6Q, STM32U535VCI6, STM32U535VCI6Q, STM32U535VCT6, STM32U535VCT6Q, STM32U535VEI6, STM32U535VEI6Q, STM32U535VET6, STM32U535VET6Q, STM32U545CET6, STM32U545CET6Q, STM32U545CEU6, STM32U545CEU6Q, STM32U545JEY6QTR, STM32U545NEY6QTR, STM32U545REI6, STM32U545REI6Q, STM32U545RET6, STM32U545RET6Q, STM32U545VEI6, STM32U545VEI6Q, STM32U545VET6, STM32U545VET6Q, STM32U595AIH6, STM32U595AIH6Q, STM32U595AJH6, STM32U595AJH6Q, STM32U595QII6, STM32U595QII6Q, STM32U595QJI6, STM32U595QJI6Q, STM32U595RIT6, STM32U595RIT6Q, STM32U595RJT6, STM32U595RJT6Q, STM32U595VIT6, STM32U595VIT6Q, STM32U595VJT6, STM32U595VJT6Q, STM32U595ZIT6, STM32U595ZIT6Q, STM32U595ZIY6QTR, STM32U595ZJT6, STM32U595ZJT6Q, STM32U595ZJY6QTR, STM32U599BJY6QTR, STM32U599NIH6Q, STM32U599NJH6Q, STM32U599VIT6Q, STM32U599VJT6, STM32U599VJT6Q, STM32U599ZIT6Q, STM32U599ZIY6QTR, STM32U599ZJT6Q, STM32U599ZJY6QTR, STM32U5A5AJH6, STM32U5A5AJH6Q, STM32U5A5QII3Q , STM32U5A5QJI6, STM32U5A5QJI6Q, STM32U5A5RJT6, STM32U5A5RJT6Q, STM32U5A5VJT6, STM32U5A5VJT6Q, STM32U5A5ZJT6, STM32U5A5ZJT6Q, STM32U5A5ZJY6QTR, STM32U5A9BJY6QTR, STM32U5A9J-DK, STM32U5A9NJH6Q, STM32U5A9VJT6Q, STM32U5A9ZJT6Q, STM32U5A9ZJY6QTR, STM32U5F7VIT6, STM32U5F7VIT6Q, STM32U5F7VJT6, STM32U5F7VJT6Q, STM32U5F9BJY6QTR, STM32U5F9NJH6Q, STM32U5F9VIT6Q, STM32U5F9VJT6Q, STM32U5F9ZIJ6QTR, STM32U5F9ZIT6Q, STM32U5F9ZJJ6QTR, STM32U5F9ZJT6Q, STM32U5G7VJT6, STM32U5G7VJT6Q, STM32U5G9BJY6QTR, STM32U5G9J-DK1, STM32U5G9J-DK2, STM32U5G9NJH6Q, STM32U5G9VJT6Q, STM32U5G9ZJJ6QTR, STM32U5G9ZJT6Q, STM32WB05KZV6TR, STM32WB05KZV7TR, STM32WB05TZF6TR, STM32WB05TZF7TR, STM32WB06CCF6TR, STM32WB06CCF7TR, STM32WB06CCV6TR, STM32WB06CCV7TR, STM32WB06KCV6TR, STM32WB06KCV7TR, STM32WB07CCF6TR, STM32WB07CCF7TR, STM32WB07CCV6TR, STM32WB07CCV7TR, STM32WB07KCV6TR, STM32WB07KCV7TR, STM32WB09KEV6TR, STM32WB09KEV7TR, STM32WB09TEF6TR, STM32WB09TEF7TR, STM32WB1MMCH6, STM32WBA50KGU6, STM32WBA50KGU6TR, STM32WBA52CEU6, STM32WBA52CEU6TR, STM32WBA52CEU7, STM32WBA52CEU7TR, STM32WBA52CGU6, STM32WBA52CGU6TR, STM32WBA52CGU6U, STM32WBA52CGU7, STM32WBA52CGU7TR, STM32WBA52KEU6, STM32WBA52KEU6TR, STM32WBA52KGU6, STM32WBA52KGU6TR, STM32WBA54CEU6, STM32WBA54CEU6TR, STM32WBA54CEU7, STM32WBA54CEU7TR, STM32WBA54CGU6, STM32WBA54CGU6TR, STM32WBA54CGU7, STM32WBA54CGU7TR, STM32WBA54KEU6, STM32WBA54KEU6TR, STM32WBA54KEU7, STM32WBA54KEU7TR, STM32WBA54KGU6, STM32WBA54KGU6TR, STM32WBA54KGU7, STM32WBA54KGU7TR, STM32WBA55CEU6, STM32WBA55CEU6TR, STM32WBA55CEU7, STM32WBA55CEU7TR, STM32WBA55CGU6, STM32WBA55CGU6TR, STM32WBA55CGU6U, STM32WBA55CGU7, STM32WBA55CGU7TR, STM32WBA55G-DK1, STM32WBA55HEF6, STM32WBA55HEF7, STM32WBA55HGF6, STM32WBA55HGF7, STM32WBA55UEI6, STM32WBA55UEI6TR, STM32WBA55UEI7, STM32WBA55UEI7TR, STM32WBA55UGI6, STM32WBA55UGI6TR, STM32WBA55UGI7, STM32WBA55UGI7TR, STM32WL5MOCH6, STM32WL5MOCH6TR]
2024-09-11 14:53:46,538 [INFO] DbMcus:218 - Found 4251 MCUs, 4251 are supported
2024-09-11 14:53:46,540 [INFO] ApiDb:423 - Load user favorites file /Users/aidancostello/.stm32cubeide/favorites.mcus.txt: 0 item(s)
2024-09-11 14:53:46,540 [INFO] ApiDb:427 - User favorites MCUs=[]
2024-09-11 14:53:46,540 [INFO] DbMcus:224 - Set 0 / 0 favorites MCUs
2024-09-11 14:53:46,955 [INFO] ApiDb:668 - CubeFinder database Data Model version=2.1
2024-09-11 14:53:46,955 [INFO] ApiDb:669 - CubeFinder database Configuration version=3.0.39
2024-09-11 14:53:46,955 [INFO] ApiDb:670 - CubeFinder database generation date=2024-08-06 (1722941618)
2024-09-11 14:53:46,956 [INFO] ApiDb:671 - CubeFinder database FW Pack versions=[FP-ATR-ASTRA1_V2.0.0, FP-SNS-FLIGHT1_V5.0.2, FP-SNS-MOTENV1_V5.0.0, FP-SNS-MOTENVWB1_V1.4.0, FP-SNS-SMARTAG2_V1.2.0, FP-SNS-STBOX1_V2.0.0, STM32Cube_FW_C0_V1.2.0, STM32Cube_FW_F4_V1.28.0, STM32Cube_FW_F7_V1.17.2, STM32Cube_FW_G0_V1.6.2, STM32Cube_FW_G4_V1.6.0, STM32Cube_FW_H5_V1.3.0, STM32Cube_FW_H7RS_V1.1.0, STM32Cube_FW_H7_V1.11.2, STM32Cube_FW_L0_V1.12.2, STM32Cube_FW_L5_V1.5.1, STM32Cube_FW_U0_V1.1.0, STM32Cube_FW_U5_V1.6.0, STM32Cube_FW_WB0_V1.0.0, STM32Cube_FW_WBA_V1.4.1, STM32Cube_FW_WB_V1.20.0, STM32Cube_FW_WL_V1.3.0, X-CUBE-ALGOBUILD_V1.4.0, X-CUBE-ALS_V1.0.2, X-CUBE-AZRTOS-F4_V1.1.0, X-CUBE-AZRTOS-F7_V1.1.0, X-CUBE-AZRTOS-G0_V1.1.0, X-CUBE-AZRTOS-G4_V2.0.0, X-CUBE-AZRTOS-H7RS_V1.0.0, X-CUBE-AZRTOS-H7_V3.2.0, X-CUBE-AZRTOS-L4_V2.0.0, X-CUBE-AZRTOS-L5_V1.1.0, X-CUBE-AZRTOS-WB_V2.0.0, X-CUBE-AZRTOS-WL_V2.0.0, X-CUBE-BLE1_V7.0.0, X-CUBE-BLE2_V3.3.0, X-CUBE-BLEMGR_V3.1.0, X-CUBE-EEPRMA1_V5.1.0, X-CUBE-FREERTOS_V1.2.0, X-CUBE-GNSS1_V6.0.0, X-CUBE-MEMS1_V10.0.0, X-CUBE-NFC4_V3.0.0, X-CUBE-NFC7_V1.0.1, X-CUBE-SFXS2LP1_V4.0.0, X-CUBE-SUBG2_V5.0.0, X-CUBE-TOF1_V3.4.2]
2024-09-11 14:53:47,026 [INFO] DbBoardsSqlite:226 - include board P-NUCLEO-WB55-NUCLEO as a kit item of type 'Nucleo-64'
2024-09-11 14:53:47,027 [INFO] DbBoardsSqlite:226 - include board P-NUCLEO-WB55-USBDONGLE as a kit item of type 'Nucleo USB Dongle'
2024-09-11 14:53:47,027 [INFO] DbBoardsSqlite:226 - include board STEVAL-IDP005V1 as a kit item of type 'Evaluation Board'
2024-09-11 14:53:47,027 [INFO] DbBoardsSqlite:226 - include board STEVAL-IDP005V2 as a kit item of type 'Evaluation Board'
2024-09-11 14:53:47,069 [INFO] ApiDb:240 - Found 646 in-development CPN: [B-G473E-ZEST1S, B-WB1M-WPAN1, B-WL5M-SUBG1, NUCLEO-C031C6, NUCLEO-C071RB, NUCLEO-H503RB, NUCLEO-H533RE, NUCLEO-H563ZI, NUCLEO-H7S3L8, NUCLEO-U031R8, NUCLEO-U083RC, NUCLEO-U545RE-Q, NUCLEO-U5A5ZJ-Q, NUCLEO-WB05KZ, NUCLEO-WB07CC, NUCLEO-WB09KE, NUCLEO-WBA52CG, NUCLEO-WBA55CG, STEVAL-PROTEUS1, STEVAL-SMARTAG2, STEVAL-STWINBX1, STM320518-EVAL, STM32C0116-DK, STM32C011D6Y3TR, STM32C011D6Y6TR, STM32C011F4P3, STM32C011F4P6, STM32C011F4U3, STM32C011F4U6TR, STM32C011F6P3, STM32C011F6P6, STM32C011F6U3, STM32C011F6U6TR, STM32C011J4M3, STM32C011J4M6, STM32C011J6M3, STM32C011J6M6, STM32C0316-DK, STM32C031C4T3, STM32C031C4T6, STM32C031C4U3, STM32C031C4U6, STM32C031C6T3, STM32C031C6T6, STM32C031C6U3, STM32C031C6U6, STM32C031F4P3, STM32C031F4P6, STM32C031F6P3, STM32C031F6P6, STM32C031G4U3, STM32C031G4U6, STM32C031G6U3, STM32C031G6U6, STM32C031K4T3, STM32C031K4T6, STM32C031K4U3, STM32C031K4U6, STM32C031K6T3, STM32C031K6T6, STM32C031K6U3, STM32C031K6U6, STM32C071C8T6, STM32C071C8T6N, STM32C071C8U6, STM32C071C8U6N, STM32C071CBT6, STM32C071CBT6N, STM32C071CBU6, STM32C071CBU6N, STM32C071F8P6, STM32C071F8P6N, STM32C071FBP6, STM32C071FBP6N, STM32C071FBY6TR, STM32C071G8U6, STM32C071G8U6N, STM32C071GBU6, STM32C071GBU6N, STM32C071K8T6, STM32C071K8T6N, STM32C071K8U6, STM32C071K8U6N, STM32C071KBT6, STM32C071KBT6N, STM32C071KBU6, STM32C071KBU6N, STM32C071R8T6, STM32C071R8T6N, STM32C071RBI6N, STM32C071RBT6, STM32C071RBT6N, STM32G071K8TXN, STM32G071K8UXN, STM32G081GBU6N, STM32G081KBT6N, STM32G081KBUXN, STM32G0B1CCT6N, STM32G0B1KCT6, STM32G0B1NEY6TR, STM32G0B1RCT6N, STM32G0C1CCT6, STM32G0C1CCT6N, STM32G0C1CCU6N, STM32G0C1CET6N, STM32G0C1CEU6N, STM32G0C1KCT6, STM32G0C1NEY6TR, STM32G0C1RCI6N, STM32G0C1RCT6N, STM32G0C1REI6N, STM32G0C1RET6N, STM32G0C1VCI6, STM32G0C1VEI6, STM32G411C6T3, STM32G411C6T6, STM32G411C6U3, STM32G411C6U6, STM32G411C8T3, STM32G411C8T6, STM32G411C8U3, STM32G411C8U6, STM32G411CBT3, STM32G411CBT6, STM32G411CBU3, STM32G411CBU6, STM32G411K6T3, STM32G411K6T6, STM32G411K6U3, STM32G411K6U6, STM32G411K8T3, STM32G411K8T6, STM32G411K8U3, STM32G411K8U6, STM32G411KBT3, STM32G411KBT6, STM32G411KBU3, STM32G411KBU6, STM32G411M6T3, STM32G411M6T6, STM32G411M8T3, STM32G411M8T6, STM32G411MBT3, STM32G411MBT6, STM32G411R6T3, STM32G411R6T6, STM32G411R8T3, STM32G411R8T6, STM32G411RBT3, STM32G411RBT6, STM32G414CBT3, STM32G414CBT6, STM32G414CBU3, STM32G414CBU6, STM32G414CCT3, STM32G414CCT6, STM32G414CCU3, STM32G414CCU6, STM32G414MBT3, STM32G414MBT6, STM32G414MCT3, STM32G414MCT6, STM32G414RBT3, STM32G414RBT6, STM32G414RCT3, STM32G414RCT6, STM32G414VBT3, STM32G414VBT6, STM32G414VCT3, STM32G414VCT6, STM32G431CBT3Z, STM32G431RBT3Z, STM32G471CCT6, STM32G471CCU6, STM32G471CET3, STM32G471CET6, STM32G471CEU3, STM32G471CEU6, STM32G471MCT6, STM32G471MET3, STM32G471MET6, STM32G471MEY6TR, STM32G471QCT6, STM32G471QET3, STM32G471RCT6, STM32G471RET3, STM32G471RET6, STM32G471VCH6, STM32G471VCI6, STM32G471VCT6, STM32G471VEH3, STM32G471VEH6, STM32G471VEI3, STM32G471VEI6, STM32G471VET3, STM32G471VET6, STM32G473QET3Z, STM32G473RET3Z, STM32G474CCT6, STM32G491RET3Z, STM32H503CBT6, STM32H503CBU6, STM32H503EBY6TR, STM32H503KBU6, STM32H503RBT6, STM32H523CCT6, STM32H523CCU6, STM32H523CET6, STM32H523CEU6, STM32H523HEY6TR, STM32H523RCT6, STM32H523RET6, STM32H523VCI6, STM32H523VCT6, STM32H523VEI6, STM32H523VET6, STM32H523ZCJ6, STM32H523ZCT6, STM32H523ZEJ6, STM32H523ZET6, STM32H533CET6, STM32H533CEU6, STM32H533HEY6TR, STM32H533RET6, STM32H533VEI6, STM32H533VET6, STM32H533ZEJ6, STM32H533ZET6, STM32H562AGI6, STM32H562AII6, STM32H562IGK6, STM32H562IGT6, STM32H562IIK6, STM32H562IIT6, STM32H562RGT6, STM32H562RGV6, STM32H562RIT6, STM32H562RIV6, STM32H562VGT6, STM32H562VIT6, STM32H562ZGT6, STM32H562ZIT6, STM32H563AGI6, STM32H563AII3Q, STM32H563AII6, STM32H563IGK6, STM32H563IGT6, STM32H563IIK3Q, STM32H563IIK6, STM32H563IIT3Q, STM32H563IIT6, STM32H563MIY3QTR, STM32H563RGT6, STM32H563RGV6, STM32H563RIT6, STM32H563RIV6, STM32H563VGT6, STM32H563VIT3Q, STM32H563VIT6, STM32H563ZGT6, STM32H563ZIT3Q, STM32H563ZIT6, STM32H573AII3Q, STM32H573AII6, STM32H573I-DK, STM32H573IIK3Q, STM32H573IIK6, STM32H573IIT3Q, STM32H573IIT6, STM32H573MIY3QTR, STM32H573RIT6, STM32H573RIV6, STM32H573VIT3Q, STM32H573VIT6, STM32H573ZIT3Q, STM32H573ZIT6, STM32H7R3A8I6, STM32H7R3I8K6, STM32H7R3I8T6, STM32H7R3L8H6, STM32H7R3L8H6H, STM32H7R3R8V6, STM32H7R3V8H6, STM32H7R3V8T6, STM32H7R3V8Y6TR, STM32H7R3Z8J6, STM32H7R3Z8T6, STM32H7R7A8I6, STM32H7R7I8K6, STM32H7R7I8T6, STM32H7R7L8H6, STM32H7R7L8H6H, STM32H7R7Z8J6, STM32H7S3A8I6, STM32H7S3I8K6, STM32H7S3I8T6, STM32H7S3L8H6, STM32H7S3L8H6H, STM32H7S3R8V6, STM32H7S3V8H6, STM32H7S3V8T6, STM32H7S3V8Y6TR, STM32H7S3Z8J6, STM32H7S3Z8T6, STM32H7S78-DK, STM32H7S7A8I6, STM32H7S7I8K6, STM32H7S7I8T6, STM32H7S7L8H6, STM32H7S7L8H6H, STM32H7S7Z8J6, STM32L4R5QGI6STR, STM32MP131AAE3, STM32MP131AAF3, STM32MP131AAG3, STM32MP131CAE3, STM32MP131CAF3, STM32MP131CAG3, STM32MP131DAE7, STM32MP131DAF7, STM32MP131DAG7, STM32MP131FAE7, STM32MP131FAF7, STM32MP131FAG7, STM32MP133AAE3, STM32MP133AAF3, STM32MP133AAG3, STM32MP133CAE3, STM32MP133CAF3, STM32MP133CAG3, STM32MP133DAE7, STM32MP133DAF7, STM32MP133DAG7, STM32MP133FAE7, STM32MP133FAF7, STM32MP133FAG7, STM32MP135AAE3, STM32MP135AAF3, STM32MP135AAG3, STM32MP135CAE3, STM32MP135CAF3, STM32MP135CAG3, STM32MP135DAE7, STM32MP135DAF7, STM32MP135DAG7, STM32MP135F-DK, STM32MP135FAE7, STM32MP135FAF7, STM32MP135FAF7T, STM32MP135FAF7U, STM32MP135FAG7, STM32MP251AAI3, STM32MP251AAK3, STM32MP251AAL3, STM32MP251CAI3, STM32MP251CAK3, STM32MP251CAL3, STM32MP251DAI3, STM32MP251DAK3, STM32MP251DAL3, STM32MP251FAI3, STM32MP251FAK3, STM32MP251FAL3, STM32MP253AAI3, STM32MP253AAK3, STM32MP253AAL3, STM32MP253CAI3, STM32MP253CAK3, STM32MP253CAL3, STM32MP253DAI3, STM32MP253DAK3, STM32MP253DAL3, STM32MP253FAI3, STM32MP253FAK3, STM32MP253FAL3, STM32MP255AAI3, STM32MP255AAK3, STM32MP255AAL3, STM32MP255CAI3, STM32MP255CAK3, STM32MP255CAL3, STM32MP255DAI3, STM32MP255DAK3, STM32MP255DAL3, STM32MP255FAI3, STM32MP255FAK3, STM32MP255FAL3, STM32MP257AAI3, STM32MP257AAK3, STM32MP257AAL3, STM32MP257CAI3, STM32MP257CAK3, STM32MP257CAL3, STM32MP257DAI3, STM32MP257DAK3, STM32MP257DAL3, STM32MP257F-DK, STM32MP257F-EV1, STM32MP257FAI3, STM32MP257FAK3, STM32MP257FAL3, STM32U031C6T6, STM32U031C6U6, STM32U031C8T6, STM32U031C8U6, STM32U031F4P6, STM32U031F6P6, STM32U031F8P6, STM32U031G6Y6TR, STM32U031G8Y6TR, STM32U031K4U6, STM32U031K6U6, STM32U031K8U6, STM32U031R6I6, STM32U031R6T6, STM32U031R8I6, STM32U031R8T6, STM32U073C8T6, STM32U073C8U6, STM32U073CBT6, STM32U073CBU6, STM32U073CCT6, STM32U073CCU6, STM32U073H8Y6TR, STM32U073HBY6TR, STM32U073HCY6TR, STM32U073K8U6, STM32U073KBU6, STM32U073KCU6, STM32U073M8I6, STM32U073M8T6, STM32U073MBI6, STM32U073MBT6, STM32U073MCI6, STM32U073MCT6, STM32U073R8I6, STM32U073R8T6, STM32U073RBI6, STM32U073RBT6, STM32U073RCI6, STM32U073RCT6, STM32U083C-DK, STM32U083CCT6, STM32U083CCU6, STM32U083HCY6TR, STM32U083KCU6, STM32U083MCI6, STM32U083MCT6, STM32U083RCI6, STM32U083RCT6, STM32U535CBT6, STM32U535CBT6Q, STM32U535CBU6, STM32U535CBU6Q, STM32U535CCT6, STM32U535CCT6Q, STM32U535CCU6, STM32U535CCU6Q, STM32U535CET6, STM32U535CET6Q, STM32U535CEU6, STM32U535CEU6Q, STM32U535JEY6QTR, STM32U535NCY6QTR, STM32U535NEY6QTR, STM32U535RBI6, STM32U535RBI6Q, STM32U535RBT6, STM32U535RBT6Q, STM32U535RCI6, STM32U535RCI6Q, STM32U535RCT6, STM32U535RCT6Q, STM32U535REI6, STM32U535REI6Q, STM32U535RET6, STM32U535RET6Q, STM32U535VCI6, STM32U535VCI6Q, STM32U535VCT6, STM32U535VCT6Q, STM32U535VEI6, STM32U535VEI6Q, STM32U535VET6, STM32U535VET6Q, STM32U545CET6, STM32U545CET6Q, STM32U545CEU6, STM32U545CEU6Q, STM32U545JEY6QTR, STM32U545NEY6QTR, STM32U545REI6, STM32U545REI6Q, STM32U545RET6, STM32U545RET6Q, STM32U545VEI6, STM32U545VEI6Q, STM32U545VET6, STM32U545VET6Q, STM32U595AIH6, STM32U595AIH6Q, STM32U595AJH6, STM32U595AJH6Q, STM32U595QII6, STM32U595QII6Q, STM32U595QJI6, STM32U595QJI6Q, STM32U595RIT6, STM32U595RIT6Q, STM32U595RJT6, STM32U595RJT6Q, STM32U595VIT6, STM32U595VIT6Q, STM32U595VJT6, STM32U595VJT6Q, STM32U595ZIT6, STM32U595ZIT6Q, STM32U595ZIY6QTR, STM32U595ZJT6, STM32U595ZJT6Q, STM32U595ZJY6QTR, STM32U599BJY6QTR, STM32U599NIH6Q, STM32U599NJH6Q, STM32U599VIT6Q, STM32U599VJT6, STM32U599VJT6Q, STM32U599ZIT6Q, STM32U599ZIY6QTR, STM32U599ZJT6Q, STM32U599ZJY6QTR, STM32U5A5AJH6, STM32U5A5AJH6Q, STM32U5A5QII3Q , STM32U5A5QJI6, STM32U5A5QJI6Q, STM32U5A5RJT6, STM32U5A5RJT6Q, STM32U5A5VJT6, STM32U5A5VJT6Q, STM32U5A5ZJT6, STM32U5A5ZJT6Q, STM32U5A5ZJY6QTR, STM32U5A9BJY6QTR, STM32U5A9J-DK, STM32U5A9NJH6Q, STM32U5A9VJT6Q, STM32U5A9ZJT6Q, STM32U5A9ZJY6QTR, STM32U5F7VIT6, STM32U5F7VIT6Q, STM32U5F7VJT6, STM32U5F7VJT6Q, STM32U5F9BJY6QTR, STM32U5F9NJH6Q, STM32U5F9VIT6Q, STM32U5F9VJT6Q, STM32U5F9ZIJ6QTR, STM32U5F9ZIT6Q, STM32U5F9ZJJ6QTR, STM32U5F9ZJT6Q, STM32U5G7VJT6, STM32U5G7VJT6Q, STM32U5G9BJY6QTR, STM32U5G9J-DK1, STM32U5G9J-DK2, STM32U5G9NJH6Q, STM32U5G9VJT6Q, STM32U5G9ZJJ6QTR, STM32U5G9ZJT6Q, STM32WB05KZV6TR, STM32WB05KZV7TR, STM32WB05TZF6TR, STM32WB05TZF7TR, STM32WB06CCF6TR, STM32WB06CCF7TR, STM32WB06CCV6TR, STM32WB06CCV7TR, STM32WB06KCV6TR, STM32WB06KCV7TR, STM32WB07CCF6TR, STM32WB07CCF7TR, STM32WB07CCV6TR, STM32WB07CCV7TR, STM32WB07KCV6TR, STM32WB07KCV7TR, STM32WB09KEV6TR, STM32WB09KEV7TR, STM32WB09TEF6TR, STM32WB09TEF7TR, STM32WB1MMCH6, STM32WBA50KGU6, STM32WBA50KGU6TR, STM32WBA52CEU6, STM32WBA52CEU6TR, STM32WBA52CEU7, STM32WBA52CEU7TR, STM32WBA52CGU6, STM32WBA52CGU6TR, STM32WBA52CGU6U, STM32WBA52CGU7, STM32WBA52CGU7TR, STM32WBA52KEU6, STM32WBA52KEU6TR, STM32WBA52KGU6, STM32WBA52KGU6TR, STM32WBA54CEU6, STM32WBA54CEU6TR, STM32WBA54CEU7, STM32WBA54CEU7TR, STM32WBA54CGU6, STM32WBA54CGU6TR, STM32WBA54CGU7, STM32WBA54CGU7TR, STM32WBA54KEU6, STM32WBA54KEU6TR, STM32WBA54KEU7, STM32WBA54KEU7TR, STM32WBA54KGU6, STM32WBA54KGU6TR, STM32WBA54KGU7, STM32WBA54KGU7TR, STM32WBA55CEU6, STM32WBA55CEU6TR, STM32WBA55CEU7, STM32WBA55CEU7TR, STM32WBA55CGU6, STM32WBA55CGU6TR, STM32WBA55CGU6U, STM32WBA55CGU7, STM32WBA55CGU7TR, STM32WBA55G-DK1, STM32WBA55HEF6, STM32WBA55HEF7, STM32WBA55HGF6, STM32WBA55HGF7, STM32WBA55UEI6, STM32WBA55UEI6TR, STM32WBA55UEI7, STM32WBA55UEI7TR, STM32WBA55UGI6, STM32WBA55UGI6TR, STM32WBA55UGI7, STM32WBA55UGI7TR, STM32WL5MOCH6, STM32WL5MOCH6TR]
2024-09-11 14:53:47,315 [INFO] BoardInfo:889 - No configuration file found for board P-NUCLEO-WB55
2024-09-11 14:53:47,319 [INFO] DbBoards:161 - Kit is not supported: P-NUCLEO-WB55
2024-09-11 14:53:47,329 [INFO] BoardInfo:889 - No configuration file found for board STEVAL-BFA001V1B
2024-09-11 14:53:47,330 [INFO] DbBoards:161 - Kit is not supported: STEVAL-BFA001V1B
2024-09-11 14:53:47,332 [INFO] BoardInfo:889 - No configuration file found for board STEVAL-BFA001V2B
2024-09-11 14:53:47,334 [INFO] DbBoards:161 - Kit is not supported: STEVAL-BFA001V2B
2024-09-11 14:53:47,624 [INFO] DbBoards:168 - Found 201 boards, 198 are supported
2024-09-11 14:53:47,626 [INFO] DbBoards:169 - Found 201 boards, 25 of them is supported for  Bsp
2024-09-11 14:53:47,632 [INFO] ApiDb:414 - User favorites file not found: /Users/aidancostello/.stm32cubeide/favorites.boards.txt
2024-09-11 14:53:47,632 [INFO] DbBoards:198 - Set 0 / 0 favorites Boards
2024-09-11 14:53:47,637 [INFO] ApiDb:668 - CubeFinder database Data Model version=2.1
2024-09-11 14:53:47,637 [INFO] ApiDb:669 - CubeFinder database Configuration version=3.0.39
2024-09-11 14:53:47,638 [INFO] ApiDb:670 - CubeFinder database generation date=2024-08-06 (1722941618)
2024-09-11 14:53:47,638 [INFO] ApiDb:671 - CubeFinder database FW Pack versions=[FP-ATR-ASTRA1_V2.0.0, FP-SNS-FLIGHT1_V5.0.2, FP-SNS-MOTENV1_V5.0.0, FP-SNS-MOTENVWB1_V1.4.0, FP-SNS-SMARTAG2_V1.2.0, FP-SNS-STBOX1_V2.0.0, STM32Cube_FW_C0_V1.2.0, STM32Cube_FW_F4_V1.28.0, STM32Cube_FW_F7_V1.17.2, STM32Cube_FW_G0_V1.6.2, STM32Cube_FW_G4_V1.6.0, STM32Cube_FW_H5_V1.3.0, STM32Cube_FW_H7RS_V1.1.0, STM32Cube_FW_H7_V1.11.2, STM32Cube_FW_L0_V1.12.2, STM32Cube_FW_L5_V1.5.1, STM32Cube_FW_U0_V1.1.0, STM32Cube_FW_U5_V1.6.0, STM32Cube_FW_WB0_V1.0.0, STM32Cube_FW_WBA_V1.4.1, STM32Cube_FW_WB_V1.20.0, STM32Cube_FW_WL_V1.3.0, X-CUBE-ALGOBUILD_V1.4.0, X-CUBE-ALS_V1.0.2, X-CUBE-AZRTOS-F4_V1.1.0, X-CUBE-AZRTOS-F7_V1.1.0, X-CUBE-AZRTOS-G0_V1.1.0, X-CUBE-AZRTOS-G4_V2.0.0, X-CUBE-AZRTOS-H7RS_V1.0.0, X-CUBE-AZRTOS-H7_V3.2.0, X-CUBE-AZRTOS-L4_V2.0.0, X-CUBE-AZRTOS-L5_V1.1.0, X-CUBE-AZRTOS-WB_V2.0.0, X-CUBE-AZRTOS-WL_V2.0.0, X-CUBE-BLE1_V7.0.0, X-CUBE-BLE2_V3.3.0, X-CUBE-BLEMGR_V3.1.0, X-CUBE-EEPRMA1_V5.1.0, X-CUBE-FREERTOS_V1.2.0, X-CUBE-GNSS1_V6.0.0, X-CUBE-MEMS1_V10.0.0, X-CUBE-NFC4_V3.0.0, X-CUBE-NFC7_V1.0.1, X-CUBE-SFXS2LP1_V4.0.0, X-CUBE-SUBG2_V5.0.0, X-CUBE-TOF1_V3.4.2]
2024-09-11 14:53:48,977 [ERROR] DbExamplesSqlite:437 - Missing JSON key: board_cpn
2024-09-11 14:53:48,979 [ERROR] DbExamplesSqlite:437 - Missing JSON key: board_cpn
2024-09-11 14:53:48,979 [ERROR] DbExamplesSqlite:437 - Missing JSON key: board_cpn
2024-09-11 14:53:48,979 [ERROR] DbExamplesSqlite:437 - Missing JSON key: board_cpn
2024-09-11 14:53:49,202 [ERROR] DbExamplesSqlite:437 - Missing JSON key: board_cpn
2024-09-11 14:53:49,204 [ERROR] DbExamplesSqlite:437 - Missing JSON key: board_cpn
2024-09-11 14:53:49,206 [ERROR] DbExamplesSqlite:437 - Missing JSON key: board_cpn
2024-09-11 14:53:49,207 [ERROR] DbExamplesSqlite:437 - Missing JSON key: board_cpn
2024-09-11 14:53:49,207 [ERROR] DbExamplesSqlite:437 - Missing JSON key: board_cpn
2024-09-11 14:53:49,207 [ERROR] DbExamplesSqlite:437 - Missing JSON key: board_cpn
2024-09-11 14:53:49,207 [ERROR] DbExamplesSqlite:437 - Missing JSON key: board_cpn
2024-09-11 14:53:49,208 [ERROR] DbExamplesSqlite:437 - Missing JSON key: board_cpn
2024-09-11 14:53:49,208 [ERROR] DbExamplesSqlite:437 - Missing JSON key: board_cpn
2024-09-11 14:53:49,209 [INFO] DbExamplesSqlite:395 - Ignored 28 examples not supported by CubeIDE
2024-09-11 14:53:49,210 [INFO] DbExamplesSqlite:396 - Found 8608 examples active
2024-09-11 14:53:49,210 [INFO] DbExamplesSqlite:397 - Found 0 examples obsolete
2024-09-11 14:53:49,211 [INFO] DbExamplesSqlite:398 - Found 0 examples under development
2024-09-11 14:53:49,212 [INFO] DbExamplesSqlite:399 - Found 10 examples not building
2024-09-11 14:53:49,216 [INFO] DbExamples:125 - Found 8590 examples
2024-09-11 14:53:49,285 [ERROR] DbExamples:208 - Found 167 examples with invalid data (board or MCU)
2024-09-11 14:53:49,285 [INFO] DbExamples:222 - Found 108 boards with related examples
2024-09-11 14:53:49,286 [INFO] DbExamples:235 - Found 88 MCUs with related examples
2024-09-11 14:53:49,318 [INFO] ApiDb:414 - User favorites file not found: /Users/aidancostello/.stm32cubeide/favorites.examples.txt
2024-09-11 14:53:49,318 [INFO] DbExamples:250 - Set 0 / 0 favorites Examples
2024-09-11 14:53:50,206 [INFO] McuFinderGlobals:76 - Set McuFinderConnectedMode to true
2024-09-11 14:53:50,223 [INFO] MultiScanPanel:200 - Auto-refresh data requested => check proxy status ongoing
2024-09-11 14:53:50,227 [INFO] FinderPluginLoader:95 - Searching for filters in installed packs
2024-09-11 14:53:52,540 [INFO] LoadUrlFilesThread:185 - End of LoadServerUrlFiles without Thread
2024-09-11 14:53:52,570 [INFO] DetailPanel:341 - Set advertising image to /Users/aidancostello/STM32Cube/Repository//en.prom-stm32h7rs-mcu-finder.jpg
2024-09-11 14:55:13,153 [INFO] MainUpdater:2873 - connection check result : 10
2024-09-11 14:55:13,157 [INFO] MainUpdater:2873 - connection check result : 10
2024-09-11 14:55:14,201 [INFO] RulesReader:64 - Compatibility file has been processed (297 Rules)
2024-09-11 14:55:14,229 [INFO] RulesReader:64 - Compatibility file has been processed (297 Rules)
2024-09-11 14:55:14,242 [INFO] MicroXplorer:468 - Change Database Path : 
2024-09-11 14:55:14,243 [INFO] MicroXplorer:498 - Change Database Version : DB.6.0.120
2024-09-11 14:55:14,249 [WARN] ThirdParty:871 - waiting for thirdparty lock release [close project]
2024-09-11 14:55:14,249 [INFO] ThirdParty:873 - entering critical section [close project]
2024-09-11 14:55:14,257 [INFO] ThirdParty:883 - exiting critical section [close project]
2024-09-11 14:55:14,261 [INFO] PinOutPanel:1561 - setPackage(No Configuration,No Configuration)
2024-09-11 14:55:14,288 [INFO] UtilMem:75 - Begin LoadConfig() Used Memory: 609678232 Bytes (1043333120)
2024-09-11 14:55:14,292 [INFO] MicroXplorer:468 - Change Database Path : 
2024-09-11 14:55:14,292 [INFO] MicroXplorer:498 - Change Database Version : DB.6.0.120
2024-09-11 14:55:14,292 [INFO] OpenFileManager:332 - Change cursor
2024-09-11 14:55:14,397 [INFO] Mcu:2032 - Initializing MCU STM32L433CCTx STM32L433CCTx STM32L433CCT6
2024-09-11 14:55:16,626 [INFO] Context:742 - Trying to add GPIOservice into a context  which must be forbidden
2024-09-11 14:55:17,701 [INFO] ImportTextPane:205 - (OptionalMessage_ERROR) Unable to find key (Mcu.ThirdPartyNb) in loaded IOC file
2024-09-11 14:55:17,701 [INFO] ImportTextPane:205 - (OptionalMessage_ERROR) Unable to find key (Mcu.PinsNb) in loaded IOC file
2024-09-11 14:55:17,701 [INFO] ImportTextPane:205 - (OptionalMessage_ERROR) Unable to find key (Mcu.IPNb) in loaded IOC file
2024-09-11 14:55:18,167 [INFO] RtosManager:555 - Registered RTOS mode: class=CMSIS, group=RTOS, mode=CMSIS_V1, owner=FREERTOS
2024-09-11 14:55:18,168 [INFO] RtosManager:555 - Registered RTOS mode: class=CMSIS, group=RTOS2, mode=CMSIS_V2, owner=FREERTOS
2024-09-11 14:55:18,168 [INFO] RtosManager:555 - Registered RTOS mode: class=RTOS, group=Core, mode=CMSIS_V1, owner=FREERTOS
2024-09-11 14:55:18,168 [INFO] RtosManager:555 - Registered RTOS mode: class=RTOS, group=Core, mode=CMSIS_V2, owner=FREERTOS
2024-09-11 14:55:18,168 [WARN] ModelIntegratedComponent:184 - Missing modes for component STMicroelectronics:FreeRTOS:0.0.1:STMicroelectronics:RTOS:FreeRTOS:Core:::10.2.0:
2024-09-11 14:55:18,198 [WARN] ModelIntegratedComponent:63 - No mode defined for component null
2024-09-11 14:55:18,199 [WARN] ModelIntegratedComponent:63 - No mode defined for component null
2024-09-11 14:55:18,199 [WARN] ModelIntegratedComponent:63 - No mode defined for component null
2024-09-11 14:55:18,199 [WARN] ModelIntegratedComponent:63 - No mode defined for component null
2024-09-11 14:55:18,199 [WARN] ModelIntegratedComponent:63 - No mode defined for component null
2024-09-11 14:55:18,199 [WARN] ModelIntegratedComponent:63 - No mode defined for component null
2024-09-11 14:55:18,199 [WARN] ModelIntegratedComponent:63 - No mode defined for component null
2024-09-11 14:55:18,199 [WARN] ModelIntegratedComponent:63 - No mode defined for component null
2024-09-11 14:55:18,199 [WARN] ModelIntegratedComponent:63 - No mode defined for component null
2024-09-11 14:55:18,199 [WARN] ModelIntegratedComponent:63 - No mode defined for component null
2024-09-11 14:55:18,199 [WARN] ModelIntegratedComponent:63 - No mode defined for component null
2024-09-11 14:55:18,199 [WARN] ModelIntegratedComponent:63 - No mode defined for component null
2024-09-11 14:55:18,199 [WARN] ModelIntegratedComponent:63 - No mode defined for component null
2024-09-11 14:55:18,199 [WARN] ModelIntegratedComponent:63 - No mode defined for component null
2024-09-11 14:55:18,199 [WARN] ModelIntegratedComponent:63 - No mode defined for component null
2024-09-11 14:55:18,199 [WARN] ModelIntegratedComponent:63 - No mode defined for component null
2024-09-11 14:55:18,199 [WARN] ModelIntegratedComponent:63 - No mode defined for component null
2024-09-11 14:55:18,200 [WARN] ModelIntegratedComponent:63 - No mode defined for component null
2024-09-11 14:55:18,200 [WARN] ModelIntegratedComponent:63 - No mode defined for component null
2024-09-11 14:55:18,200 [WARN] ModelIntegratedComponent:63 - No mode defined for component null
2024-09-11 14:55:18,200 [WARN] ModelIntegratedComponent:63 - No mode defined for component null
2024-09-11 14:55:18,200 [WARN] ModelIntegratedComponent:63 - No mode defined for component null
2024-09-11 14:55:18,200 [WARN] ModelIntegratedComponent:63 - No mode defined for component null
2024-09-11 14:55:18,200 [WARN] ModelIntegratedComponent:63 - No mode defined for component null
2024-09-11 14:55:18,200 [WARN] ModelIntegratedComponent:63 - No mode defined for component null
2024-09-11 14:55:18,200 [WARN] ModelIntegratedComponent:63 - No mode defined for component null
2024-09-11 14:55:18,200 [WARN] ModelIntegratedComponent:63 - No mode defined for component null
2024-09-11 14:55:18,200 [WARN] ModelIntegratedComponent:63 - No mode defined for component null
2024-09-11 14:55:18,200 [WARN] ModelIntegratedComponent:63 - No mode defined for component null
2024-09-11 14:55:18,200 [WARN] ModelIntegratedComponent:63 - No mode defined for component null
2024-09-11 14:55:18,200 [WARN] ModelIntegratedComponent:63 - No mode defined for component null
2024-09-11 14:55:18,200 [WARN] ModelIntegratedComponent:63 - No mode defined for component null
2024-09-11 14:55:18,200 [WARN] ModelIntegratedComponent:63 - No mode defined for component null
2024-09-11 14:55:18,200 [WARN] ModelIntegratedComponent:63 - No mode defined for component null
2024-09-11 14:55:18,200 [WARN] ModelIntegratedComponent:63 - No mode defined for component null
2024-09-11 14:55:18,201 [WARN] ModelPack:524 - Component already loaded: STMicroelectronics:HAL Drivers:0.0.0:STMicroelectronics:Device:STMicro_Driver:XSPI:HAL::0.0.1:HAL_XSPI
2024-09-11 14:55:18,250 [INFO] ThirdPartyModel:298 - Start build external matchings
2024-09-11 14:55:18,810 [INFO] ThirdPartyModel:316 - End build external matchings
2024-09-11 14:55:19,213 [INFO] UtilMem:75 - End LoadConfig() Used Memory: 677818984 Bytes (1073741824)
2024-09-11 14:55:19,442 [WARN] ThirdParty:833 - waiting for thirdparty lock release [change project]
2024-09-11 14:55:19,446 [INFO] ThirdParty:835 - entering critical section [change project]
2024-09-11 14:55:19,446 [INFO] ThirdParty:1030 - CMSIS Pack Vendor :STMicroelectronics USBPD 4.1
2024-09-11 14:55:19,446 [INFO] ThirdParty:1030 - CMSIS Pack Vendor :STMicroelectronics X-CUBE-AZRTOS-H7 3.3.0
2024-09-11 14:55:19,446 [INFO] ThirdParty:1030 - CMSIS Pack Vendor :STMicroelectronics X-CUBE-GNSS1 6.0.0
2024-09-11 14:55:19,446 [INFO] ThirdParty:1030 - CMSIS Pack Vendor :STMicroelectronics USB_HOST 2.0.0
2024-09-11 14:55:19,446 [INFO] ThirdParty:1030 - CMSIS Pack Vendor :STMicroelectronics FP-SNS-MOTENVWB1 1.4.0
2024-09-11 14:55:19,447 [INFO] ThirdParty:1030 - CMSIS Pack Vendor :STMicroelectronics X-CUBE-AZRTOS-F4 1.1.0
2024-09-11 14:55:19,447 [INFO] ThirdParty:1030 - CMSIS Pack Vendor :STMicroelectronics LIBJPEG 8.0.0
2024-09-11 14:55:19,447 [INFO] ThirdParty:1030 - CMSIS Pack Vendor :STMicroelectronics X-CUBE-SMBUS 2.1.0
2024-09-11 14:55:19,447 [INFO] ThirdParty:1030 - CMSIS Pack Vendor :STMicroelectronics USB_DEVICE 3.0.0
2024-09-11 14:55:19,447 [INFO] ThirdParty:1030 - CMSIS Pack Vendor :STMicroelectronics X-CUBE-TCPP 4.1.0
2024-09-11 14:55:19,447 [INFO] ThirdParty:1030 - CMSIS Pack Vendor :STMicroelectronics X-CUBE-FREERTOS 1.2.0
2024-09-11 14:55:19,447 [INFO] ThirdParty:1030 - CMSIS Pack Vendor :STMicroelectronics X-CUBE-AZRTOS-WB 2.0.0
2024-09-11 14:55:19,447 [INFO] ThirdParty:1030 - CMSIS Pack Vendor :STMicroelectronics X-CUBE-GNSS1 7.0.0
2024-09-11 14:55:19,447 [INFO] ThirdParty:1030 - CMSIS Pack Vendor :STMicroelectronics X-CUBE-AZRTOS-F7 1.1.0
2024-09-11 14:55:19,447 [INFO] ThirdParty:1030 - CMSIS Pack Vendor :STMicroelectronics X-CUBE-AZRTOS-L5 2.0.0
2024-09-11 14:55:19,447 [INFO] ThirdParty:1030 - CMSIS Pack Vendor :STMicroelectronics USB_DEVICE 2.0.0
2024-09-11 14:55:19,447 [INFO] ThirdParty:1030 - CMSIS Pack Vendor :STMicroelectronics X-CUBE-NFC6 3.1.0
2024-09-11 14:55:19,447 [INFO] ThirdParty:1030 - CMSIS Pack Vendor :STMicroelectronics FP-SNS-STBOX1 2.0.0
2024-09-11 14:55:19,448 [INFO] ThirdParty:1030 - CMSIS Pack Vendor :STMicroelectronics X-CUBE-MEMS1 11.0.0
2024-09-11 14:55:19,448 [INFO] ThirdParty:1030 - CMSIS Pack Vendor :STMicroelectronics FreeRTOS 0.0.1
2024-09-11 14:55:19,448 [INFO] ThirdParty:1030 - CMSIS Pack Vendor :STMicroelectronics X-CUBE-AZRTOS-G0 1.1.0
2024-09-11 14:55:19,448 [INFO] ThirdParty:1030 - CMSIS Pack Vendor :STMicroelectronics X-CUBE-SAFEA1 1.2.2
2024-09-11 14:55:19,448 [INFO] ThirdParty:1030 - CMSIS Pack Vendor :STMicroelectronics X-CUBE-NFC4 3.0.0
2024-09-11 14:55:19,448 [INFO] ThirdParty:1030 - CMSIS Pack Vendor :STMicroelectronics X-CUBE-DPower 1.2.0
2024-09-11 14:55:19,448 [INFO] ThirdParty:1030 - CMSIS Pack Vendor :STMicroelectronics X-CUBE-SUBG2 5.0.0
2024-09-11 14:55:19,448 [INFO] ThirdParty:1030 - CMSIS Pack Vendor :STMicroelectronics STM32_WPAN 1.0.0
2024-09-11 14:55:19,448 [INFO] ThirdParty:1030 - CMSIS Pack Vendor :EmbeddedOffice I-CUBE-FS-RTOS 1.0.1
2024-09-11 14:55:19,448 [INFO] ThirdParty:1030 - CMSIS Pack Vendor :STMicroelectronics lwIP 2.0.3
2024-09-11 14:55:19,449 [INFO] ThirdParty:1030 - CMSIS Pack Vendor :STMicroelectronics FP-SNS-FLIGHT1 5.0.2
2024-09-11 14:55:19,449 [INFO] ThirdParty:1030 - CMSIS Pack Vendor :Cesanta I-CUBE-Mongoose 7.13.0
2024-09-11 14:55:19,449 [INFO] ThirdParty:1030 - CMSIS Pack Vendor :STMicroelectronics USB_HOST 1.0.0
2024-09-11 14:55:19,449 [INFO] ThirdParty:1030 - CMSIS Pack Vendor :STMicroelectronics X-CUBE-AI 9.0.0
2024-09-11 14:55:19,449 [INFO] ThirdParty:1030 - CMSIS Pack Vendor :STMicroelectronics X-CUBE-AZRTOS-G4 2.0.0
2024-09-11 14:55:19,449 [INFO] ThirdParty:1030 - CMSIS Pack Vendor :STMicroelectronics PDM2PCM 3.1.0
2024-09-11 14:55:19,449 [INFO] ThirdParty:1030 - CMSIS Pack Vendor :STMicroelectronics PDM2PCM 3.3.0
2024-09-11 14:55:19,449 [INFO] ThirdParty:1030 - CMSIS Pack Vendor :STMicroelectronics X-CUBE-DISPLAY 3.0.0
2024-09-11 14:55:19,449 [INFO] ThirdParty:1030 - CMSIS Pack Vendor :RealThread X-CUBE-RT-Thread_Nano 4.1.1
2024-09-11 14:55:19,451 [INFO] ThirdParty:1030 - CMSIS Pack Vendor :STMicroelectronics X-CUBE-BLE1 7.0.0
2024-09-11 14:55:19,452 [INFO] ThirdParty:1030 - CMSIS Pack Vendor :STMicroelectronics FP-ATR-SIGFOX1 3.2.0
2024-09-11 14:55:19,453 [INFO] ThirdParty:1030 - CMSIS Pack Vendor :wolfSSL I-CUBE-wolfSSL 5.7.2
2024-09-11 14:55:19,454 [INFO] ThirdParty:1030 - CMSIS Pack Vendor :STMicroelectronics X-CUBE-ISPU 2.0.0
2024-09-11 14:55:19,454 [INFO] ThirdParty:1030 - CMSIS Pack Vendor :STMicroelectronics X-CUBE-EEPRMA1 5.1.0
2024-09-11 14:55:19,454 [INFO] ThirdParty:1030 - CMSIS Pack Vendor :STMicroelectronics HAL Drivers 0.0.0
2024-09-11 14:55:19,454 [INFO] ThirdParty:1030 - CMSIS Pack Vendor :STMicroelectronics MBEDTLS 2.16.2
2024-09-11 14:55:19,454 [INFO] ThirdParty:1030 - CMSIS Pack Vendor :STMicroelectronics X-CUBE-ALS 1.0.2
2024-09-11 14:55:19,454 [INFO] ThirdParty:1030 - CMSIS Pack Vendor :emotas I-CUBE-CANOPEN 1.3.0
2024-09-11 14:55:19,455 [INFO] ThirdParty:1030 - CMSIS Pack Vendor :STMicroelectronics X-CUBE-NFC7 1.0.1
2024-09-11 14:55:19,455 [INFO] ThirdParty:1030 - CMSIS Pack Vendor :STMicroelectronics MBEDTLS 2.14.1
2024-09-11 14:55:19,455 [INFO] ThirdParty:1030 - CMSIS Pack Vendor :STMicroelectronics X-CUBE-TOUCHGFX 4.24.0
2024-09-11 14:55:19,455 [INFO] ThirdParty:1030 - CMSIS Pack Vendor :ITTIA_DB I-CUBE-ITTIADB 8.9.0
2024-09-11 14:55:19,455 [INFO] ThirdParty:1030 - CMSIS Pack Vendor :wolfSSL I-CUBE-wolfTPM 3.4.0
2024-09-11 14:55:19,455 [INFO] ThirdParty:1030 - CMSIS Pack Vendor :portGmbH I-Cube-SoM-uGOAL 1.1.0
2024-09-11 14:55:19,455 [INFO] ThirdParty:1030 - CMSIS Pack Vendor :STMicroelectronics X-CUBE-BLEMGR 3.1.0
2024-09-11 14:55:19,455 [INFO] ThirdParty:1030 - CMSIS Pack Vendor :STMicroelectronics ThreadX 1.0.0
2024-09-11 14:55:19,455 [INFO] ThirdParty:1030 - CMSIS Pack Vendor :STMicroelectronics FP-SNS-SMARTAG2 1.2.0
2024-09-11 14:55:19,455 [INFO] ThirdParty:1030 - CMSIS Pack Vendor :STMicroelectronics X-CUBE-AZRTOS-WL 2.0.0
2024-09-11 14:55:19,455 [INFO] ThirdParty:1030 - CMSIS Pack Vendor :SEGGER I-CUBE-embOS 1.3.1
2024-09-11 14:55:19,455 [INFO] ThirdParty:1030 - CMSIS Pack Vendor :STMicroelectronics X-CUBE-ALGOBUILD 1.4.0
2024-09-11 14:55:19,455 [INFO] ThirdParty:1030 - CMSIS Pack Vendor :STMicroelectronics FP-SNS-MOTENV1 5.0.0
2024-09-11 14:55:19,455 [INFO] ThirdParty:1030 - CMSIS Pack Vendor :STMicroelectronics USB_DEVICE 1.0.0
2024-09-11 14:55:19,455 [INFO] ThirdParty:1030 - CMSIS Pack Vendor :STMicroelectronics X-CUBE-AZRTOS-H7RS 1.0.0
2024-09-11 14:55:19,455 [INFO] ThirdParty:1030 - CMSIS Pack Vendor :wolfSSL I-CUBE-wolfMQTT 1.19.0
2024-09-11 14:55:19,455 [INFO] ThirdParty:1030 - CMSIS Pack Vendor :STMicroelectronics X-CUBE-AZRTOS-L4 2.0.0
2024-09-11 14:55:19,455 [INFO] ThirdParty:1030 - CMSIS Pack Vendor :STMicroelectronics ThreadX 0.0.2
2024-09-11 14:55:19,455 [INFO] ThirdParty:1030 - CMSIS Pack Vendor :WES I-CUBE-Cesium 1.3.0
2024-09-11 14:55:19,455 [INFO] ThirdParty:1030 - CMSIS Pack Vendor :STMicroelectronics FP-ATR-ASTRA1 2.0.0
2024-09-11 14:55:19,455 [INFO] ThirdParty:1030 - CMSIS Pack Vendor :STMicroelectronics lwIP 2.1.2
2024-09-11 14:55:19,455 [INFO] ThirdParty:1030 - CMSIS Pack Vendor :STMicroelectronics X-CUBE-SFXS2LP1 4.0.0
2024-09-11 14:55:19,455 [INFO] ThirdParty:1030 - CMSIS Pack Vendor :STMicroelectronics X-CUBE-BLE2 3.3.0
2024-09-11 14:55:19,455 [INFO] ThirdParty:1030 - CMSIS Pack Vendor :STMicroelectronics X-CUBE-TOF1 3.4.2
2024-09-11 14:55:19,455 [INFO] ThirdParty:1030 - CMSIS Pack Vendor :Infineon AIROC-Wi-Fi-Bluetooth-STM32 1.6.1
2024-09-11 14:55:19,455 [INFO] ThirdParty:1030 - CMSIS Pack Vendor :STMicroelectronics PDM2PCM 3.2.0
2024-09-11 14:55:19,455 [INFO] ThirdParty:1030 - CMSIS Pack Vendor :wolfSSL I-CUBE-wolfSSH 1.4.17
2024-09-11 14:55:19,458 [INFO] ThirdParty:841 - exiting critical section [change project]
2024-09-11 14:55:20,229 [INFO] PinOutPanel:1561 - setPackage(No Configuration,No Configuration)
2024-09-11 14:55:20,236 [INFO] PinOutPanel:1561 - setPackage(STM32L433CCTx,LQFP48)
2024-09-11 14:55:21,904 [INFO] UtilMem:75 - Before build in PCC Used Memory: 677077896 Bytes (1073741824)
2024-09-11 14:55:23,842 [INFO] UtilMem:75 - After build in PCC Used Memory: 657012912 Bytes (1073741824)
2024-09-11 14:55:23,961 [INFO] IPUIPlugin:80 - create IPUIPlugin
2024-09-11 14:55:23,965 [INFO] IPUIPlugin:80 - create IPUIPlugin
2024-09-11 14:55:23,966 [INFO] IPUIPlugin:80 - create IPUIPlugin
2024-09-11 14:55:23,966 [INFO] IPUIPlugin:80 - create IPUIPlugin
2024-09-11 14:55:23,967 [INFO] IPUIPlugin:80 - create IPUIPlugin
2024-09-11 14:55:23,967 [INFO] IPUIPlugin:80 - create IPUIPlugin
2024-09-11 14:55:23,968 [INFO] IPUIPlugin:80 - create IPUIPlugin
2024-09-11 14:55:23,968 [INFO] IPUIPlugin:80 - create IPUIPlugin
2024-09-11 14:55:23,968 [INFO] IPUIPlugin:80 - create IPUIPlugin
2024-09-11 14:55:23,968 [INFO] IPUIPlugin:80 - create IPUIPlugin
2024-09-11 14:55:23,969 [INFO] IPUIPlugin:80 - create IPUIPlugin
2024-09-11 14:55:23,969 [INFO] IPUIPlugin:80 - create IPUIPlugin
2024-09-11 14:55:23,970 [INFO] IPUIPlugin:80 - create IPUIPlugin
2024-09-11 14:55:23,970 [INFO] IPUIPlugin:80 - create IPUIPlugin
2024-09-11 14:55:23,970 [INFO] IPUIPlugin:80 - create IPUIPlugin
2024-09-11 14:55:23,982 [INFO] IPUIPlugin:80 - create IPUIPlugin
2024-09-11 14:55:23,982 [INFO] IPUIPlugin:80 - create IPUIPlugin
2024-09-11 14:55:23,983 [INFO] IPUIPlugin:80 - create IPUIPlugin
2024-09-11 14:55:23,983 [INFO] IPUIPlugin:80 - create IPUIPlugin
2024-09-11 14:55:23,983 [INFO] IPUIPlugin:80 - create IPUIPlugin
2024-09-11 14:55:23,983 [INFO] IPUIPlugin:80 - create IPUIPlugin
2024-09-11 14:55:23,985 [INFO] IPUIPlugin:80 - create IPUIPlugin
2024-09-11 14:55:23,986 [INFO] IPUIPlugin:80 - create IPUIPlugin
2024-09-11 14:55:23,986 [INFO] IPUIPlugin:80 - create IPUIPlugin
2024-09-11 14:55:23,987 [INFO] IPUIPlugin:80 - create IPUIPlugin
2024-09-11 14:55:23,988 [INFO] IPUIPlugin:80 - create IPUIPlugin
2024-09-11 14:55:23,988 [INFO] IPUIPlugin:80 - create IPUIPlugin
2024-09-11 14:55:23,990 [INFO] IPUIPlugin:80 - create IPUIPlugin
2024-09-11 14:55:23,991 [INFO] IPUIPlugin:80 - create IPUIPlugin
2024-09-11 14:55:23,991 [INFO] IPUIPlugin:80 - create IPUIPlugin
2024-09-11 14:55:23,992 [INFO] IPUIPlugin:80 - create IPUIPlugin
2024-09-11 14:55:23,992 [INFO] IPUIPlugin:80 - create IPUIPlugin
2024-09-11 14:55:23,993 [INFO] IPUIPlugin:80 - create IPUIPlugin
2024-09-11 14:55:23,994 [INFO] IPUIPlugin:80 - create IPUIPlugin
2024-09-11 14:55:23,994 [INFO] IPUIPlugin:80 - create IPUIPlugin
2024-09-11 14:55:23,995 [INFO] IPUIPlugin:80 - create IPUIPlugin
2024-09-11 14:55:23,996 [INFO] IPUIPlugin:80 - create IPUIPlugin
2024-09-11 14:55:24,000 [INFO] IPUIPlugin:80 - create IPUIPlugin
2024-09-11 14:55:24,000 [INFO] IPUIPlugin:80 - create IPUIPlugin
2024-09-11 14:55:24,000 [INFO] IPUIPlugin:80 - create IPUIPlugin
2024-09-11 14:55:24,001 [INFO] IPUIPlugin:80 - create IPUIPlugin
2024-09-11 14:55:24,001 [INFO] IPUIPlugin:80 - create IPUIPlugin
2024-09-11 14:55:24,002 [INFO] IPUIPlugin:80 - create IPUIPlugin
2024-09-11 14:55:24,002 [INFO] IPUIPlugin:80 - create IPUIPlugin
2024-09-11 14:55:24,005 [INFO] IPUIPlugin:80 - create IPUIPlugin
2024-09-11 14:55:24,306 [INFO] CADModel:165 - CPN selected for project levelSTM32L433CCT6
2024-09-11 14:55:24,306 [INFO] CADModel:114 - Register for checkConnection events
2024-09-11 14:55:24,357 [INFO] OpenFileManager:363 - Restore cursor
2024-09-11 14:55:26,228 [INFO] UtilMem:75 - End SaveConfig() Used Memory: 795424944 Bytes (1073741824)
2024-09-11 14:55:26,345 [INFO] UtilMem:75 - End SaveConfig() Used Memory: 810105008 Bytes (1073741824)
2024-09-11 14:55:27,332 [INFO] BlockDiagram:2766 - set Specific Code input for plugin: NVIC
2024-09-11 14:55:27,335 [INFO] BlockDiagram:2766 - set Specific Code input for plugin: RCC
2024-09-11 14:55:27,336 [INFO] CodeGenerator:807 - code generatio: config db path: /Applications/STM32CubeIDE.app/Contents/Eclipse/plugins/com.st.stm32cube.common.mx_6.12.0.202406281431//db/
2024-09-11 14:55:27,571 [INFO] CodeEngine:255 - oldGeneratedFile, /Users/aidancostello/STM32CubeIDE/ats_software/ats_software/MXTmpFiles/license.tmp_save
2024-09-11 14:55:28,457 [INFO] CodeEngine:279 - Generated code: /Users/aidancostello/STM32CubeIDE/ats_software/ats_software/MXTmpFiles/license.tmp
2024-09-11 14:55:28,528 [INFO] CodeEngine:255 - oldGeneratedFile, /Users/aidancostello/STM32CubeIDE/ats_software/ats_software/Core/Src/stm32l4xx_it.c_save
2024-09-11 14:55:28,976 [INFO] CodeEngine:279 - Generated code: /Users/aidancostello/STM32CubeIDE/ats_software/ats_software/Core/Src/stm32l4xx_it.c
2024-09-11 14:55:28,979 [INFO] CodeEngine:255 - oldGeneratedFile, /Users/aidancostello/STM32CubeIDE/ats_software/ats_software/Core/Inc/stm32l4xx_it.h_save
2024-09-11 14:55:29,243 [INFO] CodeEngine:279 - Generated code: /Users/aidancostello/STM32CubeIDE/ats_software/ats_software/Core/Inc/stm32l4xx_it.h
2024-09-11 14:55:29,524 [INFO] CodeEngine:255 - oldGeneratedFile, /Users/aidancostello/STM32CubeIDE/ats_software/ats_software/Core/Src/stm32l4xx_hal_msp.c_save
2024-09-11 14:55:29,805 [INFO] CodeEngine:279 - Generated code: /Users/aidancostello/STM32CubeIDE/ats_software/ats_software/Core/Src/stm32l4xx_hal_msp.c
2024-09-11 14:55:29,809 [INFO] CodeEngine:255 - oldGeneratedFile, /Users/aidancostello/STM32CubeIDE/ats_software/ats_software/MXTmpFiles/system.tmp_save
2024-09-11 14:55:29,923 [INFO] CodeEngine:279 - Generated code: /Users/aidancostello/STM32CubeIDE/ats_software/ats_software/MXTmpFiles/system.tmp
2024-09-11 14:55:29,932 [INFO] CodeEngine:311 - oldGeneratedFile, /Users/aidancostello/STM32CubeIDE/ats_software/ats_software/Core/Inc/stm32l4xx_hal_conf.h_save
2024-09-11 14:55:30,063 [INFO] CodeEngine:335 - Generated code: /Users/aidancostello/STM32CubeIDE/ats_software/ats_software/Core/Inc/stm32l4xx_hal_conf.h
2024-09-11 14:55:30,192 [INFO] CodeEngine:255 - oldGeneratedFile, /Users/aidancostello/STM32CubeIDE/ats_software/ats_software/Core/Inc/main.h_save
2024-09-11 14:55:30,399 [INFO] CodeEngine:279 - Generated code: /Users/aidancostello/STM32CubeIDE/ats_software/ats_software/Core/Inc/main.h
2024-09-11 14:55:30,402 [INFO] CodeEngine:255 - oldGeneratedFile, /Users/aidancostello/STM32CubeIDE/ats_software/ats_software/Core/Src/main.c_save
2024-09-11 14:55:30,800 [INFO] CodeEngine:279 - Generated code: /Users/aidancostello/STM32CubeIDE/ats_software/ats_software/Core/Src/main.c
2024-09-11 14:55:31,339 [INFO] ProjectBuilder:3249 - Time for Copy HAL[1] : 88mS.
2024-09-11 14:55:31,352 [INFO] ProjectBuilder:4828 - Project Generator version: 4.4.0-B60
2024-09-11 14:55:31,701 [INFO] ConfigFileManager:1531 - The Die is : DIE435
2024-09-11 14:55:31,741 [INFO] ApiDbMcu:508 - Load IP Config File for FATFS
2024-09-11 14:55:31,776 [INFO] ApiDbMcu:508 - Load IP Config File for FREERTOS
2024-09-11 14:55:31,804 [INFO] ApiDbMcu:508 - Load IP Config File for TOUCHSENSING
2024-09-11 14:55:31,820 [INFO] ApiDbMcu:508 - Load IP Config File for USB_DEVICE
2024-09-11 14:55:32,586 [INFO] LogOutputStream:77 - [STDOUT_REDIRECT] 
2024-09-11 14:55:37,197 [INFO] ProjectBuilder:5097 - Time for Generating toolchain IDE Files: 5833mS.
2024-09-11 14:55:37,202 [INFO] ProjectBuilder:3107 - Time for Copy CMSIS : 2mS.
2024-09-11 14:55:37,203 [INFO] ProjectBuilder:3107 - Time for Copy CMSIS : 0mS.
2024-09-11 14:55:39,214 [INFO] McuFinderGlobals:76 - Set McuFinderConnectedMode to true
2024-09-11 14:55:39,229 [INFO] ApiDb:448 - Save user favorites file /Users/aidancostello/.stm32cubeide/favorites.mcus.txt: 0 item(s)
2024-09-11 14:55:39,230 [INFO] ApiDb:452 - User favorites MCUs=[]
2024-09-11 15:29:06,699 [INFO] I2cTimingTraitement:330 - 0x00100D14
2024-09-11 15:34:33,852 [INFO] I2cTimingTraitement:330 - 0x00100D14
2024-09-11 15:34:37,237 [INFO] I2cTimingTraitement:330 - 0x00100D14
2024-09-11 15:34:47,825 [INFO] I2cTimingTraitement:330 - 0x00100D14
2024-09-11 15:34:50,337 [INFO] I2cTimingTraitement:330 - 0x00100D14
2024-09-11 15:34:50,723 [INFO] I2cTimingTraitement:330 - 0x00100D14
2024-09-11 15:34:52,874 [INFO] I2cTimingTraitement:330 - 0x00100D14
2024-09-11 15:34:53,234 [INFO] I2cTimingTraitement:330 - 0x00100D14
2024-09-11 15:34:55,515 [INFO] I2cTimingTraitement:330 - 0x00100D14
2024-09-11 15:34:55,821 [INFO] I2cTimingTraitement:330 - 0x00100D14
2024-09-11 15:35:16,801 [INFO] I2cTimingTraitement:330 - 0x00100D14
2024-09-11 15:35:17,454 [INFO] I2cTimingTraitement:330 - 0x00100D14
2024-09-11 15:35:19,370 [INFO] I2cTimingTraitement:330 - 0x00100D14
2024-09-11 15:35:20,012 [INFO] I2cTimingTraitement:330 - 0x00100D14
2024-09-11 15:35:21,995 [INFO] I2cTimingTraitement:330 - 0x00100D14
2024-09-11 15:35:22,324 [INFO] I2cTimingTraitement:330 - 0x00100D14
2024-09-11 15:35:25,856 [INFO] I2cTimingTraitement:330 - 0x00100D14
2024-09-11 15:35:26,147 [INFO] I2cTimingTraitement:330 - 0x00100D14
2024-09-11 15:35:28,145 [INFO] I2cTimingTraitement:330 - 0x00100D14
2024-09-11 15:35:28,703 [INFO] I2cTimingTraitement:330 - 0x00100D14
2024-09-11 15:35:31,434 [INFO] I2cTimingTraitement:330 - 0x00100D14
2024-09-11 15:35:31,766 [INFO] I2cTimingTraitement:330 - 0x00100D14
2024-09-11 15:35:35,993 [INFO] I2cTimingTraitement:330 - 0x00100D14
2024-09-11 15:35:36,365 [INFO] I2cTimingTraitement:330 - 0x00100D14
2024-09-11 15:36:19,113 [INFO] UtilMem:75 - End SaveConfig() Used Memory: 606195656 Bytes (830472192)
2024-09-11 15:36:21,255 [INFO] UtilMem:75 - End SaveConfig() Used Memory: 226121128 Bytes (748683264)
2024-09-11 15:36:26,006 [INFO] UtilMem:75 - End SaveConfig() Used Memory: 387949808 Bytes (748683264)
2024-09-11 15:36:26,467 [INFO] BlockDiagram:2766 - set Specific Code input for plugin: NVIC
2024-09-11 15:36:26,467 [INFO] BlockDiagram:2766 - set Specific Code input for plugin: USART
2024-09-11 15:36:26,467 [INFO] BlockDiagram:2766 - set Specific Code input for plugin: SYS
2024-09-11 15:36:26,468 [INFO] BlockDiagram:2766 - set Specific Code input for plugin: GPIO
2024-09-11 15:36:26,468 [INFO] BlockDiagram:2766 - set Specific Code input for plugin: RCC
2024-09-11 15:36:26,468 [INFO] BlockDiagram:2766 - set Specific Code input for plugin: I2C
2024-09-11 15:36:26,469 [INFO] CodeGenerator:807 - code generatio: config db path: /Applications/STM32CubeIDE.app/Contents/Eclipse/plugins/com.st.stm32cube.common.mx_6.12.0.202406281431//db/
2024-09-11 15:36:26,653 [INFO] CodeEngine:255 - oldGeneratedFile, /Users/aidancostello/STM32CubeIDE/ats_software/ats_software/MXTmpFiles/license.tmp_save
2024-09-11 15:36:27,017 [INFO] CodeEngine:279 - Generated code: /Users/aidancostello/STM32CubeIDE/ats_software/ats_software/MXTmpFiles/license.tmp
2024-09-11 15:36:27,303 [INFO] CodeEngine:255 - oldGeneratedFile, /Users/aidancostello/STM32CubeIDE/ats_software/ats_software/MXTmpFiles/gpio.tmp_save
2024-09-11 15:36:27,502 [INFO] CodeEngine:279 - Generated code: /Users/aidancostello/STM32CubeIDE/ats_software/ats_software/MXTmpFiles/gpio.tmp
2024-09-11 15:36:27,922 [INFO] CodeEngine:255 - oldGeneratedFile, /Users/aidancostello/STM32CubeIDE/ats_software/ats_software/Core/Src/stm32l4xx_it.c_save
2024-09-11 15:36:28,373 [INFO] CodeEngine:279 - Generated code: /Users/aidancostello/STM32CubeIDE/ats_software/ats_software/Core/Src/stm32l4xx_it.c
2024-09-11 15:36:28,377 [INFO] CodeEngine:255 - oldGeneratedFile, /Users/aidancostello/STM32CubeIDE/ats_software/ats_software/Core/Inc/stm32l4xx_it.h_save
2024-09-11 15:36:28,465 [INFO] CodeEngine:279 - Generated code: /Users/aidancostello/STM32CubeIDE/ats_software/ats_software/Core/Inc/stm32l4xx_it.h
2024-09-11 15:36:28,473 [INFO] CodeEngine:255 - oldGeneratedFile, /Users/aidancostello/STM32CubeIDE/ats_software/ats_software/Core/Src/stm32l4xx_hal_msp.c_save
2024-09-11 15:36:28,723 [INFO] CodeEngine:279 - Generated code: /Users/aidancostello/STM32CubeIDE/ats_software/ats_software/Core/Src/stm32l4xx_hal_msp.c
2024-09-11 15:36:28,735 [INFO] CodeEngine:255 - oldGeneratedFile, /Users/aidancostello/STM32CubeIDE/ats_software/ats_software/MXTmpFiles/system.tmp_save
2024-09-11 15:36:28,889 [INFO] CodeEngine:279 - Generated code: /Users/aidancostello/STM32CubeIDE/ats_software/ats_software/MXTmpFiles/system.tmp
2024-09-11 15:36:28,923 [INFO] CodeEngine:311 - oldGeneratedFile, /Users/aidancostello/STM32CubeIDE/ats_software/ats_software/Core/Inc/stm32l4xx_hal_conf.h_save
2024-09-11 15:36:29,024 [INFO] CodeEngine:335 - Generated code: /Users/aidancostello/STM32CubeIDE/ats_software/ats_software/Core/Inc/stm32l4xx_hal_conf.h
2024-09-11 15:36:29,123 [INFO] CodeEngine:255 - oldGeneratedFile, /Users/aidancostello/STM32CubeIDE/ats_software/ats_software/Core/Inc/main.h_save
2024-09-11 15:36:29,289 [INFO] CodeEngine:279 - Generated code: /Users/aidancostello/STM32CubeIDE/ats_software/ats_software/Core/Inc/main.h
2024-09-11 15:36:29,292 [INFO] CodeEngine:255 - oldGeneratedFile, /Users/aidancostello/STM32CubeIDE/ats_software/ats_software/Core/Src/main.c_save
2024-09-11 15:36:29,479 [INFO] CodeEngine:279 - Generated code: /Users/aidancostello/STM32CubeIDE/ats_software/ats_software/Core/Src/main.c
2024-09-11 15:36:30,052 [INFO] ProjectBuilder:3249 - Time for Copy HAL[1] : 96mS.
2024-09-11 15:36:30,082 [INFO] ProjectBuilder:4828 - Project Generator version: 4.4.0-B60
2024-09-11 15:36:30,236 [INFO] ConfigFileManager:1531 - The Die is : DIE435
2024-09-11 15:36:32,863 [INFO] ProjectBuilder:5097 - Time for Generating toolchain IDE Files: 2778mS.
2024-09-11 15:36:32,867 [INFO] ProjectBuilder:3107 - Time for Copy CMSIS : 1mS.
2024-09-11 15:36:32,868 [INFO] ProjectBuilder:3107 - Time for Copy CMSIS : 0mS.
2024-09-11 17:00:00,681 [ERROR] LogOutputStream:75 - [STDERR_REDIRECT] 
